[0.124s] Invoking command in '/home/spider/ws/build/spider_msgs': CMAKE_PREFIX_PATH=/opt/ros/humble /usr/bin/cmake --build /home/spider/ws/build/spider_msgs -- -j4 -l4
[0.763s] [35m[1mConsolidate compiler generated dependencies of target spider_msgs__rosidl_generator_c[0m
[0.869s] [  3%] Built target spider_msgs__cpp
[0.930s] [  3%] Built target ament_cmake_python_symlink_spider_msgs
[0.943s] [ 12%] Built target spider_msgs__rosidl_generator_c
[1.020s] [35m[1mConsolidate compiler generated dependencies of target spider_msgs__rosidl_typesupport_fastrtps_cpp[0m
[1.036s] [35m[1mConsolidate compiler generated dependencies of target spider_msgs__rosidl_typesupport_cpp[0m
[1.087s] [35m[1mConsolidate compiler generated dependencies of target spider_msgs__rosidl_typesupport_introspection_cpp[0m
[1.268s] [ 22%] Built target spider_msgs__rosidl_typesupport_cpp
[1.298s] [ 32%] Built target spider_msgs__rosidl_typesupport_fastrtps_cpp
[1.335s] [ 41%] Built target spider_msgs__rosidl_typesupport_introspection_cpp
[1.447s] [35m[1mConsolidate compiler generated dependencies of target spider_msgs__rosidl_typesupport_fastrtps_c[0m
[1.522s] [35m[1mConsolidate compiler generated dependencies of target spider_msgs__rosidl_typesupport_c[0m
[1.525s] [35m[1mConsolidate compiler generated dependencies of target spider_msgs__rosidl_typesupport_introspection_c[0m
[1.667s] [ 54%] Built target spider_msgs__rosidl_typesupport_c
[1.673s] [ 61%] Built target spider_msgs__rosidl_typesupport_fastrtps_c
[1.708s] [ 70%] Built target spider_msgs__rosidl_typesupport_introspection_c
[1.911s] [ 70%] Built target spider_msgs
[2.127s] [ 74%] Built target spider_msgs__py
[2.239s] [35m[1mConsolidate compiler generated dependencies of target spider_msgs__rosidl_generator_py[0m
[2.431s] [ 80%] Built target spider_msgs__rosidl_generator_py
[2.567s] [35m[1mConsolidate compiler generated dependencies of target spider_msgs__rosidl_typesupport_c__pyext[0m
[2.577s] [35m[1mConsolidate compiler generated dependencies of target spider_msgs__rosidl_typesupport_introspection_c__pyext[0m
[2.585s] [35m[1mConsolidate compiler generated dependencies of target spider_msgs__rosidl_typesupport_fastrtps_c__pyext[0m
[2.752s] [ 87%] Built target spider_msgs__rosidl_typesupport_introspection_c__pyext
[2.782s] [ 93%] Built target spider_msgs__rosidl_typesupport_fastrtps_c__pyext
[2.810s] [100%] Built target spider_msgs__rosidl_typesupport_c__pyext
[4.348s] running egg_info
[4.355s] writing spider_msgs.egg-info/PKG-INFO
[4.357s] writing dependency_links to spider_msgs.egg-info/dependency_links.txt
[4.361s] writing top-level names to spider_msgs.egg-info/top_level.txt
[4.386s] reading manifest file 'spider_msgs.egg-info/SOURCES.txt'
[4.393s] writing manifest file 'spider_msgs.egg-info/SOURCES.txt'
[4.682s] [100%] Built target ament_cmake_python_build_spider_msgs_egg
[4.777s] Invoked command in '/home/spider/ws/build/spider_msgs' returned '0': CMAKE_PREFIX_PATH=/opt/ros/humble /usr/bin/cmake --build /home/spider/ws/build/spider_msgs -- -j4 -l4
[4.865s] Invoking command in '/home/spider/ws/build/spider_msgs': CMAKE_PREFIX_PATH=/opt/ros/humble /usr/bin/cmake --install /home/spider/ws/build/spider_msgs
[4.931s] -- Install configuration: ""
[4.938s] -- Execute custom install script
[4.948s] -- Up-to-date symlink: /home/spider/ws/install/spider_msgs/share/ament_index/resource_index/rosidl_interfaces/spider_msgs
[4.967s] -- Up-to-date symlink: /home/spider/ws/install/spider_msgs/include/spider_msgs/spider_msgs/msg/detail/spider_leg__functions.h
[4.970s] -- Up-to-date symlink: /home/spider/ws/install/spider_msgs/include/spider_msgs/spider_msgs/msg/detail/spider_leg__struct.h
[4.974s] -- Up-to-date symlink: /home/spider/ws/install/spider_msgs/include/spider_msgs/spider_msgs/msg/detail/spider_leg__type_support.h
[4.977s] -- Up-to-date symlink: /home/spider/ws/install/spider_msgs/include/spider_msgs/spider_msgs/msg/rosidl_generator_c__visibility_control.h
[4.980s] -- Up-to-date symlink: /home/spider/ws/install/spider_msgs/include/spider_msgs/spider_msgs/msg/spider_leg.h
[4.986s] -- Up-to-date symlink: /home/spider/ws/install/spider_msgs/share/spider_msgs/environment/library_path.sh
[4.990s] -- Up-to-date symlink: /home/spider/ws/install/spider_msgs/share/spider_msgs/environment/library_path.dsv
[4.997s] -- Up-to-date symlink: /home/spider/ws/install/spider_msgs/include/spider_msgs/spider_msgs/msg/detail/spider_leg__rosidl_typesupport_fastrtps_c.h
[5.001s] -- Up-to-date symlink: /home/spider/ws/install/spider_msgs/include/spider_msgs/spider_msgs/msg/rosidl_typesupport_fastrtps_c__visibility_control.h
[5.008s] -- Up-to-date symlink: /home/spider/ws/install/spider_msgs/include/spider_msgs/spider_msgs/msg/detail/spider_leg__builder.hpp
[5.011s] -- Up-to-date symlink: /home/spider/ws/install/spider_msgs/include/spider_msgs/spider_msgs/msg/detail/spider_leg__struct.hpp
[5.014s] -- Up-to-date symlink: /home/spider/ws/install/spider_msgs/include/spider_msgs/spider_msgs/msg/detail/spider_leg__traits.hpp
[5.017s] -- Up-to-date symlink: /home/spider/ws/install/spider_msgs/include/spider_msgs/spider_msgs/msg/detail/spider_leg__type_support.hpp
[5.021s] -- Up-to-date symlink: /home/spider/ws/install/spider_msgs/include/spider_msgs/spider_msgs/msg/rosidl_generator_cpp__visibility_control.hpp
[5.024s] -- Up-to-date symlink: /home/spider/ws/install/spider_msgs/include/spider_msgs/spider_msgs/msg/spider_leg.hpp
[5.033s] -- Up-to-date symlink: /home/spider/ws/install/spider_msgs/include/spider_msgs/spider_msgs/msg/detail/spider_leg__rosidl_typesupport_fastrtps_cpp.hpp
[5.036s] -- Up-to-date symlink: /home/spider/ws/install/spider_msgs/include/spider_msgs/spider_msgs/msg/rosidl_typesupport_fastrtps_cpp__visibility_control.h
[5.042s] -- Up-to-date symlink: /home/spider/ws/install/spider_msgs/include/spider_msgs/spider_msgs/msg/detail/spider_leg__rosidl_typesupport_introspection_c.h
[5.045s] -- Up-to-date symlink: /home/spider/ws/install/spider_msgs/include/spider_msgs/spider_msgs/msg/rosidl_typesupport_introspection_c__visibility_control.h
[5.051s] -- Up-to-date symlink: /home/spider/ws/install/spider_msgs/include/spider_msgs/spider_msgs/msg/detail/spider_leg__rosidl_typesupport_introspection_cpp.hpp
[5.056s] -- Up-to-date symlink: /home/spider/ws/install/spider_msgs/share/spider_msgs/environment/pythonpath.sh
[5.059s] -- Up-to-date symlink: /home/spider/ws/install/spider_msgs/share/spider_msgs/environment/pythonpath.dsv
[5.068s] -- Up-to-date symlink: /home/spider/ws/install/spider_msgs/local/lib/python3.10/dist-packages/spider_msgs-0.0.0-py3.10.egg-info/PKG-INFO
[5.072s] -- Up-to-date symlink: /home/spider/ws/install/spider_msgs/local/lib/python3.10/dist-packages/spider_msgs-0.0.0-py3.10.egg-info/SOURCES.txt
[5.077s] -- Up-to-date symlink: /home/spider/ws/install/spider_msgs/local/lib/python3.10/dist-packages/spider_msgs-0.0.0-py3.10.egg-info/dependency_links.txt
[5.079s] -- Up-to-date symlink: /home/spider/ws/install/spider_msgs/local/lib/python3.10/dist-packages/spider_msgs-0.0.0-py3.10.egg-info/top_level.txt
[5.102s] -- Up-to-date symlink: /home/spider/ws/install/spider_msgs/local/lib/python3.10/dist-packages/spider_msgs/__init__.py
[5.106s] -- Up-to-date symlink: /home/spider/ws/install/spider_msgs/local/lib/python3.10/dist-packages/spider_msgs/_spider_msgs_s.ep.rosidl_typesupport_c.c
[5.110s] -- Up-to-date symlink: /home/spider/ws/install/spider_msgs/local/lib/python3.10/dist-packages/spider_msgs/_spider_msgs_s.ep.rosidl_typesupport_fastrtps_c.c
[5.117s] -- Up-to-date symlink: /home/spider/ws/install/spider_msgs/local/lib/python3.10/dist-packages/spider_msgs/_spider_msgs_s.ep.rosidl_typesupport_introspection_c.c
[5.120s] -- Up-to-date symlink: /home/spider/ws/install/spider_msgs/local/lib/python3.10/dist-packages/spider_msgs/libspider_msgs__rosidl_generator_py.so
[5.124s] -- Up-to-date symlink: /home/spider/ws/install/spider_msgs/local/lib/python3.10/dist-packages/spider_msgs/msg/__init__.py
[5.136s] -- Up-to-date symlink: /home/spider/ws/install/spider_msgs/local/lib/python3.10/dist-packages/spider_msgs/msg/_spider_leg.py
[5.140s] -- Up-to-date symlink: /home/spider/ws/install/spider_msgs/local/lib/python3.10/dist-packages/spider_msgs/msg/_spider_leg_s.c
[5.144s] -- Up-to-date symlink: /home/spider/ws/install/spider_msgs/local/lib/python3.10/dist-packages/spider_msgs/spider_msgs_s__rosidl_typesupport_c.cpython-310-aarch64-linux-gnu.so
[5.148s] -- Up-to-date symlink: /home/spider/ws/install/spider_msgs/local/lib/python3.10/dist-packages/spider_msgs/spider_msgs_s__rosidl_typesupport_fastrtps_c.cpython-310-aarch64-linux-gnu.so
[5.152s] -- Up-to-date symlink: /home/spider/ws/install/spider_msgs/local/lib/python3.10/dist-packages/spider_msgs/spider_msgs_s__rosidl_typesupport_introspection_c.cpython-310-aarch64-linux-gnu.so
[5.157s] -- Up-to-date symlink: /home/spider/ws/install/spider_msgs/local/lib/python3.10/dist-packages/spider_msgs/spider_msgs_s__rosidl_typesupport_fastrtps_c.cpython-310-aarch64-linux-gnu.so
[5.162s] -- Up-to-date symlink: /home/spider/ws/install/spider_msgs/local/lib/python3.10/dist-packages/spider_msgs/spider_msgs_s__rosidl_typesupport_introspection_c.cpython-310-aarch64-linux-gnu.so
[5.167s] -- Up-to-date symlink: /home/spider/ws/install/spider_msgs/local/lib/python3.10/dist-packages/spider_msgs/spider_msgs_s__rosidl_typesupport_c.cpython-310-aarch64-linux-gnu.so
[5.171s] -- Up-to-date symlink: /home/spider/ws/install/spider_msgs/share/spider_msgs/msg/SpiderLeg.idl
[5.173s] -- Up-to-date symlink: /home/spider/ws/install/spider_msgs/share/spider_msgs/msg/SpiderLeg.msg
[5.178s] -- Up-to-date symlink: /home/spider/ws/install/spider_msgs/share/ament_index/resource_index/package_run_dependencies/spider_msgs
[5.183s] -- Up-to-date symlink: /home/spider/ws/install/spider_msgs/share/ament_index/resource_index/parent_prefix_path/spider_msgs
[5.187s] -- Up-to-date symlink: /home/spider/ws/install/spider_msgs/share/spider_msgs/environment/ament_prefix_path.sh
[5.190s] -- Up-to-date symlink: /home/spider/ws/install/spider_msgs/share/spider_msgs/environment/ament_prefix_path.dsv
[5.193s] -- Up-to-date symlink: /home/spider/ws/install/spider_msgs/share/spider_msgs/environment/path.sh
[5.197s] -- Up-to-date symlink: /home/spider/ws/install/spider_msgs/share/spider_msgs/environment/path.dsv
[5.200s] -- Up-to-date symlink: /home/spider/ws/install/spider_msgs/share/spider_msgs/local_setup.bash
[5.204s] -- Up-to-date symlink: /home/spider/ws/install/spider_msgs/share/spider_msgs/local_setup.sh
[5.210s] -- Up-to-date symlink: /home/spider/ws/install/spider_msgs/share/spider_msgs/local_setup.zsh
[5.213s] -- Up-to-date symlink: /home/spider/ws/install/spider_msgs/share/spider_msgs/local_setup.dsv
[5.215s] -- Symlinking: /home/spider/ws/install/spider_msgs/share/spider_msgs/package.dsv
[5.291s] -- Up-to-date symlink: /home/spider/ws/install/spider_msgs/share/ament_index/resource_index/packages/spider_msgs
[5.296s] -- Up-to-date symlink: /home/spider/ws/install/spider_msgs/share/spider_msgs/cmake/rosidl_cmake-extras.cmake
[5.300s] -- Up-to-date symlink: /home/spider/ws/install/spider_msgs/share/spider_msgs/cmake/ament_cmake_export_dependencies-extras.cmake
[5.304s] -- Up-to-date symlink: /home/spider/ws/install/spider_msgs/share/spider_msgs/cmake/ament_cmake_export_include_directories-extras.cmake
[5.308s] -- Up-to-date symlink: /home/spider/ws/install/spider_msgs/share/spider_msgs/cmake/ament_cmake_export_libraries-extras.cmake
[5.312s] -- Up-to-date symlink: /home/spider/ws/install/spider_msgs/share/spider_msgs/cmake/ament_cmake_export_targets-extras.cmake
[5.315s] -- Up-to-date symlink: /home/spider/ws/install/spider_msgs/share/spider_msgs/cmake/rosidl_cmake_export_typesupport_targets-extras.cmake
[5.322s] -- Up-to-date symlink: /home/spider/ws/install/spider_msgs/share/spider_msgs/cmake/rosidl_cmake_export_typesupport_libraries-extras.cmake
[5.325s] -- Up-to-date symlink: /home/spider/ws/install/spider_msgs/share/spider_msgs/cmake/spider_msgsConfig.cmake
[5.330s] -- Up-to-date symlink: /home/spider/ws/install/spider_msgs/share/spider_msgs/cmake/spider_msgsConfig-version.cmake
[5.333s] -- Up-to-date symlink: /home/spider/ws/install/spider_msgs/share/spider_msgs/package.xml
[5.339s] -- Up-to-date: /home/spider/ws/install/spider_msgs/lib/libspider_msgs__rosidl_generator_c.so
[5.347s] -- Up-to-date: /home/spider/ws/install/spider_msgs/lib/libspider_msgs__rosidl_typesupport_fastrtps_c.so
[5.358s] -- Up-to-date: /home/spider/ws/install/spider_msgs/lib/libspider_msgs__rosidl_typesupport_fastrtps_cpp.so
[5.364s] -- Up-to-date: /home/spider/ws/install/spider_msgs/lib/libspider_msgs__rosidl_typesupport_introspection_c.so
[5.374s] -- Up-to-date: /home/spider/ws/install/spider_msgs/lib/libspider_msgs__rosidl_typesupport_c.so
[5.384s] -- Up-to-date: /home/spider/ws/install/spider_msgs/lib/libspider_msgs__rosidl_typesupport_introspection_cpp.so
[5.397s] -- Up-to-date: /home/spider/ws/install/spider_msgs/lib/libspider_msgs__rosidl_typesupport_cpp.so
[5.760s] Listing '/home/spider/ws/install/spider_msgs/local/lib/python3.10/dist-packages/spider_msgs'...
[5.762s] Listing '/home/spider/ws/install/spider_msgs/local/lib/python3.10/dist-packages/spider_msgs/msg'...
[5.822s] -- Up-to-date: /home/spider/ws/install/spider_msgs/lib/libspider_msgs__rosidl_generator_py.so
[5.832s] -- Up-to-date: /home/spider/ws/install/spider_msgs/share/spider_msgs/cmake/export_spider_msgs__rosidl_generator_cExport.cmake
[5.833s] -- Up-to-date: /home/spider/ws/install/spider_msgs/share/spider_msgs/cmake/export_spider_msgs__rosidl_generator_cExport-noconfig.cmake
[5.837s] -- Up-to-date: /home/spider/ws/install/spider_msgs/share/spider_msgs/cmake/export_spider_msgs__rosidl_typesupport_fastrtps_cExport.cmake
[5.839s] -- Up-to-date: /home/spider/ws/install/spider_msgs/share/spider_msgs/cmake/export_spider_msgs__rosidl_typesupport_fastrtps_cExport-noconfig.cmake
[5.843s] -- Up-to-date: /home/spider/ws/install/spider_msgs/share/spider_msgs/cmake/export_spider_msgs__rosidl_generator_cppExport.cmake
[5.848s] -- Up-to-date: /home/spider/ws/install/spider_msgs/share/spider_msgs/cmake/export_spider_msgs__rosidl_typesupport_fastrtps_cppExport.cmake
[5.850s] -- Up-to-date: /home/spider/ws/install/spider_msgs/share/spider_msgs/cmake/export_spider_msgs__rosidl_typesupport_fastrtps_cppExport-noconfig.cmake
[5.853s] -- Up-to-date: /home/spider/ws/install/spider_msgs/share/spider_msgs/cmake/spider_msgs__rosidl_typesupport_introspection_cExport.cmake
[5.858s] -- Up-to-date: /home/spider/ws/install/spider_msgs/share/spider_msgs/cmake/spider_msgs__rosidl_typesupport_introspection_cExport-noconfig.cmake
[5.861s] -- Up-to-date: /home/spider/ws/install/spider_msgs/share/spider_msgs/cmake/spider_msgs__rosidl_typesupport_cExport.cmake
[5.863s] -- Up-to-date: /home/spider/ws/install/spider_msgs/share/spider_msgs/cmake/spider_msgs__rosidl_typesupport_cExport-noconfig.cmake
[5.866s] -- Up-to-date: /home/spider/ws/install/spider_msgs/share/spider_msgs/cmake/spider_msgs__rosidl_typesupport_introspection_cppExport.cmake
[5.867s] -- Up-to-date: /home/spider/ws/install/spider_msgs/share/spider_msgs/cmake/spider_msgs__rosidl_typesupport_introspection_cppExport-noconfig.cmake
[5.872s] -- Up-to-date: /home/spider/ws/install/spider_msgs/share/spider_msgs/cmake/spider_msgs__rosidl_typesupport_cppExport.cmake
[5.873s] -- Up-to-date: /home/spider/ws/install/spider_msgs/share/spider_msgs/cmake/spider_msgs__rosidl_typesupport_cppExport-noconfig.cmake
[5.877s] -- Up-to-date: /home/spider/ws/install/spider_msgs/share/spider_msgs/cmake/export_spider_msgs__rosidl_generator_pyExport.cmake
[5.878s] -- Up-to-date: /home/spider/ws/install/spider_msgs/share/spider_msgs/cmake/export_spider_msgs__rosidl_generator_pyExport-noconfig.cmake
[5.897s] Invoked command in '/home/spider/ws/build/spider_msgs' returned '0': CMAKE_PREFIX_PATH=/opt/ros/humble /usr/bin/cmake --install /home/spider/ws/build/spider_msgs
