[0mCMake Error: The following variables are used in this project, but they are set to NOTFOUND.
Please set them or make sure they are set and tested correctly in the CMake files:
GPIOD_INCLUDE_DIR
   used as include directory in directory /home/spider/ws/src/spider_driver
   used as include directory in directory /home/spider/ws/src/spider_driver
   used as include directory in directory /home/spider/ws/src/spider_driver
   used as include directory in directory /home/spider/ws/src/spider_driver
   used as include directory in directory /home/spider/ws/src/spider_driver
   used as include directory in directory /home/spider/ws/src/spider_driver
   used as include directory in directory /home/spider/ws/src/spider_driver
   used as include directory in directory /home/spider/ws/src/spider_driver
   used as include directory in directory /home/spider/ws/src/spider_driver
   used as include directory in directory /home/spider/ws/src/spider_driver
   used as include directory in directory /home/spider/ws/src/spider_driver
GPIOD_LIB
    linked by target "control_main" in directory /home/spider/ws/src/spider_driver
    linked by target "spider_driver" in directory /home/spider/ws/src/spider_driver
[0m
[31mCMake Error in CMakeLists.txt:
  Found relative path while evaluating include directories of
  "spider_driver":

    "GPIOD_INCLUDE_DIR-NOTFOUND"


[0m
[31mCMake Error in CMakeLists.txt:
  Found relative path while evaluating include directories of "control_main":

    "GPIOD_INCLUDE_DIR-NOTFOUND"


[0m
[0mCMake Generate step failed.  Build files cannot be regenerated correctly.[0m
gmake: *** [Makefile:308: cmake_check_build_system] Error 1
