-- Found ament_cmake: 1.3.12 (/opt/ros/humble/share/ament_cmake/cmake)
-- Override CMake install command with custom implementation using symlinks instead of copying resources
-- Found rclcpp: 16.0.15 (/opt/ros/humble/share/rclcpp/cmake)
-- Found rosidl_generator_c: 3.1.7 (/opt/ros/humble/share/rosidl_generator_c/cmake)
-- Found rosidl_adapter: 3.1.7 (/opt/ros/humble/share/rosidl_adapter/cmake)
-- Found rosidl_generator_cpp: 3.1.7 (/opt/ros/humble/share/rosidl_generator_cpp/cmake)
-- Using all available rosidl_typesupport_c: rosidl_typesupport_fastrtps_c;rosidl_typesupport_introspection_c
-- Using all available rosidl_typesupport_cpp: rosidl_typesupport_fastrtps_cpp;rosidl_typesupport_introspection_cpp
-- Found rmw_implementation_cmake: 6.1.2 (/opt/ros/humble/share/rmw_implementation_cmake/cmake)
-- Found rmw_fastrtps_cpp: 6.2.9 (/opt/ros/humble/share/rmw_fastrtps_cpp/cmake)
-- Using RMW implementation 'rmw_fastrtps_cpp' as default
-- Found spider_msgs: 0.0.0 (/home/spider/ws/install/spider_msgs/share/spider_msgs/cmake)
-- Found ament_lint_auto: 0.12.14 (/opt/ros/humble/share/ament_lint_auto/cmake)
-- Found ament_cmake_gtest: 1.3.12 (/opt/ros/humble/share/ament_cmake_gtest/cmake)
-- Added test 'copyright' to check source files copyright and LICENSE
-- Added test 'cppcheck' to perform static code analysis on C / C++ code
-- Configured cppcheck include dirs: /home/spider/ws/src/spider_driver/include
-- Configured cppcheck exclude dirs and/or files: 
-- Added test 'cpplint' to check C / C++ code against the Google style
-- Configured cpplint exclude dirs and/or files: 
-- Added test 'lint_cmake' to check CMake code style
-- Added test 'uncrustify' to check C / C++ code style
-- Configured uncrustify additional arguments: 
-- Added test 'xmllint' to check XML markup files
-- Configuring done
[0mCMake Error: The following variables are used in this project, but they are set to NOTFOUND.
Please set them or make sure they are set and tested correctly in the CMake files:
GPIOD_INCLUDE_DIR
   used as include directory in directory /home/spider/ws/src/spider_driver
   used as include directory in directory /home/spider/ws/src/spider_driver
   used as include directory in directory /home/spider/ws/src/spider_driver
   used as include directory in directory /home/spider/ws/src/spider_driver
   used as include directory in directory /home/spider/ws/src/spider_driver
   used as include directory in directory /home/spider/ws/src/spider_driver
   used as include directory in directory /home/spider/ws/src/spider_driver
   used as include directory in directory /home/spider/ws/src/spider_driver
   used as include directory in directory /home/spider/ws/src/spider_driver
   used as include directory in directory /home/spider/ws/src/spider_driver
   used as include directory in directory /home/spider/ws/src/spider_driver
GPIOD_LIB
    linked by target "control_main" in directory /home/spider/ws/src/spider_driver
    linked by target "spider_driver" in directory /home/spider/ws/src/spider_driver
[0m
[31mCMake Error in CMakeLists.txt:
  Found relative path while evaluating include directories of
  "spider_driver":

    "GPIOD_INCLUDE_DIR-NOTFOUND"


[0m
[31mCMake Error in CMakeLists.txt:
  Found relative path while evaluating include directories of "control_main":

    "GPIOD_INCLUDE_DIR-NOTFOUND"


[0m
-- Generating done
[0mCMake Generate step failed.  Build files cannot be regenerated correctly.[0m
gmake: *** [Makefile:308: cmake_check_build_system] Error 1
