[0.156s] Invoking command in '/home/spider/ws/build/spider_driver': CMAKE_PREFIX_PATH=/home/spider/ws/install/spider_msgs:/home/spider/ws/install/i2c_pwm_board:/home/spider/ws/install/i2c_pwm_board_xmlrp:/home/spider/ws/install/xmlrpcpp:/home/spider/ws/install/spider_driver:/home/spider/ws/install/i2c_pwm_board_calibration:/home/spider/ws/install/i2c_pwm_board_msgs:/home/spider/ws/install/spider_control:/opt/ros/humble LD_LIBRARY_PATH=/home/spider/ws/install/spider_msgs/lib:/home/spider/ws/install/i2c_pwm_board_xmlrp/lib:/home/spider/ws/install/xmlrpcpp/lib:/home/spider/ws/install/spider_driver/lib:/home/spider/ws/install/i2c_pwm_board_msgs/lib:/opt/ros/humble/opt/rviz_ogre_vendor/lib:/opt/ros/humble/lib/aarch64-linux-gnu:/opt/ros/humble/lib /usr/bin/cmake --build /home/spider/ws/build/spider_driver -- -j4 -l4
[0.468s] -- Found ament_cmake: 1.3.12 (/opt/ros/humble/share/ament_cmake/cmake)
[1.862s] -- Override CMake install command with custom implementation using symlinks instead of copying resources
[1.945s] -- Found rclcpp: 16.0.15 (/opt/ros/humble/share/rclcpp/cmake)
[2.326s] -- Found rosidl_generator_c: 3.1.7 (/opt/ros/humble/share/rosidl_generator_c/cmake)
[2.355s] -- Found rosidl_adapter: 3.1.7 (/opt/ros/humble/share/rosidl_adapter/cmake)
[2.414s] -- Found rosidl_generator_cpp: 3.1.7 (/opt/ros/humble/share/rosidl_generator_cpp/cmake)
[2.514s] -- Using all available rosidl_typesupport_c: rosidl_typesupport_fastrtps_c;rosidl_typesupport_introspection_c
[2.644s] -- Using all available rosidl_typesupport_cpp: rosidl_typesupport_fastrtps_cpp;rosidl_typesupport_introspection_cpp
[2.985s] -- Found rmw_implementation_cmake: 6.1.2 (/opt/ros/humble/share/rmw_implementation_cmake/cmake)
[3.001s] -- Found rmw_fastrtps_cpp: 6.2.9 (/opt/ros/humble/share/rmw_fastrtps_cpp/cmake)
[4.916s] -- Using RMW implementation 'rmw_fastrtps_cpp' as default
[5.436s] -- Found spider_msgs: 0.0.0 (/home/spider/ws/install/spider_msgs/share/spider_msgs/cmake)
[5.627s] -- Found ament_lint_auto: 0.12.14 (/opt/ros/humble/share/ament_lint_auto/cmake)
[6.386s] -- Found ament_cmake_gtest: 1.3.12 (/opt/ros/humble/share/ament_cmake_gtest/cmake)
[6.451s] -- Added test 'copyright' to check source files copyright and LICENSE
[6.470s] -- Added test 'cppcheck' to perform static code analysis on C / C++ code
[6.473s] -- Configured cppcheck include dirs: /home/spider/ws/src/spider_driver/include
[6.474s] -- Configured cppcheck exclude dirs and/or files: 
[6.490s] -- Added test 'cpplint' to check C / C++ code against the Google style
[6.491s] -- Configured cpplint exclude dirs and/or files: 
[6.499s] -- Added test 'lint_cmake' to check CMake code style
[6.519s] -- Added test 'uncrustify' to check C / C++ code style
[6.520s] -- Configured uncrustify additional arguments: 
[6.524s] -- Added test 'xmllint' to check XML markup files
[6.556s] -- Configuring done
[6.613s] [0mCMake Error: The following variables are used in this project, but they are set to NOTFOUND.
[6.614s] Please set them or make sure they are set and tested correctly in the CMake files:
[6.615s] GPIOD_INCLUDE_DIR
[6.616s]    used as include directory in directory /home/spider/ws/src/spider_driver
[6.617s]    used as include directory in directory /home/spider/ws/src/spider_driver
[6.618s]    used as include directory in directory /home/spider/ws/src/spider_driver
[6.619s]    used as include directory in directory /home/spider/ws/src/spider_driver
[6.620s]    used as include directory in directory /home/spider/ws/src/spider_driver
[6.621s]    used as include directory in directory /home/spider/ws/src/spider_driver
[6.622s]    used as include directory in directory /home/spider/ws/src/spider_driver
[6.623s]    used as include directory in directory /home/spider/ws/src/spider_driver
[6.624s]    used as include directory in directory /home/spider/ws/src/spider_driver
[6.625s]    used as include directory in directory /home/spider/ws/src/spider_driver
[6.626s]    used as include directory in directory /home/spider/ws/src/spider_driver
[6.627s] GPIOD_LIB
[6.628s]     linked by target "control_main" in directory /home/spider/ws/src/spider_driver
[6.630s]     linked by target "spider_driver" in directory /home/spider/ws/src/spider_driver
[6.631s] [0m
[6.657s] [31mCMake Error in CMakeLists.txt:
[6.658s]   Found relative path while evaluating include directories of
[6.659s]   "spider_driver":
[6.660s] 
[6.661s]     "GPIOD_INCLUDE_DIR-NOTFOUND"
[6.662s] 
[6.663s] 
[6.664s] [0m
[6.697s] [31mCMake Error in CMakeLists.txt:
[6.698s]   Found relative path while evaluating include directories of "control_main":
[6.699s] 
[6.700s]     "GPIOD_INCLUDE_DIR-NOTFOUND"
[6.701s] 
[6.702s] 
[6.703s] [0m
[6.751s] -- Generating done
[6.766s] [0mCMake Generate step failed.  Build files cannot be regenerated correctly.[0m
[6.848s] gmake: *** [Makefile:308: cmake_check_build_system] Error 1
[6.865s] Invoked command in '/home/spider/ws/build/spider_driver' returned '2': CMAKE_PREFIX_PATH=/home/spider/ws/install/spider_msgs:/home/spider/ws/install/i2c_pwm_board:/home/spider/ws/install/i2c_pwm_board_xmlrp:/home/spider/ws/install/xmlrpcpp:/home/spider/ws/install/spider_driver:/home/spider/ws/install/i2c_pwm_board_calibration:/home/spider/ws/install/i2c_pwm_board_msgs:/home/spider/ws/install/spider_control:/opt/ros/humble LD_LIBRARY_PATH=/home/spider/ws/install/spider_msgs/lib:/home/spider/ws/install/i2c_pwm_board_xmlrp/lib:/home/spider/ws/install/xmlrpcpp/lib:/home/spider/ws/install/spider_driver/lib:/home/spider/ws/install/i2c_pwm_board_msgs/lib:/opt/ros/humble/opt/rviz_ogre_vendor/lib:/opt/ros/humble/lib/aarch64-linux-gnu:/opt/ros/humble/lib /usr/bin/cmake --build /home/spider/ws/build/spider_driver -- -j4 -l4
