[0.209s] Invoking command in '/home/spider/ws/build/spider_driver': CMAKE_PREFIX_PATH=/home/spider/ws/install/spider_msgs:/home/spider/ws/install/i2c_pwm_board:/home/spider/ws/install/i2c_pwm_board_xmlrp:/home/spider/ws/install/xmlrpcpp:/home/spider/ws/install/spider_driver:/home/spider/ws/install/i2c_pwm_board_calibration:/home/spider/ws/install/i2c_pwm_board_msgs:/home/spider/ws/install/spider_control:/opt/ros/humble LD_LIBRARY_PATH=/home/spider/ws/install/spider_msgs/lib:/home/spider/ws/install/i2c_pwm_board_xmlrp/lib:/home/spider/ws/install/xmlrpcpp/lib:/home/spider/ws/install/spider_driver/lib:/home/spider/ws/install/i2c_pwm_board_msgs/lib:/opt/ros/humble/opt/rviz_ogre_vendor/lib:/opt/ros/humble/lib/aarch64-linux-gnu:/opt/ros/humble/lib /usr/bin/cmake --build /home/spider/ws/build/spider_driver -- -j4 -l4
[0.862s] [35m[1mConsolidate compiler generated dependencies of target spider_driver[0m
[1.086s] [ 50%] Built target spider_driver
[1.367s] [100%] Built target control_main
[1.473s] Invoked command in '/home/spider/ws/build/spider_driver' returned '0': CMAKE_PREFIX_PATH=/home/spider/ws/install/spider_msgs:/home/spider/ws/install/i2c_pwm_board:/home/spider/ws/install/i2c_pwm_board_xmlrp:/home/spider/ws/install/xmlrpcpp:/home/spider/ws/install/spider_driver:/home/spider/ws/install/i2c_pwm_board_calibration:/home/spider/ws/install/i2c_pwm_board_msgs:/home/spider/ws/install/spider_control:/opt/ros/humble LD_LIBRARY_PATH=/home/spider/ws/install/spider_msgs/lib:/home/spider/ws/install/i2c_pwm_board_xmlrp/lib:/home/spider/ws/install/xmlrpcpp/lib:/home/spider/ws/install/spider_driver/lib:/home/spider/ws/install/i2c_pwm_board_msgs/lib:/opt/ros/humble/opt/rviz_ogre_vendor/lib:/opt/ros/humble/lib/aarch64-linux-gnu:/opt/ros/humble/lib /usr/bin/cmake --build /home/spider/ws/build/spider_driver -- -j4 -l4
[1.576s] Invoking command in '/home/spider/ws/build/spider_driver': CMAKE_PREFIX_PATH=/home/spider/ws/install/spider_msgs:/home/spider/ws/install/i2c_pwm_board:/home/spider/ws/install/i2c_pwm_board_xmlrp:/home/spider/ws/install/xmlrpcpp:/home/spider/ws/install/spider_driver:/home/spider/ws/install/i2c_pwm_board_calibration:/home/spider/ws/install/i2c_pwm_board_msgs:/home/spider/ws/install/spider_control:/opt/ros/humble LD_LIBRARY_PATH=/home/spider/ws/install/spider_msgs/lib:/home/spider/ws/install/i2c_pwm_board_xmlrp/lib:/home/spider/ws/install/xmlrpcpp/lib:/home/spider/ws/install/spider_driver/lib:/home/spider/ws/install/i2c_pwm_board_msgs/lib:/opt/ros/humble/opt/rviz_ogre_vendor/lib:/opt/ros/humble/lib/aarch64-linux-gnu:/opt/ros/humble/lib /usr/bin/cmake --install /home/spider/ws/build/spider_driver
[1.644s] -- Install configuration: ""
[1.648s] -- Execute custom install script
[1.651s] -- Up-to-date symlink: /home/spider/ws/install/spider_driver/lib/libspider_driver.so
[1.653s] -- Up-to-date symlink: /home/spider/ws/install/spider_driver/lib/spider_driver/control_main
[1.657s] -- Up-to-date symlink: /home/spider/ws/install/spider_driver/include//spider_driver/ControllerNode.hpp
[1.659s] -- Up-to-date symlink: /home/spider/ws/install/spider_driver/include//spider_driver/PCA9685.hpp
[1.661s] -- Up-to-date symlink: /home/spider/ws/install/spider_driver/share/spider_driver/environment/library_path.sh
[1.663s] -- Up-to-date symlink: /home/spider/ws/install/spider_driver/share/spider_driver/environment/library_path.dsv
[1.666s] -- Up-to-date symlink: /home/spider/ws/install/spider_driver/share/ament_index/resource_index/package_run_dependencies/spider_driver
[1.669s] -- Up-to-date symlink: /home/spider/ws/install/spider_driver/share/ament_index/resource_index/parent_prefix_path/spider_driver
[1.671s] -- Up-to-date symlink: /home/spider/ws/install/spider_driver/share/spider_driver/environment/ament_prefix_path.sh
[1.674s] -- Up-to-date symlink: /home/spider/ws/install/spider_driver/share/spider_driver/environment/ament_prefix_path.dsv
[1.676s] -- Up-to-date symlink: /home/spider/ws/install/spider_driver/share/spider_driver/environment/path.sh
[1.678s] -- Up-to-date symlink: /home/spider/ws/install/spider_driver/share/spider_driver/environment/path.dsv
[1.680s] -- Up-to-date symlink: /home/spider/ws/install/spider_driver/share/spider_driver/local_setup.bash
[1.682s] -- Up-to-date symlink: /home/spider/ws/install/spider_driver/share/spider_driver/local_setup.sh
[1.684s] -- Up-to-date symlink: /home/spider/ws/install/spider_driver/share/spider_driver/local_setup.zsh
[1.686s] -- Up-to-date symlink: /home/spider/ws/install/spider_driver/share/spider_driver/local_setup.dsv
[1.688s] -- Symlinking: /home/spider/ws/install/spider_driver/share/spider_driver/package.dsv
[1.770s] -- Up-to-date symlink: /home/spider/ws/install/spider_driver/share/ament_index/resource_index/packages/spider_driver
[1.772s] -- Up-to-date symlink: /home/spider/ws/install/spider_driver/share/spider_driver/cmake/ament_cmake_export_include_directories-extras.cmake
[1.774s] -- Up-to-date symlink: /home/spider/ws/install/spider_driver/share/spider_driver/cmake/ament_cmake_export_libraries-extras.cmake
[1.777s] -- Up-to-date symlink: /home/spider/ws/install/spider_driver/share/spider_driver/cmake/ament_cmake_export_dependencies-extras.cmake
[1.779s] -- Up-to-date symlink: /home/spider/ws/install/spider_driver/share/spider_driver/cmake/spider_driverConfig.cmake
[1.781s] -- Up-to-date symlink: /home/spider/ws/install/spider_driver/share/spider_driver/cmake/spider_driverConfig-version.cmake
[1.783s] -- Up-to-date symlink: /home/spider/ws/install/spider_driver/share/spider_driver/package.xml
[1.798s] Invoked command in '/home/spider/ws/build/spider_driver' returned '0': CMAKE_PREFIX_PATH=/home/spider/ws/install/spider_msgs:/home/spider/ws/install/i2c_pwm_board:/home/spider/ws/install/i2c_pwm_board_xmlrp:/home/spider/ws/install/xmlrpcpp:/home/spider/ws/install/spider_driver:/home/spider/ws/install/i2c_pwm_board_calibration:/home/spider/ws/install/i2c_pwm_board_msgs:/home/spider/ws/install/spider_control:/opt/ros/humble LD_LIBRARY_PATH=/home/spider/ws/install/spider_msgs/lib:/home/spider/ws/install/i2c_pwm_board_xmlrp/lib:/home/spider/ws/install/xmlrpcpp/lib:/home/spider/ws/install/spider_driver/lib:/home/spider/ws/install/i2c_pwm_board_msgs/lib:/opt/ros/humble/opt/rviz_ogre_vendor/lib:/opt/ros/humble/lib/aarch64-linux-gnu:/opt/ros/humble/lib /usr/bin/cmake --install /home/spider/ws/build/spider_driver
