[0.102s] Invoking command in '/home/spider/ws/build/i2c_pwm_board_xmlrp': AMENT_PREFIX_PATH=/home/spider/ws/install/xmlrpcpp:${AMENT_PREFIX_PATH} CMAKE_PREFIX_PATH=/home/spider/ws/install/xmlrpcpp:/opt/ros/humble LD_LIBRARY_PATH=/home/spider/ws/install/xmlrpcpp/lib:${LD_LIBRARY_PATH} /usr/bin/cmake /home/spider/ws/src/i2c_pwm_board/i2c_pwm_board_xmlrp -DAMENT_CMAKE_SYMLINK_INSTALL=1 -DCMAKE_INSTALL_PREFIX=/home/spider/ws/install/i2c_pwm_board_xmlrp
[0.684s] -- The C compiler identification is GNU 11.4.0
[1.281s] -- The CXX compiler identification is GNU 11.4.0
[1.348s] -- Detecting C compiler ABI info
[2.056s] -- Detecting C compiler ABI info - done
[2.124s] -- Check for working C compiler: /usr/bin/cc - skipped
[2.127s] -- Detecting C compile features
[2.130s] -- Detecting C compile features - done
[2.157s] -- Detecting CXX compiler ABI info
[2.957s] -- Detecting CXX compiler ABI info - done
[3.027s] -- Check for working CXX compiler: /usr/bin/c++ - skipped
[3.030s] -- Detecting CXX compile features
[3.034s] -- Detecting CXX compile features - done
[3.093s] -- Found ament_cmake: 1.3.12 (/opt/ros/humble/share/ament_cmake/cmake)
[4.788s] -- Found Python3: /usr/bin/python3 (found version "3.10.12") found components: Interpreter 
[5.459s] -- Override CMake install command with custom implementation using symlinks instead of copying resources
[6.095s] -- Found rclcpp: 16.0.15 (/opt/ros/humble/share/rclcpp/cmake)
[6.896s] -- Found rosidl_generator_c: 3.1.7 (/opt/ros/humble/share/rosidl_generator_c/cmake)
[6.997s] -- Found rosidl_adapter: 3.1.7 (/opt/ros/humble/share/rosidl_adapter/cmake)
[7.132s] -- Found rosidl_generator_cpp: 3.1.7 (/opt/ros/humble/share/rosidl_generator_cpp/cmake)
[7.307s] -- Using all available rosidl_typesupport_c: rosidl_typesupport_fastrtps_c;rosidl_typesupport_introspection_c
[7.553s] -- Using all available rosidl_typesupport_cpp: rosidl_typesupport_fastrtps_cpp;rosidl_typesupport_introspection_cpp
[8.385s] -- Found rmw_implementation_cmake: 6.1.2 (/opt/ros/humble/share/rmw_implementation_cmake/cmake)
[8.450s] -- Found rmw_fastrtps_cpp: 6.2.9 (/opt/ros/humble/share/rmw_fastrtps_cpp/cmake)
[9.970s] -- Found OpenSSL: /usr/lib/aarch64-linux-gnu/libcrypto.so (found version "3.0.2")  
[10.464s] -- Found FastRTPS: /opt/ros/humble/include  
[11.250s] -- Using RMW implementation 'rmw_fastrtps_cpp' as default
[11.456s] -- Looking for pthread.h
[12.209s] -- Looking for pthread.h - found
[12.215s] -- Performing Test CMAKE_HAVE_LIBC_PTHREAD
[12.995s] -- Performing Test CMAKE_HAVE_LIBC_PTHREAD - Success
[13.005s] -- Found Threads: TRUE  
[13.771s] -- Found xmlrpcpp: 0.1.0 (/home/spider/ws/install/xmlrpcpp/share/xmlrpcpp/cmake)
[14.555s] -- Configuring done
[14.679s] -- Generating done
[14.711s] -- Build files have been written to: /home/spider/ws/build/i2c_pwm_board_xmlrp
[14.785s] Invoked command in '/home/spider/ws/build/i2c_pwm_board_xmlrp' returned '0': AMENT_PREFIX_PATH=/home/spider/ws/install/xmlrpcpp:${AMENT_PREFIX_PATH} CMAKE_PREFIX_PATH=/home/spider/ws/install/xmlrpcpp:/opt/ros/humble LD_LIBRARY_PATH=/home/spider/ws/install/xmlrpcpp/lib:${LD_LIBRARY_PATH} /usr/bin/cmake /home/spider/ws/src/i2c_pwm_board/i2c_pwm_board_xmlrp -DAMENT_CMAKE_SYMLINK_INSTALL=1 -DCMAKE_INSTALL_PREFIX=/home/spider/ws/install/i2c_pwm_board_xmlrp
[14.805s] Invoking command in '/home/spider/ws/build/i2c_pwm_board_xmlrp': AMENT_PREFIX_PATH=/home/spider/ws/install/xmlrpcpp:${AMENT_PREFIX_PATH} CMAKE_PREFIX_PATH=/home/spider/ws/install/xmlrpcpp:/opt/ros/humble LD_LIBRARY_PATH=/home/spider/ws/install/xmlrpcpp/lib:${LD_LIBRARY_PATH} /usr/bin/cmake --build /home/spider/ws/build/i2c_pwm_board_xmlrp -- -j4 -l4
[15.258s] [ 50%] [32mBuilding CXX object CMakeFiles/i2c_pwm_board_xmlrp_lib.dir/src/xmlrp.cc.o[0m
[23.468s] [100%] [32m[1mLinking CXX static library libi2c_pwm_board_xmlrp_lib.a[0m
[23.749s] [100%] Built target i2c_pwm_board_xmlrp_lib
[23.839s] Invoked command in '/home/spider/ws/build/i2c_pwm_board_xmlrp' returned '0': AMENT_PREFIX_PATH=/home/spider/ws/install/xmlrpcpp:${AMENT_PREFIX_PATH} CMAKE_PREFIX_PATH=/home/spider/ws/install/xmlrpcpp:/opt/ros/humble LD_LIBRARY_PATH=/home/spider/ws/install/xmlrpcpp/lib:${LD_LIBRARY_PATH} /usr/bin/cmake --build /home/spider/ws/build/i2c_pwm_board_xmlrp -- -j4 -l4
[23.853s] Invoking command in '/home/spider/ws/build/i2c_pwm_board_xmlrp': AMENT_PREFIX_PATH=/home/spider/ws/install/xmlrpcpp:${AMENT_PREFIX_PATH} CMAKE_PREFIX_PATH=/home/spider/ws/install/xmlrpcpp:/opt/ros/humble LD_LIBRARY_PATH=/home/spider/ws/install/xmlrpcpp/lib:${LD_LIBRARY_PATH} /usr/bin/cmake --install /home/spider/ws/build/i2c_pwm_board_xmlrp
[23.917s] -- Install configuration: ""
[23.921s] -- Execute custom install script
[23.925s] -- Symlinking: /home/spider/ws/install/i2c_pwm_board_xmlrp/lib/libi2c_pwm_board_xmlrp_lib.a
[23.999s] -- Symlinking: /home/spider/ws/install/i2c_pwm_board_xmlrp/include//xmlrp/xmlrp.h
[24.075s] -- Symlinking: /home/spider/ws/install/i2c_pwm_board_xmlrp/share/i2c_pwm_board_xmlrp/environment/library_path.sh
[24.148s] -- Symlinking: /home/spider/ws/install/i2c_pwm_board_xmlrp/share/i2c_pwm_board_xmlrp/environment/library_path.dsv
[24.220s] -- Symlinking: /home/spider/ws/install/i2c_pwm_board_xmlrp/share/ament_index/resource_index/package_run_dependencies/i2c_pwm_board_xmlrp
[24.296s] -- Symlinking: /home/spider/ws/install/i2c_pwm_board_xmlrp/share/ament_index/resource_index/parent_prefix_path/i2c_pwm_board_xmlrp
[24.370s] -- Symlinking: /home/spider/ws/install/i2c_pwm_board_xmlrp/share/i2c_pwm_board_xmlrp/environment/ament_prefix_path.sh
[24.442s] -- Symlinking: /home/spider/ws/install/i2c_pwm_board_xmlrp/share/i2c_pwm_board_xmlrp/environment/ament_prefix_path.dsv
[24.515s] -- Symlinking: /home/spider/ws/install/i2c_pwm_board_xmlrp/share/i2c_pwm_board_xmlrp/environment/path.sh
[24.585s] -- Symlinking: /home/spider/ws/install/i2c_pwm_board_xmlrp/share/i2c_pwm_board_xmlrp/environment/path.dsv
[24.656s] -- Symlinking: /home/spider/ws/install/i2c_pwm_board_xmlrp/share/i2c_pwm_board_xmlrp/local_setup.bash
[24.728s] -- Symlinking: /home/spider/ws/install/i2c_pwm_board_xmlrp/share/i2c_pwm_board_xmlrp/local_setup.sh
[24.798s] -- Symlinking: /home/spider/ws/install/i2c_pwm_board_xmlrp/share/i2c_pwm_board_xmlrp/local_setup.zsh
[24.869s] -- Symlinking: /home/spider/ws/install/i2c_pwm_board_xmlrp/share/i2c_pwm_board_xmlrp/local_setup.dsv
[24.939s] -- Symlinking: /home/spider/ws/install/i2c_pwm_board_xmlrp/share/i2c_pwm_board_xmlrp/package.dsv
[25.010s] -- Symlinking: /home/spider/ws/install/i2c_pwm_board_xmlrp/share/ament_index/resource_index/packages/i2c_pwm_board_xmlrp
[25.083s] -- Symlinking: /home/spider/ws/install/i2c_pwm_board_xmlrp/share/i2c_pwm_board_xmlrp/cmake/ament_cmake_export_include_directories-extras.cmake
[25.155s] -- Symlinking: /home/spider/ws/install/i2c_pwm_board_xmlrp/share/i2c_pwm_board_xmlrp/cmake/ament_cmake_export_libraries-extras.cmake
[25.227s] -- Symlinking: /home/spider/ws/install/i2c_pwm_board_xmlrp/share/i2c_pwm_board_xmlrp/cmake/ament_cmake_export_dependencies-extras.cmake
[25.298s] -- Symlinking: /home/spider/ws/install/i2c_pwm_board_xmlrp/share/i2c_pwm_board_xmlrp/cmake/i2c_pwm_board_xmlrpConfig.cmake
[25.369s] -- Symlinking: /home/spider/ws/install/i2c_pwm_board_xmlrp/share/i2c_pwm_board_xmlrp/cmake/i2c_pwm_board_xmlrpConfig-version.cmake
[25.440s] -- Symlinking: /home/spider/ws/install/i2c_pwm_board_xmlrp/share/i2c_pwm_board_xmlrp/package.xml
[25.527s] Invoked command in '/home/spider/ws/build/i2c_pwm_board_xmlrp' returned '0': AMENT_PREFIX_PATH=/home/spider/ws/install/xmlrpcpp:${AMENT_PREFIX_PATH} CMAKE_PREFIX_PATH=/home/spider/ws/install/xmlrpcpp:/opt/ros/humble LD_LIBRARY_PATH=/home/spider/ws/install/xmlrpcpp/lib:${LD_LIBRARY_PATH} /usr/bin/cmake --install /home/spider/ws/build/i2c_pwm_board_xmlrp
