[3.299s] DEBUG:colcon:Command line arguments: ['/usr/bin/colcon', 'build', '--symlink-install', '--parallel-workers', '1', '--packages-select', 'spider_driver']
[3.300s] DEBUG:colcon:Parsed command line arguments: Namespace(log_base=None, log_level=None, verb_name='build', build_base='build', install_base='install', merge_install=False, symlink_install=True, test_result_base=None, continue_on_error=False, executor='parallel', parallel_workers=1, event_handlers=None, ignore_user_meta=False, metas=['./colcon.meta'], base_paths=['.'], packages_ignore=None, packages_ignore_regex=None, paths=None, packages_up_to=None, packages_up_to_regex=None, packages_above=None, packages_above_and_dependencies=None, packages_above_depth=None, packages_select_by_dep=None, packages_skip_by_dep=None, packages_skip_up_to=None, packages_select_build_failed=False, packages_skip_build_finished=False, packages_select_test_failures=False, packages_skip_test_passed=False, packages_select=['spider_driver'], packages_skip=None, packages_select_regex=None, packages_skip_regex=None, packages_start=None, packages_end=None, allow_overriding=[], cmake_args=None, cmake_target=None, cmake_target_skip_unavailable=False, cmake_clean_cache=False, cmake_clean_first=False, cmake_force_configure=False, ament_cmake_args=None, catkin_cmake_args=None, catkin_skip_building_tests=False, verb_parser=<colcon_defaults.argument_parser.defaults.DefaultArgumentsDecorator object at 0xffffa6fb87f0>, verb_extension=<colcon_core.verb.build.BuildVerb object at 0xffffa7149c60>, main=<bound method BuildVerb.main of <colcon_core.verb.build.BuildVerb object at 0xffffa7149c60>>)
[6.580s] Level 1:colcon.colcon_core.package_discovery:discover_packages(colcon_meta) check parameters
[6.582s] Level 1:colcon.colcon_core.package_discovery:discover_packages(recursive) check parameters
[6.583s] Level 1:colcon.colcon_core.package_discovery:discover_packages(ignore) check parameters
[6.584s] Level 1:colcon.colcon_core.package_discovery:discover_packages(path) check parameters
[6.584s] Level 1:colcon.colcon_core.package_discovery:discover_packages(colcon_meta) discover
[6.585s] Level 1:colcon.colcon_core.package_discovery:discover_packages(recursive) discover
[6.586s] INFO:colcon.colcon_core.package_discovery:Crawling recursively for packages in '/home/spider/ws'
[6.587s] Level 1:colcon.colcon_core.package_identification:_identify(.) by extensions ['ignore', 'ignore_ament_install']
[6.588s] Level 1:colcon.colcon_core.package_identification:_identify(.) by extension 'ignore'
[6.589s] Level 1:colcon.colcon_core.package_identification:_identify(.) by extension 'ignore_ament_install'
[6.590s] Level 1:colcon.colcon_core.package_identification:_identify(.) by extensions ['colcon_pkg']
[6.591s] Level 1:colcon.colcon_core.package_identification:_identify(.) by extension 'colcon_pkg'
[6.591s] Level 1:colcon.colcon_core.package_identification:_identify(.) by extensions ['colcon_meta']
[6.592s] Level 1:colcon.colcon_core.package_identification:_identify(.) by extension 'colcon_meta'
[6.592s] Level 1:colcon.colcon_core.package_identification:_identify(.) by extensions ['ros']
[6.593s] Level 1:colcon.colcon_core.package_identification:_identify(.) by extension 'ros'
[6.815s] Level 1:colcon.colcon_core.package_identification:_identify(.) by extensions ['cmake', 'python']
[6.816s] Level 1:colcon.colcon_core.package_identification:_identify(.) by extension 'cmake'
[6.816s] Level 1:colcon.colcon_core.package_identification:_identify(.) by extension 'python'
[6.817s] Level 1:colcon.colcon_core.package_identification:_identify(.) by extensions ['python_setup_py']
[6.818s] Level 1:colcon.colcon_core.package_identification:_identify(.) by extension 'python_setup_py'
[6.819s] Level 1:colcon.colcon_core.package_identification:_identify(build) by extensions ['ignore', 'ignore_ament_install']
[6.820s] Level 1:colcon.colcon_core.package_identification:_identify(build) by extension 'ignore'
[6.821s] Level 1:colcon.colcon_core.package_identification:_identify(build) ignored
[6.823s] Level 1:colcon.colcon_core.package_identification:_identify(install) by extensions ['ignore', 'ignore_ament_install']
[6.824s] Level 1:colcon.colcon_core.package_identification:_identify(install) by extension 'ignore'
[6.824s] Level 1:colcon.colcon_core.package_identification:_identify(install) ignored
[6.827s] Level 1:colcon.colcon_core.package_identification:_identify(log) by extensions ['ignore', 'ignore_ament_install']
[6.828s] Level 1:colcon.colcon_core.package_identification:_identify(log) by extension 'ignore'
[6.829s] Level 1:colcon.colcon_core.package_identification:_identify(log) ignored
[6.830s] Level 1:colcon.colcon_core.package_identification:_identify(src) by extensions ['ignore', 'ignore_ament_install']
[6.831s] Level 1:colcon.colcon_core.package_identification:_identify(src) by extension 'ignore'
[6.832s] Level 1:colcon.colcon_core.package_identification:_identify(src) by extension 'ignore_ament_install'
[6.833s] Level 1:colcon.colcon_core.package_identification:_identify(src) by extensions ['colcon_pkg']
[6.833s] Level 1:colcon.colcon_core.package_identification:_identify(src) by extension 'colcon_pkg'
[6.834s] Level 1:colcon.colcon_core.package_identification:_identify(src) by extensions ['colcon_meta']
[6.834s] Level 1:colcon.colcon_core.package_identification:_identify(src) by extension 'colcon_meta'
[6.835s] Level 1:colcon.colcon_core.package_identification:_identify(src) by extensions ['ros']
[6.835s] Level 1:colcon.colcon_core.package_identification:_identify(src) by extension 'ros'
[6.836s] Level 1:colcon.colcon_core.package_identification:_identify(src) by extensions ['cmake', 'python']
[6.837s] Level 1:colcon.colcon_core.package_identification:_identify(src) by extension 'cmake'
[6.838s] Level 1:colcon.colcon_core.package_identification:_identify(src) by extension 'python'
[6.838s] Level 1:colcon.colcon_core.package_identification:_identify(src) by extensions ['python_setup_py']
[6.839s] Level 1:colcon.colcon_core.package_identification:_identify(src) by extension 'python_setup_py'
[6.842s] Level 1:colcon.colcon_core.package_identification:_identify(src/i2c_pwm_board) by extensions ['ignore', 'ignore_ament_install']
[6.843s] Level 1:colcon.colcon_core.package_identification:_identify(src/i2c_pwm_board) by extension 'ignore'
[6.843s] Level 1:colcon.colcon_core.package_identification:_identify(src/i2c_pwm_board) by extension 'ignore_ament_install'
[6.844s] Level 1:colcon.colcon_core.package_identification:_identify(src/i2c_pwm_board) by extensions ['colcon_pkg']
[6.845s] Level 1:colcon.colcon_core.package_identification:_identify(src/i2c_pwm_board) by extension 'colcon_pkg'
[6.846s] Level 1:colcon.colcon_core.package_identification:_identify(src/i2c_pwm_board) by extensions ['colcon_meta']
[6.846s] Level 1:colcon.colcon_core.package_identification:_identify(src/i2c_pwm_board) by extension 'colcon_meta'
[6.847s] Level 1:colcon.colcon_core.package_identification:_identify(src/i2c_pwm_board) by extensions ['ros']
[6.847s] Level 1:colcon.colcon_core.package_identification:_identify(src/i2c_pwm_board) by extension 'ros'
[6.848s] Level 1:colcon.colcon_core.package_identification:_identify(src/i2c_pwm_board) by extensions ['cmake', 'python']
[6.849s] Level 1:colcon.colcon_core.package_identification:_identify(src/i2c_pwm_board) by extension 'cmake'
[6.850s] Level 1:colcon.colcon_core.package_identification:_identify(src/i2c_pwm_board) by extension 'python'
[6.850s] Level 1:colcon.colcon_core.package_identification:_identify(src/i2c_pwm_board) by extensions ['python_setup_py']
[6.851s] Level 1:colcon.colcon_core.package_identification:_identify(src/i2c_pwm_board) by extension 'python_setup_py'
[6.853s] Level 1:colcon.colcon_core.package_identification:_identify(src/i2c_pwm_board/docs) by extensions ['ignore', 'ignore_ament_install']
[6.854s] Level 1:colcon.colcon_core.package_identification:_identify(src/i2c_pwm_board/docs) by extension 'ignore'
[6.855s] Level 1:colcon.colcon_core.package_identification:_identify(src/i2c_pwm_board/docs) by extension 'ignore_ament_install'
[6.856s] Level 1:colcon.colcon_core.package_identification:_identify(src/i2c_pwm_board/docs) by extensions ['colcon_pkg']
[6.856s] Level 1:colcon.colcon_core.package_identification:_identify(src/i2c_pwm_board/docs) by extension 'colcon_pkg'
[6.857s] Level 1:colcon.colcon_core.package_identification:_identify(src/i2c_pwm_board/docs) by extensions ['colcon_meta']
[6.858s] Level 1:colcon.colcon_core.package_identification:_identify(src/i2c_pwm_board/docs) by extension 'colcon_meta'
[6.859s] Level 1:colcon.colcon_core.package_identification:_identify(src/i2c_pwm_board/docs) by extensions ['ros']
[6.859s] Level 1:colcon.colcon_core.package_identification:_identify(src/i2c_pwm_board/docs) by extension 'ros'
[6.861s] Level 1:colcon.colcon_core.package_identification:_identify(src/i2c_pwm_board/docs) by extensions ['cmake', 'python']
[6.861s] Level 1:colcon.colcon_core.package_identification:_identify(src/i2c_pwm_board/docs) by extension 'cmake'
[6.862s] Level 1:colcon.colcon_core.package_identification:_identify(src/i2c_pwm_board/docs) by extension 'python'
[6.863s] Level 1:colcon.colcon_core.package_identification:_identify(src/i2c_pwm_board/docs) by extensions ['python_setup_py']
[6.863s] Level 1:colcon.colcon_core.package_identification:_identify(src/i2c_pwm_board/docs) by extension 'python_setup_py'
[6.866s] Level 1:colcon.colcon_core.package_identification:_identify(src/i2c_pwm_board/docs/images) by extensions ['ignore', 'ignore_ament_install']
[6.867s] Level 1:colcon.colcon_core.package_identification:_identify(src/i2c_pwm_board/docs/images) by extension 'ignore'
[6.868s] Level 1:colcon.colcon_core.package_identification:_identify(src/i2c_pwm_board/docs/images) by extension 'ignore_ament_install'
[6.869s] Level 1:colcon.colcon_core.package_identification:_identify(src/i2c_pwm_board/docs/images) by extensions ['colcon_pkg']
[6.869s] Level 1:colcon.colcon_core.package_identification:_identify(src/i2c_pwm_board/docs/images) by extension 'colcon_pkg'
[6.870s] Level 1:colcon.colcon_core.package_identification:_identify(src/i2c_pwm_board/docs/images) by extensions ['colcon_meta']
[6.871s] Level 1:colcon.colcon_core.package_identification:_identify(src/i2c_pwm_board/docs/images) by extension 'colcon_meta'
[6.871s] Level 1:colcon.colcon_core.package_identification:_identify(src/i2c_pwm_board/docs/images) by extensions ['ros']
[6.872s] Level 1:colcon.colcon_core.package_identification:_identify(src/i2c_pwm_board/docs/images) by extension 'ros'
[6.873s] Level 1:colcon.colcon_core.package_identification:_identify(src/i2c_pwm_board/docs/images) by extensions ['cmake', 'python']
[6.873s] Level 1:colcon.colcon_core.package_identification:_identify(src/i2c_pwm_board/docs/images) by extension 'cmake'
[6.874s] Level 1:colcon.colcon_core.package_identification:_identify(src/i2c_pwm_board/docs/images) by extension 'python'
[6.875s] Level 1:colcon.colcon_core.package_identification:_identify(src/i2c_pwm_board/docs/images) by extensions ['python_setup_py']
[6.875s] Level 1:colcon.colcon_core.package_identification:_identify(src/i2c_pwm_board/docs/images) by extension 'python_setup_py'
[6.878s] Level 1:colcon.colcon_core.package_identification:_identify(src/i2c_pwm_board/i2c_pwm_board) by extensions ['ignore', 'ignore_ament_install']
[6.879s] Level 1:colcon.colcon_core.package_identification:_identify(src/i2c_pwm_board/i2c_pwm_board) by extension 'ignore'
[6.880s] Level 1:colcon.colcon_core.package_identification:_identify(src/i2c_pwm_board/i2c_pwm_board) by extension 'ignore_ament_install'
[6.880s] Level 1:colcon.colcon_core.package_identification:_identify(src/i2c_pwm_board/i2c_pwm_board) by extensions ['colcon_pkg']
[6.881s] Level 1:colcon.colcon_core.package_identification:_identify(src/i2c_pwm_board/i2c_pwm_board) by extension 'colcon_pkg'
[6.882s] Level 1:colcon.colcon_core.package_identification:_identify(src/i2c_pwm_board/i2c_pwm_board) by extensions ['colcon_meta']
[6.882s] Level 1:colcon.colcon_core.package_identification:_identify(src/i2c_pwm_board/i2c_pwm_board) by extension 'colcon_meta'
[6.883s] Level 1:colcon.colcon_core.package_identification:_identify(src/i2c_pwm_board/i2c_pwm_board) by extensions ['ros']
[6.883s] Level 1:colcon.colcon_core.package_identification:_identify(src/i2c_pwm_board/i2c_pwm_board) by extension 'ros'
[6.926s] DEBUG:colcon.colcon_core.package_identification:Package 'src/i2c_pwm_board/i2c_pwm_board' with type 'ros.ament_cmake' and name 'i2c_pwm_board'
[6.929s] Level 1:colcon.colcon_core.package_identification:_identify(src/i2c_pwm_board/i2c_pwm_board_calibration) by extensions ['ignore', 'ignore_ament_install']
[6.930s] Level 1:colcon.colcon_core.package_identification:_identify(src/i2c_pwm_board/i2c_pwm_board_calibration) by extension 'ignore'
[6.931s] Level 1:colcon.colcon_core.package_identification:_identify(src/i2c_pwm_board/i2c_pwm_board_calibration) by extension 'ignore_ament_install'
[6.932s] Level 1:colcon.colcon_core.package_identification:_identify(src/i2c_pwm_board/i2c_pwm_board_calibration) by extensions ['colcon_pkg']
[6.932s] Level 1:colcon.colcon_core.package_identification:_identify(src/i2c_pwm_board/i2c_pwm_board_calibration) by extension 'colcon_pkg'
[6.933s] Level 1:colcon.colcon_core.package_identification:_identify(src/i2c_pwm_board/i2c_pwm_board_calibration) by extensions ['colcon_meta']
[6.933s] Level 1:colcon.colcon_core.package_identification:_identify(src/i2c_pwm_board/i2c_pwm_board_calibration) by extension 'colcon_meta'
[6.934s] Level 1:colcon.colcon_core.package_identification:_identify(src/i2c_pwm_board/i2c_pwm_board_calibration) by extensions ['ros']
[6.935s] Level 1:colcon.colcon_core.package_identification:_identify(src/i2c_pwm_board/i2c_pwm_board_calibration) by extension 'ros'
[6.942s] DEBUG:colcon.colcon_core.package_identification:Package 'src/i2c_pwm_board/i2c_pwm_board_calibration' with type 'ros.ament_cmake' and name 'i2c_pwm_board_calibration'
[6.944s] Level 1:colcon.colcon_core.package_identification:_identify(src/i2c_pwm_board/i2c_pwm_board_msgs) by extensions ['ignore', 'ignore_ament_install']
[6.946s] Level 1:colcon.colcon_core.package_identification:_identify(src/i2c_pwm_board/i2c_pwm_board_msgs) by extension 'ignore'
[6.946s] Level 1:colcon.colcon_core.package_identification:_identify(src/i2c_pwm_board/i2c_pwm_board_msgs) by extension 'ignore_ament_install'
[6.947s] Level 1:colcon.colcon_core.package_identification:_identify(src/i2c_pwm_board/i2c_pwm_board_msgs) by extensions ['colcon_pkg']
[6.948s] Level 1:colcon.colcon_core.package_identification:_identify(src/i2c_pwm_board/i2c_pwm_board_msgs) by extension 'colcon_pkg'
[6.949s] Level 1:colcon.colcon_core.package_identification:_identify(src/i2c_pwm_board/i2c_pwm_board_msgs) by extensions ['colcon_meta']
[6.949s] Level 1:colcon.colcon_core.package_identification:_identify(src/i2c_pwm_board/i2c_pwm_board_msgs) by extension 'colcon_meta'
[6.950s] Level 1:colcon.colcon_core.package_identification:_identify(src/i2c_pwm_board/i2c_pwm_board_msgs) by extensions ['ros']
[6.950s] Level 1:colcon.colcon_core.package_identification:_identify(src/i2c_pwm_board/i2c_pwm_board_msgs) by extension 'ros'
[6.957s] DEBUG:colcon.colcon_core.package_identification:Package 'src/i2c_pwm_board/i2c_pwm_board_msgs' with type 'ros.ament_cmake' and name 'i2c_pwm_board_msgs'
[6.959s] Level 1:colcon.colcon_core.package_identification:_identify(src/i2c_pwm_board/i2c_pwm_board_xmlrp) by extensions ['ignore', 'ignore_ament_install']
[6.961s] Level 1:colcon.colcon_core.package_identification:_identify(src/i2c_pwm_board/i2c_pwm_board_xmlrp) by extension 'ignore'
[6.962s] Level 1:colcon.colcon_core.package_identification:_identify(src/i2c_pwm_board/i2c_pwm_board_xmlrp) by extension 'ignore_ament_install'
[6.963s] Level 1:colcon.colcon_core.package_identification:_identify(src/i2c_pwm_board/i2c_pwm_board_xmlrp) by extensions ['colcon_pkg']
[6.964s] Level 1:colcon.colcon_core.package_identification:_identify(src/i2c_pwm_board/i2c_pwm_board_xmlrp) by extension 'colcon_pkg'
[6.964s] Level 1:colcon.colcon_core.package_identification:_identify(src/i2c_pwm_board/i2c_pwm_board_xmlrp) by extensions ['colcon_meta']
[6.965s] Level 1:colcon.colcon_core.package_identification:_identify(src/i2c_pwm_board/i2c_pwm_board_xmlrp) by extension 'colcon_meta'
[6.966s] Level 1:colcon.colcon_core.package_identification:_identify(src/i2c_pwm_board/i2c_pwm_board_xmlrp) by extensions ['ros']
[6.966s] Level 1:colcon.colcon_core.package_identification:_identify(src/i2c_pwm_board/i2c_pwm_board_xmlrp) by extension 'ros'
[6.973s] DEBUG:colcon.colcon_core.package_identification:Package 'src/i2c_pwm_board/i2c_pwm_board_xmlrp' with type 'ros.ament_cmake' and name 'i2c_pwm_board_xmlrp'
[6.975s] Level 1:colcon.colcon_core.package_identification:_identify(src/i2c_pwm_board/xmlrpcpp) by extensions ['ignore', 'ignore_ament_install']
[6.977s] Level 1:colcon.colcon_core.package_identification:_identify(src/i2c_pwm_board/xmlrpcpp) by extension 'ignore'
[6.978s] Level 1:colcon.colcon_core.package_identification:_identify(src/i2c_pwm_board/xmlrpcpp) by extension 'ignore_ament_install'
[6.978s] Level 1:colcon.colcon_core.package_identification:_identify(src/i2c_pwm_board/xmlrpcpp) by extensions ['colcon_pkg']
[6.979s] Level 1:colcon.colcon_core.package_identification:_identify(src/i2c_pwm_board/xmlrpcpp) by extension 'colcon_pkg'
[6.980s] Level 1:colcon.colcon_core.package_identification:_identify(src/i2c_pwm_board/xmlrpcpp) by extensions ['colcon_meta']
[6.980s] Level 1:colcon.colcon_core.package_identification:_identify(src/i2c_pwm_board/xmlrpcpp) by extension 'colcon_meta'
[6.981s] Level 1:colcon.colcon_core.package_identification:_identify(src/i2c_pwm_board/xmlrpcpp) by extensions ['ros']
[6.982s] Level 1:colcon.colcon_core.package_identification:_identify(src/i2c_pwm_board/xmlrpcpp) by extension 'ros'
[6.990s] DEBUG:colcon.colcon_core.package_identification:Package 'src/i2c_pwm_board/xmlrpcpp' with type 'ros.ament_cmake' and name 'xmlrpcpp'
[6.991s] Level 1:colcon.colcon_core.package_identification:_identify(src/spider_control) by extensions ['ignore', 'ignore_ament_install']
[6.992s] Level 1:colcon.colcon_core.package_identification:_identify(src/spider_control) by extension 'ignore'
[6.993s] Level 1:colcon.colcon_core.package_identification:_identify(src/spider_control) by extension 'ignore_ament_install'
[6.994s] Level 1:colcon.colcon_core.package_identification:_identify(src/spider_control) by extensions ['colcon_pkg']
[6.994s] Level 1:colcon.colcon_core.package_identification:_identify(src/spider_control) by extension 'colcon_pkg'
[6.995s] Level 1:colcon.colcon_core.package_identification:_identify(src/spider_control) by extensions ['colcon_meta']
[6.996s] Level 1:colcon.colcon_core.package_identification:_identify(src/spider_control) by extension 'colcon_meta'
[6.996s] Level 1:colcon.colcon_core.package_identification:_identify(src/spider_control) by extensions ['ros']
[6.997s] Level 1:colcon.colcon_core.package_identification:_identify(src/spider_control) by extension 'ros'
[7.003s] DEBUG:colcon.colcon_core.package_identification:Package 'src/spider_control' with type 'ros.ament_python' and name 'spider_control'
[7.004s] Level 1:colcon.colcon_core.package_identification:_identify(src/spider_driver) by extensions ['ignore', 'ignore_ament_install']
[7.005s] Level 1:colcon.colcon_core.package_identification:_identify(src/spider_driver) by extension 'ignore'
[7.006s] Level 1:colcon.colcon_core.package_identification:_identify(src/spider_driver) by extension 'ignore_ament_install'
[7.007s] Level 1:colcon.colcon_core.package_identification:_identify(src/spider_driver) by extensions ['colcon_pkg']
[7.008s] Level 1:colcon.colcon_core.package_identification:_identify(src/spider_driver) by extension 'colcon_pkg'
[7.008s] Level 1:colcon.colcon_core.package_identification:_identify(src/spider_driver) by extensions ['colcon_meta']
[7.009s] Level 1:colcon.colcon_core.package_identification:_identify(src/spider_driver) by extension 'colcon_meta'
[7.010s] Level 1:colcon.colcon_core.package_identification:_identify(src/spider_driver) by extensions ['ros']
[7.010s] Level 1:colcon.colcon_core.package_identification:_identify(src/spider_driver) by extension 'ros'
[7.018s] DEBUG:colcon.colcon_core.package_identification:Package 'src/spider_driver' with type 'ros.ament_cmake' and name 'spider_driver'
[7.019s] Level 1:colcon.colcon_core.package_identification:_identify(src/spider_msgs) by extensions ['ignore', 'ignore_ament_install']
[7.020s] Level 1:colcon.colcon_core.package_identification:_identify(src/spider_msgs) by extension 'ignore'
[7.021s] Level 1:colcon.colcon_core.package_identification:_identify(src/spider_msgs) by extension 'ignore_ament_install'
[7.022s] Level 1:colcon.colcon_core.package_identification:_identify(src/spider_msgs) by extensions ['colcon_pkg']
[7.023s] Level 1:colcon.colcon_core.package_identification:_identify(src/spider_msgs) by extension 'colcon_pkg'
[7.023s] Level 1:colcon.colcon_core.package_identification:_identify(src/spider_msgs) by extensions ['colcon_meta']
[7.024s] Level 1:colcon.colcon_core.package_identification:_identify(src/spider_msgs) by extension 'colcon_meta'
[7.024s] Level 1:colcon.colcon_core.package_identification:_identify(src/spider_msgs) by extensions ['ros']
[7.025s] Level 1:colcon.colcon_core.package_identification:_identify(src/spider_msgs) by extension 'ros'
[7.032s] DEBUG:colcon.colcon_core.package_identification:Package 'src/spider_msgs' with type 'ros.ament_cmake' and name 'spider_msgs'
[7.033s] Level 1:colcon.colcon_core.package_discovery:discover_packages(recursive) using defaults
[7.034s] Level 1:colcon.colcon_core.package_discovery:discover_packages(ignore) discover
[7.034s] Level 1:colcon.colcon_core.package_discovery:discover_packages(ignore) using defaults
[7.035s] Level 1:colcon.colcon_core.package_discovery:discover_packages(path) discover
[7.035s] Level 1:colcon.colcon_core.package_discovery:discover_packages(path) using defaults
[7.440s] INFO:colcon.colcon_core.package_selection:Skipping not selected package 'i2c_pwm_board_msgs' in 'src/i2c_pwm_board/i2c_pwm_board_msgs'
[7.441s] INFO:colcon.colcon_core.package_selection:Skipping not selected package 'spider_control' in 'src/spider_control'
[7.441s] INFO:colcon.colcon_core.package_selection:Skipping not selected package 'spider_msgs' in 'src/spider_msgs'
[7.442s] INFO:colcon.colcon_core.package_selection:Skipping not selected package 'xmlrpcpp' in 'src/i2c_pwm_board/xmlrpcpp'
[7.442s] INFO:colcon.colcon_core.package_selection:Skipping not selected package 'i2c_pwm_board_calibration' in 'src/i2c_pwm_board/i2c_pwm_board_calibration'
[7.442s] INFO:colcon.colcon_core.package_selection:Skipping not selected package 'i2c_pwm_board_xmlrp' in 'src/i2c_pwm_board/i2c_pwm_board_xmlrp'
[7.443s] INFO:colcon.colcon_core.package_selection:Skipping not selected package 'i2c_pwm_board' in 'src/i2c_pwm_board/i2c_pwm_board'
[7.448s] Level 1:colcon.colcon_core.package_discovery:discover_packages(prefix_path) check parameters
[7.448s] Level 1:colcon.colcon_core.package_discovery:discover_packages(prefix_path) discover
[7.521s] DEBUG:colcon.colcon_installed_package_information.package_discovery:Found 8 installed packages in /home/spider/ws/install
[7.558s] DEBUG:colcon.colcon_installed_package_information.package_discovery:Found 279 installed packages in /opt/ros/humble
[7.574s] Level 1:colcon.colcon_core.package_discovery:discover_packages(prefix_path) using defaults
[8.664s] Level 5:colcon.colcon_core.verb:set package 'spider_driver' build argument 'cmake_args' from command line to 'None'
[8.664s] Level 5:colcon.colcon_core.verb:set package 'spider_driver' build argument 'cmake_target' from command line to 'None'
[8.665s] Level 5:colcon.colcon_core.verb:set package 'spider_driver' build argument 'cmake_target_skip_unavailable' from command line to 'False'
[8.665s] Level 5:colcon.colcon_core.verb:set package 'spider_driver' build argument 'cmake_clean_cache' from command line to 'False'
[8.665s] Level 5:colcon.colcon_core.verb:set package 'spider_driver' build argument 'cmake_clean_first' from command line to 'False'
[8.666s] Level 5:colcon.colcon_core.verb:set package 'spider_driver' build argument 'cmake_force_configure' from command line to 'False'
[8.666s] Level 5:colcon.colcon_core.verb:set package 'spider_driver' build argument 'ament_cmake_args' from command line to 'None'
[8.666s] Level 5:colcon.colcon_core.verb:set package 'spider_driver' build argument 'catkin_cmake_args' from command line to 'None'
[8.667s] Level 5:colcon.colcon_core.verb:set package 'spider_driver' build argument 'catkin_skip_building_tests' from command line to 'False'
[8.667s] DEBUG:colcon.colcon_core.verb:Building package 'spider_driver' with the following arguments: {'ament_cmake_args': None, 'build_base': '/home/spider/ws/build/spider_driver', 'catkin_cmake_args': None, 'catkin_skip_building_tests': False, 'cmake_args': None, 'cmake_clean_cache': False, 'cmake_clean_first': False, 'cmake_force_configure': False, 'cmake_target': None, 'cmake_target_skip_unavailable': False, 'install_base': '/home/spider/ws/install/spider_driver', 'merge_install': False, 'path': '/home/spider/ws/src/spider_driver', 'symlink_install': True, 'test_result_base': None}
[8.669s] INFO:colcon.colcon_core.executor:Executing jobs using 'parallel' executor
[8.676s] DEBUG:colcon.colcon_parallel_executor.executor.parallel:run_until_complete
[8.678s] INFO:colcon.colcon_ros.task.ament_cmake.build:Building ROS package in '/home/spider/ws/src/spider_driver' with build type 'ament_cmake'
[8.679s] INFO:colcon.colcon_cmake.task.cmake.build:Building CMake package in '/home/spider/ws/src/spider_driver'
[8.721s] INFO:colcon.colcon_core.plugin_system:Skipping extension 'colcon_core.shell.bat': Not used on non-Windows systems
[8.724s] INFO:colcon.colcon_core.shell:Skip shell extension 'powershell' for command environment: Not usable outside of PowerShell
[8.725s] DEBUG:colcon.colcon_core.shell:Skip shell extension 'dsv' for command environment
[8.904s] DEBUG:colcon.colcon_core.event_handler.log_command:Invoking command in '/home/spider/ws/build/spider_driver': CMAKE_PREFIX_PATH=/home/spider/ws/install/spider_msgs:/home/spider/ws/install/i2c_pwm_board:/home/spider/ws/install/i2c_pwm_board_xmlrp:/home/spider/ws/install/xmlrpcpp:/home/spider/ws/install/spider_driver:/home/spider/ws/install/i2c_pwm_board_calibration:/home/spider/ws/install/i2c_pwm_board_msgs:/home/spider/ws/install/spider_control:/opt/ros/humble LD_LIBRARY_PATH=/home/spider/ws/install/spider_msgs/lib:/home/spider/ws/install/i2c_pwm_board_xmlrp/lib:/home/spider/ws/install/xmlrpcpp/lib:/home/spider/ws/install/spider_driver/lib:/home/spider/ws/install/i2c_pwm_board_msgs/lib:/opt/ros/humble/opt/rviz_ogre_vendor/lib:/opt/ros/humble/lib/aarch64-linux-gnu:/opt/ros/humble/lib /usr/bin/cmake --build /home/spider/ws/build/spider_driver -- -j4 -l4
[173.485s] DEBUG:colcon.colcon_core.event_handler.log_command:Invoked command in '/home/spider/ws/build/spider_driver' returned '2': CMAKE_PREFIX_PATH=/home/spider/ws/install/spider_msgs:/home/spider/ws/install/i2c_pwm_board:/home/spider/ws/install/i2c_pwm_board_xmlrp:/home/spider/ws/install/xmlrpcpp:/home/spider/ws/install/spider_driver:/home/spider/ws/install/i2c_pwm_board_calibration:/home/spider/ws/install/i2c_pwm_board_msgs:/home/spider/ws/install/spider_control:/opt/ros/humble LD_LIBRARY_PATH=/home/spider/ws/install/spider_msgs/lib:/home/spider/ws/install/i2c_pwm_board_xmlrp/lib:/home/spider/ws/install/xmlrpcpp/lib:/home/spider/ws/install/spider_driver/lib:/home/spider/ws/install/i2c_pwm_board_msgs/lib:/opt/ros/humble/opt/rviz_ogre_vendor/lib:/opt/ros/humble/lib/aarch64-linux-gnu:/opt/ros/humble/lib /usr/bin/cmake --build /home/spider/ws/build/spider_driver -- -j4 -l4
[173.975s] Level 1:colcon.colcon_core.environment:create_environment_scripts_only(spider_driver)
[174.681s] Level 1:colcon.colcon_core.environment:checking '/home/spider/ws/install/spider_driver' for CMake module files
[174.732s] Level 1:colcon.colcon_core.environment:checking '/home/spider/ws/install/spider_driver' for CMake config files
[174.769s] Level 1:colcon.colcon_core.shell:create_environment_hook('spider_driver', 'cmake_prefix_path')
[174.777s] INFO:colcon.colcon_core.shell:Creating environment hook '/home/spider/ws/install/spider_driver/share/spider_driver/hook/cmake_prefix_path.ps1'
[174.877s] INFO:colcon.colcon_core.shell:Creating environment descriptor '/home/spider/ws/install/spider_driver/share/spider_driver/hook/cmake_prefix_path.dsv'
[174.895s] INFO:colcon.colcon_core.shell:Creating environment hook '/home/spider/ws/install/spider_driver/share/spider_driver/hook/cmake_prefix_path.sh'
[174.940s] Level 1:colcon.colcon_core.environment:checking '/home/spider/ws/install/spider_driver/lib'
[174.947s] Level 1:colcon.colcon_core.shell:create_environment_hook('spider_driver', 'ld_library_path_lib')
[174.950s] INFO:colcon.colcon_core.shell:Creating environment hook '/home/spider/ws/install/spider_driver/share/spider_driver/hook/ld_library_path_lib.ps1'
[174.966s] INFO:colcon.colcon_core.shell:Creating environment descriptor '/home/spider/ws/install/spider_driver/share/spider_driver/hook/ld_library_path_lib.dsv'
[174.972s] INFO:colcon.colcon_core.shell:Creating environment hook '/home/spider/ws/install/spider_driver/share/spider_driver/hook/ld_library_path_lib.sh'
[174.980s] Level 1:colcon.colcon_core.environment:checking '/home/spider/ws/install/spider_driver/bin'
[174.982s] Level 1:colcon.colcon_core.environment:checking '/home/spider/ws/install/spider_driver/lib/pkgconfig/spider_driver.pc'
[175.029s] Level 1:colcon.colcon_core.environment:checking '/home/spider/ws/install/spider_driver/lib/python3.10/site-packages'
[175.035s] Level 1:colcon.colcon_core.environment:checking '/home/spider/ws/install/spider_driver/bin'
[175.042s] INFO:colcon.colcon_core.shell:Creating package script '/home/spider/ws/install/spider_driver/share/spider_driver/package.ps1'
[175.067s] INFO:colcon.colcon_core.shell:Creating package descriptor '/home/spider/ws/install/spider_driver/share/spider_driver/package.dsv'
[175.079s] INFO:colcon.colcon_core.shell:Creating package script '/home/spider/ws/install/spider_driver/share/spider_driver/package.sh'
[175.099s] INFO:colcon.colcon_core.shell:Creating package script '/home/spider/ws/install/spider_driver/share/spider_driver/package.bash'
[175.126s] INFO:colcon.colcon_core.shell:Creating package script '/home/spider/ws/install/spider_driver/share/spider_driver/package.zsh'
[175.166s] Level 1:colcon.colcon_core.environment:create_file_with_runtime_dependencies(/home/spider/ws/install/spider_driver/share/colcon-core/packages/spider_driver)
[175.220s] DEBUG:colcon.colcon_parallel_executor.executor.parallel:closing loop
[175.255s] DEBUG:colcon.colcon_parallel_executor.executor.parallel:loop closed
[175.272s] DEBUG:colcon.colcon_parallel_executor.executor.parallel:run_until_complete finished with '2'
[175.280s] DEBUG:colcon.colcon_core.event_reactor:joining thread
[175.802s] INFO:colcon.colcon_core.plugin_system:Skipping extension 'colcon_notification.desktop_notification.notify_send': Could not find 'notify-send'
[175.806s] INFO:colcon.colcon_core.plugin_system:Skipping extension 'colcon_notification.desktop_notification.terminal_notifier': Not used on non-Darwin systems
[175.809s] INFO:colcon.colcon_core.plugin_system:Skipping extension 'colcon_notification.desktop_notification.win32': Not used on non-Windows systems
[175.810s] INFO:colcon.colcon_notification.desktop_notification:Sending desktop notification using 'notify2'
[175.894s] DEBUG:colcon.colcon_notification.desktop_notification.notify2:Failed to initialize notify2: org.freedesktop.DBus.Error.ServiceUnknown: The name org.freedesktop.Notifications was not provided by any .service files
[175.898s] DEBUG:colcon.colcon_core.event_reactor:joined thread
[175.926s] INFO:colcon.colcon_core.shell:Creating prefix script '/home/spider/ws/install/local_setup.ps1'
[175.963s] INFO:colcon.colcon_core.shell:Creating prefix util module '/home/spider/ws/install/_local_setup_util_ps1.py'
[176.004s] INFO:colcon.colcon_core.shell:Creating prefix chain script '/home/spider/ws/install/setup.ps1'
[176.037s] INFO:colcon.colcon_core.shell:Creating prefix script '/home/spider/ws/install/local_setup.sh'
[176.053s] INFO:colcon.colcon_core.shell:Creating prefix util module '/home/spider/ws/install/_local_setup_util_sh.py'
[176.065s] INFO:colcon.colcon_core.shell:Creating prefix chain script '/home/spider/ws/install/setup.sh'
[176.089s] INFO:colcon.colcon_core.shell:Creating prefix script '/home/spider/ws/install/local_setup.bash'
[176.099s] INFO:colcon.colcon_core.shell:Creating prefix chain script '/home/spider/ws/install/setup.bash'
[176.119s] INFO:colcon.colcon_core.shell:Creating prefix script '/home/spider/ws/install/local_setup.zsh'
[176.128s] INFO:colcon.colcon_core.shell:Creating prefix chain script '/home/spider/ws/install/setup.zsh'
