[0.280s] Invoking command in '/home/spider/ws/build/spider_driver': CMAKE_PREFIX_PATH=/home/spider/ws/install/spider_msgs:/home/spider/ws/install/i2c_pwm_board:/home/spider/ws/install/i2c_pwm_board_xmlrp:/home/spider/ws/install/xmlrpcpp:/home/spider/ws/install/spider_driver:/home/spider/ws/install/i2c_pwm_board_calibration:/home/spider/ws/install/i2c_pwm_board_msgs:/home/spider/ws/install/spider_control:/opt/ros/humble LD_LIBRARY_PATH=/home/spider/ws/install/spider_msgs/lib:/home/spider/ws/install/i2c_pwm_board_xmlrp/lib:/home/spider/ws/install/xmlrpcpp/lib:/home/spider/ws/install/spider_driver/lib:/home/spider/ws/install/i2c_pwm_board_msgs/lib:/opt/ros/humble/opt/rviz_ogre_vendor/lib:/opt/ros/humble/lib/aarch64-linux-gnu:/opt/ros/humble/lib /usr/bin/cmake --build /home/spider/ws/build/spider_driver -- -j4 -l4
[2.464s] [ 25%] [32mBuilding CXX object CMakeFiles/spider_driver.dir/src/spider_driver/ControllerNode.cpp.o[0m
[511.266s] [ 50%] [32m[1mLinking CXX shared library libspider_driver.so[0m
[519.421s] [ 50%] Built target spider_driver
[520.413s] [ 75%] [32mBuilding CXX object CMakeFiles/control_main.dir/src/controller_node.cpp.o[0m
[556.480s] [100%] [32m[1mLinking CXX executable control_main[0m
[559.887s] [100%] Built target control_main
[560.890s] Invoked command in '/home/spider/ws/build/spider_driver' returned '0': CMAKE_PREFIX_PATH=/home/spider/ws/install/spider_msgs:/home/spider/ws/install/i2c_pwm_board:/home/spider/ws/install/i2c_pwm_board_xmlrp:/home/spider/ws/install/xmlrpcpp:/home/spider/ws/install/spider_driver:/home/spider/ws/install/i2c_pwm_board_calibration:/home/spider/ws/install/i2c_pwm_board_msgs:/home/spider/ws/install/spider_control:/opt/ros/humble LD_LIBRARY_PATH=/home/spider/ws/install/spider_msgs/lib:/home/spider/ws/install/i2c_pwm_board_xmlrp/lib:/home/spider/ws/install/xmlrpcpp/lib:/home/spider/ws/install/spider_driver/lib:/home/spider/ws/install/i2c_pwm_board_msgs/lib:/opt/ros/humble/opt/rviz_ogre_vendor/lib:/opt/ros/humble/lib/aarch64-linux-gnu:/opt/ros/humble/lib /usr/bin/cmake --build /home/spider/ws/build/spider_driver -- -j4 -l4
[562.960s] Invoking command in '/home/spider/ws/build/spider_driver': CMAKE_PREFIX_PATH=/home/spider/ws/install/spider_msgs:/home/spider/ws/install/i2c_pwm_board:/home/spider/ws/install/i2c_pwm_board_xmlrp:/home/spider/ws/install/xmlrpcpp:/home/spider/ws/install/spider_driver:/home/spider/ws/install/i2c_pwm_board_calibration:/home/spider/ws/install/i2c_pwm_board_msgs:/home/spider/ws/install/spider_control:/opt/ros/humble LD_LIBRARY_PATH=/home/spider/ws/install/spider_msgs/lib:/home/spider/ws/install/i2c_pwm_board_xmlrp/lib:/home/spider/ws/install/xmlrpcpp/lib:/home/spider/ws/install/spider_driver/lib:/home/spider/ws/install/i2c_pwm_board_msgs/lib:/opt/ros/humble/opt/rviz_ogre_vendor/lib:/opt/ros/humble/lib/aarch64-linux-gnu:/opt/ros/humble/lib /usr/bin/cmake --install /home/spider/ws/build/spider_driver
[563.146s] -- Install configuration: ""
[563.148s] -- Execute custom install script
[563.150s] -- Up-to-date symlink: /home/spider/ws/install/spider_driver/lib/libspider_driver.so
[563.152s] -- Up-to-date symlink: /home/spider/ws/install/spider_driver/lib/spider_driver/control_main
[563.154s] -- Up-to-date symlink: /home/spider/ws/install/spider_driver/include//spider_driver/ControllerNode.hpp
[563.158s] -- Up-to-date symlink: /home/spider/ws/install/spider_driver/include//spider_driver/PCA9685.hpp
[563.178s] -- Up-to-date symlink: /home/spider/ws/install/spider_driver/share/spider_driver/environment/library_path.sh
[563.184s] -- Up-to-date symlink: /home/spider/ws/install/spider_driver/share/spider_driver/environment/library_path.dsv
[563.195s] -- Up-to-date symlink: /home/spider/ws/install/spider_driver/share/ament_index/resource_index/package_run_dependencies/spider_driver
[563.201s] -- Up-to-date symlink: /home/spider/ws/install/spider_driver/share/ament_index/resource_index/parent_prefix_path/spider_driver
[563.210s] -- Up-to-date symlink: /home/spider/ws/install/spider_driver/share/spider_driver/environment/ament_prefix_path.sh
[563.216s] -- Up-to-date symlink: /home/spider/ws/install/spider_driver/share/spider_driver/environment/ament_prefix_path.dsv
[563.219s] -- Up-to-date symlink: /home/spider/ws/install/spider_driver/share/spider_driver/environment/path.sh
[563.223s] -- Up-to-date symlink: /home/spider/ws/install/spider_driver/share/spider_driver/environment/path.dsv
[563.227s] -- Up-to-date symlink: /home/spider/ws/install/spider_driver/share/spider_driver/local_setup.bash
[563.231s] -- Up-to-date symlink: /home/spider/ws/install/spider_driver/share/spider_driver/local_setup.sh
[563.234s] -- Up-to-date symlink: /home/spider/ws/install/spider_driver/share/spider_driver/local_setup.zsh
[563.238s] -- Up-to-date symlink: /home/spider/ws/install/spider_driver/share/spider_driver/local_setup.dsv
[563.240s] -- Symlinking: /home/spider/ws/install/spider_driver/share/spider_driver/package.dsv
[563.332s] -- Up-to-date symlink: /home/spider/ws/install/spider_driver/share/ament_index/resource_index/packages/spider_driver
[563.337s] -- Up-to-date symlink: /home/spider/ws/install/spider_driver/share/spider_driver/cmake/ament_cmake_export_include_directories-extras.cmake
[563.342s] -- Up-to-date symlink: /home/spider/ws/install/spider_driver/share/spider_driver/cmake/ament_cmake_export_libraries-extras.cmake
[563.348s] -- Up-to-date symlink: /home/spider/ws/install/spider_driver/share/spider_driver/cmake/ament_cmake_export_dependencies-extras.cmake
[563.353s] -- Up-to-date symlink: /home/spider/ws/install/spider_driver/share/spider_driver/cmake/spider_driverConfig.cmake
[563.356s] -- Up-to-date symlink: /home/spider/ws/install/spider_driver/share/spider_driver/cmake/spider_driverConfig-version.cmake
[563.360s] -- Up-to-date symlink: /home/spider/ws/install/spider_driver/share/spider_driver/package.xml
[563.395s] Invoked command in '/home/spider/ws/build/spider_driver' returned '0': CMAKE_PREFIX_PATH=/home/spider/ws/install/spider_msgs:/home/spider/ws/install/i2c_pwm_board:/home/spider/ws/install/i2c_pwm_board_xmlrp:/home/spider/ws/install/xmlrpcpp:/home/spider/ws/install/spider_driver:/home/spider/ws/install/i2c_pwm_board_calibration:/home/spider/ws/install/i2c_pwm_board_msgs:/home/spider/ws/install/spider_control:/opt/ros/humble LD_LIBRARY_PATH=/home/spider/ws/install/spider_msgs/lib:/home/spider/ws/install/i2c_pwm_board_xmlrp/lib:/home/spider/ws/install/xmlrpcpp/lib:/home/spider/ws/install/spider_driver/lib:/home/spider/ws/install/i2c_pwm_board_msgs/lib:/opt/ros/humble/opt/rviz_ogre_vendor/lib:/opt/ros/humble/lib/aarch64-linux-gnu:/opt/ros/humble/lib /usr/bin/cmake --install /home/spider/ws/build/spider_driver
