[3.004s] DEBUG:colcon:Command line arguments: ['/usr/bin/colcon', 'build', '--symlink-install', '--parallel-workers', '1', '--packages-select', 'spider_driver']
[3.006s] DEBUG:colcon:Parsed command line arguments: Namespace(log_base=None, log_level=None, verb_name='build', build_base='build', install_base='install', merge_install=False, symlink_install=True, test_result_base=None, continue_on_error=False, executor='parallel', parallel_workers=1, event_handlers=None, ignore_user_meta=False, metas=['./colcon.meta'], base_paths=['.'], packages_ignore=None, packages_ignore_regex=None, paths=None, packages_up_to=None, packages_up_to_regex=None, packages_above=None, packages_above_and_dependencies=None, packages_above_depth=None, packages_select_by_dep=None, packages_skip_by_dep=None, packages_skip_up_to=None, packages_select_build_failed=False, packages_skip_build_finished=False, packages_select_test_failures=False, packages_skip_test_passed=False, packages_select=['spider_driver'], packages_skip=None, packages_select_regex=None, packages_skip_regex=None, packages_start=None, packages_end=None, allow_overriding=[], cmake_args=None, cmake_target=None, cmake_target_skip_unavailable=False, cmake_clean_cache=False, cmake_clean_first=False, cmake_force_configure=False, ament_cmake_args=None, catkin_cmake_args=None, catkin_skip_building_tests=False, verb_parser=<colcon_defaults.argument_parser.defaults.DefaultArgumentsDecorator object at 0xffff8cb58820>, verb_extension=<colcon_core.verb.build.BuildVerb object at 0xffff8cce9c90>, main=<bound method BuildVerb.main of <colcon_core.verb.build.BuildVerb object at 0xffff8cce9c90>>)
[6.357s] Level 1:colcon.colcon_core.package_discovery:discover_packages(colcon_meta) check parameters
[6.358s] Level 1:colcon.colcon_core.package_discovery:discover_packages(recursive) check parameters
[6.359s] Level 1:colcon.colcon_core.package_discovery:discover_packages(ignore) check parameters
[6.360s] Level 1:colcon.colcon_core.package_discovery:discover_packages(path) check parameters
[6.360s] Level 1:colcon.colcon_core.package_discovery:discover_packages(colcon_meta) discover
[6.361s] Level 1:colcon.colcon_core.package_discovery:discover_packages(recursive) discover
[6.362s] INFO:colcon.colcon_core.package_discovery:Crawling recursively for packages in '/home/spider/ws'
[6.364s] Level 1:colcon.colcon_core.package_identification:_identify(.) by extensions ['ignore', 'ignore_ament_install']
[6.365s] Level 1:colcon.colcon_core.package_identification:_identify(.) by extension 'ignore'
[6.366s] Level 1:colcon.colcon_core.package_identification:_identify(.) by extension 'ignore_ament_install'
[6.367s] Level 1:colcon.colcon_core.package_identification:_identify(.) by extensions ['colcon_pkg']
[6.367s] Level 1:colcon.colcon_core.package_identification:_identify(.) by extension 'colcon_pkg'
[6.368s] Level 1:colcon.colcon_core.package_identification:_identify(.) by extensions ['colcon_meta']
[6.369s] Level 1:colcon.colcon_core.package_identification:_identify(.) by extension 'colcon_meta'
[6.369s] Level 1:colcon.colcon_core.package_identification:_identify(.) by extensions ['ros']
[6.370s] Level 1:colcon.colcon_core.package_identification:_identify(.) by extension 'ros'
[6.586s] Level 1:colcon.colcon_core.package_identification:_identify(.) by extensions ['cmake', 'python']
[6.587s] Level 1:colcon.colcon_core.package_identification:_identify(.) by extension 'cmake'
[6.588s] Level 1:colcon.colcon_core.package_identification:_identify(.) by extension 'python'
[6.588s] Level 1:colcon.colcon_core.package_identification:_identify(.) by extensions ['python_setup_py']
[6.589s] Level 1:colcon.colcon_core.package_identification:_identify(.) by extension 'python_setup_py'
[6.590s] Level 1:colcon.colcon_core.package_identification:_identify(build) by extensions ['ignore', 'ignore_ament_install']
[6.591s] Level 1:colcon.colcon_core.package_identification:_identify(build) by extension 'ignore'
[6.592s] Level 1:colcon.colcon_core.package_identification:_identify(build) ignored
[6.594s] Level 1:colcon.colcon_core.package_identification:_identify(install) by extensions ['ignore', 'ignore_ament_install']
[6.595s] Level 1:colcon.colcon_core.package_identification:_identify(install) by extension 'ignore'
[6.596s] Level 1:colcon.colcon_core.package_identification:_identify(install) ignored
[6.598s] Level 1:colcon.colcon_core.package_identification:_identify(log) by extensions ['ignore', 'ignore_ament_install']
[6.599s] Level 1:colcon.colcon_core.package_identification:_identify(log) by extension 'ignore'
[6.600s] Level 1:colcon.colcon_core.package_identification:_identify(log) ignored
[6.601s] Level 1:colcon.colcon_core.package_identification:_identify(src) by extensions ['ignore', 'ignore_ament_install']
[6.602s] Level 1:colcon.colcon_core.package_identification:_identify(src) by extension 'ignore'
[6.603s] Level 1:colcon.colcon_core.package_identification:_identify(src) by extension 'ignore_ament_install'
[6.604s] Level 1:colcon.colcon_core.package_identification:_identify(src) by extensions ['colcon_pkg']
[6.604s] Level 1:colcon.colcon_core.package_identification:_identify(src) by extension 'colcon_pkg'
[6.605s] Level 1:colcon.colcon_core.package_identification:_identify(src) by extensions ['colcon_meta']
[6.606s] Level 1:colcon.colcon_core.package_identification:_identify(src) by extension 'colcon_meta'
[6.606s] Level 1:colcon.colcon_core.package_identification:_identify(src) by extensions ['ros']
[6.607s] Level 1:colcon.colcon_core.package_identification:_identify(src) by extension 'ros'
[6.608s] Level 1:colcon.colcon_core.package_identification:_identify(src) by extensions ['cmake', 'python']
[6.608s] Level 1:colcon.colcon_core.package_identification:_identify(src) by extension 'cmake'
[6.609s] Level 1:colcon.colcon_core.package_identification:_identify(src) by extension 'python'
[6.610s] Level 1:colcon.colcon_core.package_identification:_identify(src) by extensions ['python_setup_py']
[6.610s] Level 1:colcon.colcon_core.package_identification:_identify(src) by extension 'python_setup_py'
[6.613s] Level 1:colcon.colcon_core.package_identification:_identify(src/i2c_pwm_board) by extensions ['ignore', 'ignore_ament_install']
[6.614s] Level 1:colcon.colcon_core.package_identification:_identify(src/i2c_pwm_board) by extension 'ignore'
[6.615s] Level 1:colcon.colcon_core.package_identification:_identify(src/i2c_pwm_board) by extension 'ignore_ament_install'
[6.616s] Level 1:colcon.colcon_core.package_identification:_identify(src/i2c_pwm_board) by extensions ['colcon_pkg']
[6.616s] Level 1:colcon.colcon_core.package_identification:_identify(src/i2c_pwm_board) by extension 'colcon_pkg'
[6.617s] Level 1:colcon.colcon_core.package_identification:_identify(src/i2c_pwm_board) by extensions ['colcon_meta']
[6.617s] Level 1:colcon.colcon_core.package_identification:_identify(src/i2c_pwm_board) by extension 'colcon_meta'
[6.618s] Level 1:colcon.colcon_core.package_identification:_identify(src/i2c_pwm_board) by extensions ['ros']
[6.618s] Level 1:colcon.colcon_core.package_identification:_identify(src/i2c_pwm_board) by extension 'ros'
[6.620s] Level 1:colcon.colcon_core.package_identification:_identify(src/i2c_pwm_board) by extensions ['cmake', 'python']
[6.620s] Level 1:colcon.colcon_core.package_identification:_identify(src/i2c_pwm_board) by extension 'cmake'
[6.621s] Level 1:colcon.colcon_core.package_identification:_identify(src/i2c_pwm_board) by extension 'python'
[6.622s] Level 1:colcon.colcon_core.package_identification:_identify(src/i2c_pwm_board) by extensions ['python_setup_py']
[6.622s] Level 1:colcon.colcon_core.package_identification:_identify(src/i2c_pwm_board) by extension 'python_setup_py'
[6.624s] Level 1:colcon.colcon_core.package_identification:_identify(src/i2c_pwm_board/docs) by extensions ['ignore', 'ignore_ament_install']
[6.626s] Level 1:colcon.colcon_core.package_identification:_identify(src/i2c_pwm_board/docs) by extension 'ignore'
[6.626s] Level 1:colcon.colcon_core.package_identification:_identify(src/i2c_pwm_board/docs) by extension 'ignore_ament_install'
[6.627s] Level 1:colcon.colcon_core.package_identification:_identify(src/i2c_pwm_board/docs) by extensions ['colcon_pkg']
[6.628s] Level 1:colcon.colcon_core.package_identification:_identify(src/i2c_pwm_board/docs) by extension 'colcon_pkg'
[6.628s] Level 1:colcon.colcon_core.package_identification:_identify(src/i2c_pwm_board/docs) by extensions ['colcon_meta']
[6.629s] Level 1:colcon.colcon_core.package_identification:_identify(src/i2c_pwm_board/docs) by extension 'colcon_meta'
[6.630s] Level 1:colcon.colcon_core.package_identification:_identify(src/i2c_pwm_board/docs) by extensions ['ros']
[6.630s] Level 1:colcon.colcon_core.package_identification:_identify(src/i2c_pwm_board/docs) by extension 'ros'
[6.631s] Level 1:colcon.colcon_core.package_identification:_identify(src/i2c_pwm_board/docs) by extensions ['cmake', 'python']
[6.632s] Level 1:colcon.colcon_core.package_identification:_identify(src/i2c_pwm_board/docs) by extension 'cmake'
[6.632s] Level 1:colcon.colcon_core.package_identification:_identify(src/i2c_pwm_board/docs) by extension 'python'
[6.633s] Level 1:colcon.colcon_core.package_identification:_identify(src/i2c_pwm_board/docs) by extensions ['python_setup_py']
[6.634s] Level 1:colcon.colcon_core.package_identification:_identify(src/i2c_pwm_board/docs) by extension 'python_setup_py'
[6.636s] Level 1:colcon.colcon_core.package_identification:_identify(src/i2c_pwm_board/docs/images) by extensions ['ignore', 'ignore_ament_install']
[6.637s] Level 1:colcon.colcon_core.package_identification:_identify(src/i2c_pwm_board/docs/images) by extension 'ignore'
[6.638s] Level 1:colcon.colcon_core.package_identification:_identify(src/i2c_pwm_board/docs/images) by extension 'ignore_ament_install'
[6.639s] Level 1:colcon.colcon_core.package_identification:_identify(src/i2c_pwm_board/docs/images) by extensions ['colcon_pkg']
[6.639s] Level 1:colcon.colcon_core.package_identification:_identify(src/i2c_pwm_board/docs/images) by extension 'colcon_pkg'
[6.640s] Level 1:colcon.colcon_core.package_identification:_identify(src/i2c_pwm_board/docs/images) by extensions ['colcon_meta']
[6.641s] Level 1:colcon.colcon_core.package_identification:_identify(src/i2c_pwm_board/docs/images) by extension 'colcon_meta'
[6.641s] Level 1:colcon.colcon_core.package_identification:_identify(src/i2c_pwm_board/docs/images) by extensions ['ros']
[6.642s] Level 1:colcon.colcon_core.package_identification:_identify(src/i2c_pwm_board/docs/images) by extension 'ros'
[6.643s] Level 1:colcon.colcon_core.package_identification:_identify(src/i2c_pwm_board/docs/images) by extensions ['cmake', 'python']
[6.644s] Level 1:colcon.colcon_core.package_identification:_identify(src/i2c_pwm_board/docs/images) by extension 'cmake'
[6.645s] Level 1:colcon.colcon_core.package_identification:_identify(src/i2c_pwm_board/docs/images) by extension 'python'
[6.645s] Level 1:colcon.colcon_core.package_identification:_identify(src/i2c_pwm_board/docs/images) by extensions ['python_setup_py']
[6.646s] Level 1:colcon.colcon_core.package_identification:_identify(src/i2c_pwm_board/docs/images) by extension 'python_setup_py'
[6.649s] Level 1:colcon.colcon_core.package_identification:_identify(src/i2c_pwm_board/i2c_pwm_board) by extensions ['ignore', 'ignore_ament_install']
[6.650s] Level 1:colcon.colcon_core.package_identification:_identify(src/i2c_pwm_board/i2c_pwm_board) by extension 'ignore'
[6.651s] Level 1:colcon.colcon_core.package_identification:_identify(src/i2c_pwm_board/i2c_pwm_board) by extension 'ignore_ament_install'
[6.652s] Level 1:colcon.colcon_core.package_identification:_identify(src/i2c_pwm_board/i2c_pwm_board) by extensions ['colcon_pkg']
[6.652s] Level 1:colcon.colcon_core.package_identification:_identify(src/i2c_pwm_board/i2c_pwm_board) by extension 'colcon_pkg'
[6.653s] Level 1:colcon.colcon_core.package_identification:_identify(src/i2c_pwm_board/i2c_pwm_board) by extensions ['colcon_meta']
[6.654s] Level 1:colcon.colcon_core.package_identification:_identify(src/i2c_pwm_board/i2c_pwm_board) by extension 'colcon_meta'
[6.654s] Level 1:colcon.colcon_core.package_identification:_identify(src/i2c_pwm_board/i2c_pwm_board) by extensions ['ros']
[6.655s] Level 1:colcon.colcon_core.package_identification:_identify(src/i2c_pwm_board/i2c_pwm_board) by extension 'ros'
[6.703s] DEBUG:colcon.colcon_core.package_identification:Package 'src/i2c_pwm_board/i2c_pwm_board' with type 'ros.ament_cmake' and name 'i2c_pwm_board'
[6.706s] Level 1:colcon.colcon_core.package_identification:_identify(src/i2c_pwm_board/i2c_pwm_board_calibration) by extensions ['ignore', 'ignore_ament_install']
[6.707s] Level 1:colcon.colcon_core.package_identification:_identify(src/i2c_pwm_board/i2c_pwm_board_calibration) by extension 'ignore'
[6.708s] Level 1:colcon.colcon_core.package_identification:_identify(src/i2c_pwm_board/i2c_pwm_board_calibration) by extension 'ignore_ament_install'
[6.709s] Level 1:colcon.colcon_core.package_identification:_identify(src/i2c_pwm_board/i2c_pwm_board_calibration) by extensions ['colcon_pkg']
[6.709s] Level 1:colcon.colcon_core.package_identification:_identify(src/i2c_pwm_board/i2c_pwm_board_calibration) by extension 'colcon_pkg'
[6.710s] Level 1:colcon.colcon_core.package_identification:_identify(src/i2c_pwm_board/i2c_pwm_board_calibration) by extensions ['colcon_meta']
[6.710s] Level 1:colcon.colcon_core.package_identification:_identify(src/i2c_pwm_board/i2c_pwm_board_calibration) by extension 'colcon_meta'
[6.711s] Level 1:colcon.colcon_core.package_identification:_identify(src/i2c_pwm_board/i2c_pwm_board_calibration) by extensions ['ros']
[6.712s] Level 1:colcon.colcon_core.package_identification:_identify(src/i2c_pwm_board/i2c_pwm_board_calibration) by extension 'ros'
[6.719s] DEBUG:colcon.colcon_core.package_identification:Package 'src/i2c_pwm_board/i2c_pwm_board_calibration' with type 'ros.ament_cmake' and name 'i2c_pwm_board_calibration'
[6.722s] Level 1:colcon.colcon_core.package_identification:_identify(src/i2c_pwm_board/i2c_pwm_board_msgs) by extensions ['ignore', 'ignore_ament_install']
[6.723s] Level 1:colcon.colcon_core.package_identification:_identify(src/i2c_pwm_board/i2c_pwm_board_msgs) by extension 'ignore'
[6.724s] Level 1:colcon.colcon_core.package_identification:_identify(src/i2c_pwm_board/i2c_pwm_board_msgs) by extension 'ignore_ament_install'
[6.725s] Level 1:colcon.colcon_core.package_identification:_identify(src/i2c_pwm_board/i2c_pwm_board_msgs) by extensions ['colcon_pkg']
[6.725s] Level 1:colcon.colcon_core.package_identification:_identify(src/i2c_pwm_board/i2c_pwm_board_msgs) by extension 'colcon_pkg'
[6.726s] Level 1:colcon.colcon_core.package_identification:_identify(src/i2c_pwm_board/i2c_pwm_board_msgs) by extensions ['colcon_meta']
[6.727s] Level 1:colcon.colcon_core.package_identification:_identify(src/i2c_pwm_board/i2c_pwm_board_msgs) by extension 'colcon_meta'
[6.727s] Level 1:colcon.colcon_core.package_identification:_identify(src/i2c_pwm_board/i2c_pwm_board_msgs) by extensions ['ros']
[6.728s] Level 1:colcon.colcon_core.package_identification:_identify(src/i2c_pwm_board/i2c_pwm_board_msgs) by extension 'ros'
[6.736s] DEBUG:colcon.colcon_core.package_identification:Package 'src/i2c_pwm_board/i2c_pwm_board_msgs' with type 'ros.ament_cmake' and name 'i2c_pwm_board_msgs'
[6.738s] Level 1:colcon.colcon_core.package_identification:_identify(src/i2c_pwm_board/i2c_pwm_board_xmlrp) by extensions ['ignore', 'ignore_ament_install']
[6.740s] Level 1:colcon.colcon_core.package_identification:_identify(src/i2c_pwm_board/i2c_pwm_board_xmlrp) by extension 'ignore'
[6.741s] Level 1:colcon.colcon_core.package_identification:_identify(src/i2c_pwm_board/i2c_pwm_board_xmlrp) by extension 'ignore_ament_install'
[6.742s] Level 1:colcon.colcon_core.package_identification:_identify(src/i2c_pwm_board/i2c_pwm_board_xmlrp) by extensions ['colcon_pkg']
[6.742s] Level 1:colcon.colcon_core.package_identification:_identify(src/i2c_pwm_board/i2c_pwm_board_xmlrp) by extension 'colcon_pkg'
[6.743s] Level 1:colcon.colcon_core.package_identification:_identify(src/i2c_pwm_board/i2c_pwm_board_xmlrp) by extensions ['colcon_meta']
[6.744s] Level 1:colcon.colcon_core.package_identification:_identify(src/i2c_pwm_board/i2c_pwm_board_xmlrp) by extension 'colcon_meta'
[6.744s] Level 1:colcon.colcon_core.package_identification:_identify(src/i2c_pwm_board/i2c_pwm_board_xmlrp) by extensions ['ros']
[6.745s] Level 1:colcon.colcon_core.package_identification:_identify(src/i2c_pwm_board/i2c_pwm_board_xmlrp) by extension 'ros'
[6.751s] DEBUG:colcon.colcon_core.package_identification:Package 'src/i2c_pwm_board/i2c_pwm_board_xmlrp' with type 'ros.ament_cmake' and name 'i2c_pwm_board_xmlrp'
[6.754s] Level 1:colcon.colcon_core.package_identification:_identify(src/i2c_pwm_board/xmlrpcpp) by extensions ['ignore', 'ignore_ament_install']
[6.755s] Level 1:colcon.colcon_core.package_identification:_identify(src/i2c_pwm_board/xmlrpcpp) by extension 'ignore'
[6.756s] Level 1:colcon.colcon_core.package_identification:_identify(src/i2c_pwm_board/xmlrpcpp) by extension 'ignore_ament_install'
[6.757s] Level 1:colcon.colcon_core.package_identification:_identify(src/i2c_pwm_board/xmlrpcpp) by extensions ['colcon_pkg']
[6.758s] Level 1:colcon.colcon_core.package_identification:_identify(src/i2c_pwm_board/xmlrpcpp) by extension 'colcon_pkg'
[6.758s] Level 1:colcon.colcon_core.package_identification:_identify(src/i2c_pwm_board/xmlrpcpp) by extensions ['colcon_meta']
[6.759s] Level 1:colcon.colcon_core.package_identification:_identify(src/i2c_pwm_board/xmlrpcpp) by extension 'colcon_meta'
[6.759s] Level 1:colcon.colcon_core.package_identification:_identify(src/i2c_pwm_board/xmlrpcpp) by extensions ['ros']
[6.760s] Level 1:colcon.colcon_core.package_identification:_identify(src/i2c_pwm_board/xmlrpcpp) by extension 'ros'
[6.767s] DEBUG:colcon.colcon_core.package_identification:Package 'src/i2c_pwm_board/xmlrpcpp' with type 'ros.ament_cmake' and name 'xmlrpcpp'
[6.768s] Level 1:colcon.colcon_core.package_identification:_identify(src/spider_control) by extensions ['ignore', 'ignore_ament_install']
[6.769s] Level 1:colcon.colcon_core.package_identification:_identify(src/spider_control) by extension 'ignore'
[6.770s] Level 1:colcon.colcon_core.package_identification:_identify(src/spider_control) by extension 'ignore_ament_install'
[6.771s] Level 1:colcon.colcon_core.package_identification:_identify(src/spider_control) by extensions ['colcon_pkg']
[6.771s] Level 1:colcon.colcon_core.package_identification:_identify(src/spider_control) by extension 'colcon_pkg'
[6.772s] Level 1:colcon.colcon_core.package_identification:_identify(src/spider_control) by extensions ['colcon_meta']
[6.773s] Level 1:colcon.colcon_core.package_identification:_identify(src/spider_control) by extension 'colcon_meta'
[6.773s] Level 1:colcon.colcon_core.package_identification:_identify(src/spider_control) by extensions ['ros']
[6.774s] Level 1:colcon.colcon_core.package_identification:_identify(src/spider_control) by extension 'ros'
[6.780s] DEBUG:colcon.colcon_core.package_identification:Package 'src/spider_control' with type 'ros.ament_python' and name 'spider_control'
[6.781s] Level 1:colcon.colcon_core.package_identification:_identify(src/spider_driver) by extensions ['ignore', 'ignore_ament_install']
[6.782s] Level 1:colcon.colcon_core.package_identification:_identify(src/spider_driver) by extension 'ignore'
[6.783s] Level 1:colcon.colcon_core.package_identification:_identify(src/spider_driver) by extension 'ignore_ament_install'
[6.784s] Level 1:colcon.colcon_core.package_identification:_identify(src/spider_driver) by extensions ['colcon_pkg']
[6.785s] Level 1:colcon.colcon_core.package_identification:_identify(src/spider_driver) by extension 'colcon_pkg'
[6.785s] Level 1:colcon.colcon_core.package_identification:_identify(src/spider_driver) by extensions ['colcon_meta']
[6.786s] Level 1:colcon.colcon_core.package_identification:_identify(src/spider_driver) by extension 'colcon_meta'
[6.786s] Level 1:colcon.colcon_core.package_identification:_identify(src/spider_driver) by extensions ['ros']
[6.787s] Level 1:colcon.colcon_core.package_identification:_identify(src/spider_driver) by extension 'ros'
[6.795s] DEBUG:colcon.colcon_core.package_identification:Package 'src/spider_driver' with type 'ros.ament_cmake' and name 'spider_driver'
[6.796s] Level 1:colcon.colcon_core.package_identification:_identify(src/spider_msgs) by extensions ['ignore', 'ignore_ament_install']
[6.797s] Level 1:colcon.colcon_core.package_identification:_identify(src/spider_msgs) by extension 'ignore'
[6.798s] Level 1:colcon.colcon_core.package_identification:_identify(src/spider_msgs) by extension 'ignore_ament_install'
[6.799s] Level 1:colcon.colcon_core.package_identification:_identify(src/spider_msgs) by extensions ['colcon_pkg']
[6.800s] Level 1:colcon.colcon_core.package_identification:_identify(src/spider_msgs) by extension 'colcon_pkg'
[6.800s] Level 1:colcon.colcon_core.package_identification:_identify(src/spider_msgs) by extensions ['colcon_meta']
[6.801s] Level 1:colcon.colcon_core.package_identification:_identify(src/spider_msgs) by extension 'colcon_meta'
[6.802s] Level 1:colcon.colcon_core.package_identification:_identify(src/spider_msgs) by extensions ['ros']
[6.802s] Level 1:colcon.colcon_core.package_identification:_identify(src/spider_msgs) by extension 'ros'
[6.809s] DEBUG:colcon.colcon_core.package_identification:Package 'src/spider_msgs' with type 'ros.ament_cmake' and name 'spider_msgs'
[6.810s] Level 1:colcon.colcon_core.package_discovery:discover_packages(recursive) using defaults
[6.810s] Level 1:colcon.colcon_core.package_discovery:discover_packages(ignore) discover
[6.811s] Level 1:colcon.colcon_core.package_discovery:discover_packages(ignore) using defaults
[6.811s] Level 1:colcon.colcon_core.package_discovery:discover_packages(path) discover
[6.812s] Level 1:colcon.colcon_core.package_discovery:discover_packages(path) using defaults
[7.214s] INFO:colcon.colcon_core.package_selection:Skipping not selected package 'i2c_pwm_board_msgs' in 'src/i2c_pwm_board/i2c_pwm_board_msgs'
[7.214s] INFO:colcon.colcon_core.package_selection:Skipping not selected package 'spider_control' in 'src/spider_control'
[7.215s] INFO:colcon.colcon_core.package_selection:Skipping not selected package 'spider_msgs' in 'src/spider_msgs'
[7.215s] INFO:colcon.colcon_core.package_selection:Skipping not selected package 'xmlrpcpp' in 'src/i2c_pwm_board/xmlrpcpp'
[7.215s] INFO:colcon.colcon_core.package_selection:Skipping not selected package 'i2c_pwm_board_calibration' in 'src/i2c_pwm_board/i2c_pwm_board_calibration'
[7.216s] INFO:colcon.colcon_core.package_selection:Skipping not selected package 'i2c_pwm_board_xmlrp' in 'src/i2c_pwm_board/i2c_pwm_board_xmlrp'
[7.216s] INFO:colcon.colcon_core.package_selection:Skipping not selected package 'i2c_pwm_board' in 'src/i2c_pwm_board/i2c_pwm_board'
[7.221s] Level 1:colcon.colcon_core.package_discovery:discover_packages(prefix_path) check parameters
[7.222s] Level 1:colcon.colcon_core.package_discovery:discover_packages(prefix_path) discover
[7.291s] DEBUG:colcon.colcon_installed_package_information.package_discovery:Found 8 installed packages in /home/spider/ws/install
[7.322s] DEBUG:colcon.colcon_installed_package_information.package_discovery:Found 279 installed packages in /opt/ros/humble
[7.339s] Level 1:colcon.colcon_core.package_discovery:discover_packages(prefix_path) using defaults
[8.399s] Level 5:colcon.colcon_core.verb:set package 'spider_driver' build argument 'cmake_args' from command line to 'None'
[8.400s] Level 5:colcon.colcon_core.verb:set package 'spider_driver' build argument 'cmake_target' from command line to 'None'
[8.400s] Level 5:colcon.colcon_core.verb:set package 'spider_driver' build argument 'cmake_target_skip_unavailable' from command line to 'False'
[8.401s] Level 5:colcon.colcon_core.verb:set package 'spider_driver' build argument 'cmake_clean_cache' from command line to 'False'
[8.401s] Level 5:colcon.colcon_core.verb:set package 'spider_driver' build argument 'cmake_clean_first' from command line to 'False'
[8.402s] Level 5:colcon.colcon_core.verb:set package 'spider_driver' build argument 'cmake_force_configure' from command line to 'False'
[8.402s] Level 5:colcon.colcon_core.verb:set package 'spider_driver' build argument 'ament_cmake_args' from command line to 'None'
[8.402s] Level 5:colcon.colcon_core.verb:set package 'spider_driver' build argument 'catkin_cmake_args' from command line to 'None'
[8.402s] Level 5:colcon.colcon_core.verb:set package 'spider_driver' build argument 'catkin_skip_building_tests' from command line to 'False'
[8.403s] DEBUG:colcon.colcon_core.verb:Building package 'spider_driver' with the following arguments: {'ament_cmake_args': None, 'build_base': '/home/spider/ws/build/spider_driver', 'catkin_cmake_args': None, 'catkin_skip_building_tests': False, 'cmake_args': None, 'cmake_clean_cache': False, 'cmake_clean_first': False, 'cmake_force_configure': False, 'cmake_target': None, 'cmake_target_skip_unavailable': False, 'install_base': '/home/spider/ws/install/spider_driver', 'merge_install': False, 'path': '/home/spider/ws/src/spider_driver', 'symlink_install': True, 'test_result_base': None}
[8.405s] INFO:colcon.colcon_core.executor:Executing jobs using 'parallel' executor
[8.412s] DEBUG:colcon.colcon_parallel_executor.executor.parallel:run_until_complete
[8.414s] INFO:colcon.colcon_ros.task.ament_cmake.build:Building ROS package in '/home/spider/ws/src/spider_driver' with build type 'ament_cmake'
[8.416s] INFO:colcon.colcon_cmake.task.cmake.build:Building CMake package in '/home/spider/ws/src/spider_driver'
[8.486s] INFO:colcon.colcon_core.plugin_system:Skipping extension 'colcon_core.shell.bat': Not used on non-Windows systems
[8.488s] INFO:colcon.colcon_core.shell:Skip shell extension 'powershell' for command environment: Not usable outside of PowerShell
[8.489s] DEBUG:colcon.colcon_core.shell:Skip shell extension 'dsv' for command environment
[8.652s] DEBUG:colcon.colcon_core.event_handler.log_command:Invoking command in '/home/spider/ws/build/spider_driver': CMAKE_PREFIX_PATH=/home/spider/ws/install/spider_msgs:/home/spider/ws/install/i2c_pwm_board:/home/spider/ws/install/i2c_pwm_board_xmlrp:/home/spider/ws/install/xmlrpcpp:/home/spider/ws/install/spider_driver:/home/spider/ws/install/i2c_pwm_board_calibration:/home/spider/ws/install/i2c_pwm_board_msgs:/home/spider/ws/install/spider_control:/opt/ros/humble LD_LIBRARY_PATH=/home/spider/ws/install/spider_msgs/lib:/home/spider/ws/install/i2c_pwm_board_xmlrp/lib:/home/spider/ws/install/xmlrpcpp/lib:/home/spider/ws/install/spider_driver/lib:/home/spider/ws/install/i2c_pwm_board_msgs/lib:/opt/ros/humble/opt/rviz_ogre_vendor/lib:/opt/ros/humble/lib/aarch64-linux-gnu:/opt/ros/humble/lib /usr/bin/cmake --build /home/spider/ws/build/spider_driver -- -j4 -l4
[10.018s] DEBUG:colcon.colcon_core.event_handler.log_command:Invoked command in '/home/spider/ws/build/spider_driver' returned '0': CMAKE_PREFIX_PATH=/home/spider/ws/install/spider_msgs:/home/spider/ws/install/i2c_pwm_board:/home/spider/ws/install/i2c_pwm_board_xmlrp:/home/spider/ws/install/xmlrpcpp:/home/spider/ws/install/spider_driver:/home/spider/ws/install/i2c_pwm_board_calibration:/home/spider/ws/install/i2c_pwm_board_msgs:/home/spider/ws/install/spider_control:/opt/ros/humble LD_LIBRARY_PATH=/home/spider/ws/install/spider_msgs/lib:/home/spider/ws/install/i2c_pwm_board_xmlrp/lib:/home/spider/ws/install/xmlrpcpp/lib:/home/spider/ws/install/spider_driver/lib:/home/spider/ws/install/i2c_pwm_board_msgs/lib:/opt/ros/humble/opt/rviz_ogre_vendor/lib:/opt/ros/humble/lib/aarch64-linux-gnu:/opt/ros/humble/lib /usr/bin/cmake --build /home/spider/ws/build/spider_driver -- -j4 -l4
[10.122s] DEBUG:colcon.colcon_core.event_handler.log_command:Invoking command in '/home/spider/ws/build/spider_driver': CMAKE_PREFIX_PATH=/home/spider/ws/install/spider_msgs:/home/spider/ws/install/i2c_pwm_board:/home/spider/ws/install/i2c_pwm_board_xmlrp:/home/spider/ws/install/xmlrpcpp:/home/spider/ws/install/spider_driver:/home/spider/ws/install/i2c_pwm_board_calibration:/home/spider/ws/install/i2c_pwm_board_msgs:/home/spider/ws/install/spider_control:/opt/ros/humble LD_LIBRARY_PATH=/home/spider/ws/install/spider_msgs/lib:/home/spider/ws/install/i2c_pwm_board_xmlrp/lib:/home/spider/ws/install/xmlrpcpp/lib:/home/spider/ws/install/spider_driver/lib:/home/spider/ws/install/i2c_pwm_board_msgs/lib:/opt/ros/humble/opt/rviz_ogre_vendor/lib:/opt/ros/humble/lib/aarch64-linux-gnu:/opt/ros/humble/lib /usr/bin/cmake --install /home/spider/ws/build/spider_driver
[10.350s] Level 1:colcon.colcon_core.environment:create_environment_scripts_only(spider_driver)
[10.354s] DEBUG:colcon.colcon_core.event_handler.log_command:Invoked command in '/home/spider/ws/build/spider_driver' returned '0': CMAKE_PREFIX_PATH=/home/spider/ws/install/spider_msgs:/home/spider/ws/install/i2c_pwm_board:/home/spider/ws/install/i2c_pwm_board_xmlrp:/home/spider/ws/install/xmlrpcpp:/home/spider/ws/install/spider_driver:/home/spider/ws/install/i2c_pwm_board_calibration:/home/spider/ws/install/i2c_pwm_board_msgs:/home/spider/ws/install/spider_control:/opt/ros/humble LD_LIBRARY_PATH=/home/spider/ws/install/spider_msgs/lib:/home/spider/ws/install/i2c_pwm_board_xmlrp/lib:/home/spider/ws/install/xmlrpcpp/lib:/home/spider/ws/install/spider_driver/lib:/home/spider/ws/install/i2c_pwm_board_msgs/lib:/opt/ros/humble/opt/rviz_ogre_vendor/lib:/opt/ros/humble/lib/aarch64-linux-gnu:/opt/ros/humble/lib /usr/bin/cmake --install /home/spider/ws/build/spider_driver
[10.384s] Level 1:colcon.colcon_core.environment:checking '/home/spider/ws/install/spider_driver' for CMake module files
[10.391s] Level 1:colcon.colcon_core.environment:checking '/home/spider/ws/install/spider_driver' for CMake config files
[10.397s] Level 1:colcon.colcon_core.shell:create_environment_hook('spider_driver', 'cmake_prefix_path')
[10.400s] INFO:colcon.colcon_core.shell:Creating environment hook '/home/spider/ws/install/spider_driver/share/spider_driver/hook/cmake_prefix_path.ps1'
[10.406s] INFO:colcon.colcon_core.shell:Creating environment descriptor '/home/spider/ws/install/spider_driver/share/spider_driver/hook/cmake_prefix_path.dsv'
[10.411s] INFO:colcon.colcon_core.shell:Creating environment hook '/home/spider/ws/install/spider_driver/share/spider_driver/hook/cmake_prefix_path.sh'
[10.420s] Level 1:colcon.colcon_core.environment:checking '/home/spider/ws/install/spider_driver/lib'
[10.422s] Level 1:colcon.colcon_core.shell:create_environment_hook('spider_driver', 'ld_library_path_lib')
[10.425s] INFO:colcon.colcon_core.shell:Creating environment hook '/home/spider/ws/install/spider_driver/share/spider_driver/hook/ld_library_path_lib.ps1'
[10.429s] INFO:colcon.colcon_core.shell:Creating environment descriptor '/home/spider/ws/install/spider_driver/share/spider_driver/hook/ld_library_path_lib.dsv'
[10.434s] INFO:colcon.colcon_core.shell:Creating environment hook '/home/spider/ws/install/spider_driver/share/spider_driver/hook/ld_library_path_lib.sh'
[10.440s] Level 1:colcon.colcon_core.environment:checking '/home/spider/ws/install/spider_driver/bin'
[10.441s] Level 1:colcon.colcon_core.environment:checking '/home/spider/ws/install/spider_driver/lib/pkgconfig/spider_driver.pc'
[10.444s] Level 1:colcon.colcon_core.environment:checking '/home/spider/ws/install/spider_driver/lib/python3.10/site-packages'
[10.448s] Level 1:colcon.colcon_core.environment:checking '/home/spider/ws/install/spider_driver/bin'
[10.452s] INFO:colcon.colcon_core.shell:Creating package script '/home/spider/ws/install/spider_driver/share/spider_driver/package.ps1'
[10.460s] INFO:colcon.colcon_core.shell:Creating package descriptor '/home/spider/ws/install/spider_driver/share/spider_driver/package.dsv'
[10.466s] INFO:colcon.colcon_core.shell:Creating package script '/home/spider/ws/install/spider_driver/share/spider_driver/package.sh'
[10.474s] INFO:colcon.colcon_core.shell:Creating package script '/home/spider/ws/install/spider_driver/share/spider_driver/package.bash'
[10.482s] INFO:colcon.colcon_core.shell:Creating package script '/home/spider/ws/install/spider_driver/share/spider_driver/package.zsh'
[10.490s] Level 1:colcon.colcon_core.environment:create_file_with_runtime_dependencies(/home/spider/ws/install/spider_driver/share/colcon-core/packages/spider_driver)
[10.496s] Level 1:colcon.colcon_core.environment:create_environment_scripts_only(spider_driver)
[10.499s] Level 1:colcon.colcon_core.environment:checking '/home/spider/ws/install/spider_driver' for CMake module files
[10.505s] Level 1:colcon.colcon_core.environment:checking '/home/spider/ws/install/spider_driver' for CMake config files
[10.511s] Level 1:colcon.colcon_core.shell:create_environment_hook('spider_driver', 'cmake_prefix_path')
[10.514s] INFO:colcon.colcon_core.shell:Creating environment hook '/home/spider/ws/install/spider_driver/share/spider_driver/hook/cmake_prefix_path.ps1'
[10.519s] INFO:colcon.colcon_core.shell:Creating environment descriptor '/home/spider/ws/install/spider_driver/share/spider_driver/hook/cmake_prefix_path.dsv'
[10.523s] INFO:colcon.colcon_core.shell:Creating environment hook '/home/spider/ws/install/spider_driver/share/spider_driver/hook/cmake_prefix_path.sh'
[10.529s] Level 1:colcon.colcon_core.environment:checking '/home/spider/ws/install/spider_driver/lib'
[10.530s] Level 1:colcon.colcon_core.shell:create_environment_hook('spider_driver', 'ld_library_path_lib')
[10.533s] INFO:colcon.colcon_core.shell:Creating environment hook '/home/spider/ws/install/spider_driver/share/spider_driver/hook/ld_library_path_lib.ps1'
[10.538s] INFO:colcon.colcon_core.shell:Creating environment descriptor '/home/spider/ws/install/spider_driver/share/spider_driver/hook/ld_library_path_lib.dsv'
[10.542s] INFO:colcon.colcon_core.shell:Creating environment hook '/home/spider/ws/install/spider_driver/share/spider_driver/hook/ld_library_path_lib.sh'
[10.548s] Level 1:colcon.colcon_core.environment:checking '/home/spider/ws/install/spider_driver/bin'
[10.549s] Level 1:colcon.colcon_core.environment:checking '/home/spider/ws/install/spider_driver/lib/pkgconfig/spider_driver.pc'
[10.551s] Level 1:colcon.colcon_core.environment:checking '/home/spider/ws/install/spider_driver/lib/python3.10/site-packages'
[10.555s] Level 1:colcon.colcon_core.environment:checking '/home/spider/ws/install/spider_driver/bin'
[10.559s] INFO:colcon.colcon_core.shell:Creating package script '/home/spider/ws/install/spider_driver/share/spider_driver/package.ps1'
[10.564s] INFO:colcon.colcon_core.shell:Creating package descriptor '/home/spider/ws/install/spider_driver/share/spider_driver/package.dsv'
[10.570s] INFO:colcon.colcon_core.shell:Creating package script '/home/spider/ws/install/spider_driver/share/spider_driver/package.sh'
[10.576s] INFO:colcon.colcon_core.shell:Creating package script '/home/spider/ws/install/spider_driver/share/spider_driver/package.bash'
[10.582s] INFO:colcon.colcon_core.shell:Creating package script '/home/spider/ws/install/spider_driver/share/spider_driver/package.zsh'
[10.587s] Level 1:colcon.colcon_core.environment:create_file_with_runtime_dependencies(/home/spider/ws/install/spider_driver/share/colcon-core/packages/spider_driver)
[10.590s] DEBUG:colcon.colcon_parallel_executor.executor.parallel:closing loop
[10.593s] DEBUG:colcon.colcon_parallel_executor.executor.parallel:loop closed
[10.595s] DEBUG:colcon.colcon_parallel_executor.executor.parallel:run_until_complete finished with '0'
[10.595s] DEBUG:colcon.colcon_core.event_reactor:joining thread
[10.649s] INFO:colcon.colcon_core.plugin_system:Skipping extension 'colcon_notification.desktop_notification.notify_send': Could not find 'notify-send'
[10.650s] INFO:colcon.colcon_core.plugin_system:Skipping extension 'colcon_notification.desktop_notification.terminal_notifier': Not used on non-Darwin systems
[10.651s] INFO:colcon.colcon_core.plugin_system:Skipping extension 'colcon_notification.desktop_notification.win32': Not used on non-Windows systems
[10.652s] INFO:colcon.colcon_notification.desktop_notification:Sending desktop notification using 'notify2'
[10.659s] DEBUG:colcon.colcon_notification.desktop_notification.notify2:Failed to initialize notify2: org.freedesktop.DBus.Error.ServiceUnknown: The name org.freedesktop.Notifications was not provided by any .service files
[10.660s] DEBUG:colcon.colcon_core.event_reactor:joined thread
[10.663s] INFO:colcon.colcon_core.shell:Creating prefix script '/home/spider/ws/install/local_setup.ps1'
[10.674s] INFO:colcon.colcon_core.shell:Creating prefix util module '/home/spider/ws/install/_local_setup_util_ps1.py'
[10.692s] INFO:colcon.colcon_core.shell:Creating prefix chain script '/home/spider/ws/install/setup.ps1'
[10.710s] INFO:colcon.colcon_core.shell:Creating prefix script '/home/spider/ws/install/local_setup.sh'
[10.719s] INFO:colcon.colcon_core.shell:Creating prefix util module '/home/spider/ws/install/_local_setup_util_sh.py'
[10.726s] INFO:colcon.colcon_core.shell:Creating prefix chain script '/home/spider/ws/install/setup.sh'
[10.744s] INFO:colcon.colcon_core.shell:Creating prefix script '/home/spider/ws/install/local_setup.bash'
[10.749s] INFO:colcon.colcon_core.shell:Creating prefix chain script '/home/spider/ws/install/setup.bash'
[10.766s] INFO:colcon.colcon_core.shell:Creating prefix script '/home/spider/ws/install/local_setup.zsh'
[10.772s] INFO:colcon.colcon_core.shell:Creating prefix chain script '/home/spider/ws/install/setup.zsh'
