[0.155s] Invoking command in '/home/spider/ws/build/spider_msgs': CMAKE_PREFIX_PATH=${CMAKE_PREFIX_PATH}:/home/spider/ws/install/spider_control:/opt/ros/humble /usr/bin/cmake --build /home/spider/ws/build/spider_msgs -- -j4 -l4
[0.794s] -- Found ament_cmake: 1.3.12 (/opt/ros/humble/share/ament_cmake/cmake)
[2.318s] -- Override CMake install command with custom implementation using symlinks instead of copying resources
[2.508s] -- Found std_msgs: 4.9.0 (/opt/ros/humble/share/std_msgs/cmake)
[2.990s] -- Found rosidl_generator_c: 3.1.7 (/opt/ros/humble/share/rosidl_generator_c/cmake)
[3.026s] -- Found rosidl_adapter: 3.1.7 (/opt/ros/humble/share/rosidl_adapter/cmake)
[3.115s] -- Found rosidl_generator_cpp: 3.1.7 (/opt/ros/humble/share/rosidl_generator_cpp/cmake)
[3.261s] -- Using all available rosidl_typesupport_c: rosidl_typesupport_fastrtps_c;rosidl_typesupport_introspection_c
[3.429s] -- Using all available rosidl_typesupport_cpp: rosidl_typesupport_fastrtps_cpp;rosidl_typesupport_introspection_cpp
[3.741s] -- Found rosidl_default_generators: 1.2.0 (/opt/ros/humble/share/rosidl_default_generators/cmake)
[7.093s] -- Found ament_cmake_ros: 0.10.0 (/opt/ros/humble/share/ament_cmake_ros/cmake)
[11.329s] -- Using all available rosidl_typesupport_c: rosidl_typesupport_fastrtps_c;rosidl_typesupport_introspection_c
[12.980s] -- Using all available rosidl_typesupport_cpp: rosidl_typesupport_fastrtps_cpp;rosidl_typesupport_introspection_cpp
[13.250s] -- Found python_cmake_module: 0.10.0 (/opt/ros/humble/share/python_cmake_module/cmake)
[13.551s] -- Using PYTHON_EXECUTABLE: /usr/bin/python3
[13.552s] -- Using PYTHON_INCLUDE_DIRS: /usr/include/python3.10
[13.553s] -- Using PYTHON_LIBRARIES: /usr/lib/aarch64-linux-gnu/libpython3.10.so
[13.896s] -- Found ament_lint_auto: 0.12.14 (/opt/ros/humble/share/ament_lint_auto/cmake)
[14.126s] -- Added test 'lint_cmake' to check CMake code style
[14.154s] -- Added test 'xmllint' to check XML markup files
[14.208s] -- Configuring done
[14.948s] -- Generating done
[15.094s] -- Build files have been written to: /home/spider/ws/build/spider_msgs
[15.389s] [  2%] [34m[1mGenerating C code for ROS interfaces[0m
[15.525s] [  4%] [34m[1mGenerating C++ code for ROS interfaces[0m
[15.631s] [  4%] Built target ament_cmake_python_symlink_spider_msgs
[19.623s] running egg_info
[19.631s] writing spider_msgs.egg-info/PKG-INFO
[19.636s] writing dependency_links to spider_msgs.egg-info/dependency_links.txt
[19.642s] writing top-level names to spider_msgs.egg-info/top_level.txt
[19.681s] reading manifest file 'spider_msgs.egg-info/SOURCES.txt'
[19.690s] writing manifest file 'spider_msgs.egg-info/SOURCES.txt'
[20.048s] [  4%] Built target ament_cmake_python_build_spider_msgs_egg
[21.321s] [35m[1mConsolidate compiler generated dependencies of target spider_msgs__rosidl_generator_c[0m
[21.535s] [  6%] [32mBuilding C object CMakeFiles/spider_msgs__rosidl_generator_c.dir/rosidl_generator_c/spider_msgs/msg/detail/spider_leg__functions.c.o[0m
[21.549s] [  8%] [32mBuilding C object CMakeFiles/spider_msgs__rosidl_generator_c.dir/rosidl_generator_c/spider_msgs/msg/detail/spider_switch__functions.c.o[0m
[21.569s] [ 10%] [32mBuilding C object CMakeFiles/spider_msgs__rosidl_generator_c.dir/rosidl_generator_c/spider_msgs/srv/detail/servo_calibrate__functions.c.o[0m
[21.606s] [ 10%] Built target spider_msgs__cpp
[21.739s] [ 12%] [34m[1mGenerating C++ type support dispatch for ROS interfaces[0m
[23.100s] [ 14%] [34m[1mGenerating C++ type support for eProsima Fast-RTPS[0m
[23.188s] [ 19%] [32m[1mLinking C shared library libspider_msgs__rosidl_generator_c.so[0m
[23.198s] [ 19%] [34m[1mGenerating C++ introspection for ROS interfaces[0m
[23.955s] [ 19%] Built target spider_msgs__rosidl_generator_c
[24.101s] [ 21%] [34m[1mGenerating C type support for eProsima Fast-RTPS[0m
[26.322s] [35m[1mConsolidate compiler generated dependencies of target spider_msgs__rosidl_typesupport_cpp[0m
[26.631s] [ 23%] [32mBuilding CXX object CMakeFiles/spider_msgs__rosidl_typesupport_cpp.dir/rosidl_typesupport_cpp/spider_msgs/msg/spider_leg__type_support.cpp.o[0m
[28.738s] [35m[1mConsolidate compiler generated dependencies of target spider_msgs__rosidl_typesupport_introspection_cpp[0m
[28.968s] [ 25%] [32mBuilding CXX object CMakeFiles/spider_msgs__rosidl_typesupport_introspection_cpp.dir/rosidl_typesupport_introspection_cpp/spider_msgs/msg/detail/spider_leg__type_support.cpp.o[0m
[29.432s] [35m[1mConsolidate compiler generated dependencies of target spider_msgs__rosidl_typesupport_fastrtps_cpp[0m
[29.667s] [ 27%] [32mBuilding CXX object CMakeFiles/spider_msgs__rosidl_typesupport_fastrtps_cpp.dir/rosidl_typesupport_fastrtps_cpp/spider_msgs/msg/detail/dds_fastrtps/spider_leg__type_support.cpp.o[0m
[29.914s] [35m[1mConsolidate compiler generated dependencies of target spider_msgs__rosidl_typesupport_fastrtps_c[0m
[30.149s] [ 29%] [32mBuilding CXX object CMakeFiles/spider_msgs__rosidl_typesupport_fastrtps_c.dir/rosidl_typesupport_fastrtps_c/spider_msgs/msg/detail/spider_leg__type_support_c.cpp.o[0m
[30.910s] [ 31%] [32mBuilding CXX object CMakeFiles/spider_msgs__rosidl_typesupport_cpp.dir/rosidl_typesupport_cpp/spider_msgs/msg/spider_switch__type_support.cpp.o[0m
[34.733s] [ 34%] [32mBuilding CXX object CMakeFiles/spider_msgs__rosidl_typesupport_introspection_cpp.dir/rosidl_typesupport_introspection_cpp/spider_msgs/msg/detail/spider_switch__type_support.cpp.o[0m
[35.528s] [ 36%] [32mBuilding CXX object CMakeFiles/spider_msgs__rosidl_typesupport_cpp.dir/rosidl_typesupport_cpp/spider_msgs/srv/servo_calibrate__type_support.cpp.o[0m
[36.475s] [ 38%] [32mBuilding CXX object CMakeFiles/spider_msgs__rosidl_typesupport_fastrtps_c.dir/rosidl_typesupport_fastrtps_c/spider_msgs/msg/detail/spider_switch__type_support_c.cpp.o[0m
[36.508s] [ 40%] [32mBuilding CXX object CMakeFiles/spider_msgs__rosidl_typesupport_fastrtps_cpp.dir/rosidl_typesupport_fastrtps_cpp/spider_msgs/msg/detail/dds_fastrtps/spider_switch__type_support.cpp.o[0m
[39.699s] [ 42%] [32m[1mLinking CXX shared library libspider_msgs__rosidl_typesupport_cpp.so[0m
[40.319s] [ 42%] Built target spider_msgs__rosidl_typesupport_cpp
[40.473s] [ 44%] [34m[1mGenerating C introspection for ROS interfaces[0m
[41.483s] [ 46%] [32mBuilding CXX object CMakeFiles/spider_msgs__rosidl_typesupport_introspection_cpp.dir/rosidl_typesupport_introspection_cpp/spider_msgs/srv/detail/servo_calibrate__type_support.cpp.o[0m
[42.367s] [ 48%] [32mBuilding CXX object CMakeFiles/spider_msgs__rosidl_typesupport_fastrtps_c.dir/rosidl_typesupport_fastrtps_c/spider_msgs/srv/detail/servo_calibrate__type_support_c.cpp.o[0m
[43.107s] [ 51%] [32mBuilding CXX object CMakeFiles/spider_msgs__rosidl_typesupport_fastrtps_cpp.dir/rosidl_typesupport_fastrtps_cpp/spider_msgs/srv/detail/dds_fastrtps/servo_calibrate__type_support.cpp.o[0m
[47.616s] [35m[1mConsolidate compiler generated dependencies of target spider_msgs__rosidl_typesupport_introspection_c[0m
[47.753s] [ 53%] [32m[1mLinking CXX shared library libspider_msgs__rosidl_typesupport_fastrtps_c.so[0m
[47.819s] [ 55%] [32mBuilding C object CMakeFiles/spider_msgs__rosidl_typesupport_introspection_c.dir/rosidl_typesupport_introspection_c/spider_msgs/msg/detail/spider_leg__type_support.c.o[0m
[48.076s] [ 57%] [32m[1mLinking CXX shared library libspider_msgs__rosidl_typesupport_introspection_cpp.so[0m
[48.469s] [ 59%] [32mBuilding C object CMakeFiles/spider_msgs__rosidl_typesupport_introspection_c.dir/rosidl_typesupport_introspection_c/spider_msgs/msg/detail/spider_switch__type_support.c.o[0m
[49.013s] [ 59%] Built target spider_msgs__rosidl_typesupport_fastrtps_c
[49.072s] [ 61%] [32mBuilding C object CMakeFiles/spider_msgs__rosidl_typesupport_introspection_c.dir/rosidl_typesupport_introspection_c/spider_msgs/srv/detail/servo_calibrate__type_support.c.o[0m
[49.160s] [ 63%] [34m[1mGenerating C type support dispatch for ROS interfaces[0m
[49.291s] [ 63%] Built target spider_msgs__rosidl_typesupport_introspection_cpp
[49.708s] [ 65%] [32m[1mLinking C shared library libspider_msgs__rosidl_typesupport_introspection_c.so[0m
[50.117s] [ 68%] [32m[1mLinking CXX shared library libspider_msgs__rosidl_typesupport_fastrtps_cpp.so[0m
[50.147s] [ 68%] Built target spider_msgs__rosidl_typesupport_introspection_c
[50.929s] [ 68%] Built target spider_msgs__rosidl_typesupport_fastrtps_cpp
[52.650s] [35m[1mConsolidate compiler generated dependencies of target spider_msgs__rosidl_typesupport_c[0m
[52.783s] [ 70%] [32mBuilding CXX object CMakeFiles/spider_msgs__rosidl_typesupport_c.dir/rosidl_typesupport_c/spider_msgs/msg/spider_leg__type_support.cpp.o[0m
[52.796s] [ 74%] [32mBuilding CXX object CMakeFiles/spider_msgs__rosidl_typesupport_c.dir/rosidl_typesupport_c/spider_msgs/msg/spider_switch__type_support.cpp.o[0m
[52.797s] [ 74%] [32mBuilding CXX object CMakeFiles/spider_msgs__rosidl_typesupport_c.dir/rosidl_typesupport_c/spider_msgs/srv/servo_calibrate__type_support.cpp.o[0m
[53.207s] [ 76%] [32m[1mLinking CXX shared library libspider_msgs__rosidl_typesupport_c.so[0m
[53.616s] [ 76%] Built target spider_msgs__rosidl_typesupport_c
[53.834s] [ 76%] Built target spider_msgs
[54.057s] [ 78%] [34m[1mGenerating Python code for ROS interfaces[0m
[60.517s] [ 78%] Built target spider_msgs__py
[60.634s] [35m[1mConsolidate compiler generated dependencies of target spider_msgs__rosidl_generator_py[0m
[60.821s] [ 80%] [32mBuilding C object CMakeFiles/spider_msgs__rosidl_generator_py.dir/rosidl_generator_py/spider_msgs/msg/_spider_leg_s.c.o[0m
[60.826s] [ 82%] [32mBuilding C object CMakeFiles/spider_msgs__rosidl_generator_py.dir/rosidl_generator_py/spider_msgs/msg/_spider_switch_s.c.o[0m
[60.832s] [ 85%] [32mBuilding C object CMakeFiles/spider_msgs__rosidl_generator_py.dir/rosidl_generator_py/spider_msgs/srv/_servo_calibrate_s.c.o[0m
[62.422s] [ 87%] [32m[1mLinking C shared library rosidl_generator_py/spider_msgs/libspider_msgs__rosidl_generator_py.so[0m
[62.911s] [ 87%] Built target spider_msgs__rosidl_generator_py
[63.036s] [35m[1mConsolidate compiler generated dependencies of target spider_msgs__rosidl_typesupport_fastrtps_c__pyext[0m
[63.040s] [35m[1mConsolidate compiler generated dependencies of target spider_msgs__rosidl_typesupport_introspection_c__pyext[0m
[63.046s] [35m[1mConsolidate compiler generated dependencies of target spider_msgs__rosidl_typesupport_c__pyext[0m
[63.199s] [ 89%] [32mBuilding C object CMakeFiles/spider_msgs__rosidl_typesupport_fastrtps_c__pyext.dir/rosidl_generator_py/spider_msgs/_spider_msgs_s.ep.rosidl_typesupport_fastrtps_c.c.o[0m
[63.207s] [ 91%] [32mBuilding C object CMakeFiles/spider_msgs__rosidl_typesupport_introspection_c__pyext.dir/rosidl_generator_py/spider_msgs/_spider_msgs_s.ep.rosidl_typesupport_introspection_c.c.o[0m
[63.231s] [ 93%] [32mBuilding C object CMakeFiles/spider_msgs__rosidl_typesupport_c__pyext.dir/rosidl_generator_py/spider_msgs/_spider_msgs_s.ep.rosidl_typesupport_c.c.o[0m
[64.651s] [ 95%] [32m[1mLinking C shared library rosidl_generator_py/spider_msgs/spider_msgs_s__rosidl_typesupport_introspection_c.cpython-310-aarch64-linux-gnu.so[0m
[64.768s] [ 97%] [32m[1mLinking C shared library rosidl_generator_py/spider_msgs/spider_msgs_s__rosidl_typesupport_fastrtps_c.cpython-310-aarch64-linux-gnu.so[0m
[64.798s] [100%] [32m[1mLinking C shared library rosidl_generator_py/spider_msgs/spider_msgs_s__rosidl_typesupport_c.cpython-310-aarch64-linux-gnu.so[0m
[65.253s] [100%] Built target spider_msgs__rosidl_typesupport_introspection_c__pyext
[65.420s] [100%] Built target spider_msgs__rosidl_typesupport_fastrtps_c__pyext
[65.464s] [100%] Built target spider_msgs__rosidl_typesupport_c__pyext
[65.576s] Invoked command in '/home/spider/ws/build/spider_msgs' returned '0': CMAKE_PREFIX_PATH=${CMAKE_PREFIX_PATH}:/home/spider/ws/install/spider_control:/opt/ros/humble /usr/bin/cmake --build /home/spider/ws/build/spider_msgs -- -j4 -l4
[65.672s] Invoking command in '/home/spider/ws/build/spider_msgs': CMAKE_PREFIX_PATH=${CMAKE_PREFIX_PATH}:/home/spider/ws/install/spider_control:/opt/ros/humble /usr/bin/cmake --install /home/spider/ws/build/spider_msgs
[65.752s] -- Install configuration: ""
[65.757s] -- Execute custom install script
[65.763s] -- Up-to-date symlink: /home/spider/ws/install/spider_msgs/share/ament_index/resource_index/rosidl_interfaces/spider_msgs
[65.772s] -- Up-to-date symlink: /home/spider/ws/install/spider_msgs/include/spider_msgs/spider_msgs/msg/detail/spider_leg__functions.h
[65.775s] -- Up-to-date symlink: /home/spider/ws/install/spider_msgs/include/spider_msgs/spider_msgs/msg/detail/spider_leg__struct.h
[65.779s] -- Up-to-date symlink: /home/spider/ws/install/spider_msgs/include/spider_msgs/spider_msgs/msg/detail/spider_leg__type_support.h
[65.780s] -- Symlinking: /home/spider/ws/install/spider_msgs/include/spider_msgs/spider_msgs/msg/detail/spider_switch__functions.h
[65.859s] -- Symlinking: /home/spider/ws/install/spider_msgs/include/spider_msgs/spider_msgs/msg/detail/spider_switch__struct.h
[65.941s] -- Symlinking: /home/spider/ws/install/spider_msgs/include/spider_msgs/spider_msgs/msg/detail/spider_switch__type_support.h
[66.030s] -- Up-to-date symlink: /home/spider/ws/install/spider_msgs/include/spider_msgs/spider_msgs/msg/rosidl_generator_c__visibility_control.h
[66.033s] -- Up-to-date symlink: /home/spider/ws/install/spider_msgs/include/spider_msgs/spider_msgs/msg/spider_leg.h
[66.036s] -- Symlinking: /home/spider/ws/install/spider_msgs/include/spider_msgs/spider_msgs/msg/spider_switch.h
[66.123s] -- Up-to-date symlink: /home/spider/ws/install/spider_msgs/include/spider_msgs/spider_msgs/srv/detail/servo_calibrate__functions.h
[66.127s] -- Up-to-date symlink: /home/spider/ws/install/spider_msgs/include/spider_msgs/spider_msgs/srv/detail/servo_calibrate__struct.h
[66.131s] -- Up-to-date symlink: /home/spider/ws/install/spider_msgs/include/spider_msgs/spider_msgs/srv/detail/servo_calibrate__type_support.h
[66.134s] -- Up-to-date symlink: /home/spider/ws/install/spider_msgs/include/spider_msgs/spider_msgs/srv/servo_calibrate.h
[66.140s] -- Up-to-date symlink: /home/spider/ws/install/spider_msgs/share/spider_msgs/environment/library_path.sh
[66.144s] -- Up-to-date symlink: /home/spider/ws/install/spider_msgs/share/spider_msgs/environment/library_path.dsv
[66.155s] -- Up-to-date symlink: /home/spider/ws/install/spider_msgs/include/spider_msgs/spider_msgs/msg/detail/spider_leg__rosidl_typesupport_fastrtps_c.h
[66.156s] -- Symlinking: /home/spider/ws/install/spider_msgs/include/spider_msgs/spider_msgs/msg/detail/spider_switch__rosidl_typesupport_fastrtps_c.h
[66.239s] -- Up-to-date symlink: /home/spider/ws/install/spider_msgs/include/spider_msgs/spider_msgs/msg/rosidl_typesupport_fastrtps_c__visibility_control.h
[66.242s] -- Up-to-date symlink: /home/spider/ws/install/spider_msgs/include/spider_msgs/spider_msgs/srv/detail/servo_calibrate__rosidl_typesupport_fastrtps_c.h
[66.251s] -- Up-to-date symlink: /home/spider/ws/install/spider_msgs/include/spider_msgs/spider_msgs/msg/detail/spider_leg__builder.hpp
[66.254s] -- Up-to-date symlink: /home/spider/ws/install/spider_msgs/include/spider_msgs/spider_msgs/msg/detail/spider_leg__struct.hpp
[66.256s] -- Up-to-date symlink: /home/spider/ws/install/spider_msgs/include/spider_msgs/spider_msgs/msg/detail/spider_leg__traits.hpp
[66.259s] -- Up-to-date symlink: /home/spider/ws/install/spider_msgs/include/spider_msgs/spider_msgs/msg/detail/spider_leg__type_support.hpp
[66.260s] -- Symlinking: /home/spider/ws/install/spider_msgs/include/spider_msgs/spider_msgs/msg/detail/spider_switch__builder.hpp
[66.340s] -- Symlinking: /home/spider/ws/install/spider_msgs/include/spider_msgs/spider_msgs/msg/detail/spider_switch__struct.hpp
[66.421s] -- Symlinking: /home/spider/ws/install/spider_msgs/include/spider_msgs/spider_msgs/msg/detail/spider_switch__traits.hpp
[66.503s] -- Symlinking: /home/spider/ws/install/spider_msgs/include/spider_msgs/spider_msgs/msg/detail/spider_switch__type_support.hpp
[66.584s] -- Up-to-date symlink: /home/spider/ws/install/spider_msgs/include/spider_msgs/spider_msgs/msg/rosidl_generator_cpp__visibility_control.hpp
[66.588s] -- Up-to-date symlink: /home/spider/ws/install/spider_msgs/include/spider_msgs/spider_msgs/msg/spider_leg.hpp
[66.589s] -- Symlinking: /home/spider/ws/install/spider_msgs/include/spider_msgs/spider_msgs/msg/spider_switch.hpp
[66.674s] -- Up-to-date symlink: /home/spider/ws/install/spider_msgs/include/spider_msgs/spider_msgs/srv/detail/servo_calibrate__builder.hpp
[66.677s] -- Up-to-date symlink: /home/spider/ws/install/spider_msgs/include/spider_msgs/spider_msgs/srv/detail/servo_calibrate__struct.hpp
[66.679s] -- Up-to-date symlink: /home/spider/ws/install/spider_msgs/include/spider_msgs/spider_msgs/srv/detail/servo_calibrate__traits.hpp
[66.681s] -- Up-to-date symlink: /home/spider/ws/install/spider_msgs/include/spider_msgs/spider_msgs/srv/detail/servo_calibrate__type_support.hpp
[66.683s] -- Up-to-date symlink: /home/spider/ws/install/spider_msgs/include/spider_msgs/spider_msgs/srv/servo_calibrate.hpp
[66.696s] -- Up-to-date symlink: /home/spider/ws/install/spider_msgs/include/spider_msgs/spider_msgs/msg/detail/spider_leg__rosidl_typesupport_fastrtps_cpp.hpp
[66.698s] -- Symlinking: /home/spider/ws/install/spider_msgs/include/spider_msgs/spider_msgs/msg/detail/spider_switch__rosidl_typesupport_fastrtps_cpp.hpp
[66.780s] -- Up-to-date symlink: /home/spider/ws/install/spider_msgs/include/spider_msgs/spider_msgs/msg/rosidl_typesupport_fastrtps_cpp__visibility_control.h
[66.783s] -- Up-to-date symlink: /home/spider/ws/install/spider_msgs/include/spider_msgs/spider_msgs/srv/detail/servo_calibrate__rosidl_typesupport_fastrtps_cpp.hpp
[66.793s] -- Up-to-date symlink: /home/spider/ws/install/spider_msgs/include/spider_msgs/spider_msgs/msg/detail/spider_leg__rosidl_typesupport_introspection_c.h
[66.795s] -- Symlinking: /home/spider/ws/install/spider_msgs/include/spider_msgs/spider_msgs/msg/detail/spider_switch__rosidl_typesupport_introspection_c.h
[66.875s] -- Up-to-date symlink: /home/spider/ws/install/spider_msgs/include/spider_msgs/spider_msgs/msg/rosidl_typesupport_introspection_c__visibility_control.h
[66.879s] -- Up-to-date symlink: /home/spider/ws/install/spider_msgs/include/spider_msgs/spider_msgs/srv/detail/servo_calibrate__rosidl_typesupport_introspection_c.h
[66.889s] -- Up-to-date symlink: /home/spider/ws/install/spider_msgs/include/spider_msgs/spider_msgs/msg/detail/spider_leg__rosidl_typesupport_introspection_cpp.hpp
[66.891s] -- Symlinking: /home/spider/ws/install/spider_msgs/include/spider_msgs/spider_msgs/msg/detail/spider_switch__rosidl_typesupport_introspection_cpp.hpp
[66.974s] -- Up-to-date symlink: /home/spider/ws/install/spider_msgs/include/spider_msgs/spider_msgs/srv/detail/servo_calibrate__rosidl_typesupport_introspection_cpp.hpp
[66.978s] -- Up-to-date symlink: /home/spider/ws/install/spider_msgs/share/spider_msgs/environment/pythonpath.sh
[66.981s] -- Up-to-date symlink: /home/spider/ws/install/spider_msgs/share/spider_msgs/environment/pythonpath.dsv
[66.985s] -- Up-to-date symlink: /home/spider/ws/install/spider_msgs/local/lib/python3.10/dist-packages/spider_msgs-0.0.0-py3.10.egg-info/PKG-INFO
[66.989s] -- Up-to-date symlink: /home/spider/ws/install/spider_msgs/local/lib/python3.10/dist-packages/spider_msgs-0.0.0-py3.10.egg-info/SOURCES.txt
[66.992s] -- Up-to-date symlink: /home/spider/ws/install/spider_msgs/local/lib/python3.10/dist-packages/spider_msgs-0.0.0-py3.10.egg-info/dependency_links.txt
[66.996s] -- Up-to-date symlink: /home/spider/ws/install/spider_msgs/local/lib/python3.10/dist-packages/spider_msgs-0.0.0-py3.10.egg-info/top_level.txt
[67.013s] -- Up-to-date symlink: /home/spider/ws/install/spider_msgs/local/lib/python3.10/dist-packages/spider_msgs/__init__.py
[67.016s] -- Up-to-date symlink: /home/spider/ws/install/spider_msgs/local/lib/python3.10/dist-packages/spider_msgs/_spider_msgs_s.ep.rosidl_typesupport_c.c
[67.019s] -- Up-to-date symlink: /home/spider/ws/install/spider_msgs/local/lib/python3.10/dist-packages/spider_msgs/_spider_msgs_s.ep.rosidl_typesupport_fastrtps_c.c
[67.023s] -- Up-to-date symlink: /home/spider/ws/install/spider_msgs/local/lib/python3.10/dist-packages/spider_msgs/_spider_msgs_s.ep.rosidl_typesupport_introspection_c.c
[67.026s] -- Up-to-date symlink: /home/spider/ws/install/spider_msgs/local/lib/python3.10/dist-packages/spider_msgs/libspider_msgs__rosidl_generator_py.so
[67.030s] -- Up-to-date symlink: /home/spider/ws/install/spider_msgs/local/lib/python3.10/dist-packages/spider_msgs/msg/__init__.py
[67.033s] -- Up-to-date symlink: /home/spider/ws/install/spider_msgs/local/lib/python3.10/dist-packages/spider_msgs/msg/_spider_leg.py
[67.036s] -- Up-to-date symlink: /home/spider/ws/install/spider_msgs/local/lib/python3.10/dist-packages/spider_msgs/msg/_spider_leg_s.c
[67.037s] -- Symlinking: /home/spider/ws/install/spider_msgs/local/lib/python3.10/dist-packages/spider_msgs/msg/_spider_switch.py
[67.117s] -- Symlinking: /home/spider/ws/install/spider_msgs/local/lib/python3.10/dist-packages/spider_msgs/msg/_spider_switch_s.c
[67.203s] -- Up-to-date symlink: /home/spider/ws/install/spider_msgs/local/lib/python3.10/dist-packages/spider_msgs/spider_msgs_s__rosidl_typesupport_c.cpython-310-aarch64-linux-gnu.so
[67.206s] -- Up-to-date symlink: /home/spider/ws/install/spider_msgs/local/lib/python3.10/dist-packages/spider_msgs/spider_msgs_s__rosidl_typesupport_fastrtps_c.cpython-310-aarch64-linux-gnu.so
[67.211s] -- Up-to-date symlink: /home/spider/ws/install/spider_msgs/local/lib/python3.10/dist-packages/spider_msgs/spider_msgs_s__rosidl_typesupport_introspection_c.cpython-310-aarch64-linux-gnu.so
[67.214s] -- Up-to-date symlink: /home/spider/ws/install/spider_msgs/local/lib/python3.10/dist-packages/spider_msgs/srv/__init__.py
[67.217s] -- Up-to-date symlink: /home/spider/ws/install/spider_msgs/local/lib/python3.10/dist-packages/spider_msgs/srv/_servo_calibrate.py
[67.221s] -- Up-to-date symlink: /home/spider/ws/install/spider_msgs/local/lib/python3.10/dist-packages/spider_msgs/srv/_servo_calibrate_s.c
[67.226s] -- Up-to-date symlink: /home/spider/ws/install/spider_msgs/local/lib/python3.10/dist-packages/spider_msgs/spider_msgs_s__rosidl_typesupport_fastrtps_c.cpython-310-aarch64-linux-gnu.so
[67.229s] -- Up-to-date symlink: /home/spider/ws/install/spider_msgs/local/lib/python3.10/dist-packages/spider_msgs/spider_msgs_s__rosidl_typesupport_introspection_c.cpython-310-aarch64-linux-gnu.so
[67.233s] -- Up-to-date symlink: /home/spider/ws/install/spider_msgs/local/lib/python3.10/dist-packages/spider_msgs/spider_msgs_s__rosidl_typesupport_c.cpython-310-aarch64-linux-gnu.so
[67.239s] -- Up-to-date symlink: /home/spider/ws/install/spider_msgs/share/spider_msgs/msg/SpiderLeg.idl
[67.242s] -- Symlinking: /home/spider/ws/install/spider_msgs/share/spider_msgs/msg/SpiderSwitch.idl
[67.324s] -- Up-to-date symlink: /home/spider/ws/install/spider_msgs/share/spider_msgs/srv/ServoCalibrate.idl
[67.326s] -- Up-to-date symlink: /home/spider/ws/install/spider_msgs/share/spider_msgs/msg/SpiderLeg.msg
[67.328s] -- Symlinking: /home/spider/ws/install/spider_msgs/share/spider_msgs/msg/SpiderSwitch.msg
[67.410s] -- Up-to-date symlink: /home/spider/ws/install/spider_msgs/share/spider_msgs/srv/ServoCalibrate.srv
[67.413s] -- Up-to-date symlink: /home/spider/ws/install/spider_msgs/share/spider_msgs/srv/ServoCalibrate_Request.msg
[67.417s] -- Up-to-date symlink: /home/spider/ws/install/spider_msgs/share/spider_msgs/srv/ServoCalibrate_Response.msg
[67.420s] -- Up-to-date symlink: /home/spider/ws/install/spider_msgs/share/ament_index/resource_index/package_run_dependencies/spider_msgs
[67.424s] -- Up-to-date symlink: /home/spider/ws/install/spider_msgs/share/ament_index/resource_index/parent_prefix_path/spider_msgs
[67.428s] -- Up-to-date symlink: /home/spider/ws/install/spider_msgs/share/spider_msgs/environment/ament_prefix_path.sh
[67.431s] -- Up-to-date symlink: /home/spider/ws/install/spider_msgs/share/spider_msgs/environment/ament_prefix_path.dsv
[67.435s] -- Up-to-date symlink: /home/spider/ws/install/spider_msgs/share/spider_msgs/environment/path.sh
[67.438s] -- Up-to-date symlink: /home/spider/ws/install/spider_msgs/share/spider_msgs/environment/path.dsv
[67.442s] -- Up-to-date symlink: /home/spider/ws/install/spider_msgs/share/spider_msgs/local_setup.bash
[67.445s] -- Up-to-date symlink: /home/spider/ws/install/spider_msgs/share/spider_msgs/local_setup.sh
[67.448s] -- Up-to-date symlink: /home/spider/ws/install/spider_msgs/share/spider_msgs/local_setup.zsh
[67.452s] -- Up-to-date symlink: /home/spider/ws/install/spider_msgs/share/spider_msgs/local_setup.dsv
[67.453s] -- Symlinking: /home/spider/ws/install/spider_msgs/share/spider_msgs/package.dsv
[67.539s] -- Up-to-date symlink: /home/spider/ws/install/spider_msgs/share/ament_index/resource_index/packages/spider_msgs
[67.543s] -- Up-to-date symlink: /home/spider/ws/install/spider_msgs/share/spider_msgs/cmake/rosidl_cmake-extras.cmake
[67.547s] -- Up-to-date symlink: /home/spider/ws/install/spider_msgs/share/spider_msgs/cmake/ament_cmake_export_dependencies-extras.cmake
[67.552s] -- Up-to-date symlink: /home/spider/ws/install/spider_msgs/share/spider_msgs/cmake/ament_cmake_export_include_directories-extras.cmake
[67.555s] -- Up-to-date symlink: /home/spider/ws/install/spider_msgs/share/spider_msgs/cmake/ament_cmake_export_libraries-extras.cmake
[67.559s] -- Up-to-date symlink: /home/spider/ws/install/spider_msgs/share/spider_msgs/cmake/ament_cmake_export_targets-extras.cmake
[67.563s] -- Up-to-date symlink: /home/spider/ws/install/spider_msgs/share/spider_msgs/cmake/rosidl_cmake_export_typesupport_targets-extras.cmake
[67.566s] -- Up-to-date symlink: /home/spider/ws/install/spider_msgs/share/spider_msgs/cmake/rosidl_cmake_export_typesupport_libraries-extras.cmake
[67.570s] -- Up-to-date symlink: /home/spider/ws/install/spider_msgs/share/spider_msgs/cmake/spider_msgsConfig.cmake
[67.573s] -- Up-to-date symlink: /home/spider/ws/install/spider_msgs/share/spider_msgs/cmake/spider_msgsConfig-version.cmake
[67.575s] -- Up-to-date symlink: /home/spider/ws/install/spider_msgs/share/spider_msgs/package.xml
[67.578s] -- Installing: /home/spider/ws/install/spider_msgs/lib/libspider_msgs__rosidl_generator_c.so
[67.585s] -- Set runtime path of "/home/spider/ws/install/spider_msgs/lib/libspider_msgs__rosidl_generator_c.so" to ""
[67.587s] -- Installing: /home/spider/ws/install/spider_msgs/lib/libspider_msgs__rosidl_typesupport_fastrtps_c.so
[67.594s] -- Set runtime path of "/home/spider/ws/install/spider_msgs/lib/libspider_msgs__rosidl_typesupport_fastrtps_c.so" to ""
[67.597s] -- Installing: /home/spider/ws/install/spider_msgs/lib/libspider_msgs__rosidl_typesupport_fastrtps_cpp.so
[67.605s] -- Set runtime path of "/home/spider/ws/install/spider_msgs/lib/libspider_msgs__rosidl_typesupport_fastrtps_cpp.so" to ""
[67.607s] -- Installing: /home/spider/ws/install/spider_msgs/lib/libspider_msgs__rosidl_typesupport_introspection_c.so
[67.613s] -- Set runtime path of "/home/spider/ws/install/spider_msgs/lib/libspider_msgs__rosidl_typesupport_introspection_c.so" to ""
[67.616s] -- Installing: /home/spider/ws/install/spider_msgs/lib/libspider_msgs__rosidl_typesupport_c.so
[67.622s] -- Set runtime path of "/home/spider/ws/install/spider_msgs/lib/libspider_msgs__rosidl_typesupport_c.so" to ""
[67.625s] -- Installing: /home/spider/ws/install/spider_msgs/lib/libspider_msgs__rosidl_typesupport_introspection_cpp.so
[67.632s] -- Set runtime path of "/home/spider/ws/install/spider_msgs/lib/libspider_msgs__rosidl_typesupport_introspection_cpp.so" to ""
[67.634s] -- Installing: /home/spider/ws/install/spider_msgs/lib/libspider_msgs__rosidl_typesupport_cpp.so
[67.640s] -- Set runtime path of "/home/spider/ws/install/spider_msgs/lib/libspider_msgs__rosidl_typesupport_cpp.so" to ""
[68.111s] Listing '/home/spider/ws/install/spider_msgs/local/lib/python3.10/dist-packages/spider_msgs'...
[68.113s] Compiling '/home/spider/ws/install/spider_msgs/local/lib/python3.10/dist-packages/spider_msgs/__init__.py'...
[68.114s] Listing '/home/spider/ws/install/spider_msgs/local/lib/python3.10/dist-packages/spider_msgs/msg'...
[68.115s] Compiling '/home/spider/ws/install/spider_msgs/local/lib/python3.10/dist-packages/spider_msgs/msg/__init__.py'...
[68.116s] Compiling '/home/spider/ws/install/spider_msgs/local/lib/python3.10/dist-packages/spider_msgs/msg/_spider_leg.py'...
[68.118s] Compiling '/home/spider/ws/install/spider_msgs/local/lib/python3.10/dist-packages/spider_msgs/msg/_spider_switch.py'...
[68.119s] Listing '/home/spider/ws/install/spider_msgs/local/lib/python3.10/dist-packages/spider_msgs/srv'...
[68.120s] Compiling '/home/spider/ws/install/spider_msgs/local/lib/python3.10/dist-packages/spider_msgs/srv/__init__.py'...
[68.121s] Compiling '/home/spider/ws/install/spider_msgs/local/lib/python3.10/dist-packages/spider_msgs/srv/_servo_calibrate.py'...
[68.178s] -- Installing: /home/spider/ws/install/spider_msgs/lib/libspider_msgs__rosidl_generator_py.so
[68.185s] -- Set runtime path of "/home/spider/ws/install/spider_msgs/lib/libspider_msgs__rosidl_generator_py.so" to ""
[68.197s] -- Up-to-date: /home/spider/ws/install/spider_msgs/share/spider_msgs/cmake/export_spider_msgs__rosidl_generator_cExport.cmake
[68.198s] -- Up-to-date: /home/spider/ws/install/spider_msgs/share/spider_msgs/cmake/export_spider_msgs__rosidl_generator_cExport-noconfig.cmake
[68.206s] -- Up-to-date: /home/spider/ws/install/spider_msgs/share/spider_msgs/cmake/export_spider_msgs__rosidl_typesupport_fastrtps_cExport.cmake
[68.208s] -- Up-to-date: /home/spider/ws/install/spider_msgs/share/spider_msgs/cmake/export_spider_msgs__rosidl_typesupport_fastrtps_cExport-noconfig.cmake
[68.210s] -- Up-to-date: /home/spider/ws/install/spider_msgs/share/spider_msgs/cmake/export_spider_msgs__rosidl_generator_cppExport.cmake
[68.212s] -- Up-to-date: /home/spider/ws/install/spider_msgs/share/spider_msgs/cmake/export_spider_msgs__rosidl_typesupport_fastrtps_cppExport.cmake
[68.214s] -- Up-to-date: /home/spider/ws/install/spider_msgs/share/spider_msgs/cmake/export_spider_msgs__rosidl_typesupport_fastrtps_cppExport-noconfig.cmake
[68.216s] -- Up-to-date: /home/spider/ws/install/spider_msgs/share/spider_msgs/cmake/spider_msgs__rosidl_typesupport_introspection_cExport.cmake
[68.218s] -- Up-to-date: /home/spider/ws/install/spider_msgs/share/spider_msgs/cmake/spider_msgs__rosidl_typesupport_introspection_cExport-noconfig.cmake
[68.221s] -- Up-to-date: /home/spider/ws/install/spider_msgs/share/spider_msgs/cmake/spider_msgs__rosidl_typesupport_cExport.cmake
[68.223s] -- Up-to-date: /home/spider/ws/install/spider_msgs/share/spider_msgs/cmake/spider_msgs__rosidl_typesupport_cExport-noconfig.cmake
[68.227s] -- Up-to-date: /home/spider/ws/install/spider_msgs/share/spider_msgs/cmake/spider_msgs__rosidl_typesupport_introspection_cppExport.cmake
[68.228s] -- Up-to-date: /home/spider/ws/install/spider_msgs/share/spider_msgs/cmake/spider_msgs__rosidl_typesupport_introspection_cppExport-noconfig.cmake
[68.232s] -- Up-to-date: /home/spider/ws/install/spider_msgs/share/spider_msgs/cmake/spider_msgs__rosidl_typesupport_cppExport.cmake
[68.233s] -- Up-to-date: /home/spider/ws/install/spider_msgs/share/spider_msgs/cmake/spider_msgs__rosidl_typesupport_cppExport-noconfig.cmake
[68.236s] -- Up-to-date: /home/spider/ws/install/spider_msgs/share/spider_msgs/cmake/export_spider_msgs__rosidl_generator_pyExport.cmake
[68.237s] -- Up-to-date: /home/spider/ws/install/spider_msgs/share/spider_msgs/cmake/export_spider_msgs__rosidl_generator_pyExport-noconfig.cmake
[68.255s] Invoked command in '/home/spider/ws/build/spider_msgs' returned '0': CMAKE_PREFIX_PATH=${CMAKE_PREFIX_PATH}:/home/spider/ws/install/spider_control:/opt/ros/humble /usr/bin/cmake --install /home/spider/ws/build/spider_msgs
