[1.483s] DEBUG:colcon:Command line arguments: ['/usr/bin/colcon', 'build', '--symlink-install', '--parallel-workers', '1']
[1.484s] DEBUG:colcon:Parsed command line arguments: Namespace(log_base=None, log_level=None, verb_name='build', build_base='build', install_base='install', merge_install=False, symlink_install=True, test_result_base=None, continue_on_error=False, executor='parallel', parallel_workers=1, event_handlers=None, ignore_user_meta=False, metas=['./colcon.meta'], base_paths=['.'], packages_ignore=None, packages_ignore_regex=None, paths=None, packages_up_to=None, packages_up_to_regex=None, packages_above=None, packages_above_and_dependencies=None, packages_above_depth=None, packages_select_by_dep=None, packages_skip_by_dep=None, packages_skip_up_to=None, packages_select_build_failed=False, packages_skip_build_finished=False, packages_select_test_failures=False, packages_skip_test_passed=False, packages_select=None, packages_skip=None, packages_select_regex=None, packages_skip_regex=None, packages_start=None, packages_end=None, allow_overriding=[], cmake_args=None, cmake_target=None, cmake_target_skip_unavailable=False, cmake_clean_cache=False, cmake_clean_first=False, cmake_force_configure=False, ament_cmake_args=None, catkin_cmake_args=None, catkin_skip_building_tests=False, verb_parser=<colcon_defaults.argument_parser.defaults.DefaultArgumentsDecorator object at 0xffffa5da7880>, verb_extension=<colcon_core.verb.build.BuildVerb object at 0xffffa5ee0c10>, main=<bound method BuildVerb.main of <colcon_core.verb.build.BuildVerb object at 0xffffa5ee0c10>>)
[3.791s] Level 1:colcon.colcon_core.package_discovery:discover_packages(colcon_meta) check parameters
[3.793s] Level 1:colcon.colcon_core.package_discovery:discover_packages(recursive) check parameters
[3.793s] Level 1:colcon.colcon_core.package_discovery:discover_packages(ignore) check parameters
[3.794s] Level 1:colcon.colcon_core.package_discovery:discover_packages(path) check parameters
[3.794s] Level 1:colcon.colcon_core.package_discovery:discover_packages(colcon_meta) discover
[3.795s] Level 1:colcon.colcon_core.package_discovery:discover_packages(recursive) discover
[3.795s] INFO:colcon.colcon_core.package_discovery:Crawling recursively for packages in '/home/spider/ws'
[3.796s] Level 1:colcon.colcon_core.package_identification:_identify(.) by extensions ['ignore', 'ignore_ament_install']
[3.797s] Level 1:colcon.colcon_core.package_identification:_identify(.) by extension 'ignore'
[3.798s] Level 1:colcon.colcon_core.package_identification:_identify(.) by extension 'ignore_ament_install'
[3.799s] Level 1:colcon.colcon_core.package_identification:_identify(.) by extensions ['colcon_pkg']
[3.799s] Level 1:colcon.colcon_core.package_identification:_identify(.) by extension 'colcon_pkg'
[3.800s] Level 1:colcon.colcon_core.package_identification:_identify(.) by extensions ['colcon_meta']
[3.800s] Level 1:colcon.colcon_core.package_identification:_identify(.) by extension 'colcon_meta'
[3.801s] Level 1:colcon.colcon_core.package_identification:_identify(.) by extensions ['ros']
[3.801s] Level 1:colcon.colcon_core.package_identification:_identify(.) by extension 'ros'
[3.929s] Level 1:colcon.colcon_core.package_identification:_identify(.) by extensions ['cmake', 'python']
[3.930s] Level 1:colcon.colcon_core.package_identification:_identify(.) by extension 'cmake'
[3.931s] Level 1:colcon.colcon_core.package_identification:_identify(.) by extension 'python'
[3.932s] Level 1:colcon.colcon_core.package_identification:_identify(.) by extensions ['python_setup_py']
[3.932s] Level 1:colcon.colcon_core.package_identification:_identify(.) by extension 'python_setup_py'
[3.934s] Level 1:colcon.colcon_core.package_identification:_identify(build) by extensions ['ignore', 'ignore_ament_install']
[3.935s] Level 1:colcon.colcon_core.package_identification:_identify(build) by extension 'ignore'
[3.935s] Level 1:colcon.colcon_core.package_identification:_identify(build) ignored
[3.937s] Level 1:colcon.colcon_core.package_identification:_identify(install) by extensions ['ignore', 'ignore_ament_install']
[3.938s] Level 1:colcon.colcon_core.package_identification:_identify(install) by extension 'ignore'
[3.939s] Level 1:colcon.colcon_core.package_identification:_identify(install) ignored
[3.941s] Level 1:colcon.colcon_core.package_identification:_identify(log) by extensions ['ignore', 'ignore_ament_install']
[3.942s] Level 1:colcon.colcon_core.package_identification:_identify(log) by extension 'ignore'
[3.943s] Level 1:colcon.colcon_core.package_identification:_identify(log) ignored
[3.944s] Level 1:colcon.colcon_core.package_identification:_identify(src) by extensions ['ignore', 'ignore_ament_install']
[3.945s] Level 1:colcon.colcon_core.package_identification:_identify(src) by extension 'ignore'
[3.946s] Level 1:colcon.colcon_core.package_identification:_identify(src) by extension 'ignore_ament_install'
[3.947s] Level 1:colcon.colcon_core.package_identification:_identify(src) by extensions ['colcon_pkg']
[3.947s] Level 1:colcon.colcon_core.package_identification:_identify(src) by extension 'colcon_pkg'
[3.948s] Level 1:colcon.colcon_core.package_identification:_identify(src) by extensions ['colcon_meta']
[3.948s] Level 1:colcon.colcon_core.package_identification:_identify(src) by extension 'colcon_meta'
[3.949s] Level 1:colcon.colcon_core.package_identification:_identify(src) by extensions ['ros']
[3.949s] Level 1:colcon.colcon_core.package_identification:_identify(src) by extension 'ros'
[3.950s] Level 1:colcon.colcon_core.package_identification:_identify(src) by extensions ['cmake', 'python']
[3.951s] Level 1:colcon.colcon_core.package_identification:_identify(src) by extension 'cmake'
[3.951s] Level 1:colcon.colcon_core.package_identification:_identify(src) by extension 'python'
[3.952s] Level 1:colcon.colcon_core.package_identification:_identify(src) by extensions ['python_setup_py']
[3.953s] Level 1:colcon.colcon_core.package_identification:_identify(src) by extension 'python_setup_py'
[3.954s] Level 1:colcon.colcon_core.package_identification:_identify(src/i2c_pwm_board) by extensions ['ignore', 'ignore_ament_install']
[3.955s] Level 1:colcon.colcon_core.package_identification:_identify(src/i2c_pwm_board) by extension 'ignore'
[3.956s] Level 1:colcon.colcon_core.package_identification:_identify(src/i2c_pwm_board) by extension 'ignore_ament_install'
[3.957s] Level 1:colcon.colcon_core.package_identification:_identify(src/i2c_pwm_board) by extensions ['colcon_pkg']
[3.957s] Level 1:colcon.colcon_core.package_identification:_identify(src/i2c_pwm_board) by extension 'colcon_pkg'
[3.958s] Level 1:colcon.colcon_core.package_identification:_identify(src/i2c_pwm_board) by extensions ['colcon_meta']
[3.958s] Level 1:colcon.colcon_core.package_identification:_identify(src/i2c_pwm_board) by extension 'colcon_meta'
[3.959s] Level 1:colcon.colcon_core.package_identification:_identify(src/i2c_pwm_board) by extensions ['ros']
[3.959s] Level 1:colcon.colcon_core.package_identification:_identify(src/i2c_pwm_board) by extension 'ros'
[3.960s] Level 1:colcon.colcon_core.package_identification:_identify(src/i2c_pwm_board) by extensions ['cmake', 'python']
[3.961s] Level 1:colcon.colcon_core.package_identification:_identify(src/i2c_pwm_board) by extension 'cmake'
[3.961s] Level 1:colcon.colcon_core.package_identification:_identify(src/i2c_pwm_board) by extension 'python'
[3.962s] Level 1:colcon.colcon_core.package_identification:_identify(src/i2c_pwm_board) by extensions ['python_setup_py']
[3.962s] Level 1:colcon.colcon_core.package_identification:_identify(src/i2c_pwm_board) by extension 'python_setup_py'
[3.964s] Level 1:colcon.colcon_core.package_identification:_identify(src/i2c_pwm_board/docs) by extensions ['ignore', 'ignore_ament_install']
[3.965s] Level 1:colcon.colcon_core.package_identification:_identify(src/i2c_pwm_board/docs) by extension 'ignore'
[3.965s] Level 1:colcon.colcon_core.package_identification:_identify(src/i2c_pwm_board/docs) by extension 'ignore_ament_install'
[3.966s] Level 1:colcon.colcon_core.package_identification:_identify(src/i2c_pwm_board/docs) by extensions ['colcon_pkg']
[3.967s] Level 1:colcon.colcon_core.package_identification:_identify(src/i2c_pwm_board/docs) by extension 'colcon_pkg'
[3.967s] Level 1:colcon.colcon_core.package_identification:_identify(src/i2c_pwm_board/docs) by extensions ['colcon_meta']
[3.968s] Level 1:colcon.colcon_core.package_identification:_identify(src/i2c_pwm_board/docs) by extension 'colcon_meta'
[3.969s] Level 1:colcon.colcon_core.package_identification:_identify(src/i2c_pwm_board/docs) by extensions ['ros']
[3.969s] Level 1:colcon.colcon_core.package_identification:_identify(src/i2c_pwm_board/docs) by extension 'ros'
[3.970s] Level 1:colcon.colcon_core.package_identification:_identify(src/i2c_pwm_board/docs) by extensions ['cmake', 'python']
[3.971s] Level 1:colcon.colcon_core.package_identification:_identify(src/i2c_pwm_board/docs) by extension 'cmake'
[3.971s] Level 1:colcon.colcon_core.package_identification:_identify(src/i2c_pwm_board/docs) by extension 'python'
[3.972s] Level 1:colcon.colcon_core.package_identification:_identify(src/i2c_pwm_board/docs) by extensions ['python_setup_py']
[3.972s] Level 1:colcon.colcon_core.package_identification:_identify(src/i2c_pwm_board/docs) by extension 'python_setup_py'
[3.974s] Level 1:colcon.colcon_core.package_identification:_identify(src/i2c_pwm_board/docs/images) by extensions ['ignore', 'ignore_ament_install']
[3.975s] Level 1:colcon.colcon_core.package_identification:_identify(src/i2c_pwm_board/docs/images) by extension 'ignore'
[3.975s] Level 1:colcon.colcon_core.package_identification:_identify(src/i2c_pwm_board/docs/images) by extension 'ignore_ament_install'
[3.976s] Level 1:colcon.colcon_core.package_identification:_identify(src/i2c_pwm_board/docs/images) by extensions ['colcon_pkg']
[3.977s] Level 1:colcon.colcon_core.package_identification:_identify(src/i2c_pwm_board/docs/images) by extension 'colcon_pkg'
[3.977s] Level 1:colcon.colcon_core.package_identification:_identify(src/i2c_pwm_board/docs/images) by extensions ['colcon_meta']
[3.978s] Level 1:colcon.colcon_core.package_identification:_identify(src/i2c_pwm_board/docs/images) by extension 'colcon_meta'
[3.978s] Level 1:colcon.colcon_core.package_identification:_identify(src/i2c_pwm_board/docs/images) by extensions ['ros']
[3.979s] Level 1:colcon.colcon_core.package_identification:_identify(src/i2c_pwm_board/docs/images) by extension 'ros'
[3.980s] Level 1:colcon.colcon_core.package_identification:_identify(src/i2c_pwm_board/docs/images) by extensions ['cmake', 'python']
[3.980s] Level 1:colcon.colcon_core.package_identification:_identify(src/i2c_pwm_board/docs/images) by extension 'cmake'
[3.981s] Level 1:colcon.colcon_core.package_identification:_identify(src/i2c_pwm_board/docs/images) by extension 'python'
[3.982s] Level 1:colcon.colcon_core.package_identification:_identify(src/i2c_pwm_board/docs/images) by extensions ['python_setup_py']
[3.982s] Level 1:colcon.colcon_core.package_identification:_identify(src/i2c_pwm_board/docs/images) by extension 'python_setup_py'
[3.984s] Level 1:colcon.colcon_core.package_identification:_identify(src/i2c_pwm_board/i2c_pwm_board) by extensions ['ignore', 'ignore_ament_install']
[3.985s] Level 1:colcon.colcon_core.package_identification:_identify(src/i2c_pwm_board/i2c_pwm_board) by extension 'ignore'
[3.985s] Level 1:colcon.colcon_core.package_identification:_identify(src/i2c_pwm_board/i2c_pwm_board) by extension 'ignore_ament_install'
[3.986s] Level 1:colcon.colcon_core.package_identification:_identify(src/i2c_pwm_board/i2c_pwm_board) by extensions ['colcon_pkg']
[3.987s] Level 1:colcon.colcon_core.package_identification:_identify(src/i2c_pwm_board/i2c_pwm_board) by extension 'colcon_pkg'
[3.987s] Level 1:colcon.colcon_core.package_identification:_identify(src/i2c_pwm_board/i2c_pwm_board) by extensions ['colcon_meta']
[3.988s] Level 1:colcon.colcon_core.package_identification:_identify(src/i2c_pwm_board/i2c_pwm_board) by extension 'colcon_meta'
[3.988s] Level 1:colcon.colcon_core.package_identification:_identify(src/i2c_pwm_board/i2c_pwm_board) by extensions ['ros']
[3.989s] Level 1:colcon.colcon_core.package_identification:_identify(src/i2c_pwm_board/i2c_pwm_board) by extension 'ros'
[4.014s] DEBUG:colcon.colcon_core.package_identification:Package 'src/i2c_pwm_board/i2c_pwm_board' with type 'ros.ament_cmake' and name 'i2c_pwm_board'
[4.037s] Level 1:colcon.colcon_core.package_identification:_identify(src/i2c_pwm_board/i2c_pwm_board_calibration) by extensions ['ignore', 'ignore_ament_install']
[4.039s] Level 1:colcon.colcon_core.package_identification:_identify(src/i2c_pwm_board/i2c_pwm_board_calibration) by extension 'ignore'
[4.040s] Level 1:colcon.colcon_core.package_identification:_identify(src/i2c_pwm_board/i2c_pwm_board_calibration) by extension 'ignore_ament_install'
[4.041s] Level 1:colcon.colcon_core.package_identification:_identify(src/i2c_pwm_board/i2c_pwm_board_calibration) by extensions ['colcon_pkg']
[4.042s] Level 1:colcon.colcon_core.package_identification:_identify(src/i2c_pwm_board/i2c_pwm_board_calibration) by extension 'colcon_pkg'
[4.043s] Level 1:colcon.colcon_core.package_identification:_identify(src/i2c_pwm_board/i2c_pwm_board_calibration) by extensions ['colcon_meta']
[4.044s] Level 1:colcon.colcon_core.package_identification:_identify(src/i2c_pwm_board/i2c_pwm_board_calibration) by extension 'colcon_meta'
[4.045s] Level 1:colcon.colcon_core.package_identification:_identify(src/i2c_pwm_board/i2c_pwm_board_calibration) by extensions ['ros']
[4.046s] Level 1:colcon.colcon_core.package_identification:_identify(src/i2c_pwm_board/i2c_pwm_board_calibration) by extension 'ros'
[4.052s] DEBUG:colcon.colcon_core.package_identification:Package 'src/i2c_pwm_board/i2c_pwm_board_calibration' with type 'ros.ament_cmake' and name 'i2c_pwm_board_calibration'
[4.053s] Level 1:colcon.colcon_core.package_identification:_identify(src/i2c_pwm_board/i2c_pwm_board_msgs) by extensions ['ignore', 'ignore_ament_install']
[4.054s] Level 1:colcon.colcon_core.package_identification:_identify(src/i2c_pwm_board/i2c_pwm_board_msgs) by extension 'ignore'
[4.055s] Level 1:colcon.colcon_core.package_identification:_identify(src/i2c_pwm_board/i2c_pwm_board_msgs) by extension 'ignore_ament_install'
[4.056s] Level 1:colcon.colcon_core.package_identification:_identify(src/i2c_pwm_board/i2c_pwm_board_msgs) by extensions ['colcon_pkg']
[4.056s] Level 1:colcon.colcon_core.package_identification:_identify(src/i2c_pwm_board/i2c_pwm_board_msgs) by extension 'colcon_pkg'
[4.057s] Level 1:colcon.colcon_core.package_identification:_identify(src/i2c_pwm_board/i2c_pwm_board_msgs) by extensions ['colcon_meta']
[4.057s] Level 1:colcon.colcon_core.package_identification:_identify(src/i2c_pwm_board/i2c_pwm_board_msgs) by extension 'colcon_meta'
[4.058s] Level 1:colcon.colcon_core.package_identification:_identify(src/i2c_pwm_board/i2c_pwm_board_msgs) by extensions ['ros']
[4.058s] Level 1:colcon.colcon_core.package_identification:_identify(src/i2c_pwm_board/i2c_pwm_board_msgs) by extension 'ros'
[4.065s] DEBUG:colcon.colcon_core.package_identification:Package 'src/i2c_pwm_board/i2c_pwm_board_msgs' with type 'ros.ament_cmake' and name 'i2c_pwm_board_msgs'
[4.066s] Level 1:colcon.colcon_core.package_identification:_identify(src/i2c_pwm_board/i2c_pwm_board_xmlrp) by extensions ['ignore', 'ignore_ament_install']
[4.067s] Level 1:colcon.colcon_core.package_identification:_identify(src/i2c_pwm_board/i2c_pwm_board_xmlrp) by extension 'ignore'
[4.068s] Level 1:colcon.colcon_core.package_identification:_identify(src/i2c_pwm_board/i2c_pwm_board_xmlrp) by extension 'ignore_ament_install'
[4.069s] Level 1:colcon.colcon_core.package_identification:_identify(src/i2c_pwm_board/i2c_pwm_board_xmlrp) by extensions ['colcon_pkg']
[4.069s] Level 1:colcon.colcon_core.package_identification:_identify(src/i2c_pwm_board/i2c_pwm_board_xmlrp) by extension 'colcon_pkg'
[4.070s] Level 1:colcon.colcon_core.package_identification:_identify(src/i2c_pwm_board/i2c_pwm_board_xmlrp) by extensions ['colcon_meta']
[4.070s] Level 1:colcon.colcon_core.package_identification:_identify(src/i2c_pwm_board/i2c_pwm_board_xmlrp) by extension 'colcon_meta'
[4.071s] Level 1:colcon.colcon_core.package_identification:_identify(src/i2c_pwm_board/i2c_pwm_board_xmlrp) by extensions ['ros']
[4.071s] Level 1:colcon.colcon_core.package_identification:_identify(src/i2c_pwm_board/i2c_pwm_board_xmlrp) by extension 'ros'
[4.077s] DEBUG:colcon.colcon_core.package_identification:Package 'src/i2c_pwm_board/i2c_pwm_board_xmlrp' with type 'ros.ament_cmake' and name 'i2c_pwm_board_xmlrp'
[4.078s] Level 1:colcon.colcon_core.package_identification:_identify(src/i2c_pwm_board/xmlrpcpp) by extensions ['ignore', 'ignore_ament_install']
[4.079s] Level 1:colcon.colcon_core.package_identification:_identify(src/i2c_pwm_board/xmlrpcpp) by extension 'ignore'
[4.080s] Level 1:colcon.colcon_core.package_identification:_identify(src/i2c_pwm_board/xmlrpcpp) by extension 'ignore_ament_install'
[4.081s] Level 1:colcon.colcon_core.package_identification:_identify(src/i2c_pwm_board/xmlrpcpp) by extensions ['colcon_pkg']
[4.081s] Level 1:colcon.colcon_core.package_identification:_identify(src/i2c_pwm_board/xmlrpcpp) by extension 'colcon_pkg'
[4.082s] Level 1:colcon.colcon_core.package_identification:_identify(src/i2c_pwm_board/xmlrpcpp) by extensions ['colcon_meta']
[4.082s] Level 1:colcon.colcon_core.package_identification:_identify(src/i2c_pwm_board/xmlrpcpp) by extension 'colcon_meta'
[4.083s] Level 1:colcon.colcon_core.package_identification:_identify(src/i2c_pwm_board/xmlrpcpp) by extensions ['ros']
[4.083s] Level 1:colcon.colcon_core.package_identification:_identify(src/i2c_pwm_board/xmlrpcpp) by extension 'ros'
[4.089s] DEBUG:colcon.colcon_core.package_identification:Package 'src/i2c_pwm_board/xmlrpcpp' with type 'ros.ament_cmake' and name 'xmlrpcpp'
[4.090s] Level 1:colcon.colcon_core.package_identification:_identify(src/spider_driver) by extensions ['ignore', 'ignore_ament_install']
[4.091s] Level 1:colcon.colcon_core.package_identification:_identify(src/spider_driver) by extension 'ignore'
[4.092s] Level 1:colcon.colcon_core.package_identification:_identify(src/spider_driver) by extension 'ignore_ament_install'
[4.093s] Level 1:colcon.colcon_core.package_identification:_identify(src/spider_driver) by extensions ['colcon_pkg']
[4.093s] Level 1:colcon.colcon_core.package_identification:_identify(src/spider_driver) by extension 'colcon_pkg'
[4.094s] Level 1:colcon.colcon_core.package_identification:_identify(src/spider_driver) by extensions ['colcon_meta']
[4.094s] Level 1:colcon.colcon_core.package_identification:_identify(src/spider_driver) by extension 'colcon_meta'
[4.095s] Level 1:colcon.colcon_core.package_identification:_identify(src/spider_driver) by extensions ['ros']
[4.095s] Level 1:colcon.colcon_core.package_identification:_identify(src/spider_driver) by extension 'ros'
[4.102s] DEBUG:colcon.colcon_core.package_identification:Package 'src/spider_driver' with type 'ros.ament_cmake' and name 'spider_driver'
[4.104s] Level 1:colcon.colcon_core.package_identification:_identify(src/spider_msgs) by extensions ['ignore', 'ignore_ament_install']
[4.105s] Level 1:colcon.colcon_core.package_identification:_identify(src/spider_msgs) by extension 'ignore'
[4.105s] Level 1:colcon.colcon_core.package_identification:_identify(src/spider_msgs) by extension 'ignore_ament_install'
[4.106s] Level 1:colcon.colcon_core.package_identification:_identify(src/spider_msgs) by extensions ['colcon_pkg']
[4.107s] Level 1:colcon.colcon_core.package_identification:_identify(src/spider_msgs) by extension 'colcon_pkg'
[4.107s] Level 1:colcon.colcon_core.package_identification:_identify(src/spider_msgs) by extensions ['colcon_meta']
[4.108s] Level 1:colcon.colcon_core.package_identification:_identify(src/spider_msgs) by extension 'colcon_meta'
[4.108s] Level 1:colcon.colcon_core.package_identification:_identify(src/spider_msgs) by extensions ['ros']
[4.109s] Level 1:colcon.colcon_core.package_identification:_identify(src/spider_msgs) by extension 'ros'
[4.115s] DEBUG:colcon.colcon_core.package_identification:Package 'src/spider_msgs' with type 'ros.ament_cmake' and name 'spider_msgs'
[4.115s] Level 1:colcon.colcon_core.package_discovery:discover_packages(recursive) using defaults
[4.116s] Level 1:colcon.colcon_core.package_discovery:discover_packages(ignore) discover
[4.117s] Level 1:colcon.colcon_core.package_discovery:discover_packages(ignore) using defaults
[4.117s] Level 1:colcon.colcon_core.package_discovery:discover_packages(path) discover
[4.117s] Level 1:colcon.colcon_core.package_discovery:discover_packages(path) using defaults
[4.316s] Level 1:colcon.colcon_core.package_discovery:discover_packages(prefix_path) check parameters
[4.317s] Level 1:colcon.colcon_core.package_discovery:discover_packages(prefix_path) discover
[4.354s] DEBUG:colcon.colcon_installed_package_information.package_discovery:Found 279 installed packages in /opt/ros/humble
[4.466s] Level 1:colcon.colcon_core.package_discovery:discover_packages(prefix_path) using defaults
[4.926s] Level 5:colcon.colcon_core.verb:set package 'i2c_pwm_board_msgs' build argument 'cmake_args' from command line to 'None'
[4.926s] Level 5:colcon.colcon_core.verb:set package 'i2c_pwm_board_msgs' build argument 'cmake_target' from command line to 'None'
[4.927s] Level 5:colcon.colcon_core.verb:set package 'i2c_pwm_board_msgs' build argument 'cmake_target_skip_unavailable' from command line to 'False'
[4.927s] Level 5:colcon.colcon_core.verb:set package 'i2c_pwm_board_msgs' build argument 'cmake_clean_cache' from command line to 'False'
[4.927s] Level 5:colcon.colcon_core.verb:set package 'i2c_pwm_board_msgs' build argument 'cmake_clean_first' from command line to 'False'
[4.928s] Level 5:colcon.colcon_core.verb:set package 'i2c_pwm_board_msgs' build argument 'cmake_force_configure' from command line to 'False'
[4.928s] Level 5:colcon.colcon_core.verb:set package 'i2c_pwm_board_msgs' build argument 'ament_cmake_args' from command line to 'None'
[4.928s] Level 5:colcon.colcon_core.verb:set package 'i2c_pwm_board_msgs' build argument 'catkin_cmake_args' from command line to 'None'
[4.929s] Level 5:colcon.colcon_core.verb:set package 'i2c_pwm_board_msgs' build argument 'catkin_skip_building_tests' from command line to 'False'
[4.929s] DEBUG:colcon.colcon_core.verb:Building package 'i2c_pwm_board_msgs' with the following arguments: {'ament_cmake_args': None, 'build_base': '/home/spider/ws/build/i2c_pwm_board_msgs', 'catkin_cmake_args': None, 'catkin_skip_building_tests': False, 'cmake_args': None, 'cmake_clean_cache': False, 'cmake_clean_first': False, 'cmake_force_configure': False, 'cmake_target': None, 'cmake_target_skip_unavailable': False, 'install_base': '/home/spider/ws/install/i2c_pwm_board_msgs', 'merge_install': False, 'path': '/home/spider/ws/src/i2c_pwm_board/i2c_pwm_board_msgs', 'symlink_install': True, 'test_result_base': None}
[4.933s] Level 5:colcon.colcon_core.verb:set package 'spider_msgs' build argument 'cmake_args' from command line to 'None'
[4.933s] Level 5:colcon.colcon_core.verb:set package 'spider_msgs' build argument 'cmake_target' from command line to 'None'
[4.934s] Level 5:colcon.colcon_core.verb:set package 'spider_msgs' build argument 'cmake_target_skip_unavailable' from command line to 'False'
[4.934s] Level 5:colcon.colcon_core.verb:set package 'spider_msgs' build argument 'cmake_clean_cache' from command line to 'False'
[4.934s] Level 5:colcon.colcon_core.verb:set package 'spider_msgs' build argument 'cmake_clean_first' from command line to 'False'
[4.934s] Level 5:colcon.colcon_core.verb:set package 'spider_msgs' build argument 'cmake_force_configure' from command line to 'False'
[4.935s] Level 5:colcon.colcon_core.verb:set package 'spider_msgs' build argument 'ament_cmake_args' from command line to 'None'
[4.935s] Level 5:colcon.colcon_core.verb:set package 'spider_msgs' build argument 'catkin_cmake_args' from command line to 'None'
[4.935s] Level 5:colcon.colcon_core.verb:set package 'spider_msgs' build argument 'catkin_skip_building_tests' from command line to 'False'
[4.936s] DEBUG:colcon.colcon_core.verb:Building package 'spider_msgs' with the following arguments: {'ament_cmake_args': None, 'build_base': '/home/spider/ws/build/spider_msgs', 'catkin_cmake_args': None, 'catkin_skip_building_tests': False, 'cmake_args': None, 'cmake_clean_cache': False, 'cmake_clean_first': False, 'cmake_force_configure': False, 'cmake_target': None, 'cmake_target_skip_unavailable': False, 'install_base': '/home/spider/ws/install/spider_msgs', 'merge_install': False, 'path': '/home/spider/ws/src/spider_msgs', 'symlink_install': True, 'test_result_base': None}
[4.940s] Level 5:colcon.colcon_core.verb:set package 'xmlrpcpp' build argument 'cmake_args' from command line to 'None'
[4.940s] Level 5:colcon.colcon_core.verb:set package 'xmlrpcpp' build argument 'cmake_target' from command line to 'None'
[4.940s] Level 5:colcon.colcon_core.verb:set package 'xmlrpcpp' build argument 'cmake_target_skip_unavailable' from command line to 'False'
[4.941s] Level 5:colcon.colcon_core.verb:set package 'xmlrpcpp' build argument 'cmake_clean_cache' from command line to 'False'
[4.941s] Level 5:colcon.colcon_core.verb:set package 'xmlrpcpp' build argument 'cmake_clean_first' from command line to 'False'
[4.941s] Level 5:colcon.colcon_core.verb:set package 'xmlrpcpp' build argument 'cmake_force_configure' from command line to 'False'
[4.942s] Level 5:colcon.colcon_core.verb:set package 'xmlrpcpp' build argument 'ament_cmake_args' from command line to 'None'
[4.942s] Level 5:colcon.colcon_core.verb:set package 'xmlrpcpp' build argument 'catkin_cmake_args' from command line to 'None'
[4.942s] Level 5:colcon.colcon_core.verb:set package 'xmlrpcpp' build argument 'catkin_skip_building_tests' from command line to 'False'
[4.942s] DEBUG:colcon.colcon_core.verb:Building package 'xmlrpcpp' with the following arguments: {'ament_cmake_args': None, 'build_base': '/home/spider/ws/build/xmlrpcpp', 'catkin_cmake_args': None, 'catkin_skip_building_tests': False, 'cmake_args': None, 'cmake_clean_cache': False, 'cmake_clean_first': False, 'cmake_force_configure': False, 'cmake_target': None, 'cmake_target_skip_unavailable': False, 'install_base': '/home/spider/ws/install/xmlrpcpp', 'merge_install': False, 'path': '/home/spider/ws/src/i2c_pwm_board/xmlrpcpp', 'symlink_install': True, 'test_result_base': None}
[4.946s] Level 5:colcon.colcon_core.verb:set package 'i2c_pwm_board_calibration' build argument 'cmake_args' from command line to 'None'
[4.947s] Level 5:colcon.colcon_core.verb:set package 'i2c_pwm_board_calibration' build argument 'cmake_target' from command line to 'None'
[4.947s] Level 5:colcon.colcon_core.verb:set package 'i2c_pwm_board_calibration' build argument 'cmake_target_skip_unavailable' from command line to 'False'
[4.947s] Level 5:colcon.colcon_core.verb:set package 'i2c_pwm_board_calibration' build argument 'cmake_clean_cache' from command line to 'False'
[4.948s] Level 5:colcon.colcon_core.verb:set package 'i2c_pwm_board_calibration' build argument 'cmake_clean_first' from command line to 'False'
[4.948s] Level 5:colcon.colcon_core.verb:set package 'i2c_pwm_board_calibration' build argument 'cmake_force_configure' from command line to 'False'
[4.948s] Level 5:colcon.colcon_core.verb:set package 'i2c_pwm_board_calibration' build argument 'ament_cmake_args' from command line to 'None'
[4.949s] Level 5:colcon.colcon_core.verb:set package 'i2c_pwm_board_calibration' build argument 'catkin_cmake_args' from command line to 'None'
[4.949s] Level 5:colcon.colcon_core.verb:set package 'i2c_pwm_board_calibration' build argument 'catkin_skip_building_tests' from command line to 'False'
[4.949s] DEBUG:colcon.colcon_core.verb:Building package 'i2c_pwm_board_calibration' with the following arguments: {'ament_cmake_args': None, 'build_base': '/home/spider/ws/build/i2c_pwm_board_calibration', 'catkin_cmake_args': None, 'catkin_skip_building_tests': False, 'cmake_args': None, 'cmake_clean_cache': False, 'cmake_clean_first': False, 'cmake_force_configure': False, 'cmake_target': None, 'cmake_target_skip_unavailable': False, 'install_base': '/home/spider/ws/install/i2c_pwm_board_calibration', 'merge_install': False, 'path': '/home/spider/ws/src/i2c_pwm_board/i2c_pwm_board_calibration', 'symlink_install': True, 'test_result_base': None}
[4.953s] Level 5:colcon.colcon_core.verb:set package 'i2c_pwm_board_xmlrp' build argument 'cmake_args' from command line to 'None'
[4.954s] Level 5:colcon.colcon_core.verb:set package 'i2c_pwm_board_xmlrp' build argument 'cmake_target' from command line to 'None'
[4.954s] Level 5:colcon.colcon_core.verb:set package 'i2c_pwm_board_xmlrp' build argument 'cmake_target_skip_unavailable' from command line to 'False'
[4.954s] Level 5:colcon.colcon_core.verb:set package 'i2c_pwm_board_xmlrp' build argument 'cmake_clean_cache' from command line to 'False'
[4.955s] Level 5:colcon.colcon_core.verb:set package 'i2c_pwm_board_xmlrp' build argument 'cmake_clean_first' from command line to 'False'
[4.955s] Level 5:colcon.colcon_core.verb:set package 'i2c_pwm_board_xmlrp' build argument 'cmake_force_configure' from command line to 'False'
[4.955s] Level 5:colcon.colcon_core.verb:set package 'i2c_pwm_board_xmlrp' build argument 'ament_cmake_args' from command line to 'None'
[4.955s] Level 5:colcon.colcon_core.verb:set package 'i2c_pwm_board_xmlrp' build argument 'catkin_cmake_args' from command line to 'None'
[4.956s] Level 5:colcon.colcon_core.verb:set package 'i2c_pwm_board_xmlrp' build argument 'catkin_skip_building_tests' from command line to 'False'
[4.956s] DEBUG:colcon.colcon_core.verb:Building package 'i2c_pwm_board_xmlrp' with the following arguments: {'ament_cmake_args': None, 'build_base': '/home/spider/ws/build/i2c_pwm_board_xmlrp', 'catkin_cmake_args': None, 'catkin_skip_building_tests': False, 'cmake_args': None, 'cmake_clean_cache': False, 'cmake_clean_first': False, 'cmake_force_configure': False, 'cmake_target': None, 'cmake_target_skip_unavailable': False, 'install_base': '/home/spider/ws/install/i2c_pwm_board_xmlrp', 'merge_install': False, 'path': '/home/spider/ws/src/i2c_pwm_board/i2c_pwm_board_xmlrp', 'symlink_install': True, 'test_result_base': None}
[4.960s] Level 5:colcon.colcon_core.verb:set package 'spider_driver' build argument 'cmake_args' from command line to 'None'
[4.960s] Level 5:colcon.colcon_core.verb:set package 'spider_driver' build argument 'cmake_target' from command line to 'None'
[4.961s] Level 5:colcon.colcon_core.verb:set package 'spider_driver' build argument 'cmake_target_skip_unavailable' from command line to 'False'
[4.961s] Level 5:colcon.colcon_core.verb:set package 'spider_driver' build argument 'cmake_clean_cache' from command line to 'False'
[4.961s] Level 5:colcon.colcon_core.verb:set package 'spider_driver' build argument 'cmake_clean_first' from command line to 'False'
[4.962s] Level 5:colcon.colcon_core.verb:set package 'spider_driver' build argument 'cmake_force_configure' from command line to 'False'
[4.962s] Level 5:colcon.colcon_core.verb:set package 'spider_driver' build argument 'ament_cmake_args' from command line to 'None'
[4.962s] Level 5:colcon.colcon_core.verb:set package 'spider_driver' build argument 'catkin_cmake_args' from command line to 'None'
[4.962s] Level 5:colcon.colcon_core.verb:set package 'spider_driver' build argument 'catkin_skip_building_tests' from command line to 'False'
[4.963s] DEBUG:colcon.colcon_core.verb:Building package 'spider_driver' with the following arguments: {'ament_cmake_args': None, 'build_base': '/home/spider/ws/build/spider_driver', 'catkin_cmake_args': None, 'catkin_skip_building_tests': False, 'cmake_args': None, 'cmake_clean_cache': False, 'cmake_clean_first': False, 'cmake_force_configure': False, 'cmake_target': None, 'cmake_target_skip_unavailable': False, 'install_base': '/home/spider/ws/install/spider_driver', 'merge_install': False, 'path': '/home/spider/ws/src/spider_driver', 'symlink_install': True, 'test_result_base': None}
[4.967s] Level 5:colcon.colcon_core.verb:set package 'i2c_pwm_board' build argument 'cmake_args' from command line to 'None'
[4.967s] Level 5:colcon.colcon_core.verb:set package 'i2c_pwm_board' build argument 'cmake_target' from command line to 'None'
[4.967s] Level 5:colcon.colcon_core.verb:set package 'i2c_pwm_board' build argument 'cmake_target_skip_unavailable' from command line to 'False'
[4.968s] Level 5:colcon.colcon_core.verb:set package 'i2c_pwm_board' build argument 'cmake_clean_cache' from command line to 'False'
[4.968s] Level 5:colcon.colcon_core.verb:set package 'i2c_pwm_board' build argument 'cmake_clean_first' from command line to 'False'
[4.968s] Level 5:colcon.colcon_core.verb:set package 'i2c_pwm_board' build argument 'cmake_force_configure' from command line to 'False'
[4.969s] Level 5:colcon.colcon_core.verb:set package 'i2c_pwm_board' build argument 'ament_cmake_args' from command line to 'None'
[4.969s] Level 5:colcon.colcon_core.verb:set package 'i2c_pwm_board' build argument 'catkin_cmake_args' from command line to 'None'
[4.969s] Level 5:colcon.colcon_core.verb:set package 'i2c_pwm_board' build argument 'catkin_skip_building_tests' from command line to 'False'
[4.970s] DEBUG:colcon.colcon_core.verb:Building package 'i2c_pwm_board' with the following arguments: {'ament_cmake_args': None, 'build_base': '/home/spider/ws/build/i2c_pwm_board', 'catkin_cmake_args': None, 'catkin_skip_building_tests': False, 'cmake_args': None, 'cmake_clean_cache': False, 'cmake_clean_first': False, 'cmake_force_configure': False, 'cmake_target': None, 'cmake_target_skip_unavailable': False, 'install_base': '/home/spider/ws/install/i2c_pwm_board', 'merge_install': False, 'path': '/home/spider/ws/src/i2c_pwm_board/i2c_pwm_board', 'symlink_install': True, 'test_result_base': None}
[4.971s] INFO:colcon.colcon_core.executor:Executing jobs using 'parallel' executor
[4.979s] DEBUG:colcon.colcon_parallel_executor.executor.parallel:run_until_complete
[4.981s] INFO:colcon.colcon_ros.task.ament_cmake.build:Building ROS package in '/home/spider/ws/src/i2c_pwm_board/i2c_pwm_board_msgs' with build type 'ament_cmake'
[4.983s] INFO:colcon.colcon_cmake.task.cmake.build:Building CMake package in '/home/spider/ws/src/i2c_pwm_board/i2c_pwm_board_msgs'
[5.009s] INFO:colcon.colcon_core.plugin_system:Skipping extension 'colcon_core.shell.bat': Not used on non-Windows systems
[5.012s] INFO:colcon.colcon_core.shell:Skip shell extension 'powershell' for command environment: Not usable outside of PowerShell
[5.012s] DEBUG:colcon.colcon_core.shell:Skip shell extension 'dsv' for command environment
[5.098s] DEBUG:colcon.colcon_core.event_handler.log_command:Invoking command in '/home/spider/ws/build/i2c_pwm_board_msgs': CMAKE_PREFIX_PATH=/opt/ros/humble /usr/bin/cmake /home/spider/ws/src/i2c_pwm_board/i2c_pwm_board_msgs -DAMENT_CMAKE_SYMLINK_INSTALL=1 -DCMAKE_INSTALL_PREFIX=/home/spider/ws/install/i2c_pwm_board_msgs
[21.163s] DEBUG:colcon.colcon_core.event_handler.log_command:Invoked command in '/home/spider/ws/build/i2c_pwm_board_msgs' returned '0': CMAKE_PREFIX_PATH=/opt/ros/humble /usr/bin/cmake /home/spider/ws/src/i2c_pwm_board/i2c_pwm_board_msgs -DAMENT_CMAKE_SYMLINK_INSTALL=1 -DCMAKE_INSTALL_PREFIX=/home/spider/ws/install/i2c_pwm_board_msgs
[21.186s] DEBUG:colcon.colcon_core.event_handler.log_command:Invoking command in '/home/spider/ws/build/i2c_pwm_board_msgs': CMAKE_PREFIX_PATH=/opt/ros/humble /usr/bin/cmake --build /home/spider/ws/build/i2c_pwm_board_msgs -- -j4 -l4
[145.706s] DEBUG:colcon.colcon_core.event_handler.log_command:Invoked command in '/home/spider/ws/build/i2c_pwm_board_msgs' returned '0': CMAKE_PREFIX_PATH=/opt/ros/humble /usr/bin/cmake --build /home/spider/ws/build/i2c_pwm_board_msgs -- -j4 -l4
[145.803s] DEBUG:colcon.colcon_core.event_handler.log_command:Invoking command in '/home/spider/ws/build/i2c_pwm_board_msgs': CMAKE_PREFIX_PATH=/opt/ros/humble /usr/bin/cmake --install /home/spider/ws/build/i2c_pwm_board_msgs
[162.340s] Level 1:colcon.colcon_core.environment:create_environment_scripts_only(i2c_pwm_board_msgs)
[162.343s] DEBUG:colcon.colcon_core.event_handler.log_command:Invoked command in '/home/spider/ws/build/i2c_pwm_board_msgs' returned '0': CMAKE_PREFIX_PATH=/opt/ros/humble /usr/bin/cmake --install /home/spider/ws/build/i2c_pwm_board_msgs
[162.433s] Level 1:colcon.colcon_core.environment:checking '/home/spider/ws/install/i2c_pwm_board_msgs' for CMake module files
[162.445s] Level 1:colcon.colcon_core.environment:checking '/home/spider/ws/install/i2c_pwm_board_msgs' for CMake config files
[162.464s] Level 1:colcon.colcon_core.shell:create_environment_hook('i2c_pwm_board_msgs', 'cmake_prefix_path')
[162.466s] INFO:colcon.colcon_core.shell:Creating environment hook '/home/spider/ws/install/i2c_pwm_board_msgs/share/i2c_pwm_board_msgs/hook/cmake_prefix_path.ps1'
[162.477s] INFO:colcon.colcon_core.shell:Creating environment descriptor '/home/spider/ws/install/i2c_pwm_board_msgs/share/i2c_pwm_board_msgs/hook/cmake_prefix_path.dsv'
[162.485s] INFO:colcon.colcon_core.shell:Creating environment hook '/home/spider/ws/install/i2c_pwm_board_msgs/share/i2c_pwm_board_msgs/hook/cmake_prefix_path.sh'
[162.496s] Level 1:colcon.colcon_core.environment:checking '/home/spider/ws/install/i2c_pwm_board_msgs/lib'
[162.498s] Level 1:colcon.colcon_core.shell:create_environment_hook('i2c_pwm_board_msgs', 'ld_library_path_lib')
[162.500s] INFO:colcon.colcon_core.shell:Creating environment hook '/home/spider/ws/install/i2c_pwm_board_msgs/share/i2c_pwm_board_msgs/hook/ld_library_path_lib.ps1'
[162.504s] INFO:colcon.colcon_core.shell:Creating environment descriptor '/home/spider/ws/install/i2c_pwm_board_msgs/share/i2c_pwm_board_msgs/hook/ld_library_path_lib.dsv'
[162.508s] INFO:colcon.colcon_core.shell:Creating environment hook '/home/spider/ws/install/i2c_pwm_board_msgs/share/i2c_pwm_board_msgs/hook/ld_library_path_lib.sh'
[162.512s] Level 1:colcon.colcon_core.environment:checking '/home/spider/ws/install/i2c_pwm_board_msgs/bin'
[162.513s] Level 1:colcon.colcon_core.environment:checking '/home/spider/ws/install/i2c_pwm_board_msgs/lib/pkgconfig/i2c_pwm_board_msgs.pc'
[162.516s] Level 1:colcon.colcon_core.environment:checking '/home/spider/ws/install/i2c_pwm_board_msgs/lib/python3.10/site-packages'
[162.520s] Level 1:colcon.colcon_core.environment:checking '/home/spider/ws/install/i2c_pwm_board_msgs/bin'
[162.523s] INFO:colcon.colcon_core.shell:Creating package script '/home/spider/ws/install/i2c_pwm_board_msgs/share/i2c_pwm_board_msgs/package.ps1'
[162.533s] INFO:colcon.colcon_core.shell:Creating package descriptor '/home/spider/ws/install/i2c_pwm_board_msgs/share/i2c_pwm_board_msgs/package.dsv'
[162.540s] INFO:colcon.colcon_core.shell:Creating package script '/home/spider/ws/install/i2c_pwm_board_msgs/share/i2c_pwm_board_msgs/package.sh'
[162.550s] INFO:colcon.colcon_core.shell:Creating package script '/home/spider/ws/install/i2c_pwm_board_msgs/share/i2c_pwm_board_msgs/package.bash'
[162.564s] INFO:colcon.colcon_core.shell:Creating package script '/home/spider/ws/install/i2c_pwm_board_msgs/share/i2c_pwm_board_msgs/package.zsh'
[162.576s] Level 1:colcon.colcon_core.environment:create_file_with_runtime_dependencies(/home/spider/ws/install/i2c_pwm_board_msgs/share/colcon-core/packages/i2c_pwm_board_msgs)
[162.584s] Level 1:colcon.colcon_core.environment:create_environment_scripts_only(i2c_pwm_board_msgs)
[162.587s] Level 1:colcon.colcon_core.environment:checking '/home/spider/ws/install/i2c_pwm_board_msgs' for CMake module files
[162.596s] Level 1:colcon.colcon_core.environment:checking '/home/spider/ws/install/i2c_pwm_board_msgs' for CMake config files
[162.609s] Level 1:colcon.colcon_core.shell:create_environment_hook('i2c_pwm_board_msgs', 'cmake_prefix_path')
[162.611s] INFO:colcon.colcon_core.shell:Creating environment hook '/home/spider/ws/install/i2c_pwm_board_msgs/share/i2c_pwm_board_msgs/hook/cmake_prefix_path.ps1'
[162.615s] INFO:colcon.colcon_core.shell:Creating environment descriptor '/home/spider/ws/install/i2c_pwm_board_msgs/share/i2c_pwm_board_msgs/hook/cmake_prefix_path.dsv'
[162.619s] INFO:colcon.colcon_core.shell:Creating environment hook '/home/spider/ws/install/i2c_pwm_board_msgs/share/i2c_pwm_board_msgs/hook/cmake_prefix_path.sh'
[162.625s] Level 1:colcon.colcon_core.environment:checking '/home/spider/ws/install/i2c_pwm_board_msgs/lib'
[162.626s] Level 1:colcon.colcon_core.shell:create_environment_hook('i2c_pwm_board_msgs', 'ld_library_path_lib')
[162.629s] INFO:colcon.colcon_core.shell:Creating environment hook '/home/spider/ws/install/i2c_pwm_board_msgs/share/i2c_pwm_board_msgs/hook/ld_library_path_lib.ps1'
[162.633s] INFO:colcon.colcon_core.shell:Creating environment descriptor '/home/spider/ws/install/i2c_pwm_board_msgs/share/i2c_pwm_board_msgs/hook/ld_library_path_lib.dsv'
[162.637s] INFO:colcon.colcon_core.shell:Creating environment hook '/home/spider/ws/install/i2c_pwm_board_msgs/share/i2c_pwm_board_msgs/hook/ld_library_path_lib.sh'
[162.642s] Level 1:colcon.colcon_core.environment:checking '/home/spider/ws/install/i2c_pwm_board_msgs/bin'
[162.643s] Level 1:colcon.colcon_core.environment:checking '/home/spider/ws/install/i2c_pwm_board_msgs/lib/pkgconfig/i2c_pwm_board_msgs.pc'
[162.645s] Level 1:colcon.colcon_core.environment:checking '/home/spider/ws/install/i2c_pwm_board_msgs/lib/python3.10/site-packages'
[162.649s] Level 1:colcon.colcon_core.environment:checking '/home/spider/ws/install/i2c_pwm_board_msgs/bin'
[162.652s] INFO:colcon.colcon_core.shell:Creating package script '/home/spider/ws/install/i2c_pwm_board_msgs/share/i2c_pwm_board_msgs/package.ps1'
[162.660s] INFO:colcon.colcon_core.shell:Creating package descriptor '/home/spider/ws/install/i2c_pwm_board_msgs/share/i2c_pwm_board_msgs/package.dsv'
[162.667s] INFO:colcon.colcon_core.shell:Creating package script '/home/spider/ws/install/i2c_pwm_board_msgs/share/i2c_pwm_board_msgs/package.sh'
[162.672s] INFO:colcon.colcon_core.shell:Creating package script '/home/spider/ws/install/i2c_pwm_board_msgs/share/i2c_pwm_board_msgs/package.bash'
[162.677s] INFO:colcon.colcon_core.shell:Creating package script '/home/spider/ws/install/i2c_pwm_board_msgs/share/i2c_pwm_board_msgs/package.zsh'
[162.682s] Level 1:colcon.colcon_core.environment:create_file_with_runtime_dependencies(/home/spider/ws/install/i2c_pwm_board_msgs/share/colcon-core/packages/i2c_pwm_board_msgs)
[162.685s] INFO:colcon.colcon_ros.task.ament_cmake.build:Building ROS package in '/home/spider/ws/src/i2c_pwm_board/xmlrpcpp' with build type 'ament_cmake'
[162.686s] INFO:colcon.colcon_cmake.task.cmake.build:Building CMake package in '/home/spider/ws/src/i2c_pwm_board/xmlrpcpp'
[162.689s] INFO:colcon.colcon_core.shell:Skip shell extension 'powershell' for command environment: Not usable outside of PowerShell
[162.690s] DEBUG:colcon.colcon_core.shell:Skip shell extension 'dsv' for command environment
[162.789s] DEBUG:colcon.colcon_core.event_handler.log_command:Invoking command in '/home/spider/ws/build/xmlrpcpp': CMAKE_PREFIX_PATH=/opt/ros/humble /usr/bin/cmake /home/spider/ws/src/i2c_pwm_board/xmlrpcpp -DAMENT_CMAKE_SYMLINK_INSTALL=1 -DCMAKE_INSTALL_PREFIX=/home/spider/ws/install/xmlrpcpp
[170.344s] DEBUG:colcon.colcon_core.event_handler.log_command:Invoked command in '/home/spider/ws/build/xmlrpcpp' returned '0': CMAKE_PREFIX_PATH=/opt/ros/humble /usr/bin/cmake /home/spider/ws/src/i2c_pwm_board/xmlrpcpp -DAMENT_CMAKE_SYMLINK_INSTALL=1 -DCMAKE_INSTALL_PREFIX=/home/spider/ws/install/xmlrpcpp
[170.363s] DEBUG:colcon.colcon_core.event_handler.log_command:Invoking command in '/home/spider/ws/build/xmlrpcpp': CMAKE_PREFIX_PATH=/opt/ros/humble /usr/bin/cmake --build /home/spider/ws/build/xmlrpcpp -- -j4 -l4
[183.696s] DEBUG:colcon.colcon_core.event_handler.log_command:Invoked command in '/home/spider/ws/build/xmlrpcpp' returned '0': CMAKE_PREFIX_PATH=/opt/ros/humble /usr/bin/cmake --build /home/spider/ws/build/xmlrpcpp -- -j4 -l4
[183.716s] DEBUG:colcon.colcon_core.event_handler.log_command:Invoking command in '/home/spider/ws/build/xmlrpcpp': CMAKE_PREFIX_PATH=/opt/ros/humble /usr/bin/cmake --install /home/spider/ws/build/xmlrpcpp
[186.079s] Level 1:colcon.colcon_core.environment:create_environment_scripts_only(xmlrpcpp)
[186.083s] Level 1:colcon.colcon_core.environment:checking '/home/spider/ws/install/xmlrpcpp' for CMake module files
[186.086s] DEBUG:colcon.colcon_core.event_handler.log_command:Invoked command in '/home/spider/ws/build/xmlrpcpp' returned '0': CMAKE_PREFIX_PATH=/opt/ros/humble /usr/bin/cmake --install /home/spider/ws/build/xmlrpcpp
[186.091s] Level 1:colcon.colcon_core.environment:checking '/home/spider/ws/install/xmlrpcpp' for CMake config files
[186.094s] Level 1:colcon.colcon_core.shell:create_environment_hook('xmlrpcpp', 'cmake_prefix_path')
[186.097s] INFO:colcon.colcon_core.shell:Creating environment hook '/home/spider/ws/install/xmlrpcpp/share/xmlrpcpp/hook/cmake_prefix_path.ps1'
[186.101s] INFO:colcon.colcon_core.shell:Creating environment descriptor '/home/spider/ws/install/xmlrpcpp/share/xmlrpcpp/hook/cmake_prefix_path.dsv'
[186.105s] INFO:colcon.colcon_core.shell:Creating environment hook '/home/spider/ws/install/xmlrpcpp/share/xmlrpcpp/hook/cmake_prefix_path.sh'
[186.110s] Level 1:colcon.colcon_core.environment:checking '/home/spider/ws/install/xmlrpcpp/lib'
[186.111s] Level 1:colcon.colcon_core.environment:checking '/home/spider/ws/install/xmlrpcpp/bin'
[186.112s] Level 1:colcon.colcon_core.environment:checking '/home/spider/ws/install/xmlrpcpp/lib/pkgconfig/xmlrpcpp.pc'
[186.114s] Level 1:colcon.colcon_core.environment:checking '/home/spider/ws/install/xmlrpcpp/lib/python3.10/site-packages'
[186.118s] Level 1:colcon.colcon_core.environment:checking '/home/spider/ws/install/xmlrpcpp/bin'
[186.121s] INFO:colcon.colcon_core.shell:Creating package script '/home/spider/ws/install/xmlrpcpp/share/xmlrpcpp/package.ps1'
[186.127s] INFO:colcon.colcon_core.shell:Creating package descriptor '/home/spider/ws/install/xmlrpcpp/share/xmlrpcpp/package.dsv'
[186.132s] INFO:colcon.colcon_core.shell:Creating package script '/home/spider/ws/install/xmlrpcpp/share/xmlrpcpp/package.sh'
[186.137s] INFO:colcon.colcon_core.shell:Creating package script '/home/spider/ws/install/xmlrpcpp/share/xmlrpcpp/package.bash'
[186.141s] INFO:colcon.colcon_core.shell:Creating package script '/home/spider/ws/install/xmlrpcpp/share/xmlrpcpp/package.zsh'
[186.144s] Level 1:colcon.colcon_core.environment:create_file_with_runtime_dependencies(/home/spider/ws/install/xmlrpcpp/share/colcon-core/packages/xmlrpcpp)
[186.150s] Level 1:colcon.colcon_core.environment:create_environment_scripts_only(xmlrpcpp)
[186.153s] Level 1:colcon.colcon_core.environment:checking '/home/spider/ws/install/xmlrpcpp' for CMake module files
[186.159s] Level 1:colcon.colcon_core.environment:checking '/home/spider/ws/install/xmlrpcpp' for CMake config files
[186.162s] Level 1:colcon.colcon_core.shell:create_environment_hook('xmlrpcpp', 'cmake_prefix_path')
[186.165s] INFO:colcon.colcon_core.shell:Creating environment hook '/home/spider/ws/install/xmlrpcpp/share/xmlrpcpp/hook/cmake_prefix_path.ps1'
[186.169s] INFO:colcon.colcon_core.shell:Creating environment descriptor '/home/spider/ws/install/xmlrpcpp/share/xmlrpcpp/hook/cmake_prefix_path.dsv'
[186.173s] INFO:colcon.colcon_core.shell:Creating environment hook '/home/spider/ws/install/xmlrpcpp/share/xmlrpcpp/hook/cmake_prefix_path.sh'
[186.179s] Level 1:colcon.colcon_core.environment:checking '/home/spider/ws/install/xmlrpcpp/lib'
[186.180s] Level 1:colcon.colcon_core.environment:checking '/home/spider/ws/install/xmlrpcpp/bin'
[186.181s] Level 1:colcon.colcon_core.environment:checking '/home/spider/ws/install/xmlrpcpp/lib/pkgconfig/xmlrpcpp.pc'
[186.183s] Level 1:colcon.colcon_core.environment:checking '/home/spider/ws/install/xmlrpcpp/lib/python3.10/site-packages'
[186.187s] Level 1:colcon.colcon_core.environment:checking '/home/spider/ws/install/xmlrpcpp/bin'
[186.190s] INFO:colcon.colcon_core.shell:Creating package script '/home/spider/ws/install/xmlrpcpp/share/xmlrpcpp/package.ps1'
[186.195s] INFO:colcon.colcon_core.shell:Creating package descriptor '/home/spider/ws/install/xmlrpcpp/share/xmlrpcpp/package.dsv'
[186.200s] INFO:colcon.colcon_core.shell:Creating package script '/home/spider/ws/install/xmlrpcpp/share/xmlrpcpp/package.sh'
[186.205s] INFO:colcon.colcon_core.shell:Creating package script '/home/spider/ws/install/xmlrpcpp/share/xmlrpcpp/package.bash'
[186.209s] INFO:colcon.colcon_core.shell:Creating package script '/home/spider/ws/install/xmlrpcpp/share/xmlrpcpp/package.zsh'
[186.214s] Level 1:colcon.colcon_core.environment:create_file_with_runtime_dependencies(/home/spider/ws/install/xmlrpcpp/share/colcon-core/packages/xmlrpcpp)
[186.217s] INFO:colcon.colcon_ros.task.ament_cmake.build:Building ROS package in '/home/spider/ws/src/spider_msgs' with build type 'ament_cmake'
[186.218s] INFO:colcon.colcon_cmake.task.cmake.build:Building CMake package in '/home/spider/ws/src/spider_msgs'
[186.221s] INFO:colcon.colcon_core.shell:Skip shell extension 'powershell' for command environment: Not usable outside of PowerShell
[186.222s] DEBUG:colcon.colcon_core.shell:Skip shell extension 'dsv' for command environment
[186.305s] DEBUG:colcon.colcon_core.event_handler.log_command:Invoking command in '/home/spider/ws/build/spider_msgs': CMAKE_PREFIX_PATH=/opt/ros/humble /usr/bin/cmake /home/spider/ws/src/spider_msgs -DAMENT_CMAKE_SYMLINK_INSTALL=1 -DCMAKE_INSTALL_PREFIX=/home/spider/ws/install/spider_msgs
[205.273s] DEBUG:colcon.colcon_core.event_handler.log_command:Invoked command in '/home/spider/ws/build/spider_msgs' returned '0': CMAKE_PREFIX_PATH=/opt/ros/humble /usr/bin/cmake /home/spider/ws/src/spider_msgs -DAMENT_CMAKE_SYMLINK_INSTALL=1 -DCMAKE_INSTALL_PREFIX=/home/spider/ws/install/spider_msgs
[205.297s] DEBUG:colcon.colcon_core.event_handler.log_command:Invoking command in '/home/spider/ws/build/spider_msgs': CMAKE_PREFIX_PATH=/opt/ros/humble /usr/bin/cmake --build /home/spider/ws/build/spider_msgs -- -j4 -l4
[232.390s] DEBUG:colcon.colcon_core.event_handler.log_command:Invoked command in '/home/spider/ws/build/spider_msgs' returned '0': CMAKE_PREFIX_PATH=/opt/ros/humble /usr/bin/cmake --build /home/spider/ws/build/spider_msgs -- -j4 -l4
[232.411s] DEBUG:colcon.colcon_core.event_handler.log_command:Invoking command in '/home/spider/ws/build/spider_msgs': CMAKE_PREFIX_PATH=/opt/ros/humble /usr/bin/cmake --install /home/spider/ws/build/spider_msgs
[237.357s] Level 1:colcon.colcon_core.environment:create_environment_scripts_only(spider_msgs)
[237.361s] Level 1:colcon.colcon_core.environment:checking '/home/spider/ws/install/spider_msgs' for CMake module files
[237.364s] DEBUG:colcon.colcon_core.event_handler.log_command:Invoked command in '/home/spider/ws/build/spider_msgs' returned '0': CMAKE_PREFIX_PATH=/opt/ros/humble /usr/bin/cmake --install /home/spider/ws/build/spider_msgs
[237.372s] Level 1:colcon.colcon_core.environment:checking '/home/spider/ws/install/spider_msgs' for CMake config files
[237.382s] Level 1:colcon.colcon_core.shell:create_environment_hook('spider_msgs', 'cmake_prefix_path')
[237.384s] INFO:colcon.colcon_core.shell:Creating environment hook '/home/spider/ws/install/spider_msgs/share/spider_msgs/hook/cmake_prefix_path.ps1'
[237.389s] INFO:colcon.colcon_core.shell:Creating environment descriptor '/home/spider/ws/install/spider_msgs/share/spider_msgs/hook/cmake_prefix_path.dsv'
[237.392s] INFO:colcon.colcon_core.shell:Creating environment hook '/home/spider/ws/install/spider_msgs/share/spider_msgs/hook/cmake_prefix_path.sh'
[237.398s] Level 1:colcon.colcon_core.environment:checking '/home/spider/ws/install/spider_msgs/lib'
[237.399s] Level 1:colcon.colcon_core.shell:create_environment_hook('spider_msgs', 'ld_library_path_lib')
[237.401s] INFO:colcon.colcon_core.shell:Creating environment hook '/home/spider/ws/install/spider_msgs/share/spider_msgs/hook/ld_library_path_lib.ps1'
[237.405s] INFO:colcon.colcon_core.shell:Creating environment descriptor '/home/spider/ws/install/spider_msgs/share/spider_msgs/hook/ld_library_path_lib.dsv'
[237.408s] INFO:colcon.colcon_core.shell:Creating environment hook '/home/spider/ws/install/spider_msgs/share/spider_msgs/hook/ld_library_path_lib.sh'
[237.412s] Level 1:colcon.colcon_core.environment:checking '/home/spider/ws/install/spider_msgs/bin'
[237.413s] Level 1:colcon.colcon_core.environment:checking '/home/spider/ws/install/spider_msgs/lib/pkgconfig/spider_msgs.pc'
[237.415s] Level 1:colcon.colcon_core.environment:checking '/home/spider/ws/install/spider_msgs/lib/python3.10/site-packages'
[237.419s] Level 1:colcon.colcon_core.environment:checking '/home/spider/ws/install/spider_msgs/bin'
[237.423s] INFO:colcon.colcon_core.shell:Creating package script '/home/spider/ws/install/spider_msgs/share/spider_msgs/package.ps1'
[237.427s] INFO:colcon.colcon_core.shell:Creating package descriptor '/home/spider/ws/install/spider_msgs/share/spider_msgs/package.dsv'
[237.433s] INFO:colcon.colcon_core.shell:Creating package script '/home/spider/ws/install/spider_msgs/share/spider_msgs/package.sh'
[237.438s] INFO:colcon.colcon_core.shell:Creating package script '/home/spider/ws/install/spider_msgs/share/spider_msgs/package.bash'
[237.442s] INFO:colcon.colcon_core.shell:Creating package script '/home/spider/ws/install/spider_msgs/share/spider_msgs/package.zsh'
[237.446s] Level 1:colcon.colcon_core.environment:create_file_with_runtime_dependencies(/home/spider/ws/install/spider_msgs/share/colcon-core/packages/spider_msgs)
[237.453s] Level 1:colcon.colcon_core.environment:create_environment_scripts_only(spider_msgs)
[237.455s] Level 1:colcon.colcon_core.environment:checking '/home/spider/ws/install/spider_msgs' for CMake module files
[237.464s] Level 1:colcon.colcon_core.environment:checking '/home/spider/ws/install/spider_msgs' for CMake config files
[237.473s] Level 1:colcon.colcon_core.shell:create_environment_hook('spider_msgs', 'cmake_prefix_path')
[237.476s] INFO:colcon.colcon_core.shell:Creating environment hook '/home/spider/ws/install/spider_msgs/share/spider_msgs/hook/cmake_prefix_path.ps1'
[237.480s] INFO:colcon.colcon_core.shell:Creating environment descriptor '/home/spider/ws/install/spider_msgs/share/spider_msgs/hook/cmake_prefix_path.dsv'
[237.484s] INFO:colcon.colcon_core.shell:Creating environment hook '/home/spider/ws/install/spider_msgs/share/spider_msgs/hook/cmake_prefix_path.sh'
[237.490s] Level 1:colcon.colcon_core.environment:checking '/home/spider/ws/install/spider_msgs/lib'
[237.491s] Level 1:colcon.colcon_core.shell:create_environment_hook('spider_msgs', 'ld_library_path_lib')
[237.493s] INFO:colcon.colcon_core.shell:Creating environment hook '/home/spider/ws/install/spider_msgs/share/spider_msgs/hook/ld_library_path_lib.ps1'
[237.497s] INFO:colcon.colcon_core.shell:Creating environment descriptor '/home/spider/ws/install/spider_msgs/share/spider_msgs/hook/ld_library_path_lib.dsv'
[237.501s] INFO:colcon.colcon_core.shell:Creating environment hook '/home/spider/ws/install/spider_msgs/share/spider_msgs/hook/ld_library_path_lib.sh'
[237.506s] Level 1:colcon.colcon_core.environment:checking '/home/spider/ws/install/spider_msgs/bin'
[237.507s] Level 1:colcon.colcon_core.environment:checking '/home/spider/ws/install/spider_msgs/lib/pkgconfig/spider_msgs.pc'
[237.509s] Level 1:colcon.colcon_core.environment:checking '/home/spider/ws/install/spider_msgs/lib/python3.10/site-packages'
[237.513s] Level 1:colcon.colcon_core.environment:checking '/home/spider/ws/install/spider_msgs/bin'
[237.517s] INFO:colcon.colcon_core.shell:Creating package script '/home/spider/ws/install/spider_msgs/share/spider_msgs/package.ps1'
[237.523s] INFO:colcon.colcon_core.shell:Creating package descriptor '/home/spider/ws/install/spider_msgs/share/spider_msgs/package.dsv'
[237.529s] INFO:colcon.colcon_core.shell:Creating package script '/home/spider/ws/install/spider_msgs/share/spider_msgs/package.sh'
[237.534s] INFO:colcon.colcon_core.shell:Creating package script '/home/spider/ws/install/spider_msgs/share/spider_msgs/package.bash'
[237.540s] INFO:colcon.colcon_core.shell:Creating package script '/home/spider/ws/install/spider_msgs/share/spider_msgs/package.zsh'
[237.546s] Level 1:colcon.colcon_core.environment:create_file_with_runtime_dependencies(/home/spider/ws/install/spider_msgs/share/colcon-core/packages/spider_msgs)
[237.549s] INFO:colcon.colcon_ros.task.ament_cmake.build:Building ROS package in '/home/spider/ws/src/i2c_pwm_board/i2c_pwm_board_xmlrp' with build type 'ament_cmake'
[237.551s] INFO:colcon.colcon_cmake.task.cmake.build:Building CMake package in '/home/spider/ws/src/i2c_pwm_board/i2c_pwm_board_xmlrp'
[237.554s] INFO:colcon.colcon_core.shell:Skip shell extension 'powershell' for command environment: Not usable outside of PowerShell
[237.554s] DEBUG:colcon.colcon_core.shell:Skip shell extension 'dsv' for command environment
[237.664s] DEBUG:colcon.colcon_core.event_handler.log_command:Invoking command in '/home/spider/ws/build/i2c_pwm_board_xmlrp': AMENT_PREFIX_PATH=/home/spider/ws/install/xmlrpcpp:${AMENT_PREFIX_PATH} CMAKE_PREFIX_PATH=/home/spider/ws/install/xmlrpcpp:/opt/ros/humble LD_LIBRARY_PATH=/home/spider/ws/install/xmlrpcpp/lib:${LD_LIBRARY_PATH} /usr/bin/cmake /home/spider/ws/src/i2c_pwm_board/i2c_pwm_board_xmlrp -DAMENT_CMAKE_SYMLINK_INSTALL=1 -DCMAKE_INSTALL_PREFIX=/home/spider/ws/install/i2c_pwm_board_xmlrp
[252.347s] DEBUG:colcon.colcon_core.event_handler.log_command:Invoked command in '/home/spider/ws/build/i2c_pwm_board_xmlrp' returned '0': AMENT_PREFIX_PATH=/home/spider/ws/install/xmlrpcpp:${AMENT_PREFIX_PATH} CMAKE_PREFIX_PATH=/home/spider/ws/install/xmlrpcpp:/opt/ros/humble LD_LIBRARY_PATH=/home/spider/ws/install/xmlrpcpp/lib:${LD_LIBRARY_PATH} /usr/bin/cmake /home/spider/ws/src/i2c_pwm_board/i2c_pwm_board_xmlrp -DAMENT_CMAKE_SYMLINK_INSTALL=1 -DCMAKE_INSTALL_PREFIX=/home/spider/ws/install/i2c_pwm_board_xmlrp
[252.367s] DEBUG:colcon.colcon_core.event_handler.log_command:Invoking command in '/home/spider/ws/build/i2c_pwm_board_xmlrp': AMENT_PREFIX_PATH=/home/spider/ws/install/xmlrpcpp:${AMENT_PREFIX_PATH} CMAKE_PREFIX_PATH=/home/spider/ws/install/xmlrpcpp:/opt/ros/humble LD_LIBRARY_PATH=/home/spider/ws/install/xmlrpcpp/lib:${LD_LIBRARY_PATH} /usr/bin/cmake --build /home/spider/ws/build/i2c_pwm_board_xmlrp -- -j4 -l4
[261.401s] DEBUG:colcon.colcon_core.event_handler.log_command:Invoked command in '/home/spider/ws/build/i2c_pwm_board_xmlrp' returned '0': AMENT_PREFIX_PATH=/home/spider/ws/install/xmlrpcpp:${AMENT_PREFIX_PATH} CMAKE_PREFIX_PATH=/home/spider/ws/install/xmlrpcpp:/opt/ros/humble LD_LIBRARY_PATH=/home/spider/ws/install/xmlrpcpp/lib:${LD_LIBRARY_PATH} /usr/bin/cmake --build /home/spider/ws/build/i2c_pwm_board_xmlrp -- -j4 -l4
[261.421s] DEBUG:colcon.colcon_core.event_handler.log_command:Invoking command in '/home/spider/ws/build/i2c_pwm_board_xmlrp': AMENT_PREFIX_PATH=/home/spider/ws/install/xmlrpcpp:${AMENT_PREFIX_PATH} CMAKE_PREFIX_PATH=/home/spider/ws/install/xmlrpcpp:/opt/ros/humble LD_LIBRARY_PATH=/home/spider/ws/install/xmlrpcpp/lib:${LD_LIBRARY_PATH} /usr/bin/cmake --install /home/spider/ws/build/i2c_pwm_board_xmlrp
[263.082s] Level 1:colcon.colcon_core.environment:create_environment_scripts_only(i2c_pwm_board_xmlrp)
[263.084s] Level 1:colcon.colcon_core.environment:checking '/home/spider/ws/install/i2c_pwm_board_xmlrp' for CMake module files
[263.088s] DEBUG:colcon.colcon_core.event_handler.log_command:Invoked command in '/home/spider/ws/build/i2c_pwm_board_xmlrp' returned '0': AMENT_PREFIX_PATH=/home/spider/ws/install/xmlrpcpp:${AMENT_PREFIX_PATH} CMAKE_PREFIX_PATH=/home/spider/ws/install/xmlrpcpp:/opt/ros/humble LD_LIBRARY_PATH=/home/spider/ws/install/xmlrpcpp/lib:${LD_LIBRARY_PATH} /usr/bin/cmake --install /home/spider/ws/build/i2c_pwm_board_xmlrp
[263.094s] Level 1:colcon.colcon_core.environment:checking '/home/spider/ws/install/i2c_pwm_board_xmlrp' for CMake config files
[263.098s] Level 1:colcon.colcon_core.shell:create_environment_hook('i2c_pwm_board_xmlrp', 'cmake_prefix_path')
[263.100s] INFO:colcon.colcon_core.shell:Creating environment hook '/home/spider/ws/install/i2c_pwm_board_xmlrp/share/i2c_pwm_board_xmlrp/hook/cmake_prefix_path.ps1'
[263.104s] INFO:colcon.colcon_core.shell:Creating environment descriptor '/home/spider/ws/install/i2c_pwm_board_xmlrp/share/i2c_pwm_board_xmlrp/hook/cmake_prefix_path.dsv'
[263.108s] INFO:colcon.colcon_core.shell:Creating environment hook '/home/spider/ws/install/i2c_pwm_board_xmlrp/share/i2c_pwm_board_xmlrp/hook/cmake_prefix_path.sh'
[263.114s] Level 1:colcon.colcon_core.environment:checking '/home/spider/ws/install/i2c_pwm_board_xmlrp/lib'
[263.115s] Level 1:colcon.colcon_core.environment:checking '/home/spider/ws/install/i2c_pwm_board_xmlrp/bin'
[263.116s] Level 1:colcon.colcon_core.environment:checking '/home/spider/ws/install/i2c_pwm_board_xmlrp/lib/pkgconfig/i2c_pwm_board_xmlrp.pc'
[263.118s] Level 1:colcon.colcon_core.environment:checking '/home/spider/ws/install/i2c_pwm_board_xmlrp/lib/python3.10/site-packages'
[263.122s] Level 1:colcon.colcon_core.environment:checking '/home/spider/ws/install/i2c_pwm_board_xmlrp/bin'
[263.125s] INFO:colcon.colcon_core.shell:Creating package script '/home/spider/ws/install/i2c_pwm_board_xmlrp/share/i2c_pwm_board_xmlrp/package.ps1'
[263.130s] INFO:colcon.colcon_core.shell:Creating package descriptor '/home/spider/ws/install/i2c_pwm_board_xmlrp/share/i2c_pwm_board_xmlrp/package.dsv'
[263.135s] INFO:colcon.colcon_core.shell:Creating package script '/home/spider/ws/install/i2c_pwm_board_xmlrp/share/i2c_pwm_board_xmlrp/package.sh'
[263.139s] INFO:colcon.colcon_core.shell:Creating package script '/home/spider/ws/install/i2c_pwm_board_xmlrp/share/i2c_pwm_board_xmlrp/package.bash'
[263.144s] INFO:colcon.colcon_core.shell:Creating package script '/home/spider/ws/install/i2c_pwm_board_xmlrp/share/i2c_pwm_board_xmlrp/package.zsh'
[263.147s] Level 1:colcon.colcon_core.environment:create_file_with_runtime_dependencies(/home/spider/ws/install/i2c_pwm_board_xmlrp/share/colcon-core/packages/i2c_pwm_board_xmlrp)
[263.153s] Level 1:colcon.colcon_core.environment:create_environment_scripts_only(i2c_pwm_board_xmlrp)
[263.156s] Level 1:colcon.colcon_core.environment:checking '/home/spider/ws/install/i2c_pwm_board_xmlrp' for CMake module files
[263.163s] Level 1:colcon.colcon_core.environment:checking '/home/spider/ws/install/i2c_pwm_board_xmlrp' for CMake config files
[263.168s] Level 1:colcon.colcon_core.shell:create_environment_hook('i2c_pwm_board_xmlrp', 'cmake_prefix_path')
[263.171s] INFO:colcon.colcon_core.shell:Creating environment hook '/home/spider/ws/install/i2c_pwm_board_xmlrp/share/i2c_pwm_board_xmlrp/hook/cmake_prefix_path.ps1'
[263.175s] INFO:colcon.colcon_core.shell:Creating environment descriptor '/home/spider/ws/install/i2c_pwm_board_xmlrp/share/i2c_pwm_board_xmlrp/hook/cmake_prefix_path.dsv'
[263.179s] INFO:colcon.colcon_core.shell:Creating environment hook '/home/spider/ws/install/i2c_pwm_board_xmlrp/share/i2c_pwm_board_xmlrp/hook/cmake_prefix_path.sh'
[263.185s] Level 1:colcon.colcon_core.environment:checking '/home/spider/ws/install/i2c_pwm_board_xmlrp/lib'
[263.186s] Level 1:colcon.colcon_core.environment:checking '/home/spider/ws/install/i2c_pwm_board_xmlrp/bin'
[263.187s] Level 1:colcon.colcon_core.environment:checking '/home/spider/ws/install/i2c_pwm_board_xmlrp/lib/pkgconfig/i2c_pwm_board_xmlrp.pc'
[263.189s] Level 1:colcon.colcon_core.environment:checking '/home/spider/ws/install/i2c_pwm_board_xmlrp/lib/python3.10/site-packages'
[263.193s] Level 1:colcon.colcon_core.environment:checking '/home/spider/ws/install/i2c_pwm_board_xmlrp/bin'
[263.196s] INFO:colcon.colcon_core.shell:Creating package script '/home/spider/ws/install/i2c_pwm_board_xmlrp/share/i2c_pwm_board_xmlrp/package.ps1'
[263.201s] INFO:colcon.colcon_core.shell:Creating package descriptor '/home/spider/ws/install/i2c_pwm_board_xmlrp/share/i2c_pwm_board_xmlrp/package.dsv'
[263.206s] INFO:colcon.colcon_core.shell:Creating package script '/home/spider/ws/install/i2c_pwm_board_xmlrp/share/i2c_pwm_board_xmlrp/package.sh'
[263.211s] INFO:colcon.colcon_core.shell:Creating package script '/home/spider/ws/install/i2c_pwm_board_xmlrp/share/i2c_pwm_board_xmlrp/package.bash'
[263.218s] INFO:colcon.colcon_core.shell:Creating package script '/home/spider/ws/install/i2c_pwm_board_xmlrp/share/i2c_pwm_board_xmlrp/package.zsh'
[263.222s] Level 1:colcon.colcon_core.environment:create_file_with_runtime_dependencies(/home/spider/ws/install/i2c_pwm_board_xmlrp/share/colcon-core/packages/i2c_pwm_board_xmlrp)
[263.226s] INFO:colcon.colcon_ros.task.ament_cmake.build:Building ROS package in '/home/spider/ws/src/i2c_pwm_board/i2c_pwm_board_calibration' with build type 'ament_cmake'
[263.227s] INFO:colcon.colcon_cmake.task.cmake.build:Building CMake package in '/home/spider/ws/src/i2c_pwm_board/i2c_pwm_board_calibration'
[263.230s] INFO:colcon.colcon_core.shell:Skip shell extension 'powershell' for command environment: Not usable outside of PowerShell
[263.231s] DEBUG:colcon.colcon_core.shell:Skip shell extension 'dsv' for command environment
[263.347s] DEBUG:colcon.colcon_core.event_handler.log_command:Invoking command in '/home/spider/ws/build/i2c_pwm_board_calibration': AMENT_PREFIX_PATH=/home/spider/ws/install/i2c_pwm_board_msgs:${AMENT_PREFIX_PATH} CMAKE_PREFIX_PATH=/home/spider/ws/install/i2c_pwm_board_msgs:/opt/ros/humble LD_LIBRARY_PATH=/home/spider/ws/install/i2c_pwm_board_msgs/lib:${LD_LIBRARY_PATH} PYTHONPATH=/home/spider/ws/install/i2c_pwm_board_msgs/local/lib/python3.10/dist-packages:${PYTHONPATH} /usr/bin/cmake /home/spider/ws/src/i2c_pwm_board/i2c_pwm_board_calibration -DAMENT_CMAKE_SYMLINK_INSTALL=1 -DCMAKE_INSTALL_PREFIX=/home/spider/ws/install/i2c_pwm_board_calibration
[277.735s] DEBUG:colcon.colcon_core.event_handler.log_command:Invoked command in '/home/spider/ws/build/i2c_pwm_board_calibration' returned '0': AMENT_PREFIX_PATH=/home/spider/ws/install/i2c_pwm_board_msgs:${AMENT_PREFIX_PATH} CMAKE_PREFIX_PATH=/home/spider/ws/install/i2c_pwm_board_msgs:/opt/ros/humble LD_LIBRARY_PATH=/home/spider/ws/install/i2c_pwm_board_msgs/lib:${LD_LIBRARY_PATH} PYTHONPATH=/home/spider/ws/install/i2c_pwm_board_msgs/local/lib/python3.10/dist-packages:${PYTHONPATH} /usr/bin/cmake /home/spider/ws/src/i2c_pwm_board/i2c_pwm_board_calibration -DAMENT_CMAKE_SYMLINK_INSTALL=1 -DCMAKE_INSTALL_PREFIX=/home/spider/ws/install/i2c_pwm_board_calibration
[277.757s] DEBUG:colcon.colcon_core.event_handler.log_command:Invoking command in '/home/spider/ws/build/i2c_pwm_board_calibration': AMENT_PREFIX_PATH=/home/spider/ws/install/i2c_pwm_board_msgs:${AMENT_PREFIX_PATH} CMAKE_PREFIX_PATH=/home/spider/ws/install/i2c_pwm_board_msgs:/opt/ros/humble LD_LIBRARY_PATH=/home/spider/ws/install/i2c_pwm_board_msgs/lib:${LD_LIBRARY_PATH} PYTHONPATH=/home/spider/ws/install/i2c_pwm_board_msgs/local/lib/python3.10/dist-packages:${PYTHONPATH} /usr/bin/cmake --build /home/spider/ws/build/i2c_pwm_board_calibration -- -j4 -l4
[334.924s] DEBUG:colcon.colcon_core.event_handler.log_command:Invoked command in '/home/spider/ws/build/i2c_pwm_board_calibration' returned '0': AMENT_PREFIX_PATH=/home/spider/ws/install/i2c_pwm_board_msgs:${AMENT_PREFIX_PATH} CMAKE_PREFIX_PATH=/home/spider/ws/install/i2c_pwm_board_msgs:/opt/ros/humble LD_LIBRARY_PATH=/home/spider/ws/install/i2c_pwm_board_msgs/lib:${LD_LIBRARY_PATH} PYTHONPATH=/home/spider/ws/install/i2c_pwm_board_msgs/local/lib/python3.10/dist-packages:${PYTHONPATH} /usr/bin/cmake --build /home/spider/ws/build/i2c_pwm_board_calibration -- -j4 -l4
[335.213s] DEBUG:colcon.colcon_core.event_handler.log_command:Invoking command in '/home/spider/ws/build/i2c_pwm_board_calibration': AMENT_PREFIX_PATH=/home/spider/ws/install/i2c_pwm_board_msgs:${AMENT_PREFIX_PATH} CMAKE_PREFIX_PATH=/home/spider/ws/install/i2c_pwm_board_msgs:/opt/ros/humble LD_LIBRARY_PATH=/home/spider/ws/install/i2c_pwm_board_msgs/lib:${LD_LIBRARY_PATH} PYTHONPATH=/home/spider/ws/install/i2c_pwm_board_msgs/local/lib/python3.10/dist-packages:${PYTHONPATH} /usr/bin/cmake --install /home/spider/ws/build/i2c_pwm_board_calibration
[336.700s] DEBUG:colcon.colcon_core.event_handler.log_command:Invoked command in '/home/spider/ws/build/i2c_pwm_board_calibration' returned '0': AMENT_PREFIX_PATH=/home/spider/ws/install/i2c_pwm_board_msgs:${AMENT_PREFIX_PATH} CMAKE_PREFIX_PATH=/home/spider/ws/install/i2c_pwm_board_msgs:/opt/ros/humble LD_LIBRARY_PATH=/home/spider/ws/install/i2c_pwm_board_msgs/lib:${LD_LIBRARY_PATH} PYTHONPATH=/home/spider/ws/install/i2c_pwm_board_msgs/local/lib/python3.10/dist-packages:${PYTHONPATH} /usr/bin/cmake --install /home/spider/ws/build/i2c_pwm_board_calibration
[336.695s] Level 1:colcon.colcon_core.environment:create_environment_scripts_only(i2c_pwm_board_calibration)
[336.814s] Level 1:colcon.colcon_core.environment:checking '/home/spider/ws/install/i2c_pwm_board_calibration' for CMake module files
[336.836s] Level 1:colcon.colcon_core.environment:checking '/home/spider/ws/install/i2c_pwm_board_calibration' for CMake config files
[336.881s] Level 1:colcon.colcon_core.shell:create_environment_hook('i2c_pwm_board_calibration', 'cmake_prefix_path')
[336.965s] INFO:colcon.colcon_core.shell:Creating environment hook '/home/spider/ws/install/i2c_pwm_board_calibration/share/i2c_pwm_board_calibration/hook/cmake_prefix_path.ps1'
[337.216s] INFO:colcon.colcon_core.shell:Creating environment descriptor '/home/spider/ws/install/i2c_pwm_board_calibration/share/i2c_pwm_board_calibration/hook/cmake_prefix_path.dsv'
[337.346s] INFO:colcon.colcon_core.shell:Creating environment hook '/home/spider/ws/install/i2c_pwm_board_calibration/share/i2c_pwm_board_calibration/hook/cmake_prefix_path.sh'
[337.511s] Level 1:colcon.colcon_core.environment:checking '/home/spider/ws/install/i2c_pwm_board_calibration/lib'
[337.517s] Level 1:colcon.colcon_core.environment:checking '/home/spider/ws/install/i2c_pwm_board_calibration/bin'
[337.523s] Level 1:colcon.colcon_core.environment:checking '/home/spider/ws/install/i2c_pwm_board_calibration/lib/pkgconfig/i2c_pwm_board_calibration.pc'
[337.614s] Level 1:colcon.colcon_core.environment:checking '/home/spider/ws/install/i2c_pwm_board_calibration/lib/python3.10/site-packages'
[337.621s] Level 1:colcon.colcon_core.environment:checking '/home/spider/ws/install/i2c_pwm_board_calibration/bin'
[337.628s] INFO:colcon.colcon_core.shell:Creating package script '/home/spider/ws/install/i2c_pwm_board_calibration/share/i2c_pwm_board_calibration/package.ps1'
[337.658s] INFO:colcon.colcon_core.shell:Creating package descriptor '/home/spider/ws/install/i2c_pwm_board_calibration/share/i2c_pwm_board_calibration/package.dsv'
[337.679s] INFO:colcon.colcon_core.shell:Creating package script '/home/spider/ws/install/i2c_pwm_board_calibration/share/i2c_pwm_board_calibration/package.sh'
[337.694s] INFO:colcon.colcon_core.shell:Creating package script '/home/spider/ws/install/i2c_pwm_board_calibration/share/i2c_pwm_board_calibration/package.bash'
[337.712s] INFO:colcon.colcon_core.shell:Creating package script '/home/spider/ws/install/i2c_pwm_board_calibration/share/i2c_pwm_board_calibration/package.zsh'
[337.734s] Level 1:colcon.colcon_core.environment:create_file_with_runtime_dependencies(/home/spider/ws/install/i2c_pwm_board_calibration/share/colcon-core/packages/i2c_pwm_board_calibration)
[337.750s] Level 1:colcon.colcon_core.environment:create_environment_scripts_only(i2c_pwm_board_calibration)
[337.755s] Level 1:colcon.colcon_core.environment:checking '/home/spider/ws/install/i2c_pwm_board_calibration' for CMake module files
[337.762s] Level 1:colcon.colcon_core.environment:checking '/home/spider/ws/install/i2c_pwm_board_calibration' for CMake config files
[337.767s] Level 1:colcon.colcon_core.shell:create_environment_hook('i2c_pwm_board_calibration', 'cmake_prefix_path')
[337.773s] INFO:colcon.colcon_core.shell:Creating environment hook '/home/spider/ws/install/i2c_pwm_board_calibration/share/i2c_pwm_board_calibration/hook/cmake_prefix_path.ps1'
[337.779s] INFO:colcon.colcon_core.shell:Creating environment descriptor '/home/spider/ws/install/i2c_pwm_board_calibration/share/i2c_pwm_board_calibration/hook/cmake_prefix_path.dsv'
[337.783s] INFO:colcon.colcon_core.shell:Creating environment hook '/home/spider/ws/install/i2c_pwm_board_calibration/share/i2c_pwm_board_calibration/hook/cmake_prefix_path.sh'
[337.796s] Level 1:colcon.colcon_core.environment:checking '/home/spider/ws/install/i2c_pwm_board_calibration/lib'
[337.797s] Level 1:colcon.colcon_core.environment:checking '/home/spider/ws/install/i2c_pwm_board_calibration/bin'
[337.800s] Level 1:colcon.colcon_core.environment:checking '/home/spider/ws/install/i2c_pwm_board_calibration/lib/pkgconfig/i2c_pwm_board_calibration.pc'
[337.803s] Level 1:colcon.colcon_core.environment:checking '/home/spider/ws/install/i2c_pwm_board_calibration/lib/python3.10/site-packages'
[337.807s] Level 1:colcon.colcon_core.environment:checking '/home/spider/ws/install/i2c_pwm_board_calibration/bin'
[337.810s] INFO:colcon.colcon_core.shell:Creating package script '/home/spider/ws/install/i2c_pwm_board_calibration/share/i2c_pwm_board_calibration/package.ps1'
[337.818s] INFO:colcon.colcon_core.shell:Creating package descriptor '/home/spider/ws/install/i2c_pwm_board_calibration/share/i2c_pwm_board_calibration/package.dsv'
[337.826s] INFO:colcon.colcon_core.shell:Creating package script '/home/spider/ws/install/i2c_pwm_board_calibration/share/i2c_pwm_board_calibration/package.sh'
[337.833s] INFO:colcon.colcon_core.shell:Creating package script '/home/spider/ws/install/i2c_pwm_board_calibration/share/i2c_pwm_board_calibration/package.bash'
[337.841s] INFO:colcon.colcon_core.shell:Creating package script '/home/spider/ws/install/i2c_pwm_board_calibration/share/i2c_pwm_board_calibration/package.zsh'
[337.848s] Level 1:colcon.colcon_core.environment:create_file_with_runtime_dependencies(/home/spider/ws/install/i2c_pwm_board_calibration/share/colcon-core/packages/i2c_pwm_board_calibration)
[337.872s] INFO:colcon.colcon_ros.task.ament_cmake.build:Building ROS package in '/home/spider/ws/src/spider_driver' with build type 'ament_cmake'
[337.882s] INFO:colcon.colcon_cmake.task.cmake.build:Building CMake package in '/home/spider/ws/src/spider_driver'
[337.892s] INFO:colcon.colcon_core.shell:Skip shell extension 'powershell' for command environment: Not usable outside of PowerShell
[337.898s] DEBUG:colcon.colcon_core.shell:Skip shell extension 'dsv' for command environment
[338.141s] DEBUG:colcon.colcon_core.event_handler.log_command:Invoking command in '/home/spider/ws/build/spider_driver': AMENT_PREFIX_PATH=/home/spider/ws/install/spider_msgs:${AMENT_PREFIX_PATH} CMAKE_PREFIX_PATH=/home/spider/ws/install/spider_msgs:/opt/ros/humble LD_LIBRARY_PATH=/home/spider/ws/install/spider_msgs/lib:${LD_LIBRARY_PATH} PYTHONPATH=/home/spider/ws/install/spider_msgs/local/lib/python3.10/dist-packages:${PYTHONPATH} /usr/bin/cmake /home/spider/ws/src/spider_driver -DAMENT_CMAKE_SYMLINK_INSTALL=1 -DCMAKE_INSTALL_PREFIX=/home/spider/ws/install/spider_driver
[357.285s] DEBUG:colcon.colcon_core.event_handler.log_command:Invoked command in '/home/spider/ws/build/spider_driver' returned '0': AMENT_PREFIX_PATH=/home/spider/ws/install/spider_msgs:${AMENT_PREFIX_PATH} CMAKE_PREFIX_PATH=/home/spider/ws/install/spider_msgs:/opt/ros/humble LD_LIBRARY_PATH=/home/spider/ws/install/spider_msgs/lib:${LD_LIBRARY_PATH} PYTHONPATH=/home/spider/ws/install/spider_msgs/local/lib/python3.10/dist-packages:${PYTHONPATH} /usr/bin/cmake /home/spider/ws/src/spider_driver -DAMENT_CMAKE_SYMLINK_INSTALL=1 -DCMAKE_INSTALL_PREFIX=/home/spider/ws/install/spider_driver
[357.325s] DEBUG:colcon.colcon_core.event_handler.log_command:Invoking command in '/home/spider/ws/build/spider_driver': AMENT_PREFIX_PATH=/home/spider/ws/install/spider_msgs:${AMENT_PREFIX_PATH} CMAKE_PREFIX_PATH=/home/spider/ws/install/spider_msgs:/opt/ros/humble LD_LIBRARY_PATH=/home/spider/ws/install/spider_msgs/lib:${LD_LIBRARY_PATH} PYTHONPATH=/home/spider/ws/install/spider_msgs/local/lib/python3.10/dist-packages:${PYTHONPATH} /usr/bin/cmake --build /home/spider/ws/build/spider_driver -- -j4 -l4
[489.132s] DEBUG:colcon.colcon_core.event_handler.log_command:Invoked command in '/home/spider/ws/build/spider_driver' returned '0': AMENT_PREFIX_PATH=/home/spider/ws/install/spider_msgs:${AMENT_PREFIX_PATH} CMAKE_PREFIX_PATH=/home/spider/ws/install/spider_msgs:/opt/ros/humble LD_LIBRARY_PATH=/home/spider/ws/install/spider_msgs/lib:${LD_LIBRARY_PATH} PYTHONPATH=/home/spider/ws/install/spider_msgs/local/lib/python3.10/dist-packages:${PYTHONPATH} /usr/bin/cmake --build /home/spider/ws/build/spider_driver -- -j4 -l4
[489.450s] DEBUG:colcon.colcon_core.event_handler.log_command:Invoking command in '/home/spider/ws/build/spider_driver': AMENT_PREFIX_PATH=/home/spider/ws/install/spider_msgs:${AMENT_PREFIX_PATH} CMAKE_PREFIX_PATH=/home/spider/ws/install/spider_msgs:/opt/ros/humble LD_LIBRARY_PATH=/home/spider/ws/install/spider_msgs/lib:${LD_LIBRARY_PATH} PYTHONPATH=/home/spider/ws/install/spider_msgs/local/lib/python3.10/dist-packages:${PYTHONPATH} /usr/bin/cmake --install /home/spider/ws/build/spider_driver
[491.425s] DEBUG:colcon.colcon_core.event_handler.log_command:Invoked command in '/home/spider/ws/build/spider_driver' returned '0': AMENT_PREFIX_PATH=/home/spider/ws/install/spider_msgs:${AMENT_PREFIX_PATH} CMAKE_PREFIX_PATH=/home/spider/ws/install/spider_msgs:/opt/ros/humble LD_LIBRARY_PATH=/home/spider/ws/install/spider_msgs/lib:${LD_LIBRARY_PATH} PYTHONPATH=/home/spider/ws/install/spider_msgs/local/lib/python3.10/dist-packages:${PYTHONPATH} /usr/bin/cmake --install /home/spider/ws/build/spider_driver
[491.418s] Level 1:colcon.colcon_core.environment:create_environment_scripts_only(spider_driver)
[491.548s] Level 1:colcon.colcon_core.environment:checking '/home/spider/ws/install/spider_driver' for CMake module files
[491.566s] Level 1:colcon.colcon_core.environment:checking '/home/spider/ws/install/spider_driver' for CMake config files
[491.589s] Level 1:colcon.colcon_core.shell:create_environment_hook('spider_driver', 'cmake_prefix_path')
[491.619s] INFO:colcon.colcon_core.shell:Creating environment hook '/home/spider/ws/install/spider_driver/share/spider_driver/hook/cmake_prefix_path.ps1'
[491.783s] INFO:colcon.colcon_core.shell:Creating environment descriptor '/home/spider/ws/install/spider_driver/share/spider_driver/hook/cmake_prefix_path.dsv'
[491.845s] INFO:colcon.colcon_core.shell:Creating environment hook '/home/spider/ws/install/spider_driver/share/spider_driver/hook/cmake_prefix_path.sh'
[491.937s] Level 1:colcon.colcon_core.environment:checking '/home/spider/ws/install/spider_driver/lib'
[491.938s] Level 1:colcon.colcon_core.shell:create_environment_hook('spider_driver', 'ld_library_path_lib')
[491.946s] INFO:colcon.colcon_core.shell:Creating environment hook '/home/spider/ws/install/spider_driver/share/spider_driver/hook/ld_library_path_lib.ps1'
[491.954s] INFO:colcon.colcon_core.shell:Creating environment descriptor '/home/spider/ws/install/spider_driver/share/spider_driver/hook/ld_library_path_lib.dsv'
[491.960s] INFO:colcon.colcon_core.shell:Creating environment hook '/home/spider/ws/install/spider_driver/share/spider_driver/hook/ld_library_path_lib.sh'
[491.968s] Level 1:colcon.colcon_core.environment:checking '/home/spider/ws/install/spider_driver/bin'
[491.970s] Level 1:colcon.colcon_core.environment:checking '/home/spider/ws/install/spider_driver/lib/pkgconfig/spider_driver.pc'
[492.037s] Level 1:colcon.colcon_core.environment:checking '/home/spider/ws/install/spider_driver/lib/python3.10/site-packages'
[492.043s] Level 1:colcon.colcon_core.environment:checking '/home/spider/ws/install/spider_driver/bin'
[492.049s] INFO:colcon.colcon_core.shell:Creating package script '/home/spider/ws/install/spider_driver/share/spider_driver/package.ps1'
[492.076s] INFO:colcon.colcon_core.shell:Creating package descriptor '/home/spider/ws/install/spider_driver/share/spider_driver/package.dsv'
[492.087s] INFO:colcon.colcon_core.shell:Creating package script '/home/spider/ws/install/spider_driver/share/spider_driver/package.sh'
[492.097s] INFO:colcon.colcon_core.shell:Creating package script '/home/spider/ws/install/spider_driver/share/spider_driver/package.bash'
[492.162s] INFO:colcon.colcon_core.shell:Creating package script '/home/spider/ws/install/spider_driver/share/spider_driver/package.zsh'
[492.182s] Level 1:colcon.colcon_core.environment:create_file_with_runtime_dependencies(/home/spider/ws/install/spider_driver/share/colcon-core/packages/spider_driver)
[492.203s] Level 1:colcon.colcon_core.environment:create_environment_scripts_only(spider_driver)
[492.207s] Level 1:colcon.colcon_core.environment:checking '/home/spider/ws/install/spider_driver' for CMake module files
[492.216s] Level 1:colcon.colcon_core.environment:checking '/home/spider/ws/install/spider_driver' for CMake config files
[492.222s] Level 1:colcon.colcon_core.shell:create_environment_hook('spider_driver', 'cmake_prefix_path')
[492.225s] INFO:colcon.colcon_core.shell:Creating environment hook '/home/spider/ws/install/spider_driver/share/spider_driver/hook/cmake_prefix_path.ps1'
[492.230s] INFO:colcon.colcon_core.shell:Creating environment descriptor '/home/spider/ws/install/spider_driver/share/spider_driver/hook/cmake_prefix_path.dsv'
[492.238s] INFO:colcon.colcon_core.shell:Creating environment hook '/home/spider/ws/install/spider_driver/share/spider_driver/hook/cmake_prefix_path.sh'
[492.251s] Level 1:colcon.colcon_core.environment:checking '/home/spider/ws/install/spider_driver/lib'
[492.252s] Level 1:colcon.colcon_core.shell:create_environment_hook('spider_driver', 'ld_library_path_lib')
[492.255s] INFO:colcon.colcon_core.shell:Creating environment hook '/home/spider/ws/install/spider_driver/share/spider_driver/hook/ld_library_path_lib.ps1'
[492.260s] INFO:colcon.colcon_core.shell:Creating environment descriptor '/home/spider/ws/install/spider_driver/share/spider_driver/hook/ld_library_path_lib.dsv'
[492.268s] INFO:colcon.colcon_core.shell:Creating environment hook '/home/spider/ws/install/spider_driver/share/spider_driver/hook/ld_library_path_lib.sh'
[492.277s] Level 1:colcon.colcon_core.environment:checking '/home/spider/ws/install/spider_driver/bin'
[492.279s] Level 1:colcon.colcon_core.environment:checking '/home/spider/ws/install/spider_driver/lib/pkgconfig/spider_driver.pc'
[492.282s] Level 1:colcon.colcon_core.environment:checking '/home/spider/ws/install/spider_driver/lib/python3.10/site-packages'
[492.287s] Level 1:colcon.colcon_core.environment:checking '/home/spider/ws/install/spider_driver/bin'
[492.291s] INFO:colcon.colcon_core.shell:Creating package script '/home/spider/ws/install/spider_driver/share/spider_driver/package.ps1'
[492.347s] INFO:colcon.colcon_core.shell:Creating package descriptor '/home/spider/ws/install/spider_driver/share/spider_driver/package.dsv'
[492.355s] INFO:colcon.colcon_core.shell:Creating package script '/home/spider/ws/install/spider_driver/share/spider_driver/package.sh'
[492.361s] INFO:colcon.colcon_core.shell:Creating package script '/home/spider/ws/install/spider_driver/share/spider_driver/package.bash'
[492.366s] INFO:colcon.colcon_core.shell:Creating package script '/home/spider/ws/install/spider_driver/share/spider_driver/package.zsh'
[492.371s] Level 1:colcon.colcon_core.environment:create_file_with_runtime_dependencies(/home/spider/ws/install/spider_driver/share/colcon-core/packages/spider_driver)
[492.393s] INFO:colcon.colcon_ros.task.ament_cmake.build:Building ROS package in '/home/spider/ws/src/i2c_pwm_board/i2c_pwm_board' with build type 'ament_cmake'
[492.403s] INFO:colcon.colcon_cmake.task.cmake.build:Building CMake package in '/home/spider/ws/src/i2c_pwm_board/i2c_pwm_board'
[492.414s] INFO:colcon.colcon_core.shell:Skip shell extension 'powershell' for command environment: Not usable outside of PowerShell
[492.421s] DEBUG:colcon.colcon_core.shell:Skip shell extension 'dsv' for command environment
[492.789s] DEBUG:colcon.colcon_core.event_handler.log_command:Invoking command in '/home/spider/ws/build/i2c_pwm_board': AMENT_PREFIX_PATH=/home/spider/ws/install/i2c_pwm_board_xmlrp:/home/spider/ws/install/xmlrpcpp:/home/spider/ws/install/i2c_pwm_board_msgs:${AMENT_PREFIX_PATH} CMAKE_PREFIX_PATH=/home/spider/ws/install/i2c_pwm_board_xmlrp:/home/spider/ws/install/xmlrpcpp:/home/spider/ws/install/i2c_pwm_board_msgs:/opt/ros/humble LD_LIBRARY_PATH=/home/spider/ws/install/i2c_pwm_board_xmlrp/lib:/home/spider/ws/install/xmlrpcpp/lib:/home/spider/ws/install/i2c_pwm_board_msgs/lib:${LD_LIBRARY_PATH} PYTHONPATH=/home/spider/ws/install/i2c_pwm_board_msgs/local/lib/python3.10/dist-packages:${PYTHONPATH} /usr/bin/cmake /home/spider/ws/src/i2c_pwm_board/i2c_pwm_board -DAMENT_CMAKE_SYMLINK_INSTALL=1 -DCMAKE_INSTALL_PREFIX=/home/spider/ws/install/i2c_pwm_board
[511.495s] DEBUG:colcon.colcon_core.event_handler.log_command:Invoked command in '/home/spider/ws/build/i2c_pwm_board' returned '0': AMENT_PREFIX_PATH=/home/spider/ws/install/i2c_pwm_board_xmlrp:/home/spider/ws/install/xmlrpcpp:/home/spider/ws/install/i2c_pwm_board_msgs:${AMENT_PREFIX_PATH} CMAKE_PREFIX_PATH=/home/spider/ws/install/i2c_pwm_board_xmlrp:/home/spider/ws/install/xmlrpcpp:/home/spider/ws/install/i2c_pwm_board_msgs:/opt/ros/humble LD_LIBRARY_PATH=/home/spider/ws/install/i2c_pwm_board_xmlrp/lib:/home/spider/ws/install/xmlrpcpp/lib:/home/spider/ws/install/i2c_pwm_board_msgs/lib:${LD_LIBRARY_PATH} PYTHONPATH=/home/spider/ws/install/i2c_pwm_board_msgs/local/lib/python3.10/dist-packages:${PYTHONPATH} /usr/bin/cmake /home/spider/ws/src/i2c_pwm_board/i2c_pwm_board -DAMENT_CMAKE_SYMLINK_INSTALL=1 -DCMAKE_INSTALL_PREFIX=/home/spider/ws/install/i2c_pwm_board
[511.532s] DEBUG:colcon.colcon_core.event_handler.log_command:Invoking command in '/home/spider/ws/build/i2c_pwm_board': AMENT_PREFIX_PATH=/home/spider/ws/install/i2c_pwm_board_xmlrp:/home/spider/ws/install/xmlrpcpp:/home/spider/ws/install/i2c_pwm_board_msgs:${AMENT_PREFIX_PATH} CMAKE_PREFIX_PATH=/home/spider/ws/install/i2c_pwm_board_xmlrp:/home/spider/ws/install/xmlrpcpp:/home/spider/ws/install/i2c_pwm_board_msgs:/opt/ros/humble LD_LIBRARY_PATH=/home/spider/ws/install/i2c_pwm_board_xmlrp/lib:/home/spider/ws/install/xmlrpcpp/lib:/home/spider/ws/install/i2c_pwm_board_msgs/lib:${LD_LIBRARY_PATH} PYTHONPATH=/home/spider/ws/install/i2c_pwm_board_msgs/local/lib/python3.10/dist-packages:${PYTHONPATH} /usr/bin/cmake --build /home/spider/ws/build/i2c_pwm_board -- -j4 -l4
[1244.330s] DEBUG:colcon.colcon_core.event_handler.log_command:Invoked command in '/home/spider/ws/build/i2c_pwm_board' returned '0': AMENT_PREFIX_PATH=/home/spider/ws/install/i2c_pwm_board_xmlrp:/home/spider/ws/install/xmlrpcpp:/home/spider/ws/install/i2c_pwm_board_msgs:${AMENT_PREFIX_PATH} CMAKE_PREFIX_PATH=/home/spider/ws/install/i2c_pwm_board_xmlrp:/home/spider/ws/install/xmlrpcpp:/home/spider/ws/install/i2c_pwm_board_msgs:/opt/ros/humble LD_LIBRARY_PATH=/home/spider/ws/install/i2c_pwm_board_xmlrp/lib:/home/spider/ws/install/xmlrpcpp/lib:/home/spider/ws/install/i2c_pwm_board_msgs/lib:${LD_LIBRARY_PATH} PYTHONPATH=/home/spider/ws/install/i2c_pwm_board_msgs/local/lib/python3.10/dist-packages:${PYTHONPATH} /usr/bin/cmake --build /home/spider/ws/build/i2c_pwm_board -- -j4 -l4
[1244.668s] DEBUG:colcon.colcon_core.event_handler.log_command:Invoking command in '/home/spider/ws/build/i2c_pwm_board': AMENT_PREFIX_PATH=/home/spider/ws/install/i2c_pwm_board_xmlrp:/home/spider/ws/install/xmlrpcpp:/home/spider/ws/install/i2c_pwm_board_msgs:${AMENT_PREFIX_PATH} CMAKE_PREFIX_PATH=/home/spider/ws/install/i2c_pwm_board_xmlrp:/home/spider/ws/install/xmlrpcpp:/home/spider/ws/install/i2c_pwm_board_msgs:/opt/ros/humble LD_LIBRARY_PATH=/home/spider/ws/install/i2c_pwm_board_xmlrp/lib:/home/spider/ws/install/xmlrpcpp/lib:/home/spider/ws/install/i2c_pwm_board_msgs/lib:${LD_LIBRARY_PATH} PYTHONPATH=/home/spider/ws/install/i2c_pwm_board_msgs/local/lib/python3.10/dist-packages:${PYTHONPATH} /usr/bin/cmake --install /home/spider/ws/build/i2c_pwm_board
[1246.336s] Level 1:colcon.colcon_core.environment:create_environment_scripts_only(i2c_pwm_board)
[1246.344s] DEBUG:colcon.colcon_core.event_handler.log_command:Invoked command in '/home/spider/ws/build/i2c_pwm_board' returned '0': AMENT_PREFIX_PATH=/home/spider/ws/install/i2c_pwm_board_xmlrp:/home/spider/ws/install/xmlrpcpp:/home/spider/ws/install/i2c_pwm_board_msgs:${AMENT_PREFIX_PATH} CMAKE_PREFIX_PATH=/home/spider/ws/install/i2c_pwm_board_xmlrp:/home/spider/ws/install/xmlrpcpp:/home/spider/ws/install/i2c_pwm_board_msgs:/opt/ros/humble LD_LIBRARY_PATH=/home/spider/ws/install/i2c_pwm_board_xmlrp/lib:/home/spider/ws/install/xmlrpcpp/lib:/home/spider/ws/install/i2c_pwm_board_msgs/lib:${LD_LIBRARY_PATH} PYTHONPATH=/home/spider/ws/install/i2c_pwm_board_msgs/local/lib/python3.10/dist-packages:${PYTHONPATH} /usr/bin/cmake --install /home/spider/ws/build/i2c_pwm_board
[1246.440s] Level 1:colcon.colcon_core.environment:checking '/home/spider/ws/install/i2c_pwm_board' for CMake module files
[1246.456s] Level 1:colcon.colcon_core.environment:checking '/home/spider/ws/install/i2c_pwm_board' for CMake config files
[1246.469s] Level 1:colcon.colcon_core.shell:create_environment_hook('i2c_pwm_board', 'cmake_prefix_path')
[1246.498s] INFO:colcon.colcon_core.shell:Creating environment hook '/home/spider/ws/install/i2c_pwm_board/share/i2c_pwm_board/hook/cmake_prefix_path.ps1'
[1246.630s] INFO:colcon.colcon_core.shell:Creating environment descriptor '/home/spider/ws/install/i2c_pwm_board/share/i2c_pwm_board/hook/cmake_prefix_path.dsv'
[1246.664s] INFO:colcon.colcon_core.shell:Creating environment hook '/home/spider/ws/install/i2c_pwm_board/share/i2c_pwm_board/hook/cmake_prefix_path.sh'
[1246.712s] Level 1:colcon.colcon_core.environment:checking '/home/spider/ws/install/i2c_pwm_board/lib'
[1246.716s] Level 1:colcon.colcon_core.environment:checking '/home/spider/ws/install/i2c_pwm_board/bin'
[1246.721s] Level 1:colcon.colcon_core.environment:checking '/home/spider/ws/install/i2c_pwm_board/lib/pkgconfig/i2c_pwm_board.pc'
[1246.766s] Level 1:colcon.colcon_core.environment:checking '/home/spider/ws/install/i2c_pwm_board/lib/python3.10/site-packages'
[1246.771s] Level 1:colcon.colcon_core.environment:checking '/home/spider/ws/install/i2c_pwm_board/bin'
[1246.778s] INFO:colcon.colcon_core.shell:Creating package script '/home/spider/ws/install/i2c_pwm_board/share/i2c_pwm_board/package.ps1'
[1246.796s] INFO:colcon.colcon_core.shell:Creating package descriptor '/home/spider/ws/install/i2c_pwm_board/share/i2c_pwm_board/package.dsv'
[1246.806s] INFO:colcon.colcon_core.shell:Creating package script '/home/spider/ws/install/i2c_pwm_board/share/i2c_pwm_board/package.sh'
[1246.817s] INFO:colcon.colcon_core.shell:Creating package script '/home/spider/ws/install/i2c_pwm_board/share/i2c_pwm_board/package.bash'
[1246.836s] INFO:colcon.colcon_core.shell:Creating package script '/home/spider/ws/install/i2c_pwm_board/share/i2c_pwm_board/package.zsh'
[1246.852s] Level 1:colcon.colcon_core.environment:create_file_with_runtime_dependencies(/home/spider/ws/install/i2c_pwm_board/share/colcon-core/packages/i2c_pwm_board)
[1246.874s] Level 1:colcon.colcon_core.environment:create_environment_scripts_only(i2c_pwm_board)
[1246.879s] Level 1:colcon.colcon_core.environment:checking '/home/spider/ws/install/i2c_pwm_board' for CMake module files
[1246.886s] Level 1:colcon.colcon_core.environment:checking '/home/spider/ws/install/i2c_pwm_board' for CMake config files
[1246.890s] Level 1:colcon.colcon_core.shell:create_environment_hook('i2c_pwm_board', 'cmake_prefix_path')
[1246.893s] INFO:colcon.colcon_core.shell:Creating environment hook '/home/spider/ws/install/i2c_pwm_board/share/i2c_pwm_board/hook/cmake_prefix_path.ps1'
[1246.899s] INFO:colcon.colcon_core.shell:Creating environment descriptor '/home/spider/ws/install/i2c_pwm_board/share/i2c_pwm_board/hook/cmake_prefix_path.dsv'
[1246.903s] INFO:colcon.colcon_core.shell:Creating environment hook '/home/spider/ws/install/i2c_pwm_board/share/i2c_pwm_board/hook/cmake_prefix_path.sh'
[1246.910s] Level 1:colcon.colcon_core.environment:checking '/home/spider/ws/install/i2c_pwm_board/lib'
[1246.911s] Level 1:colcon.colcon_core.environment:checking '/home/spider/ws/install/i2c_pwm_board/bin'
[1246.912s] Level 1:colcon.colcon_core.environment:checking '/home/spider/ws/install/i2c_pwm_board/lib/pkgconfig/i2c_pwm_board.pc'
[1246.916s] Level 1:colcon.colcon_core.environment:checking '/home/spider/ws/install/i2c_pwm_board/lib/python3.10/site-packages'
[1246.920s] Level 1:colcon.colcon_core.environment:checking '/home/spider/ws/install/i2c_pwm_board/bin'
[1246.925s] INFO:colcon.colcon_core.shell:Creating package script '/home/spider/ws/install/i2c_pwm_board/share/i2c_pwm_board/package.ps1'
[1246.930s] INFO:colcon.colcon_core.shell:Creating package descriptor '/home/spider/ws/install/i2c_pwm_board/share/i2c_pwm_board/package.dsv'
[1246.938s] INFO:colcon.colcon_core.shell:Creating package script '/home/spider/ws/install/i2c_pwm_board/share/i2c_pwm_board/package.sh'
[1246.945s] INFO:colcon.colcon_core.shell:Creating package script '/home/spider/ws/install/i2c_pwm_board/share/i2c_pwm_board/package.bash'
[1246.951s] INFO:colcon.colcon_core.shell:Creating package script '/home/spider/ws/install/i2c_pwm_board/share/i2c_pwm_board/package.zsh'
[1246.959s] Level 1:colcon.colcon_core.environment:create_file_with_runtime_dependencies(/home/spider/ws/install/i2c_pwm_board/share/colcon-core/packages/i2c_pwm_board)
[1246.979s] DEBUG:colcon.colcon_parallel_executor.executor.parallel:closing loop
[1247.035s] DEBUG:colcon.colcon_parallel_executor.executor.parallel:loop closed
[1247.038s] DEBUG:colcon.colcon_parallel_executor.executor.parallel:run_until_complete finished with '0'
[1247.047s] DEBUG:colcon.colcon_core.event_reactor:joining thread
[1247.607s] INFO:colcon.colcon_core.plugin_system:Skipping extension 'colcon_notification.desktop_notification.notify_send': Could not find 'notify-send'
[1247.608s] INFO:colcon.colcon_core.plugin_system:Skipping extension 'colcon_notification.desktop_notification.terminal_notifier': Not used on non-Darwin systems
[1247.609s] INFO:colcon.colcon_core.plugin_system:Skipping extension 'colcon_notification.desktop_notification.win32': Not used on non-Windows systems
[1247.610s] INFO:colcon.colcon_notification.desktop_notification:Sending desktop notification using 'notify2'
[1247.755s] DEBUG:colcon.colcon_notification.desktop_notification.notify2:Failed to initialize notify2: org.freedesktop.DBus.Error.ServiceUnknown: The name org.freedesktop.Notifications was not provided by any .service files
[1247.761s] DEBUG:colcon.colcon_core.event_reactor:joined thread
[1247.778s] INFO:colcon.colcon_core.shell:Creating prefix script '/home/spider/ws/install/local_setup.ps1'
[1247.801s] INFO:colcon.colcon_core.shell:Creating prefix util module '/home/spider/ws/install/_local_setup_util_ps1.py'
[1247.833s] INFO:colcon.colcon_core.shell:Creating prefix chain script '/home/spider/ws/install/setup.ps1'
[1247.859s] INFO:colcon.colcon_core.shell:Creating prefix script '/home/spider/ws/install/local_setup.sh'
[1247.870s] INFO:colcon.colcon_core.shell:Creating prefix util module '/home/spider/ws/install/_local_setup_util_sh.py'
[1247.880s] INFO:colcon.colcon_core.shell:Creating prefix chain script '/home/spider/ws/install/setup.sh'
[1247.899s] INFO:colcon.colcon_core.shell:Creating prefix script '/home/spider/ws/install/local_setup.bash'
[1247.907s] INFO:colcon.colcon_core.shell:Creating prefix chain script '/home/spider/ws/install/setup.bash'
[1247.919s] INFO:colcon.colcon_core.shell:Creating prefix script '/home/spider/ws/install/local_setup.zsh'
[1247.930s] INFO:colcon.colcon_core.shell:Creating prefix chain script '/home/spider/ws/install/setup.zsh'
