[0.091s] Invoking command in '/home/spider/ws/build/xmlrpcpp': CMAKE_PREFIX_PATH=/opt/ros/humble /usr/bin/cmake /home/spider/ws/src/i2c_pwm_board/xmlrpcpp -DAMENT_CMAKE_SYMLINK_INSTALL=1 -DCMAKE_INSTALL_PREFIX=/home/spider/ws/install/xmlrpcpp
[0.789s] -- The C compiler identification is GNU 11.4.0
[1.431s] -- The CXX compiler identification is GNU 11.4.0
[1.525s] -- Detecting C compiler ABI info
[2.268s] -- Detecting C compiler ABI info - done
[2.335s] -- Check for working C compiler: /usr/bin/cc - skipped
[2.339s] -- Detecting C compile features
[2.345s] -- Detecting C compile features - done
[2.379s] -- Detecting CXX compiler ABI info
[3.180s] -- Detecting CXX compiler ABI info - done
[3.249s] -- Check for working CXX compiler: /usr/bin/c++ - skipped
[3.252s] -- Detecting CXX compile features
[3.256s] -- Detecting CXX compile features - done
[3.375s] -- Found ament_cmake: 1.3.12 (/opt/ros/humble/share/ament_cmake/cmake)
[5.160s] -- Found Python3: /usr/bin/python3 (found version "3.10.12") found components: Interpreter 
[5.964s] -- Override CMake install command with custom implementation using symlinks instead of copying resources
[7.511s] -- Configuring done
[7.583s] -- Generating done
[7.608s] -- Build files have been written to: /home/spider/ws/build/xmlrpcpp
[7.647s] Invoked command in '/home/spider/ws/build/xmlrpcpp' returned '0': CMAKE_PREFIX_PATH=/opt/ros/humble /usr/bin/cmake /home/spider/ws/src/i2c_pwm_board/xmlrpcpp -DAMENT_CMAKE_SYMLINK_INSTALL=1 -DCMAKE_INSTALL_PREFIX=/home/spider/ws/install/xmlrpcpp
[7.660s] Invoking command in '/home/spider/ws/build/xmlrpcpp': CMAKE_PREFIX_PATH=/opt/ros/humble /usr/bin/cmake --build /home/spider/ws/build/xmlrpcpp -- -j4 -l4
[8.092s] [  9%] [32mBuilding CXX object CMakeFiles/xmlrpcpp.dir/src/xml_rpc_client.cc.o[0m
[8.098s] [ 18%] [32mBuilding CXX object CMakeFiles/xmlrpcpp.dir/src/xml_rpc_server.cc.o[0m
[8.103s] [ 27%] [32mBuilding CXX object CMakeFiles/xmlrpcpp.dir/src/xml_rpc_server_connection.cc.o[0m
[8.142s] [ 36%] [32mBuilding CXX object CMakeFiles/xmlrpcpp.dir/src/xml_rpc_server_method.cc.o[0m
[11.401s] [ 45%] [32mBuilding CXX object CMakeFiles/xmlrpcpp.dir/src/xml_rpc_socket.cc.o[0m
[13.135s] [ 54%] [32mBuilding CXX object CMakeFiles/xmlrpcpp.dir/src/xml_rpc_source.cc.o[0m
[13.238s] [ 63%] [32mBuilding CXX object CMakeFiles/xmlrpcpp.dir/src/xml_rpc_util.cc.o[0m
[14.536s] [ 72%] [32mBuilding CXX object CMakeFiles/xmlrpcpp.dir/src/xml_rpc_value.cc.o[0m
[14.672s] [ 81%] [32mBuilding C object CMakeFiles/xmlrpcpp.dir/libb64/src/cdecode.c.o[0m
[15.070s] [ 90%] [32mBuilding C object CMakeFiles/xmlrpcpp.dir/libb64/src/cencode.c.o[0m
[20.462s] [100%] [32m[1mLinking CXX static library libxmlrpcpp.a[0m
[20.908s] [100%] Built target xmlrpcpp
[20.998s] Invoked command in '/home/spider/ws/build/xmlrpcpp' returned '0': CMAKE_PREFIX_PATH=/opt/ros/humble /usr/bin/cmake --build /home/spider/ws/build/xmlrpcpp -- -j4 -l4
[21.018s] Invoking command in '/home/spider/ws/build/xmlrpcpp': CMAKE_PREFIX_PATH=/opt/ros/humble /usr/bin/cmake --install /home/spider/ws/build/xmlrpcpp
[21.077s] -- Install configuration: ""
[21.081s] -- Execute custom install script
[21.085s] -- Symlinking: /home/spider/ws/install/xmlrpcpp/lib/libxmlrpcpp.a
[21.159s] -- Symlinking: /home/spider/ws/install/xmlrpcpp/include//xmlrpcpp/XmlRpc.h
[21.226s] -- Symlinking: /home/spider/ws/install/xmlrpcpp/include//xmlrpcpp/XmlRpcClient.h
[21.293s] -- Symlinking: /home/spider/ws/install/xmlrpcpp/include//xmlrpcpp/XmlRpcDecl.h
[21.362s] -- Symlinking: /home/spider/ws/install/xmlrpcpp/include//xmlrpcpp/XmlRpcDispatch.h
[21.429s] -- Symlinking: /home/spider/ws/install/xmlrpcpp/include//xmlrpcpp/XmlRpcException.h
[21.498s] -- Symlinking: /home/spider/ws/install/xmlrpcpp/include//xmlrpcpp/XmlRpcServer.h
[21.566s] -- Symlinking: /home/spider/ws/install/xmlrpcpp/include//xmlrpcpp/XmlRpcServerConnection.h
[21.634s] -- Symlinking: /home/spider/ws/install/xmlrpcpp/include//xmlrpcpp/XmlRpcServerMethod.h
[21.704s] -- Symlinking: /home/spider/ws/install/xmlrpcpp/include//xmlrpcpp/XmlRpcSocket.h
[21.771s] -- Symlinking: /home/spider/ws/install/xmlrpcpp/include//xmlrpcpp/XmlRpcSource.h
[21.840s] -- Symlinking: /home/spider/ws/install/xmlrpcpp/include//xmlrpcpp/XmlRpcUtil.h
[21.907s] -- Symlinking: /home/spider/ws/install/xmlrpcpp/include//xmlrpcpp/XmlRpcValue.h
[21.978s] -- Symlinking: /home/spider/ws/install/xmlrpcpp/include//xmlrpcpp/base64.h
[22.061s] -- Symlinking: /home/spider/ws/install/xmlrpcpp/share/xmlrpcpp/environment/library_path.sh
[22.131s] -- Symlinking: /home/spider/ws/install/xmlrpcpp/share/xmlrpcpp/environment/library_path.dsv
[22.199s] -- Symlinking: /home/spider/ws/install/xmlrpcpp/share/ament_index/resource_index/package_run_dependencies/xmlrpcpp
[22.268s] -- Symlinking: /home/spider/ws/install/xmlrpcpp/share/ament_index/resource_index/parent_prefix_path/xmlrpcpp
[22.338s] -- Symlinking: /home/spider/ws/install/xmlrpcpp/share/xmlrpcpp/environment/ament_prefix_path.sh
[22.407s] -- Symlinking: /home/spider/ws/install/xmlrpcpp/share/xmlrpcpp/environment/ament_prefix_path.dsv
[22.475s] -- Symlinking: /home/spider/ws/install/xmlrpcpp/share/xmlrpcpp/environment/path.sh
[22.542s] -- Symlinking: /home/spider/ws/install/xmlrpcpp/share/xmlrpcpp/environment/path.dsv
[22.616s] -- Symlinking: /home/spider/ws/install/xmlrpcpp/share/xmlrpcpp/local_setup.bash
[22.687s] -- Symlinking: /home/spider/ws/install/xmlrpcpp/share/xmlrpcpp/local_setup.sh
[22.759s] -- Symlinking: /home/spider/ws/install/xmlrpcpp/share/xmlrpcpp/local_setup.zsh
[22.825s] -- Symlinking: /home/spider/ws/install/xmlrpcpp/share/xmlrpcpp/local_setup.dsv
[22.895s] -- Symlinking: /home/spider/ws/install/xmlrpcpp/share/xmlrpcpp/package.dsv
[22.963s] -- Symlinking: /home/spider/ws/install/xmlrpcpp/share/ament_index/resource_index/packages/xmlrpcpp
[23.031s] -- Symlinking: /home/spider/ws/install/xmlrpcpp/share/xmlrpcpp/cmake/ament_cmake_export_include_directories-extras.cmake
[23.099s] -- Symlinking: /home/spider/ws/install/xmlrpcpp/share/xmlrpcpp/cmake/ament_cmake_export_libraries-extras.cmake
[23.169s] -- Symlinking: /home/spider/ws/install/xmlrpcpp/share/xmlrpcpp/cmake/xmlrpcppConfig.cmake
[23.236s] -- Symlinking: /home/spider/ws/install/xmlrpcpp/share/xmlrpcpp/cmake/xmlrpcppConfig-version.cmake
[23.302s] -- Symlinking: /home/spider/ws/install/xmlrpcpp/share/xmlrpcpp/package.xml
[23.386s] Invoked command in '/home/spider/ws/build/xmlrpcpp' returned '0': CMAKE_PREFIX_PATH=/opt/ros/humble /usr/bin/cmake --install /home/spider/ws/build/xmlrpcpp
