[0.147s] Invoking command in '/home/spider/ws/build/spider_driver': CMAKE_PREFIX_PATH=/home/spider/ws/install/spider_msgs:/home/spider/ws/install/i2c_pwm_board:/home/spider/ws/install/i2c_pwm_board_xmlrp:/home/spider/ws/install/xmlrpcpp:/home/spider/ws/install/spider_driver:/home/spider/ws/install/i2c_pwm_board_calibration:/home/spider/ws/install/i2c_pwm_board_msgs:/home/spider/ws/install/spider_control:/opt/ros/humble LD_LIBRARY_PATH=/home/spider/ws/install/spider_msgs/lib:/home/spider/ws/install/i2c_pwm_board_xmlrp/lib:/home/spider/ws/install/xmlrpcpp/lib:/home/spider/ws/install/spider_driver/lib:/home/spider/ws/install/i2c_pwm_board_msgs/lib:/opt/ros/humble/opt/rviz_ogre_vendor/lib:/opt/ros/humble/lib/aarch64-linux-gnu:/opt/ros/humble/lib /usr/bin/cmake --build /home/spider/ws/build/spider_driver -- -j4 -l4
[0.765s] [ 25%] [32mBuilding CXX object CMakeFiles/spider_driver.dir/src/spider_driver/ControllerNode.cpp.o[0m
[320.646s] [ 50%] [32m[1mLinking CXX shared library libspider_driver.so[0m
[328.554s] [ 50%] Built target spider_driver
[328.766s] [35m[1mConsolidate compiler generated dependencies of target control_main[0m
[329.452s] [ 75%] [32mBuilding CXX object CMakeFiles/control_main.dir/src/controller_node.cpp.o[0m
[363.313s] [100%] [32m[1mLinking CXX executable control_main[0m
[366.815s] [100%] Built target control_main
[367.885s] Invoked command in '/home/spider/ws/build/spider_driver' returned '0': CMAKE_PREFIX_PATH=/home/spider/ws/install/spider_msgs:/home/spider/ws/install/i2c_pwm_board:/home/spider/ws/install/i2c_pwm_board_xmlrp:/home/spider/ws/install/xmlrpcpp:/home/spider/ws/install/spider_driver:/home/spider/ws/install/i2c_pwm_board_calibration:/home/spider/ws/install/i2c_pwm_board_msgs:/home/spider/ws/install/spider_control:/opt/ros/humble LD_LIBRARY_PATH=/home/spider/ws/install/spider_msgs/lib:/home/spider/ws/install/i2c_pwm_board_xmlrp/lib:/home/spider/ws/install/xmlrpcpp/lib:/home/spider/ws/install/spider_driver/lib:/home/spider/ws/install/i2c_pwm_board_msgs/lib:/opt/ros/humble/opt/rviz_ogre_vendor/lib:/opt/ros/humble/lib/aarch64-linux-gnu:/opt/ros/humble/lib /usr/bin/cmake --build /home/spider/ws/build/spider_driver -- -j4 -l4
[368.611s] Invoking command in '/home/spider/ws/build/spider_driver': CMAKE_PREFIX_PATH=/home/spider/ws/install/spider_msgs:/home/spider/ws/install/i2c_pwm_board:/home/spider/ws/install/i2c_pwm_board_xmlrp:/home/spider/ws/install/xmlrpcpp:/home/spider/ws/install/spider_driver:/home/spider/ws/install/i2c_pwm_board_calibration:/home/spider/ws/install/i2c_pwm_board_msgs:/home/spider/ws/install/spider_control:/opt/ros/humble LD_LIBRARY_PATH=/home/spider/ws/install/spider_msgs/lib:/home/spider/ws/install/i2c_pwm_board_xmlrp/lib:/home/spider/ws/install/xmlrpcpp/lib:/home/spider/ws/install/spider_driver/lib:/home/spider/ws/install/i2c_pwm_board_msgs/lib:/opt/ros/humble/opt/rviz_ogre_vendor/lib:/opt/ros/humble/lib/aarch64-linux-gnu:/opt/ros/humble/lib /usr/bin/cmake --install /home/spider/ws/build/spider_driver
[368.830s] -- Install configuration: ""
[368.832s] -- Execute custom install script
[368.834s] -- Up-to-date symlink: /home/spider/ws/install/spider_driver/lib/libspider_driver.so
[368.836s] -- Up-to-date symlink: /home/spider/ws/install/spider_driver/lib/spider_driver/control_main
[368.837s] -- Up-to-date symlink: /home/spider/ws/install/spider_driver/include//spider_driver/ControllerNode.hpp
[368.838s] -- Up-to-date symlink: /home/spider/ws/install/spider_driver/include//spider_driver/PCA9685.hpp
[368.848s] -- Up-to-date symlink: /home/spider/ws/install/spider_driver/share/spider_driver/environment/library_path.sh
[368.853s] -- Up-to-date symlink: /home/spider/ws/install/spider_driver/share/spider_driver/environment/library_path.dsv
[368.863s] -- Up-to-date symlink: /home/spider/ws/install/spider_driver/share/ament_index/resource_index/package_run_dependencies/spider_driver
[368.869s] -- Up-to-date symlink: /home/spider/ws/install/spider_driver/share/ament_index/resource_index/parent_prefix_path/spider_driver
[368.877s] -- Up-to-date symlink: /home/spider/ws/install/spider_driver/share/spider_driver/environment/ament_prefix_path.sh
[368.881s] -- Up-to-date symlink: /home/spider/ws/install/spider_driver/share/spider_driver/environment/ament_prefix_path.dsv
[368.885s] -- Up-to-date symlink: /home/spider/ws/install/spider_driver/share/spider_driver/environment/path.sh
[368.889s] -- Up-to-date symlink: /home/spider/ws/install/spider_driver/share/spider_driver/environment/path.dsv
[368.892s] -- Up-to-date symlink: /home/spider/ws/install/spider_driver/share/spider_driver/local_setup.bash
[368.896s] -- Up-to-date symlink: /home/spider/ws/install/spider_driver/share/spider_driver/local_setup.sh
[368.901s] -- Up-to-date symlink: /home/spider/ws/install/spider_driver/share/spider_driver/local_setup.zsh
[368.905s] -- Up-to-date symlink: /home/spider/ws/install/spider_driver/share/spider_driver/local_setup.dsv
[368.908s] -- Symlinking: /home/spider/ws/install/spider_driver/share/spider_driver/package.dsv
[368.993s] -- Up-to-date symlink: /home/spider/ws/install/spider_driver/share/ament_index/resource_index/packages/spider_driver
[369.002s] -- Up-to-date symlink: /home/spider/ws/install/spider_driver/share/spider_driver/cmake/ament_cmake_export_include_directories-extras.cmake
[369.007s] -- Up-to-date symlink: /home/spider/ws/install/spider_driver/share/spider_driver/cmake/ament_cmake_export_libraries-extras.cmake
[369.013s] -- Up-to-date symlink: /home/spider/ws/install/spider_driver/share/spider_driver/cmake/ament_cmake_export_dependencies-extras.cmake
[369.038s] -- Up-to-date symlink: /home/spider/ws/install/spider_driver/share/spider_driver/cmake/spider_driverConfig.cmake
[369.043s] -- Up-to-date symlink: /home/spider/ws/install/spider_driver/share/spider_driver/cmake/spider_driverConfig-version.cmake
[369.054s] -- Up-to-date symlink: /home/spider/ws/install/spider_driver/share/spider_driver/package.xml
[369.099s] Invoked command in '/home/spider/ws/build/spider_driver' returned '0': CMAKE_PREFIX_PATH=/home/spider/ws/install/spider_msgs:/home/spider/ws/install/i2c_pwm_board:/home/spider/ws/install/i2c_pwm_board_xmlrp:/home/spider/ws/install/xmlrpcpp:/home/spider/ws/install/spider_driver:/home/spider/ws/install/i2c_pwm_board_calibration:/home/spider/ws/install/i2c_pwm_board_msgs:/home/spider/ws/install/spider_control:/opt/ros/humble LD_LIBRARY_PATH=/home/spider/ws/install/spider_msgs/lib:/home/spider/ws/install/i2c_pwm_board_xmlrp/lib:/home/spider/ws/install/xmlrpcpp/lib:/home/spider/ws/install/spider_driver/lib:/home/spider/ws/install/i2c_pwm_board_msgs/lib:/opt/ros/humble/opt/rviz_ogre_vendor/lib:/opt/ros/humble/lib/aarch64-linux-gnu:/opt/ros/humble/lib /usr/bin/cmake --install /home/spider/ws/build/spider_driver
