-- The C compiler identification is GNU 11.4.0
-- The CXX compiler identification is GNU 11.4.0
-- Detecting C compiler ABI info
-- Detecting C compiler ABI info - done
-- Check for working C compiler: /usr/bin/cc - skipped
-- Detecting C compile features
-- Detecting C compile features - done
-- Detecting CXX compiler ABI info
-- Detecting CXX compiler ABI info - done
-- Check for working CXX compiler: /usr/bin/c++ - skipped
-- Detecting CXX compile features
-- Detecting CXX compile features - done
-- Found ament_cmake: 1.3.12 (/opt/ros/humble/share/ament_cmake/cmake)
-- Found Python3: /usr/bin/python3 (found version "3.10.12") found components: Interpreter 
-- Override CMake install command with custom implementation using symlinks instead of copying resources
-- Found rclcpp: 16.0.15 (/opt/ros/humble/share/rclcpp/cmake)
-- Found rosidl_generator_c: 3.1.7 (/opt/ros/humble/share/rosidl_generator_c/cmake)
-- Found rosidl_adapter: 3.1.7 (/opt/ros/humble/share/rosidl_adapter/cmake)
-- Found rosidl_generator_cpp: 3.1.7 (/opt/ros/humble/share/rosidl_generator_cpp/cmake)
-- Using all available rosidl_typesupport_c: rosidl_typesupport_fastrtps_c;rosidl_typesupport_introspection_c
-- Using all available rosidl_typesupport_cpp: rosidl_typesupport_fastrtps_cpp;rosidl_typesupport_introspection_cpp
-- Found rmw_implementation_cmake: 6.1.2 (/opt/ros/humble/share/rmw_implementation_cmake/cmake)
-- Found rmw_fastrtps_cpp: 6.2.9 (/opt/ros/humble/share/rmw_fastrtps_cpp/cmake)
-- Found OpenSSL: /usr/lib/aarch64-linux-gnu/libcrypto.so (found version "3.0.2")  
-- Found FastRTPS: /opt/ros/humble/include  
-- Using RMW implementation 'rmw_fastrtps_cpp' as default
-- Looking for pthread.h
-- Looking for pthread.h - found
-- Performing Test CMAKE_HAVE_LIBC_PTHREAD
-- Performing Test CMAKE_HAVE_LIBC_PTHREAD - Success
-- Found Threads: TRUE  
-- Found std_srvs: 4.9.0 (/opt/ros/humble/share/std_srvs/cmake)
-- Found i2c_pwm_board_msgs: 0.1.0 (/home/spider/ws/install/i2c_pwm_board_msgs/share/i2c_pwm_board_msgs/cmake)
-- Found xmlrpcpp: 0.1.0 (/home/spider/ws/install/xmlrpcpp/share/xmlrpcpp/cmake)
-- Found geometry_msgs: 4.9.0 (/opt/ros/humble/share/geometry_msgs/cmake)
-- Found i2c_pwm_board_xmlrp: 0.0.0 (/home/spider/ws/install/i2c_pwm_board_xmlrp/share/i2c_pwm_board_xmlrp/cmake)
-- Configuring done
-- Generating done
-- Build files have been written to: /home/spider/ws/build/i2c_pwm_board
[ 50%] [32mBuilding CXX object CMakeFiles/node.dir/src/board.cc.o[0m
[ 50%] [32mBuilding CXX object CMakeFiles/node.dir/src/board_handler.cc.o[0m
[ 75%] [32mBuilding CXX object CMakeFiles/node.dir/src/board_controller.cc.o[0m
[100%] [32m[1mLinking CXX executable node[0m
[100%] Built target node
-- Install configuration: ""
-- Execute custom install script
-- Symlinking: /home/spider/ws/install/i2c_pwm_board/lib/i2c_pwm_board/node
-- Symlinking: /home/spider/ws/install/i2c_pwm_board/include//board_controller.h
-- Symlinking: /home/spider/ws/install/i2c_pwm_board/include//board_handler.h
-- Symlinking: /home/spider/ws/install/i2c_pwm_board/share/ament_index/resource_index/package_run_dependencies/i2c_pwm_board
-- Symlinking: /home/spider/ws/install/i2c_pwm_board/share/ament_index/resource_index/parent_prefix_path/i2c_pwm_board
-- Symlinking: /home/spider/ws/install/i2c_pwm_board/share/i2c_pwm_board/environment/ament_prefix_path.sh
-- Symlinking: /home/spider/ws/install/i2c_pwm_board/share/i2c_pwm_board/environment/ament_prefix_path.dsv
-- Symlinking: /home/spider/ws/install/i2c_pwm_board/share/i2c_pwm_board/environment/path.sh
-- Symlinking: /home/spider/ws/install/i2c_pwm_board/share/i2c_pwm_board/environment/path.dsv
-- Symlinking: /home/spider/ws/install/i2c_pwm_board/share/i2c_pwm_board/local_setup.bash
-- Symlinking: /home/spider/ws/install/i2c_pwm_board/share/i2c_pwm_board/local_setup.sh
-- Symlinking: /home/spider/ws/install/i2c_pwm_board/share/i2c_pwm_board/local_setup.zsh
-- Symlinking: /home/spider/ws/install/i2c_pwm_board/share/i2c_pwm_board/local_setup.dsv
-- Symlinking: /home/spider/ws/install/i2c_pwm_board/share/i2c_pwm_board/package.dsv
-- Symlinking: /home/spider/ws/install/i2c_pwm_board/share/ament_index/resource_index/packages/i2c_pwm_board
-- Symlinking: /home/spider/ws/install/i2c_pwm_board/share/i2c_pwm_board/cmake/i2c_pwm_boardConfig.cmake
-- Symlinking: /home/spider/ws/install/i2c_pwm_board/share/i2c_pwm_board/cmake/i2c_pwm_boardConfig-version.cmake
-- Symlinking: /home/spider/ws/install/i2c_pwm_board/share/i2c_pwm_board/package.xml
