[0.331s] Invoking command in '/home/spider/ws/build/i2c_pwm_board': AMENT_PREFIX_PATH=/home/spider/ws/install/i2c_pwm_board_xmlrp:/home/spider/ws/install/xmlrpcpp:/home/spider/ws/install/i2c_pwm_board_msgs:${AMENT_PREFIX_PATH} CMAKE_PREFIX_PATH=/home/spider/ws/install/i2c_pwm_board_xmlrp:/home/spider/ws/install/xmlrpcpp:/home/spider/ws/install/i2c_pwm_board_msgs:/opt/ros/humble LD_LIBRARY_PATH=/home/spider/ws/install/i2c_pwm_board_xmlrp/lib:/home/spider/ws/install/xmlrpcpp/lib:/home/spider/ws/install/i2c_pwm_board_msgs/lib:${LD_LIBRARY_PATH} PYTHONPATH=/home/spider/ws/install/i2c_pwm_board_msgs/local/lib/python3.10/dist-packages:${PYTHONPATH} /usr/bin/cmake /home/spider/ws/src/i2c_pwm_board/i2c_pwm_board -DAMENT_CMAKE_SYMLINK_INSTALL=1 -DCMAKE_INSTALL_PREFIX=/home/spider/ws/install/i2c_pwm_board
[1.867s] -- The C compiler identification is GNU 11.4.0
[2.492s] -- The CXX compiler identification is GNU 11.4.0
[2.626s] -- Detecting C compiler ABI info
[3.412s] -- Detecting C compiler ABI info - done
[3.479s] -- Check for working C compiler: /usr/bin/cc - skipped
[3.483s] -- Detecting C compile features
[3.490s] -- Detecting C compile features - done
[3.525s] -- Detecting CXX compiler ABI info
[4.357s] -- Detecting CXX compiler ABI info - done
[4.428s] -- Check for working CXX compiler: /usr/bin/c++ - skipped
[4.430s] -- Detecting CXX compile features
[4.434s] -- Detecting CXX compile features - done
[4.574s] -- Found ament_cmake: 1.3.12 (/opt/ros/humble/share/ament_cmake/cmake)
[6.842s] -- Found Python3: /usr/bin/python3 (found version "3.10.12") found components: Interpreter 
[7.781s] -- Override CMake install command with custom implementation using symlinks instead of copying resources
[8.642s] -- Found rclcpp: 16.0.15 (/opt/ros/humble/share/rclcpp/cmake)
[9.664s] -- Found rosidl_generator_c: 3.1.7 (/opt/ros/humble/share/rosidl_generator_c/cmake)
[9.795s] -- Found rosidl_adapter: 3.1.7 (/opt/ros/humble/share/rosidl_adapter/cmake)
[9.977s] -- Found rosidl_generator_cpp: 3.1.7 (/opt/ros/humble/share/rosidl_generator_cpp/cmake)
[10.228s] -- Using all available rosidl_typesupport_c: rosidl_typesupport_fastrtps_c;rosidl_typesupport_introspection_c
[10.548s] -- Using all available rosidl_typesupport_cpp: rosidl_typesupport_fastrtps_cpp;rosidl_typesupport_introspection_cpp
[11.495s] -- Found rmw_implementation_cmake: 6.1.2 (/opt/ros/humble/share/rmw_implementation_cmake/cmake)
[11.567s] -- Found rmw_fastrtps_cpp: 6.2.9 (/opt/ros/humble/share/rmw_fastrtps_cpp/cmake)
[13.165s] -- Found OpenSSL: /usr/lib/aarch64-linux-gnu/libcrypto.so (found version "3.0.2")  
[13.687s] -- Found FastRTPS: /opt/ros/humble/include  
[14.499s] -- Using RMW implementation 'rmw_fastrtps_cpp' as default
[14.724s] -- Looking for pthread.h
[15.509s] -- Looking for pthread.h - found
[15.513s] -- Performing Test CMAKE_HAVE_LIBC_PTHREAD
[16.319s] -- Performing Test CMAKE_HAVE_LIBC_PTHREAD - Success
[16.328s] -- Found Threads: TRUE  
[17.201s] -- Found std_srvs: 4.9.0 (/opt/ros/humble/share/std_srvs/cmake)
[17.353s] -- Found i2c_pwm_board_msgs: 0.1.0 (/home/spider/ws/install/i2c_pwm_board_msgs/share/i2c_pwm_board_msgs/cmake)
[17.512s] -- Found xmlrpcpp: 0.1.0 (/home/spider/ws/install/xmlrpcpp/share/xmlrpcpp/cmake)
[17.593s] -- Found geometry_msgs: 4.9.0 (/opt/ros/humble/share/geometry_msgs/cmake)
[17.785s] -- Found i2c_pwm_board_xmlrp: 0.0.0 (/home/spider/ws/install/i2c_pwm_board_xmlrp/share/i2c_pwm_board_xmlrp/cmake)
[18.748s] -- Configuring done
[18.911s] -- Generating done
[18.950s] -- Build files have been written to: /home/spider/ws/build/i2c_pwm_board
[19.037s] Invoked command in '/home/spider/ws/build/i2c_pwm_board' returned '0': AMENT_PREFIX_PATH=/home/spider/ws/install/i2c_pwm_board_xmlrp:/home/spider/ws/install/xmlrpcpp:/home/spider/ws/install/i2c_pwm_board_msgs:${AMENT_PREFIX_PATH} CMAKE_PREFIX_PATH=/home/spider/ws/install/i2c_pwm_board_xmlrp:/home/spider/ws/install/xmlrpcpp:/home/spider/ws/install/i2c_pwm_board_msgs:/opt/ros/humble LD_LIBRARY_PATH=/home/spider/ws/install/i2c_pwm_board_xmlrp/lib:/home/spider/ws/install/xmlrpcpp/lib:/home/spider/ws/install/i2c_pwm_board_msgs/lib:${LD_LIBRARY_PATH} PYTHONPATH=/home/spider/ws/install/i2c_pwm_board_msgs/local/lib/python3.10/dist-packages:${PYTHONPATH} /usr/bin/cmake /home/spider/ws/src/i2c_pwm_board/i2c_pwm_board -DAMENT_CMAKE_SYMLINK_INSTALL=1 -DCMAKE_INSTALL_PREFIX=/home/spider/ws/install/i2c_pwm_board
[19.075s] Invoking command in '/home/spider/ws/build/i2c_pwm_board': AMENT_PREFIX_PATH=/home/spider/ws/install/i2c_pwm_board_xmlrp:/home/spider/ws/install/xmlrpcpp:/home/spider/ws/install/i2c_pwm_board_msgs:${AMENT_PREFIX_PATH} CMAKE_PREFIX_PATH=/home/spider/ws/install/i2c_pwm_board_xmlrp:/home/spider/ws/install/xmlrpcpp:/home/spider/ws/install/i2c_pwm_board_msgs:/opt/ros/humble LD_LIBRARY_PATH=/home/spider/ws/install/i2c_pwm_board_xmlrp/lib:/home/spider/ws/install/xmlrpcpp/lib:/home/spider/ws/install/i2c_pwm_board_msgs/lib:${LD_LIBRARY_PATH} PYTHONPATH=/home/spider/ws/install/i2c_pwm_board_msgs/local/lib/python3.10/dist-packages:${PYTHONPATH} /usr/bin/cmake --build /home/spider/ws/build/i2c_pwm_board -- -j4 -l4
[19.581s] [ 50%] [32mBuilding CXX object CMakeFiles/node.dir/src/board.cc.o[0m
[19.583s] [ 50%] [32mBuilding CXX object CMakeFiles/node.dir/src/board_handler.cc.o[0m
[19.590s] [ 75%] [32mBuilding CXX object CMakeFiles/node.dir/src/board_controller.cc.o[0m
[741.560s] [100%] [32m[1mLinking CXX executable node[0m
[751.023s] [100%] Built target node
[751.813s] Invoked command in '/home/spider/ws/build/i2c_pwm_board' returned '0': AMENT_PREFIX_PATH=/home/spider/ws/install/i2c_pwm_board_xmlrp:/home/spider/ws/install/xmlrpcpp:/home/spider/ws/install/i2c_pwm_board_msgs:${AMENT_PREFIX_PATH} CMAKE_PREFIX_PATH=/home/spider/ws/install/i2c_pwm_board_xmlrp:/home/spider/ws/install/xmlrpcpp:/home/spider/ws/install/i2c_pwm_board_msgs:/opt/ros/humble LD_LIBRARY_PATH=/home/spider/ws/install/i2c_pwm_board_xmlrp/lib:/home/spider/ws/install/xmlrpcpp/lib:/home/spider/ws/install/i2c_pwm_board_msgs/lib:${LD_LIBRARY_PATH} PYTHONPATH=/home/spider/ws/install/i2c_pwm_board_msgs/local/lib/python3.10/dist-packages:${PYTHONPATH} /usr/bin/cmake --build /home/spider/ws/build/i2c_pwm_board -- -j4 -l4
[752.202s] Invoking command in '/home/spider/ws/build/i2c_pwm_board': AMENT_PREFIX_PATH=/home/spider/ws/install/i2c_pwm_board_xmlrp:/home/spider/ws/install/xmlrpcpp:/home/spider/ws/install/i2c_pwm_board_msgs:${AMENT_PREFIX_PATH} CMAKE_PREFIX_PATH=/home/spider/ws/install/i2c_pwm_board_xmlrp:/home/spider/ws/install/xmlrpcpp:/home/spider/ws/install/i2c_pwm_board_msgs:/opt/ros/humble LD_LIBRARY_PATH=/home/spider/ws/install/i2c_pwm_board_xmlrp/lib:/home/spider/ws/install/xmlrpcpp/lib:/home/spider/ws/install/i2c_pwm_board_msgs/lib:${LD_LIBRARY_PATH} PYTHONPATH=/home/spider/ws/install/i2c_pwm_board_msgs/local/lib/python3.10/dist-packages:${PYTHONPATH} /usr/bin/cmake --install /home/spider/ws/build/i2c_pwm_board
[752.357s] -- Install configuration: ""
[752.367s] -- Execute custom install script
[752.379s] -- Symlinking: /home/spider/ws/install/i2c_pwm_board/lib/i2c_pwm_board/node
[752.472s] -- Symlinking: /home/spider/ws/install/i2c_pwm_board/include//board_controller.h
[752.549s] -- Symlinking: /home/spider/ws/install/i2c_pwm_board/include//board_handler.h
[752.630s] -- Symlinking: /home/spider/ws/install/i2c_pwm_board/share/ament_index/resource_index/package_run_dependencies/i2c_pwm_board
[752.709s] -- Symlinking: /home/spider/ws/install/i2c_pwm_board/share/ament_index/resource_index/parent_prefix_path/i2c_pwm_board
[752.810s] -- Symlinking: /home/spider/ws/install/i2c_pwm_board/share/i2c_pwm_board/environment/ament_prefix_path.sh
[752.897s] -- Symlinking: /home/spider/ws/install/i2c_pwm_board/share/i2c_pwm_board/environment/ament_prefix_path.dsv
[752.978s] -- Symlinking: /home/spider/ws/install/i2c_pwm_board/share/i2c_pwm_board/environment/path.sh
[753.063s] -- Symlinking: /home/spider/ws/install/i2c_pwm_board/share/i2c_pwm_board/environment/path.dsv
[753.144s] -- Symlinking: /home/spider/ws/install/i2c_pwm_board/share/i2c_pwm_board/local_setup.bash
[753.223s] -- Symlinking: /home/spider/ws/install/i2c_pwm_board/share/i2c_pwm_board/local_setup.sh
[753.298s] -- Symlinking: /home/spider/ws/install/i2c_pwm_board/share/i2c_pwm_board/local_setup.zsh
[753.379s] -- Symlinking: /home/spider/ws/install/i2c_pwm_board/share/i2c_pwm_board/local_setup.dsv
[753.458s] -- Symlinking: /home/spider/ws/install/i2c_pwm_board/share/i2c_pwm_board/package.dsv
[753.536s] -- Symlinking: /home/spider/ws/install/i2c_pwm_board/share/ament_index/resource_index/packages/i2c_pwm_board
[753.616s] -- Symlinking: /home/spider/ws/install/i2c_pwm_board/share/i2c_pwm_board/cmake/i2c_pwm_boardConfig.cmake
[753.693s] -- Symlinking: /home/spider/ws/install/i2c_pwm_board/share/i2c_pwm_board/cmake/i2c_pwm_boardConfig-version.cmake
[753.770s] -- Symlinking: /home/spider/ws/install/i2c_pwm_board/share/i2c_pwm_board/package.xml
[753.882s] Invoked command in '/home/spider/ws/build/i2c_pwm_board' returned '0': AMENT_PREFIX_PATH=/home/spider/ws/install/i2c_pwm_board_xmlrp:/home/spider/ws/install/xmlrpcpp:/home/spider/ws/install/i2c_pwm_board_msgs:${AMENT_PREFIX_PATH} CMAKE_PREFIX_PATH=/home/spider/ws/install/i2c_pwm_board_xmlrp:/home/spider/ws/install/xmlrpcpp:/home/spider/ws/install/i2c_pwm_board_msgs:/opt/ros/humble LD_LIBRARY_PATH=/home/spider/ws/install/i2c_pwm_board_xmlrp/lib:/home/spider/ws/install/xmlrpcpp/lib:/home/spider/ws/install/i2c_pwm_board_msgs/lib:${LD_LIBRARY_PATH} PYTHONPATH=/home/spider/ws/install/i2c_pwm_board_msgs/local/lib/python3.10/dist-packages:${PYTHONPATH} /usr/bin/cmake --install /home/spider/ws/build/i2c_pwm_board
