[0.269s] Invoking command in '/home/spider/ws/build/spider_driver': CMAKE_PREFIX_PATH=/home/spider/ws/install/spider_msgs:/home/spider/ws/install/i2c_pwm_board:/home/spider/ws/install/i2c_pwm_board_xmlrp:/home/spider/ws/install/xmlrpcpp:/home/spider/ws/install/spider_driver:/home/spider/ws/install/i2c_pwm_board_calibration:/home/spider/ws/install/i2c_pwm_board_msgs:/home/spider/ws/install/spider_control:/opt/ros/humble LD_LIBRARY_PATH=/home/spider/ws/install/spider_msgs/lib:/home/spider/ws/install/i2c_pwm_board_xmlrp/lib:/home/spider/ws/install/xmlrpcpp/lib:/home/spider/ws/install/spider_driver/lib:/home/spider/ws/install/i2c_pwm_board_msgs/lib:/opt/ros/humble/opt/rviz_ogre_vendor/lib:/opt/ros/humble/lib/aarch64-linux-gnu:/opt/ros/humble/lib /usr/bin/cmake --build /home/spider/ws/build/spider_driver -- -j4 -l4
[1.304s] [35m[1mConsolidate compiler generated dependencies of target spider_driver[0m
[1.613s] [ 25%] [32mBuilding CXX object CMakeFiles/spider_driver.dir/src/spider_driver/ControllerNode.cpp.o[0m
[29.617s] [01m[K/home/spider/ws/src/spider_driver/src/spider_driver/ControllerNode.cpp:[m[K In member function ‘[01m[Kvoid controller::ControllerNode::configure_all_servos()[m[K’:
[29.619s] [01m[K/home/spider/ws/src/spider_driver/src/spider_driver/ControllerNode.cpp:73:14:[m[K [01;31m[Kerror: [m[Kno match for call to ‘[01m[K(controller::ControllerNode::configure_all_servos()::<lambda(const int*, int*)>) (int [3], double [3])[m[K’
[29.620s]    73 |     [01;31m[Kset_group(pca_frontleft_,  frontleft_pose_)[m[K;
[29.622s]       |     [01;31m[K~~~~~~~~~^~~~~~~~~~~~~~~~~~~~~~~~~~~~~~~~~~[m[K
[29.623s] [01m[K/home/spider/ws/src/spider_driver/src/spider_driver/ControllerNode.cpp:63:22:[m[K [01;36m[Knote: [m[Kcandidate: ‘[01m[Kcontroller::ControllerNode::configure_all_servos()::<lambda(const int*, int*)>[m[K’
[29.625s]    63 |     auto set_group = [01;36m[K[[m[K&](const int channels[3], int pose[3]) {
[29.626s]       |                      [01;36m[K^[m[K
[29.628s] [01m[K/home/spider/ws/src/spider_driver/src/spider_driver/ControllerNode.cpp:63:22:[m[K [01;36m[Knote: [m[K  no known conversion for argument 2 from ‘[01m[Kdouble [3][m[K’ to ‘[01m[Kint*[m[K’
[29.629s] [01m[K/home/spider/ws/src/spider_driver/src/spider_driver/ControllerNode.cpp:74:14:[m[K [01;31m[Kerror: [m[Kno match for call to ‘[01m[K(controller::ControllerNode::configure_all_servos()::<lambda(const int*, int*)>) (int [3], double [3])[m[K’
[29.630s]    74 |     [01;31m[Kset_group(pca_frontright_, frontright_pose_)[m[K;
[29.631s]       |     [01;31m[K~~~~~~~~~^~~~~~~~~~~~~~~~~~~~~~~~~~~~~~~~~~~[m[K
[29.632s] [01m[K/home/spider/ws/src/spider_driver/src/spider_driver/ControllerNode.cpp:63:22:[m[K [01;36m[Knote: [m[Kcandidate: ‘[01m[Kcontroller::ControllerNode::configure_all_servos()::<lambda(const int*, int*)>[m[K’
[29.633s]    63 |     auto set_group = [01;36m[K[[m[K&](const int channels[3], int pose[3]) {
[29.634s]       |                      [01;36m[K^[m[K
[29.635s] [01m[K/home/spider/ws/src/spider_driver/src/spider_driver/ControllerNode.cpp:63:22:[m[K [01;36m[Knote: [m[K  no known conversion for argument 2 from ‘[01m[Kdouble [3][m[K’ to ‘[01m[Kint*[m[K’
[29.636s] [01m[K/home/spider/ws/src/spider_driver/src/spider_driver/ControllerNode.cpp:75:14:[m[K [01;31m[Kerror: [m[Kno match for call to ‘[01m[K(controller::ControllerNode::configure_all_servos()::<lambda(const int*, int*)>) (int [3], double [3])[m[K’
[29.638s]    75 |     [01;31m[Kset_group(pca_backright_,  backright_pose_)[m[K;
[29.639s]       |     [01;31m[K~~~~~~~~~^~~~~~~~~~~~~~~~~~~~~~~~~~~~~~~~~~[m[K
[29.640s] [01m[K/home/spider/ws/src/spider_driver/src/spider_driver/ControllerNode.cpp:63:22:[m[K [01;36m[Knote: [m[Kcandidate: ‘[01m[Kcontroller::ControllerNode::configure_all_servos()::<lambda(const int*, int*)>[m[K’
[29.641s]    63 |     auto set_group = [01;36m[K[[m[K&](const int channels[3], int pose[3]) {
[29.643s]       |                      [01;36m[K^[m[K
[29.646s] [01m[K/home/spider/ws/src/spider_driver/src/spider_driver/ControllerNode.cpp:63:22:[m[K [01;36m[Knote: [m[K  no known conversion for argument 2 from ‘[01m[Kdouble [3][m[K’ to ‘[01m[Kint*[m[K’
[29.648s] [01m[K/home/spider/ws/src/spider_driver/src/spider_driver/ControllerNode.cpp:76:14:[m[K [01;31m[Kerror: [m[Kno match for call to ‘[01m[K(controller::ControllerNode::configure_all_servos()::<lambda(const int*, int*)>) (int [3], double [3])[m[K’
[29.649s]    76 |     [01;31m[Kset_group(pca_backleft_,   backleft_pose_)[m[K;
[29.650s]       |     [01;31m[K~~~~~~~~~^~~~~~~~~~~~~~~~~~~~~~~~~~~~~~~~~[m[K
[29.652s] [01m[K/home/spider/ws/src/spider_driver/src/spider_driver/ControllerNode.cpp:63:22:[m[K [01;36m[Knote: [m[Kcandidate: ‘[01m[Kcontroller::ControllerNode::configure_all_servos()::<lambda(const int*, int*)>[m[K’
[29.653s]    63 |     auto set_group = [01;36m[K[[m[K&](const int channels[3], int pose[3]) {
[29.654s]       |                      [01;36m[K^[m[K
[29.656s] [01m[K/home/spider/ws/src/spider_driver/src/spider_driver/ControllerNode.cpp:63:22:[m[K [01;36m[Knote: [m[K  no known conversion for argument 2 from ‘[01m[Kdouble [3][m[K’ to ‘[01m[Kint*[m[K’
[53.863s] gmake[2]: *** [CMakeFiles/spider_driver.dir/build.make:76: CMakeFiles/spider_driver.dir/src/spider_driver/ControllerNode.cpp.o] Error 1
[54.003s] gmake[1]: *** [CMakeFiles/Makefile2:139: CMakeFiles/spider_driver.dir/all] Error 2
[54.048s] gmake: *** [Makefile:146: all] Error 2
[54.233s] Invoked command in '/home/spider/ws/build/spider_driver' returned '2': CMAKE_PREFIX_PATH=/home/spider/ws/install/spider_msgs:/home/spider/ws/install/i2c_pwm_board:/home/spider/ws/install/i2c_pwm_board_xmlrp:/home/spider/ws/install/xmlrpcpp:/home/spider/ws/install/spider_driver:/home/spider/ws/install/i2c_pwm_board_calibration:/home/spider/ws/install/i2c_pwm_board_msgs:/home/spider/ws/install/spider_control:/opt/ros/humble LD_LIBRARY_PATH=/home/spider/ws/install/spider_msgs/lib:/home/spider/ws/install/i2c_pwm_board_xmlrp/lib:/home/spider/ws/install/xmlrpcpp/lib:/home/spider/ws/install/spider_driver/lib:/home/spider/ws/install/i2c_pwm_board_msgs/lib:/opt/ros/humble/opt/rviz_ogre_vendor/lib:/opt/ros/humble/lib/aarch64-linux-gnu:/opt/ros/humble/lib /usr/bin/cmake --build /home/spider/ws/build/spider_driver -- -j4 -l4
