[1.853s] DEBUG:colcon:Command line arguments: ['/usr/bin/colcon', 'build', '--symlink-install', '--parallel-workers', '1', '--packages-select', 'spider_driver']
[1.854s] DEBUG:colcon:Parsed command line arguments: Namespace(log_base=None, log_level=None, verb_name='build', build_base='build', install_base='install', merge_install=False, symlink_install=True, test_result_base=None, continue_on_error=False, executor='parallel', parallel_workers=1, event_handlers=None, ignore_user_meta=False, metas=['./colcon.meta'], base_paths=['.'], packages_ignore=None, packages_ignore_regex=None, paths=None, packages_up_to=None, packages_up_to_regex=None, packages_above=None, packages_above_and_dependencies=None, packages_above_depth=None, packages_select_by_dep=None, packages_skip_by_dep=None, packages_skip_up_to=None, packages_select_build_failed=False, packages_skip_build_finished=False, packages_select_test_failures=False, packages_skip_test_passed=False, packages_select=['spider_driver'], packages_skip=None, packages_select_regex=None, packages_skip_regex=None, packages_start=None, packages_end=None, allow_overriding=[], cmake_args=None, cmake_target=None, cmake_target_skip_unavailable=False, cmake_clean_cache=False, cmake_clean_first=False, cmake_force_configure=False, ament_cmake_args=None, catkin_cmake_args=None, catkin_skip_building_tests=False, verb_parser=<colcon_defaults.argument_parser.defaults.DefaultArgumentsDecorator object at 0xffff858047f0>, verb_extension=<colcon_core.verb.build.BuildVerb object at 0xffff85975c60>, main=<bound method BuildVerb.main of <colcon_core.verb.build.BuildVerb object at 0xffff85975c60>>)
[5.651s] Level 1:colcon.colcon_core.package_discovery:discover_packages(colcon_meta) check parameters
[5.652s] Level 1:colcon.colcon_core.package_discovery:discover_packages(recursive) check parameters
[5.653s] Level 1:colcon.colcon_core.package_discovery:discover_packages(ignore) check parameters
[5.654s] Level 1:colcon.colcon_core.package_discovery:discover_packages(path) check parameters
[5.654s] Level 1:colcon.colcon_core.package_discovery:discover_packages(colcon_meta) discover
[5.655s] Level 1:colcon.colcon_core.package_discovery:discover_packages(recursive) discover
[5.655s] INFO:colcon.colcon_core.package_discovery:Crawling recursively for packages in '/home/spider/ws'
[5.657s] Level 1:colcon.colcon_core.package_identification:_identify(.) by extensions ['ignore', 'ignore_ament_install']
[5.658s] Level 1:colcon.colcon_core.package_identification:_identify(.) by extension 'ignore'
[5.659s] Level 1:colcon.colcon_core.package_identification:_identify(.) by extension 'ignore_ament_install'
[5.660s] Level 1:colcon.colcon_core.package_identification:_identify(.) by extensions ['colcon_pkg']
[5.661s] Level 1:colcon.colcon_core.package_identification:_identify(.) by extension 'colcon_pkg'
[5.662s] Level 1:colcon.colcon_core.package_identification:_identify(.) by extensions ['colcon_meta']
[5.662s] Level 1:colcon.colcon_core.package_identification:_identify(.) by extension 'colcon_meta'
[5.663s] Level 1:colcon.colcon_core.package_identification:_identify(.) by extensions ['ros']
[5.663s] Level 1:colcon.colcon_core.package_identification:_identify(.) by extension 'ros'
[5.885s] Level 1:colcon.colcon_core.package_identification:_identify(.) by extensions ['cmake', 'python']
[5.886s] Level 1:colcon.colcon_core.package_identification:_identify(.) by extension 'cmake'
[5.886s] Level 1:colcon.colcon_core.package_identification:_identify(.) by extension 'python'
[5.887s] Level 1:colcon.colcon_core.package_identification:_identify(.) by extensions ['python_setup_py']
[5.887s] Level 1:colcon.colcon_core.package_identification:_identify(.) by extension 'python_setup_py'
[5.889s] Level 1:colcon.colcon_core.package_identification:_identify(build) by extensions ['ignore', 'ignore_ament_install']
[5.890s] Level 1:colcon.colcon_core.package_identification:_identify(build) by extension 'ignore'
[5.891s] Level 1:colcon.colcon_core.package_identification:_identify(build) ignored
[5.893s] Level 1:colcon.colcon_core.package_identification:_identify(install) by extensions ['ignore', 'ignore_ament_install']
[5.894s] Level 1:colcon.colcon_core.package_identification:_identify(install) by extension 'ignore'
[5.895s] Level 1:colcon.colcon_core.package_identification:_identify(install) ignored
[5.898s] Level 1:colcon.colcon_core.package_identification:_identify(log) by extensions ['ignore', 'ignore_ament_install']
[5.899s] Level 1:colcon.colcon_core.package_identification:_identify(log) by extension 'ignore'
[5.900s] Level 1:colcon.colcon_core.package_identification:_identify(log) ignored
[5.901s] Level 1:colcon.colcon_core.package_identification:_identify(src) by extensions ['ignore', 'ignore_ament_install']
[5.902s] Level 1:colcon.colcon_core.package_identification:_identify(src) by extension 'ignore'
[5.903s] Level 1:colcon.colcon_core.package_identification:_identify(src) by extension 'ignore_ament_install'
[5.903s] Level 1:colcon.colcon_core.package_identification:_identify(src) by extensions ['colcon_pkg']
[5.904s] Level 1:colcon.colcon_core.package_identification:_identify(src) by extension 'colcon_pkg'
[5.905s] Level 1:colcon.colcon_core.package_identification:_identify(src) by extensions ['colcon_meta']
[5.905s] Level 1:colcon.colcon_core.package_identification:_identify(src) by extension 'colcon_meta'
[5.906s] Level 1:colcon.colcon_core.package_identification:_identify(src) by extensions ['ros']
[5.906s] Level 1:colcon.colcon_core.package_identification:_identify(src) by extension 'ros'
[5.907s] Level 1:colcon.colcon_core.package_identification:_identify(src) by extensions ['cmake', 'python']
[5.908s] Level 1:colcon.colcon_core.package_identification:_identify(src) by extension 'cmake'
[5.908s] Level 1:colcon.colcon_core.package_identification:_identify(src) by extension 'python'
[5.909s] Level 1:colcon.colcon_core.package_identification:_identify(src) by extensions ['python_setup_py']
[5.909s] Level 1:colcon.colcon_core.package_identification:_identify(src) by extension 'python_setup_py'
[5.912s] Level 1:colcon.colcon_core.package_identification:_identify(src/i2c_pwm_board) by extensions ['ignore', 'ignore_ament_install']
[5.913s] Level 1:colcon.colcon_core.package_identification:_identify(src/i2c_pwm_board) by extension 'ignore'
[5.914s] Level 1:colcon.colcon_core.package_identification:_identify(src/i2c_pwm_board) by extension 'ignore_ament_install'
[5.915s] Level 1:colcon.colcon_core.package_identification:_identify(src/i2c_pwm_board) by extensions ['colcon_pkg']
[5.916s] Level 1:colcon.colcon_core.package_identification:_identify(src/i2c_pwm_board) by extension 'colcon_pkg'
[5.916s] Level 1:colcon.colcon_core.package_identification:_identify(src/i2c_pwm_board) by extensions ['colcon_meta']
[5.917s] Level 1:colcon.colcon_core.package_identification:_identify(src/i2c_pwm_board) by extension 'colcon_meta'
[5.917s] Level 1:colcon.colcon_core.package_identification:_identify(src/i2c_pwm_board) by extensions ['ros']
[5.918s] Level 1:colcon.colcon_core.package_identification:_identify(src/i2c_pwm_board) by extension 'ros'
[5.919s] Level 1:colcon.colcon_core.package_identification:_identify(src/i2c_pwm_board) by extensions ['cmake', 'python']
[5.920s] Level 1:colcon.colcon_core.package_identification:_identify(src/i2c_pwm_board) by extension 'cmake'
[5.920s] Level 1:colcon.colcon_core.package_identification:_identify(src/i2c_pwm_board) by extension 'python'
[5.921s] Level 1:colcon.colcon_core.package_identification:_identify(src/i2c_pwm_board) by extensions ['python_setup_py']
[5.921s] Level 1:colcon.colcon_core.package_identification:_identify(src/i2c_pwm_board) by extension 'python_setup_py'
[5.924s] Level 1:colcon.colcon_core.package_identification:_identify(src/i2c_pwm_board/docs) by extensions ['ignore', 'ignore_ament_install']
[5.925s] Level 1:colcon.colcon_core.package_identification:_identify(src/i2c_pwm_board/docs) by extension 'ignore'
[5.926s] Level 1:colcon.colcon_core.package_identification:_identify(src/i2c_pwm_board/docs) by extension 'ignore_ament_install'
[5.927s] Level 1:colcon.colcon_core.package_identification:_identify(src/i2c_pwm_board/docs) by extensions ['colcon_pkg']
[5.927s] Level 1:colcon.colcon_core.package_identification:_identify(src/i2c_pwm_board/docs) by extension 'colcon_pkg'
[5.928s] Level 1:colcon.colcon_core.package_identification:_identify(src/i2c_pwm_board/docs) by extensions ['colcon_meta']
[5.929s] Level 1:colcon.colcon_core.package_identification:_identify(src/i2c_pwm_board/docs) by extension 'colcon_meta'
[5.929s] Level 1:colcon.colcon_core.package_identification:_identify(src/i2c_pwm_board/docs) by extensions ['ros']
[5.930s] Level 1:colcon.colcon_core.package_identification:_identify(src/i2c_pwm_board/docs) by extension 'ros'
[5.931s] Level 1:colcon.colcon_core.package_identification:_identify(src/i2c_pwm_board/docs) by extensions ['cmake', 'python']
[5.932s] Level 1:colcon.colcon_core.package_identification:_identify(src/i2c_pwm_board/docs) by extension 'cmake'
[5.933s] Level 1:colcon.colcon_core.package_identification:_identify(src/i2c_pwm_board/docs) by extension 'python'
[5.933s] Level 1:colcon.colcon_core.package_identification:_identify(src/i2c_pwm_board/docs) by extensions ['python_setup_py']
[5.934s] Level 1:colcon.colcon_core.package_identification:_identify(src/i2c_pwm_board/docs) by extension 'python_setup_py'
[5.936s] Level 1:colcon.colcon_core.package_identification:_identify(src/i2c_pwm_board/docs/images) by extensions ['ignore', 'ignore_ament_install']
[5.937s] Level 1:colcon.colcon_core.package_identification:_identify(src/i2c_pwm_board/docs/images) by extension 'ignore'
[5.938s] Level 1:colcon.colcon_core.package_identification:_identify(src/i2c_pwm_board/docs/images) by extension 'ignore_ament_install'
[5.939s] Level 1:colcon.colcon_core.package_identification:_identify(src/i2c_pwm_board/docs/images) by extensions ['colcon_pkg']
[5.940s] Level 1:colcon.colcon_core.package_identification:_identify(src/i2c_pwm_board/docs/images) by extension 'colcon_pkg'
[5.940s] Level 1:colcon.colcon_core.package_identification:_identify(src/i2c_pwm_board/docs/images) by extensions ['colcon_meta']
[5.941s] Level 1:colcon.colcon_core.package_identification:_identify(src/i2c_pwm_board/docs/images) by extension 'colcon_meta'
[5.942s] Level 1:colcon.colcon_core.package_identification:_identify(src/i2c_pwm_board/docs/images) by extensions ['ros']
[5.942s] Level 1:colcon.colcon_core.package_identification:_identify(src/i2c_pwm_board/docs/images) by extension 'ros'
[5.943s] Level 1:colcon.colcon_core.package_identification:_identify(src/i2c_pwm_board/docs/images) by extensions ['cmake', 'python']
[5.944s] Level 1:colcon.colcon_core.package_identification:_identify(src/i2c_pwm_board/docs/images) by extension 'cmake'
[5.945s] Level 1:colcon.colcon_core.package_identification:_identify(src/i2c_pwm_board/docs/images) by extension 'python'
[5.945s] Level 1:colcon.colcon_core.package_identification:_identify(src/i2c_pwm_board/docs/images) by extensions ['python_setup_py']
[5.946s] Level 1:colcon.colcon_core.package_identification:_identify(src/i2c_pwm_board/docs/images) by extension 'python_setup_py'
[5.948s] Level 1:colcon.colcon_core.package_identification:_identify(src/i2c_pwm_board/i2c_pwm_board) by extensions ['ignore', 'ignore_ament_install']
[5.949s] Level 1:colcon.colcon_core.package_identification:_identify(src/i2c_pwm_board/i2c_pwm_board) by extension 'ignore'
[5.950s] Level 1:colcon.colcon_core.package_identification:_identify(src/i2c_pwm_board/i2c_pwm_board) by extension 'ignore_ament_install'
[5.951s] Level 1:colcon.colcon_core.package_identification:_identify(src/i2c_pwm_board/i2c_pwm_board) by extensions ['colcon_pkg']
[5.951s] Level 1:colcon.colcon_core.package_identification:_identify(src/i2c_pwm_board/i2c_pwm_board) by extension 'colcon_pkg'
[5.952s] Level 1:colcon.colcon_core.package_identification:_identify(src/i2c_pwm_board/i2c_pwm_board) by extensions ['colcon_meta']
[5.953s] Level 1:colcon.colcon_core.package_identification:_identify(src/i2c_pwm_board/i2c_pwm_board) by extension 'colcon_meta'
[5.953s] Level 1:colcon.colcon_core.package_identification:_identify(src/i2c_pwm_board/i2c_pwm_board) by extensions ['ros']
[5.954s] Level 1:colcon.colcon_core.package_identification:_identify(src/i2c_pwm_board/i2c_pwm_board) by extension 'ros'
[5.998s] DEBUG:colcon.colcon_core.package_identification:Package 'src/i2c_pwm_board/i2c_pwm_board' with type 'ros.ament_cmake' and name 'i2c_pwm_board'
[6.001s] Level 1:colcon.colcon_core.package_identification:_identify(src/i2c_pwm_board/i2c_pwm_board_calibration) by extensions ['ignore', 'ignore_ament_install']
[6.002s] Level 1:colcon.colcon_core.package_identification:_identify(src/i2c_pwm_board/i2c_pwm_board_calibration) by extension 'ignore'
[6.003s] Level 1:colcon.colcon_core.package_identification:_identify(src/i2c_pwm_board/i2c_pwm_board_calibration) by extension 'ignore_ament_install'
[6.004s] Level 1:colcon.colcon_core.package_identification:_identify(src/i2c_pwm_board/i2c_pwm_board_calibration) by extensions ['colcon_pkg']
[6.004s] Level 1:colcon.colcon_core.package_identification:_identify(src/i2c_pwm_board/i2c_pwm_board_calibration) by extension 'colcon_pkg'
[6.005s] Level 1:colcon.colcon_core.package_identification:_identify(src/i2c_pwm_board/i2c_pwm_board_calibration) by extensions ['colcon_meta']
[6.005s] Level 1:colcon.colcon_core.package_identification:_identify(src/i2c_pwm_board/i2c_pwm_board_calibration) by extension 'colcon_meta'
[6.006s] Level 1:colcon.colcon_core.package_identification:_identify(src/i2c_pwm_board/i2c_pwm_board_calibration) by extensions ['ros']
[6.007s] Level 1:colcon.colcon_core.package_identification:_identify(src/i2c_pwm_board/i2c_pwm_board_calibration) by extension 'ros'
[6.014s] DEBUG:colcon.colcon_core.package_identification:Package 'src/i2c_pwm_board/i2c_pwm_board_calibration' with type 'ros.ament_cmake' and name 'i2c_pwm_board_calibration'
[6.016s] Level 1:colcon.colcon_core.package_identification:_identify(src/i2c_pwm_board/i2c_pwm_board_msgs) by extensions ['ignore', 'ignore_ament_install']
[6.017s] Level 1:colcon.colcon_core.package_identification:_identify(src/i2c_pwm_board/i2c_pwm_board_msgs) by extension 'ignore'
[6.018s] Level 1:colcon.colcon_core.package_identification:_identify(src/i2c_pwm_board/i2c_pwm_board_msgs) by extension 'ignore_ament_install'
[6.019s] Level 1:colcon.colcon_core.package_identification:_identify(src/i2c_pwm_board/i2c_pwm_board_msgs) by extensions ['colcon_pkg']
[6.020s] Level 1:colcon.colcon_core.package_identification:_identify(src/i2c_pwm_board/i2c_pwm_board_msgs) by extension 'colcon_pkg'
[6.020s] Level 1:colcon.colcon_core.package_identification:_identify(src/i2c_pwm_board/i2c_pwm_board_msgs) by extensions ['colcon_meta']
[6.021s] Level 1:colcon.colcon_core.package_identification:_identify(src/i2c_pwm_board/i2c_pwm_board_msgs) by extension 'colcon_meta'
[6.022s] Level 1:colcon.colcon_core.package_identification:_identify(src/i2c_pwm_board/i2c_pwm_board_msgs) by extensions ['ros']
[6.022s] Level 1:colcon.colcon_core.package_identification:_identify(src/i2c_pwm_board/i2c_pwm_board_msgs) by extension 'ros'
[6.030s] DEBUG:colcon.colcon_core.package_identification:Package 'src/i2c_pwm_board/i2c_pwm_board_msgs' with type 'ros.ament_cmake' and name 'i2c_pwm_board_msgs'
[6.032s] Level 1:colcon.colcon_core.package_identification:_identify(src/i2c_pwm_board/i2c_pwm_board_xmlrp) by extensions ['ignore', 'ignore_ament_install']
[6.034s] Level 1:colcon.colcon_core.package_identification:_identify(src/i2c_pwm_board/i2c_pwm_board_xmlrp) by extension 'ignore'
[6.035s] Level 1:colcon.colcon_core.package_identification:_identify(src/i2c_pwm_board/i2c_pwm_board_xmlrp) by extension 'ignore_ament_install'
[6.036s] Level 1:colcon.colcon_core.package_identification:_identify(src/i2c_pwm_board/i2c_pwm_board_xmlrp) by extensions ['colcon_pkg']
[6.036s] Level 1:colcon.colcon_core.package_identification:_identify(src/i2c_pwm_board/i2c_pwm_board_xmlrp) by extension 'colcon_pkg'
[6.037s] Level 1:colcon.colcon_core.package_identification:_identify(src/i2c_pwm_board/i2c_pwm_board_xmlrp) by extensions ['colcon_meta']
[6.038s] Level 1:colcon.colcon_core.package_identification:_identify(src/i2c_pwm_board/i2c_pwm_board_xmlrp) by extension 'colcon_meta'
[6.039s] Level 1:colcon.colcon_core.package_identification:_identify(src/i2c_pwm_board/i2c_pwm_board_xmlrp) by extensions ['ros']
[6.039s] Level 1:colcon.colcon_core.package_identification:_identify(src/i2c_pwm_board/i2c_pwm_board_xmlrp) by extension 'ros'
[6.046s] DEBUG:colcon.colcon_core.package_identification:Package 'src/i2c_pwm_board/i2c_pwm_board_xmlrp' with type 'ros.ament_cmake' and name 'i2c_pwm_board_xmlrp'
[6.049s] Level 1:colcon.colcon_core.package_identification:_identify(src/i2c_pwm_board/xmlrpcpp) by extensions ['ignore', 'ignore_ament_install']
[6.050s] Level 1:colcon.colcon_core.package_identification:_identify(src/i2c_pwm_board/xmlrpcpp) by extension 'ignore'
[6.051s] Level 1:colcon.colcon_core.package_identification:_identify(src/i2c_pwm_board/xmlrpcpp) by extension 'ignore_ament_install'
[6.052s] Level 1:colcon.colcon_core.package_identification:_identify(src/i2c_pwm_board/xmlrpcpp) by extensions ['colcon_pkg']
[6.053s] Level 1:colcon.colcon_core.package_identification:_identify(src/i2c_pwm_board/xmlrpcpp) by extension 'colcon_pkg'
[6.053s] Level 1:colcon.colcon_core.package_identification:_identify(src/i2c_pwm_board/xmlrpcpp) by extensions ['colcon_meta']
[6.054s] Level 1:colcon.colcon_core.package_identification:_identify(src/i2c_pwm_board/xmlrpcpp) by extension 'colcon_meta'
[6.055s] Level 1:colcon.colcon_core.package_identification:_identify(src/i2c_pwm_board/xmlrpcpp) by extensions ['ros']
[6.055s] Level 1:colcon.colcon_core.package_identification:_identify(src/i2c_pwm_board/xmlrpcpp) by extension 'ros'
[6.062s] DEBUG:colcon.colcon_core.package_identification:Package 'src/i2c_pwm_board/xmlrpcpp' with type 'ros.ament_cmake' and name 'xmlrpcpp'
[6.065s] Level 1:colcon.colcon_core.package_identification:_identify(src/spider_control) by extensions ['ignore', 'ignore_ament_install']
[6.066s] Level 1:colcon.colcon_core.package_identification:_identify(src/spider_control) by extension 'ignore'
[6.067s] Level 1:colcon.colcon_core.package_identification:_identify(src/spider_control) by extension 'ignore_ament_install'
[6.067s] Level 1:colcon.colcon_core.package_identification:_identify(src/spider_control) by extensions ['colcon_pkg']
[6.068s] Level 1:colcon.colcon_core.package_identification:_identify(src/spider_control) by extension 'colcon_pkg'
[6.069s] Level 1:colcon.colcon_core.package_identification:_identify(src/spider_control) by extensions ['colcon_meta']
[6.069s] Level 1:colcon.colcon_core.package_identification:_identify(src/spider_control) by extension 'colcon_meta'
[6.070s] Level 1:colcon.colcon_core.package_identification:_identify(src/spider_control) by extensions ['ros']
[6.070s] Level 1:colcon.colcon_core.package_identification:_identify(src/spider_control) by extension 'ros'
[6.077s] DEBUG:colcon.colcon_core.package_identification:Package 'src/spider_control' with type 'ros.ament_python' and name 'spider_control'
[6.078s] Level 1:colcon.colcon_core.package_identification:_identify(src/spider_driver) by extensions ['ignore', 'ignore_ament_install']
[6.079s] Level 1:colcon.colcon_core.package_identification:_identify(src/spider_driver) by extension 'ignore'
[6.080s] Level 1:colcon.colcon_core.package_identification:_identify(src/spider_driver) by extension 'ignore_ament_install'
[6.081s] Level 1:colcon.colcon_core.package_identification:_identify(src/spider_driver) by extensions ['colcon_pkg']
[6.081s] Level 1:colcon.colcon_core.package_identification:_identify(src/spider_driver) by extension 'colcon_pkg'
[6.082s] Level 1:colcon.colcon_core.package_identification:_identify(src/spider_driver) by extensions ['colcon_meta']
[6.083s] Level 1:colcon.colcon_core.package_identification:_identify(src/spider_driver) by extension 'colcon_meta'
[6.083s] Level 1:colcon.colcon_core.package_identification:_identify(src/spider_driver) by extensions ['ros']
[6.084s] Level 1:colcon.colcon_core.package_identification:_identify(src/spider_driver) by extension 'ros'
[6.094s] DEBUG:colcon.colcon_core.package_identification:Package 'src/spider_driver' with type 'ros.ament_cmake' and name 'spider_driver'
[6.097s] Level 1:colcon.colcon_core.package_identification:_identify(src/spider_msgs) by extensions ['ignore', 'ignore_ament_install']
[6.098s] Level 1:colcon.colcon_core.package_identification:_identify(src/spider_msgs) by extension 'ignore'
[6.099s] Level 1:colcon.colcon_core.package_identification:_identify(src/spider_msgs) by extension 'ignore_ament_install'
[6.100s] Level 1:colcon.colcon_core.package_identification:_identify(src/spider_msgs) by extensions ['colcon_pkg']
[6.100s] Level 1:colcon.colcon_core.package_identification:_identify(src/spider_msgs) by extension 'colcon_pkg'
[6.101s] Level 1:colcon.colcon_core.package_identification:_identify(src/spider_msgs) by extensions ['colcon_meta']
[6.101s] Level 1:colcon.colcon_core.package_identification:_identify(src/spider_msgs) by extension 'colcon_meta'
[6.102s] Level 1:colcon.colcon_core.package_identification:_identify(src/spider_msgs) by extensions ['ros']
[6.103s] Level 1:colcon.colcon_core.package_identification:_identify(src/spider_msgs) by extension 'ros'
[6.111s] DEBUG:colcon.colcon_core.package_identification:Package 'src/spider_msgs' with type 'ros.ament_cmake' and name 'spider_msgs'
[6.112s] Level 1:colcon.colcon_core.package_discovery:discover_packages(recursive) using defaults
[6.113s] Level 1:colcon.colcon_core.package_discovery:discover_packages(ignore) discover
[6.113s] Level 1:colcon.colcon_core.package_discovery:discover_packages(ignore) using defaults
[6.114s] Level 1:colcon.colcon_core.package_discovery:discover_packages(path) discover
[6.114s] Level 1:colcon.colcon_core.package_discovery:discover_packages(path) using defaults
[6.466s] INFO:colcon.colcon_core.package_selection:Skipping not selected package 'i2c_pwm_board_msgs' in 'src/i2c_pwm_board/i2c_pwm_board_msgs'
[6.467s] INFO:colcon.colcon_core.package_selection:Skipping not selected package 'spider_control' in 'src/spider_control'
[6.467s] INFO:colcon.colcon_core.package_selection:Skipping not selected package 'spider_msgs' in 'src/spider_msgs'
[6.468s] INFO:colcon.colcon_core.package_selection:Skipping not selected package 'xmlrpcpp' in 'src/i2c_pwm_board/xmlrpcpp'
[6.468s] INFO:colcon.colcon_core.package_selection:Skipping not selected package 'i2c_pwm_board_calibration' in 'src/i2c_pwm_board/i2c_pwm_board_calibration'
[6.468s] INFO:colcon.colcon_core.package_selection:Skipping not selected package 'i2c_pwm_board_xmlrp' in 'src/i2c_pwm_board/i2c_pwm_board_xmlrp'
[6.469s] INFO:colcon.colcon_core.package_selection:Skipping not selected package 'i2c_pwm_board' in 'src/i2c_pwm_board/i2c_pwm_board'
[6.474s] Level 1:colcon.colcon_core.package_discovery:discover_packages(prefix_path) check parameters
[6.474s] Level 1:colcon.colcon_core.package_discovery:discover_packages(prefix_path) discover
[6.512s] DEBUG:colcon.colcon_installed_package_information.package_discovery:Found 8 installed packages in /home/spider/ws/install
[6.534s] DEBUG:colcon.colcon_installed_package_information.package_discovery:Found 279 installed packages in /opt/ros/humble
[6.550s] Level 1:colcon.colcon_core.package_discovery:discover_packages(prefix_path) using defaults
[7.136s] Level 5:colcon.colcon_core.verb:set package 'spider_driver' build argument 'cmake_args' from command line to 'None'
[7.137s] Level 5:colcon.colcon_core.verb:set package 'spider_driver' build argument 'cmake_target' from command line to 'None'
[7.143s] Level 5:colcon.colcon_core.verb:set package 'spider_driver' build argument 'cmake_target_skip_unavailable' from command line to 'False'
[7.144s] Level 5:colcon.colcon_core.verb:set package 'spider_driver' build argument 'cmake_clean_cache' from command line to 'False'
[7.144s] Level 5:colcon.colcon_core.verb:set package 'spider_driver' build argument 'cmake_clean_first' from command line to 'False'
[7.145s] Level 5:colcon.colcon_core.verb:set package 'spider_driver' build argument 'cmake_force_configure' from command line to 'False'
[7.146s] Level 5:colcon.colcon_core.verb:set package 'spider_driver' build argument 'ament_cmake_args' from command line to 'None'
[7.146s] Level 5:colcon.colcon_core.verb:set package 'spider_driver' build argument 'catkin_cmake_args' from command line to 'None'
[7.147s] Level 5:colcon.colcon_core.verb:set package 'spider_driver' build argument 'catkin_skip_building_tests' from command line to 'False'
[7.147s] DEBUG:colcon.colcon_core.verb:Building package 'spider_driver' with the following arguments: {'ament_cmake_args': None, 'build_base': '/home/spider/ws/build/spider_driver', 'catkin_cmake_args': None, 'catkin_skip_building_tests': False, 'cmake_args': None, 'cmake_clean_cache': False, 'cmake_clean_first': False, 'cmake_force_configure': False, 'cmake_target': None, 'cmake_target_skip_unavailable': False, 'install_base': '/home/spider/ws/install/spider_driver', 'merge_install': False, 'path': '/home/spider/ws/src/spider_driver', 'symlink_install': True, 'test_result_base': None}
[7.149s] INFO:colcon.colcon_core.executor:Executing jobs using 'parallel' executor
[7.157s] DEBUG:colcon.colcon_parallel_executor.executor.parallel:run_until_complete
[7.160s] INFO:colcon.colcon_ros.task.ament_cmake.build:Building ROS package in '/home/spider/ws/src/spider_driver' with build type 'ament_cmake'
[7.161s] INFO:colcon.colcon_cmake.task.cmake.build:Building CMake package in '/home/spider/ws/src/spider_driver'
[7.230s] INFO:colcon.colcon_core.plugin_system:Skipping extension 'colcon_core.shell.bat': Not used on non-Windows systems
[7.233s] INFO:colcon.colcon_core.shell:Skip shell extension 'powershell' for command environment: Not usable outside of PowerShell
[7.234s] DEBUG:colcon.colcon_core.shell:Skip shell extension 'dsv' for command environment
[7.388s] DEBUG:colcon.colcon_core.event_handler.log_command:Invoking command in '/home/spider/ws/build/spider_driver': CMAKE_PREFIX_PATH=/home/spider/ws/install/spider_msgs:/home/spider/ws/install/i2c_pwm_board:/home/spider/ws/install/i2c_pwm_board_xmlrp:/home/spider/ws/install/xmlrpcpp:/home/spider/ws/install/spider_driver:/home/spider/ws/install/i2c_pwm_board_calibration:/home/spider/ws/install/i2c_pwm_board_msgs:/home/spider/ws/install/spider_control:/opt/ros/humble LD_LIBRARY_PATH=/home/spider/ws/install/spider_msgs/lib:/home/spider/ws/install/i2c_pwm_board_xmlrp/lib:/home/spider/ws/install/xmlrpcpp/lib:/home/spider/ws/install/spider_driver/lib:/home/spider/ws/install/i2c_pwm_board_msgs/lib:/opt/ros/humble/opt/rviz_ogre_vendor/lib:/opt/ros/humble/lib/aarch64-linux-gnu:/opt/ros/humble/lib /usr/bin/cmake --build /home/spider/ws/build/spider_driver -- -j4 -l4
[444.795s] DEBUG:colcon.colcon_core.event_handler.log_command:Invoked command in '/home/spider/ws/build/spider_driver' returned '0': CMAKE_PREFIX_PATH=/home/spider/ws/install/spider_msgs:/home/spider/ws/install/i2c_pwm_board:/home/spider/ws/install/i2c_pwm_board_xmlrp:/home/spider/ws/install/xmlrpcpp:/home/spider/ws/install/spider_driver:/home/spider/ws/install/i2c_pwm_board_calibration:/home/spider/ws/install/i2c_pwm_board_msgs:/home/spider/ws/install/spider_control:/opt/ros/humble LD_LIBRARY_PATH=/home/spider/ws/install/spider_msgs/lib:/home/spider/ws/install/i2c_pwm_board_xmlrp/lib:/home/spider/ws/install/xmlrpcpp/lib:/home/spider/ws/install/spider_driver/lib:/home/spider/ws/install/i2c_pwm_board_msgs/lib:/opt/ros/humble/opt/rviz_ogre_vendor/lib:/opt/ros/humble/lib/aarch64-linux-gnu:/opt/ros/humble/lib /usr/bin/cmake --build /home/spider/ws/build/spider_driver -- -j4 -l4
[445.427s] DEBUG:colcon.colcon_core.event_handler.log_command:Invoking command in '/home/spider/ws/build/spider_driver': CMAKE_PREFIX_PATH=/home/spider/ws/install/spider_msgs:/home/spider/ws/install/i2c_pwm_board:/home/spider/ws/install/i2c_pwm_board_xmlrp:/home/spider/ws/install/xmlrpcpp:/home/spider/ws/install/spider_driver:/home/spider/ws/install/i2c_pwm_board_calibration:/home/spider/ws/install/i2c_pwm_board_msgs:/home/spider/ws/install/spider_control:/opt/ros/humble LD_LIBRARY_PATH=/home/spider/ws/install/spider_msgs/lib:/home/spider/ws/install/i2c_pwm_board_xmlrp/lib:/home/spider/ws/install/xmlrpcpp/lib:/home/spider/ws/install/spider_driver/lib:/home/spider/ws/install/i2c_pwm_board_msgs/lib:/opt/ros/humble/opt/rviz_ogre_vendor/lib:/opt/ros/humble/lib/aarch64-linux-gnu:/opt/ros/humble/lib /usr/bin/cmake --install /home/spider/ws/build/spider_driver
[445.842s] DEBUG:colcon.colcon_core.event_handler.log_command:Invoked command in '/home/spider/ws/build/spider_driver' returned '0': CMAKE_PREFIX_PATH=/home/spider/ws/install/spider_msgs:/home/spider/ws/install/i2c_pwm_board:/home/spider/ws/install/i2c_pwm_board_xmlrp:/home/spider/ws/install/xmlrpcpp:/home/spider/ws/install/spider_driver:/home/spider/ws/install/i2c_pwm_board_calibration:/home/spider/ws/install/i2c_pwm_board_msgs:/home/spider/ws/install/spider_control:/opt/ros/humble LD_LIBRARY_PATH=/home/spider/ws/install/spider_msgs/lib:/home/spider/ws/install/i2c_pwm_board_xmlrp/lib:/home/spider/ws/install/xmlrpcpp/lib:/home/spider/ws/install/spider_driver/lib:/home/spider/ws/install/i2c_pwm_board_msgs/lib:/opt/ros/humble/opt/rviz_ogre_vendor/lib:/opt/ros/humble/lib/aarch64-linux-gnu:/opt/ros/humble/lib /usr/bin/cmake --install /home/spider/ws/build/spider_driver
[445.836s] Level 1:colcon.colcon_core.environment:create_environment_scripts_only(spider_driver)
[446.531s] Level 1:colcon.colcon_core.environment:checking '/home/spider/ws/install/spider_driver' for CMake module files
[446.584s] Level 1:colcon.colcon_core.environment:checking '/home/spider/ws/install/spider_driver' for CMake config files
[446.606s] Level 1:colcon.colcon_core.shell:create_environment_hook('spider_driver', 'cmake_prefix_path')
[446.620s] INFO:colcon.colcon_core.shell:Creating environment hook '/home/spider/ws/install/spider_driver/share/spider_driver/hook/cmake_prefix_path.ps1'
[446.716s] INFO:colcon.colcon_core.shell:Creating environment descriptor '/home/spider/ws/install/spider_driver/share/spider_driver/hook/cmake_prefix_path.dsv'
[446.741s] INFO:colcon.colcon_core.shell:Creating environment hook '/home/spider/ws/install/spider_driver/share/spider_driver/hook/cmake_prefix_path.sh'
[446.779s] Level 1:colcon.colcon_core.environment:checking '/home/spider/ws/install/spider_driver/lib'
[446.784s] Level 1:colcon.colcon_core.shell:create_environment_hook('spider_driver', 'ld_library_path_lib')
[446.788s] INFO:colcon.colcon_core.shell:Creating environment hook '/home/spider/ws/install/spider_driver/share/spider_driver/hook/ld_library_path_lib.ps1'
[446.804s] INFO:colcon.colcon_core.shell:Creating environment descriptor '/home/spider/ws/install/spider_driver/share/spider_driver/hook/ld_library_path_lib.dsv'
[446.810s] INFO:colcon.colcon_core.shell:Creating environment hook '/home/spider/ws/install/spider_driver/share/spider_driver/hook/ld_library_path_lib.sh'
[446.817s] Level 1:colcon.colcon_core.environment:checking '/home/spider/ws/install/spider_driver/bin'
[446.819s] Level 1:colcon.colcon_core.environment:checking '/home/spider/ws/install/spider_driver/lib/pkgconfig/spider_driver.pc'
[446.860s] Level 1:colcon.colcon_core.environment:checking '/home/spider/ws/install/spider_driver/lib/python3.10/site-packages'
[446.867s] Level 1:colcon.colcon_core.environment:checking '/home/spider/ws/install/spider_driver/bin'
[446.875s] INFO:colcon.colcon_core.shell:Creating package script '/home/spider/ws/install/spider_driver/share/spider_driver/package.ps1'
[446.902s] INFO:colcon.colcon_core.shell:Creating package descriptor '/home/spider/ws/install/spider_driver/share/spider_driver/package.dsv'
[446.913s] INFO:colcon.colcon_core.shell:Creating package script '/home/spider/ws/install/spider_driver/share/spider_driver/package.sh'
[446.931s] INFO:colcon.colcon_core.shell:Creating package script '/home/spider/ws/install/spider_driver/share/spider_driver/package.bash'
[446.954s] INFO:colcon.colcon_core.shell:Creating package script '/home/spider/ws/install/spider_driver/share/spider_driver/package.zsh'
[446.984s] Level 1:colcon.colcon_core.environment:create_file_with_runtime_dependencies(/home/spider/ws/install/spider_driver/share/colcon-core/packages/spider_driver)
[447.092s] Level 1:colcon.colcon_core.environment:create_environment_scripts_only(spider_driver)
[447.096s] Level 1:colcon.colcon_core.environment:checking '/home/spider/ws/install/spider_driver' for CMake module files
[447.105s] Level 1:colcon.colcon_core.environment:checking '/home/spider/ws/install/spider_driver' for CMake config files
[447.113s] Level 1:colcon.colcon_core.shell:create_environment_hook('spider_driver', 'cmake_prefix_path')
[447.116s] INFO:colcon.colcon_core.shell:Creating environment hook '/home/spider/ws/install/spider_driver/share/spider_driver/hook/cmake_prefix_path.ps1'
[447.126s] INFO:colcon.colcon_core.shell:Creating environment descriptor '/home/spider/ws/install/spider_driver/share/spider_driver/hook/cmake_prefix_path.dsv'
[447.131s] INFO:colcon.colcon_core.shell:Creating environment hook '/home/spider/ws/install/spider_driver/share/spider_driver/hook/cmake_prefix_path.sh'
[447.138s] Level 1:colcon.colcon_core.environment:checking '/home/spider/ws/install/spider_driver/lib'
[447.139s] Level 1:colcon.colcon_core.shell:create_environment_hook('spider_driver', 'ld_library_path_lib')
[447.143s] INFO:colcon.colcon_core.shell:Creating environment hook '/home/spider/ws/install/spider_driver/share/spider_driver/hook/ld_library_path_lib.ps1'
[447.149s] INFO:colcon.colcon_core.shell:Creating environment descriptor '/home/spider/ws/install/spider_driver/share/spider_driver/hook/ld_library_path_lib.dsv'
[447.156s] INFO:colcon.colcon_core.shell:Creating environment hook '/home/spider/ws/install/spider_driver/share/spider_driver/hook/ld_library_path_lib.sh'
[447.162s] Level 1:colcon.colcon_core.environment:checking '/home/spider/ws/install/spider_driver/bin'
[447.163s] Level 1:colcon.colcon_core.environment:checking '/home/spider/ws/install/spider_driver/lib/pkgconfig/spider_driver.pc'
[447.166s] Level 1:colcon.colcon_core.environment:checking '/home/spider/ws/install/spider_driver/lib/python3.10/site-packages'
[447.170s] Level 1:colcon.colcon_core.environment:checking '/home/spider/ws/install/spider_driver/bin'
[447.174s] INFO:colcon.colcon_core.shell:Creating package script '/home/spider/ws/install/spider_driver/share/spider_driver/package.ps1'
[447.180s] INFO:colcon.colcon_core.shell:Creating package descriptor '/home/spider/ws/install/spider_driver/share/spider_driver/package.dsv'
[447.187s] INFO:colcon.colcon_core.shell:Creating package script '/home/spider/ws/install/spider_driver/share/spider_driver/package.sh'
[447.193s] INFO:colcon.colcon_core.shell:Creating package script '/home/spider/ws/install/spider_driver/share/spider_driver/package.bash'
[447.198s] INFO:colcon.colcon_core.shell:Creating package script '/home/spider/ws/install/spider_driver/share/spider_driver/package.zsh'
[447.215s] Level 1:colcon.colcon_core.environment:create_file_with_runtime_dependencies(/home/spider/ws/install/spider_driver/share/colcon-core/packages/spider_driver)
[447.227s] DEBUG:colcon.colcon_parallel_executor.executor.parallel:closing loop
[447.246s] DEBUG:colcon.colcon_parallel_executor.executor.parallel:loop closed
[447.259s] DEBUG:colcon.colcon_parallel_executor.executor.parallel:run_until_complete finished with '0'
[447.265s] DEBUG:colcon.colcon_core.event_reactor:joining thread
[447.730s] INFO:colcon.colcon_core.plugin_system:Skipping extension 'colcon_notification.desktop_notification.notify_send': Could not find 'notify-send'
[447.733s] INFO:colcon.colcon_core.plugin_system:Skipping extension 'colcon_notification.desktop_notification.terminal_notifier': Not used on non-Darwin systems
[447.740s] INFO:colcon.colcon_core.plugin_system:Skipping extension 'colcon_notification.desktop_notification.win32': Not used on non-Windows systems
[447.741s] INFO:colcon.colcon_notification.desktop_notification:Sending desktop notification using 'notify2'
[447.902s] DEBUG:colcon.colcon_notification.desktop_notification.notify2:Failed to initialize notify2: org.freedesktop.DBus.Error.ServiceUnknown: The name org.freedesktop.Notifications was not provided by any .service files
[447.907s] DEBUG:colcon.colcon_core.event_reactor:joined thread
[447.920s] INFO:colcon.colcon_core.shell:Creating prefix script '/home/spider/ws/install/local_setup.ps1'
[447.937s] INFO:colcon.colcon_core.shell:Creating prefix util module '/home/spider/ws/install/_local_setup_util_ps1.py'
[447.960s] INFO:colcon.colcon_core.shell:Creating prefix chain script '/home/spider/ws/install/setup.ps1'
[447.992s] INFO:colcon.colcon_core.shell:Creating prefix script '/home/spider/ws/install/local_setup.sh'
[448.004s] INFO:colcon.colcon_core.shell:Creating prefix util module '/home/spider/ws/install/_local_setup_util_sh.py'
[448.017s] INFO:colcon.colcon_core.shell:Creating prefix chain script '/home/spider/ws/install/setup.sh'
[448.042s] INFO:colcon.colcon_core.shell:Creating prefix script '/home/spider/ws/install/local_setup.bash'
[448.049s] INFO:colcon.colcon_core.shell:Creating prefix chain script '/home/spider/ws/install/setup.bash'
[448.070s] INFO:colcon.colcon_core.shell:Creating prefix script '/home/spider/ws/install/local_setup.zsh'
[448.081s] INFO:colcon.colcon_core.shell:Creating prefix chain script '/home/spider/ws/install/setup.zsh'
