[1.755s] DEBUG:colcon:Command line arguments: ['/usr/bin/colcon', 'build', '--symlink-install', '--parallel-workers', '1', '--packages-select', 'spider_driver']
[1.756s] DEBUG:colcon:Parsed command line arguments: Namespace(log_base=None, log_level=None, verb_name='build', build_base='build', install_base='install', merge_install=False, symlink_install=True, test_result_base=None, continue_on_error=False, executor='parallel', parallel_workers=1, event_handlers=None, ignore_user_meta=False, metas=['./colcon.meta'], base_paths=['.'], packages_ignore=None, packages_ignore_regex=None, paths=None, packages_up_to=None, packages_up_to_regex=None, packages_above=None, packages_above_and_dependencies=None, packages_above_depth=None, packages_select_by_dep=None, packages_skip_by_dep=None, packages_skip_up_to=None, packages_select_build_failed=False, packages_skip_build_finished=False, packages_select_test_failures=False, packages_skip_test_passed=False, packages_select=['spider_driver'], packages_skip=None, packages_select_regex=None, packages_skip_regex=None, packages_start=None, packages_end=None, allow_overriding=[], cmake_args=None, cmake_target=None, cmake_target_skip_unavailable=False, cmake_clean_cache=False, cmake_clean_first=False, cmake_force_configure=False, ament_cmake_args=None, catkin_cmake_args=None, catkin_skip_building_tests=False, verb_parser=<colcon_defaults.argument_parser.defaults.DefaultArgumentsDecorator object at 0xffff8ca74820>, verb_extension=<colcon_core.verb.build.BuildVerb object at 0xffff8cbe5c90>, main=<bound method BuildVerb.main of <colcon_core.verb.build.BuildVerb object at 0xffff8cbe5c90>>)
[4.952s] Level 1:colcon.colcon_core.package_discovery:discover_packages(colcon_meta) check parameters
[4.954s] Level 1:colcon.colcon_core.package_discovery:discover_packages(recursive) check parameters
[4.955s] Level 1:colcon.colcon_core.package_discovery:discover_packages(ignore) check parameters
[4.955s] Level 1:colcon.colcon_core.package_discovery:discover_packages(path) check parameters
[4.956s] Level 1:colcon.colcon_core.package_discovery:discover_packages(colcon_meta) discover
[4.957s] Level 1:colcon.colcon_core.package_discovery:discover_packages(recursive) discover
[4.957s] INFO:colcon.colcon_core.package_discovery:Crawling recursively for packages in '/home/spider/ws'
[4.959s] Level 1:colcon.colcon_core.package_identification:_identify(.) by extensions ['ignore', 'ignore_ament_install']
[4.960s] Level 1:colcon.colcon_core.package_identification:_identify(.) by extension 'ignore'
[4.961s] Level 1:colcon.colcon_core.package_identification:_identify(.) by extension 'ignore_ament_install'
[4.962s] Level 1:colcon.colcon_core.package_identification:_identify(.) by extensions ['colcon_pkg']
[4.963s] Level 1:colcon.colcon_core.package_identification:_identify(.) by extension 'colcon_pkg'
[4.964s] Level 1:colcon.colcon_core.package_identification:_identify(.) by extensions ['colcon_meta']
[4.964s] Level 1:colcon.colcon_core.package_identification:_identify(.) by extension 'colcon_meta'
[4.965s] Level 1:colcon.colcon_core.package_identification:_identify(.) by extensions ['ros']
[4.966s] Level 1:colcon.colcon_core.package_identification:_identify(.) by extension 'ros'
[5.130s] Level 1:colcon.colcon_core.package_identification:_identify(.) by extensions ['cmake', 'python']
[5.131s] Level 1:colcon.colcon_core.package_identification:_identify(.) by extension 'cmake'
[5.132s] Level 1:colcon.colcon_core.package_identification:_identify(.) by extension 'python'
[5.132s] Level 1:colcon.colcon_core.package_identification:_identify(.) by extensions ['python_setup_py']
[5.133s] Level 1:colcon.colcon_core.package_identification:_identify(.) by extension 'python_setup_py'
[5.134s] Level 1:colcon.colcon_core.package_identification:_identify(build) by extensions ['ignore', 'ignore_ament_install']
[5.135s] Level 1:colcon.colcon_core.package_identification:_identify(build) by extension 'ignore'
[5.136s] Level 1:colcon.colcon_core.package_identification:_identify(build) ignored
[5.138s] Level 1:colcon.colcon_core.package_identification:_identify(install) by extensions ['ignore', 'ignore_ament_install']
[5.139s] Level 1:colcon.colcon_core.package_identification:_identify(install) by extension 'ignore'
[5.140s] Level 1:colcon.colcon_core.package_identification:_identify(install) ignored
[5.142s] Level 1:colcon.colcon_core.package_identification:_identify(log) by extensions ['ignore', 'ignore_ament_install']
[5.143s] Level 1:colcon.colcon_core.package_identification:_identify(log) by extension 'ignore'
[5.144s] Level 1:colcon.colcon_core.package_identification:_identify(log) ignored
[5.145s] Level 1:colcon.colcon_core.package_identification:_identify(src) by extensions ['ignore', 'ignore_ament_install']
[5.146s] Level 1:colcon.colcon_core.package_identification:_identify(src) by extension 'ignore'
[5.147s] Level 1:colcon.colcon_core.package_identification:_identify(src) by extension 'ignore_ament_install'
[5.148s] Level 1:colcon.colcon_core.package_identification:_identify(src) by extensions ['colcon_pkg']
[5.148s] Level 1:colcon.colcon_core.package_identification:_identify(src) by extension 'colcon_pkg'
[5.149s] Level 1:colcon.colcon_core.package_identification:_identify(src) by extensions ['colcon_meta']
[5.149s] Level 1:colcon.colcon_core.package_identification:_identify(src) by extension 'colcon_meta'
[5.150s] Level 1:colcon.colcon_core.package_identification:_identify(src) by extensions ['ros']
[5.151s] Level 1:colcon.colcon_core.package_identification:_identify(src) by extension 'ros'
[5.152s] Level 1:colcon.colcon_core.package_identification:_identify(src) by extensions ['cmake', 'python']
[5.152s] Level 1:colcon.colcon_core.package_identification:_identify(src) by extension 'cmake'
[5.153s] Level 1:colcon.colcon_core.package_identification:_identify(src) by extension 'python'
[5.154s] Level 1:colcon.colcon_core.package_identification:_identify(src) by extensions ['python_setup_py']
[5.154s] Level 1:colcon.colcon_core.package_identification:_identify(src) by extension 'python_setup_py'
[5.157s] Level 1:colcon.colcon_core.package_identification:_identify(src/i2c_pwm_board) by extensions ['ignore', 'ignore_ament_install']
[5.158s] Level 1:colcon.colcon_core.package_identification:_identify(src/i2c_pwm_board) by extension 'ignore'
[5.159s] Level 1:colcon.colcon_core.package_identification:_identify(src/i2c_pwm_board) by extension 'ignore_ament_install'
[5.160s] Level 1:colcon.colcon_core.package_identification:_identify(src/i2c_pwm_board) by extensions ['colcon_pkg']
[5.161s] Level 1:colcon.colcon_core.package_identification:_identify(src/i2c_pwm_board) by extension 'colcon_pkg'
[5.161s] Level 1:colcon.colcon_core.package_identification:_identify(src/i2c_pwm_board) by extensions ['colcon_meta']
[5.162s] Level 1:colcon.colcon_core.package_identification:_identify(src/i2c_pwm_board) by extension 'colcon_meta'
[5.163s] Level 1:colcon.colcon_core.package_identification:_identify(src/i2c_pwm_board) by extensions ['ros']
[5.164s] Level 1:colcon.colcon_core.package_identification:_identify(src/i2c_pwm_board) by extension 'ros'
[5.165s] Level 1:colcon.colcon_core.package_identification:_identify(src/i2c_pwm_board) by extensions ['cmake', 'python']
[5.166s] Level 1:colcon.colcon_core.package_identification:_identify(src/i2c_pwm_board) by extension 'cmake'
[5.167s] Level 1:colcon.colcon_core.package_identification:_identify(src/i2c_pwm_board) by extension 'python'
[5.168s] Level 1:colcon.colcon_core.package_identification:_identify(src/i2c_pwm_board) by extensions ['python_setup_py']
[5.168s] Level 1:colcon.colcon_core.package_identification:_identify(src/i2c_pwm_board) by extension 'python_setup_py'
[5.171s] Level 1:colcon.colcon_core.package_identification:_identify(src/i2c_pwm_board/docs) by extensions ['ignore', 'ignore_ament_install']
[5.172s] Level 1:colcon.colcon_core.package_identification:_identify(src/i2c_pwm_board/docs) by extension 'ignore'
[5.173s] Level 1:colcon.colcon_core.package_identification:_identify(src/i2c_pwm_board/docs) by extension 'ignore_ament_install'
[5.174s] Level 1:colcon.colcon_core.package_identification:_identify(src/i2c_pwm_board/docs) by extensions ['colcon_pkg']
[5.175s] Level 1:colcon.colcon_core.package_identification:_identify(src/i2c_pwm_board/docs) by extension 'colcon_pkg'
[5.176s] Level 1:colcon.colcon_core.package_identification:_identify(src/i2c_pwm_board/docs) by extensions ['colcon_meta']
[5.176s] Level 1:colcon.colcon_core.package_identification:_identify(src/i2c_pwm_board/docs) by extension 'colcon_meta'
[5.177s] Level 1:colcon.colcon_core.package_identification:_identify(src/i2c_pwm_board/docs) by extensions ['ros']
[5.177s] Level 1:colcon.colcon_core.package_identification:_identify(src/i2c_pwm_board/docs) by extension 'ros'
[5.179s] Level 1:colcon.colcon_core.package_identification:_identify(src/i2c_pwm_board/docs) by extensions ['cmake', 'python']
[5.179s] Level 1:colcon.colcon_core.package_identification:_identify(src/i2c_pwm_board/docs) by extension 'cmake'
[5.180s] Level 1:colcon.colcon_core.package_identification:_identify(src/i2c_pwm_board/docs) by extension 'python'
[5.181s] Level 1:colcon.colcon_core.package_identification:_identify(src/i2c_pwm_board/docs) by extensions ['python_setup_py']
[5.181s] Level 1:colcon.colcon_core.package_identification:_identify(src/i2c_pwm_board/docs) by extension 'python_setup_py'
[5.183s] Level 1:colcon.colcon_core.package_identification:_identify(src/i2c_pwm_board/docs/images) by extensions ['ignore', 'ignore_ament_install']
[5.185s] Level 1:colcon.colcon_core.package_identification:_identify(src/i2c_pwm_board/docs/images) by extension 'ignore'
[5.185s] Level 1:colcon.colcon_core.package_identification:_identify(src/i2c_pwm_board/docs/images) by extension 'ignore_ament_install'
[5.186s] Level 1:colcon.colcon_core.package_identification:_identify(src/i2c_pwm_board/docs/images) by extensions ['colcon_pkg']
[5.187s] Level 1:colcon.colcon_core.package_identification:_identify(src/i2c_pwm_board/docs/images) by extension 'colcon_pkg'
[5.188s] Level 1:colcon.colcon_core.package_identification:_identify(src/i2c_pwm_board/docs/images) by extensions ['colcon_meta']
[5.188s] Level 1:colcon.colcon_core.package_identification:_identify(src/i2c_pwm_board/docs/images) by extension 'colcon_meta'
[5.189s] Level 1:colcon.colcon_core.package_identification:_identify(src/i2c_pwm_board/docs/images) by extensions ['ros']
[5.189s] Level 1:colcon.colcon_core.package_identification:_identify(src/i2c_pwm_board/docs/images) by extension 'ros'
[5.190s] Level 1:colcon.colcon_core.package_identification:_identify(src/i2c_pwm_board/docs/images) by extensions ['cmake', 'python']
[5.191s] Level 1:colcon.colcon_core.package_identification:_identify(src/i2c_pwm_board/docs/images) by extension 'cmake'
[5.192s] Level 1:colcon.colcon_core.package_identification:_identify(src/i2c_pwm_board/docs/images) by extension 'python'
[5.192s] Level 1:colcon.colcon_core.package_identification:_identify(src/i2c_pwm_board/docs/images) by extensions ['python_setup_py']
[5.193s] Level 1:colcon.colcon_core.package_identification:_identify(src/i2c_pwm_board/docs/images) by extension 'python_setup_py'
[5.195s] Level 1:colcon.colcon_core.package_identification:_identify(src/i2c_pwm_board/i2c_pwm_board) by extensions ['ignore', 'ignore_ament_install']
[5.196s] Level 1:colcon.colcon_core.package_identification:_identify(src/i2c_pwm_board/i2c_pwm_board) by extension 'ignore'
[5.197s] Level 1:colcon.colcon_core.package_identification:_identify(src/i2c_pwm_board/i2c_pwm_board) by extension 'ignore_ament_install'
[5.198s] Level 1:colcon.colcon_core.package_identification:_identify(src/i2c_pwm_board/i2c_pwm_board) by extensions ['colcon_pkg']
[5.199s] Level 1:colcon.colcon_core.package_identification:_identify(src/i2c_pwm_board/i2c_pwm_board) by extension 'colcon_pkg'
[5.199s] Level 1:colcon.colcon_core.package_identification:_identify(src/i2c_pwm_board/i2c_pwm_board) by extensions ['colcon_meta']
[5.200s] Level 1:colcon.colcon_core.package_identification:_identify(src/i2c_pwm_board/i2c_pwm_board) by extension 'colcon_meta'
[5.201s] Level 1:colcon.colcon_core.package_identification:_identify(src/i2c_pwm_board/i2c_pwm_board) by extensions ['ros']
[5.201s] Level 1:colcon.colcon_core.package_identification:_identify(src/i2c_pwm_board/i2c_pwm_board) by extension 'ros'
[5.264s] DEBUG:colcon.colcon_core.package_identification:Package 'src/i2c_pwm_board/i2c_pwm_board' with type 'ros.ament_cmake' and name 'i2c_pwm_board'
[5.267s] Level 1:colcon.colcon_core.package_identification:_identify(src/i2c_pwm_board/i2c_pwm_board_calibration) by extensions ['ignore', 'ignore_ament_install']
[5.268s] Level 1:colcon.colcon_core.package_identification:_identify(src/i2c_pwm_board/i2c_pwm_board_calibration) by extension 'ignore'
[5.269s] Level 1:colcon.colcon_core.package_identification:_identify(src/i2c_pwm_board/i2c_pwm_board_calibration) by extension 'ignore_ament_install'
[5.269s] Level 1:colcon.colcon_core.package_identification:_identify(src/i2c_pwm_board/i2c_pwm_board_calibration) by extensions ['colcon_pkg']
[5.270s] Level 1:colcon.colcon_core.package_identification:_identify(src/i2c_pwm_board/i2c_pwm_board_calibration) by extension 'colcon_pkg'
[5.271s] Level 1:colcon.colcon_core.package_identification:_identify(src/i2c_pwm_board/i2c_pwm_board_calibration) by extensions ['colcon_meta']
[5.271s] Level 1:colcon.colcon_core.package_identification:_identify(src/i2c_pwm_board/i2c_pwm_board_calibration) by extension 'colcon_meta'
[5.272s] Level 1:colcon.colcon_core.package_identification:_identify(src/i2c_pwm_board/i2c_pwm_board_calibration) by extensions ['ros']
[5.273s] Level 1:colcon.colcon_core.package_identification:_identify(src/i2c_pwm_board/i2c_pwm_board_calibration) by extension 'ros'
[5.280s] DEBUG:colcon.colcon_core.package_identification:Package 'src/i2c_pwm_board/i2c_pwm_board_calibration' with type 'ros.ament_cmake' and name 'i2c_pwm_board_calibration'
[5.282s] Level 1:colcon.colcon_core.package_identification:_identify(src/i2c_pwm_board/i2c_pwm_board_msgs) by extensions ['ignore', 'ignore_ament_install']
[5.283s] Level 1:colcon.colcon_core.package_identification:_identify(src/i2c_pwm_board/i2c_pwm_board_msgs) by extension 'ignore'
[5.284s] Level 1:colcon.colcon_core.package_identification:_identify(src/i2c_pwm_board/i2c_pwm_board_msgs) by extension 'ignore_ament_install'
[5.285s] Level 1:colcon.colcon_core.package_identification:_identify(src/i2c_pwm_board/i2c_pwm_board_msgs) by extensions ['colcon_pkg']
[5.286s] Level 1:colcon.colcon_core.package_identification:_identify(src/i2c_pwm_board/i2c_pwm_board_msgs) by extension 'colcon_pkg'
[5.286s] Level 1:colcon.colcon_core.package_identification:_identify(src/i2c_pwm_board/i2c_pwm_board_msgs) by extensions ['colcon_meta']
[5.287s] Level 1:colcon.colcon_core.package_identification:_identify(src/i2c_pwm_board/i2c_pwm_board_msgs) by extension 'colcon_meta'
[5.288s] Level 1:colcon.colcon_core.package_identification:_identify(src/i2c_pwm_board/i2c_pwm_board_msgs) by extensions ['ros']
[5.288s] Level 1:colcon.colcon_core.package_identification:_identify(src/i2c_pwm_board/i2c_pwm_board_msgs) by extension 'ros'
[5.296s] DEBUG:colcon.colcon_core.package_identification:Package 'src/i2c_pwm_board/i2c_pwm_board_msgs' with type 'ros.ament_cmake' and name 'i2c_pwm_board_msgs'
[5.298s] Level 1:colcon.colcon_core.package_identification:_identify(src/i2c_pwm_board/i2c_pwm_board_xmlrp) by extensions ['ignore', 'ignore_ament_install']
[5.300s] Level 1:colcon.colcon_core.package_identification:_identify(src/i2c_pwm_board/i2c_pwm_board_xmlrp) by extension 'ignore'
[5.301s] Level 1:colcon.colcon_core.package_identification:_identify(src/i2c_pwm_board/i2c_pwm_board_xmlrp) by extension 'ignore_ament_install'
[5.302s] Level 1:colcon.colcon_core.package_identification:_identify(src/i2c_pwm_board/i2c_pwm_board_xmlrp) by extensions ['colcon_pkg']
[5.303s] Level 1:colcon.colcon_core.package_identification:_identify(src/i2c_pwm_board/i2c_pwm_board_xmlrp) by extension 'colcon_pkg'
[5.303s] Level 1:colcon.colcon_core.package_identification:_identify(src/i2c_pwm_board/i2c_pwm_board_xmlrp) by extensions ['colcon_meta']
[5.304s] Level 1:colcon.colcon_core.package_identification:_identify(src/i2c_pwm_board/i2c_pwm_board_xmlrp) by extension 'colcon_meta'
[5.305s] Level 1:colcon.colcon_core.package_identification:_identify(src/i2c_pwm_board/i2c_pwm_board_xmlrp) by extensions ['ros']
[5.305s] Level 1:colcon.colcon_core.package_identification:_identify(src/i2c_pwm_board/i2c_pwm_board_xmlrp) by extension 'ros'
[5.312s] DEBUG:colcon.colcon_core.package_identification:Package 'src/i2c_pwm_board/i2c_pwm_board_xmlrp' with type 'ros.ament_cmake' and name 'i2c_pwm_board_xmlrp'
[5.315s] Level 1:colcon.colcon_core.package_identification:_identify(src/i2c_pwm_board/xmlrpcpp) by extensions ['ignore', 'ignore_ament_install']
[5.316s] Level 1:colcon.colcon_core.package_identification:_identify(src/i2c_pwm_board/xmlrpcpp) by extension 'ignore'
[5.317s] Level 1:colcon.colcon_core.package_identification:_identify(src/i2c_pwm_board/xmlrpcpp) by extension 'ignore_ament_install'
[5.318s] Level 1:colcon.colcon_core.package_identification:_identify(src/i2c_pwm_board/xmlrpcpp) by extensions ['colcon_pkg']
[5.319s] Level 1:colcon.colcon_core.package_identification:_identify(src/i2c_pwm_board/xmlrpcpp) by extension 'colcon_pkg'
[5.320s] Level 1:colcon.colcon_core.package_identification:_identify(src/i2c_pwm_board/xmlrpcpp) by extensions ['colcon_meta']
[5.320s] Level 1:colcon.colcon_core.package_identification:_identify(src/i2c_pwm_board/xmlrpcpp) by extension 'colcon_meta'
[5.321s] Level 1:colcon.colcon_core.package_identification:_identify(src/i2c_pwm_board/xmlrpcpp) by extensions ['ros']
[5.321s] Level 1:colcon.colcon_core.package_identification:_identify(src/i2c_pwm_board/xmlrpcpp) by extension 'ros'
[5.329s] DEBUG:colcon.colcon_core.package_identification:Package 'src/i2c_pwm_board/xmlrpcpp' with type 'ros.ament_cmake' and name 'xmlrpcpp'
[5.330s] Level 1:colcon.colcon_core.package_identification:_identify(src/spider_control) by extensions ['ignore', 'ignore_ament_install']
[5.332s] Level 1:colcon.colcon_core.package_identification:_identify(src/spider_control) by extension 'ignore'
[5.332s] Level 1:colcon.colcon_core.package_identification:_identify(src/spider_control) by extension 'ignore_ament_install'
[5.333s] Level 1:colcon.colcon_core.package_identification:_identify(src/spider_control) by extensions ['colcon_pkg']
[5.334s] Level 1:colcon.colcon_core.package_identification:_identify(src/spider_control) by extension 'colcon_pkg'
[5.335s] Level 1:colcon.colcon_core.package_identification:_identify(src/spider_control) by extensions ['colcon_meta']
[5.335s] Level 1:colcon.colcon_core.package_identification:_identify(src/spider_control) by extension 'colcon_meta'
[5.336s] Level 1:colcon.colcon_core.package_identification:_identify(src/spider_control) by extensions ['ros']
[5.336s] Level 1:colcon.colcon_core.package_identification:_identify(src/spider_control) by extension 'ros'
[5.343s] DEBUG:colcon.colcon_core.package_identification:Package 'src/spider_control' with type 'ros.ament_python' and name 'spider_control'
[5.344s] Level 1:colcon.colcon_core.package_identification:_identify(src/spider_driver) by extensions ['ignore', 'ignore_ament_install']
[5.345s] Level 1:colcon.colcon_core.package_identification:_identify(src/spider_driver) by extension 'ignore'
[5.346s] Level 1:colcon.colcon_core.package_identification:_identify(src/spider_driver) by extension 'ignore_ament_install'
[5.347s] Level 1:colcon.colcon_core.package_identification:_identify(src/spider_driver) by extensions ['colcon_pkg']
[5.348s] Level 1:colcon.colcon_core.package_identification:_identify(src/spider_driver) by extension 'colcon_pkg'
[5.349s] Level 1:colcon.colcon_core.package_identification:_identify(src/spider_driver) by extensions ['colcon_meta']
[5.350s] Level 1:colcon.colcon_core.package_identification:_identify(src/spider_driver) by extension 'colcon_meta'
[5.351s] Level 1:colcon.colcon_core.package_identification:_identify(src/spider_driver) by extensions ['ros']
[5.352s] Level 1:colcon.colcon_core.package_identification:_identify(src/spider_driver) by extension 'ros'
[5.361s] DEBUG:colcon.colcon_core.package_identification:Package 'src/spider_driver' with type 'ros.ament_cmake' and name 'spider_driver'
[5.363s] Level 1:colcon.colcon_core.package_identification:_identify(src/spider_msgs) by extensions ['ignore', 'ignore_ament_install']
[5.364s] Level 1:colcon.colcon_core.package_identification:_identify(src/spider_msgs) by extension 'ignore'
[5.365s] Level 1:colcon.colcon_core.package_identification:_identify(src/spider_msgs) by extension 'ignore_ament_install'
[5.366s] Level 1:colcon.colcon_core.package_identification:_identify(src/spider_msgs) by extensions ['colcon_pkg']
[5.367s] Level 1:colcon.colcon_core.package_identification:_identify(src/spider_msgs) by extension 'colcon_pkg'
[5.368s] Level 1:colcon.colcon_core.package_identification:_identify(src/spider_msgs) by extensions ['colcon_meta']
[5.368s] Level 1:colcon.colcon_core.package_identification:_identify(src/spider_msgs) by extension 'colcon_meta'
[5.369s] Level 1:colcon.colcon_core.package_identification:_identify(src/spider_msgs) by extensions ['ros']
[5.369s] Level 1:colcon.colcon_core.package_identification:_identify(src/spider_msgs) by extension 'ros'
[5.377s] DEBUG:colcon.colcon_core.package_identification:Package 'src/spider_msgs' with type 'ros.ament_cmake' and name 'spider_msgs'
[5.377s] Level 1:colcon.colcon_core.package_discovery:discover_packages(recursive) using defaults
[5.378s] Level 1:colcon.colcon_core.package_discovery:discover_packages(ignore) discover
[5.379s] Level 1:colcon.colcon_core.package_discovery:discover_packages(ignore) using defaults
[5.379s] Level 1:colcon.colcon_core.package_discovery:discover_packages(path) discover
[5.379s] Level 1:colcon.colcon_core.package_discovery:discover_packages(path) using defaults
[5.742s] INFO:colcon.colcon_core.package_selection:Skipping not selected package 'i2c_pwm_board_msgs' in 'src/i2c_pwm_board/i2c_pwm_board_msgs'
[5.743s] INFO:colcon.colcon_core.package_selection:Skipping not selected package 'spider_control' in 'src/spider_control'
[5.743s] INFO:colcon.colcon_core.package_selection:Skipping not selected package 'spider_msgs' in 'src/spider_msgs'
[5.744s] INFO:colcon.colcon_core.package_selection:Skipping not selected package 'xmlrpcpp' in 'src/i2c_pwm_board/xmlrpcpp'
[5.744s] INFO:colcon.colcon_core.package_selection:Skipping not selected package 'i2c_pwm_board_calibration' in 'src/i2c_pwm_board/i2c_pwm_board_calibration'
[5.744s] INFO:colcon.colcon_core.package_selection:Skipping not selected package 'i2c_pwm_board_xmlrp' in 'src/i2c_pwm_board/i2c_pwm_board_xmlrp'
[5.745s] INFO:colcon.colcon_core.package_selection:Skipping not selected package 'i2c_pwm_board' in 'src/i2c_pwm_board/i2c_pwm_board'
[5.750s] Level 1:colcon.colcon_core.package_discovery:discover_packages(prefix_path) check parameters
[5.751s] Level 1:colcon.colcon_core.package_discovery:discover_packages(prefix_path) discover
[5.800s] DEBUG:colcon.colcon_installed_package_information.package_discovery:Found 8 installed packages in /home/spider/ws/install
[5.822s] DEBUG:colcon.colcon_installed_package_information.package_discovery:Found 279 installed packages in /opt/ros/humble
[5.838s] Level 1:colcon.colcon_core.package_discovery:discover_packages(prefix_path) using defaults
[6.421s] Level 5:colcon.colcon_core.verb:set package 'spider_driver' build argument 'cmake_args' from command line to 'None'
[6.421s] Level 5:colcon.colcon_core.verb:set package 'spider_driver' build argument 'cmake_target' from command line to 'None'
[6.422s] Level 5:colcon.colcon_core.verb:set package 'spider_driver' build argument 'cmake_target_skip_unavailable' from command line to 'False'
[6.422s] Level 5:colcon.colcon_core.verb:set package 'spider_driver' build argument 'cmake_clean_cache' from command line to 'False'
[6.422s] Level 5:colcon.colcon_core.verb:set package 'spider_driver' build argument 'cmake_clean_first' from command line to 'False'
[6.423s] Level 5:colcon.colcon_core.verb:set package 'spider_driver' build argument 'cmake_force_configure' from command line to 'False'
[6.423s] Level 5:colcon.colcon_core.verb:set package 'spider_driver' build argument 'ament_cmake_args' from command line to 'None'
[6.423s] Level 5:colcon.colcon_core.verb:set package 'spider_driver' build argument 'catkin_cmake_args' from command line to 'None'
[6.424s] Level 5:colcon.colcon_core.verb:set package 'spider_driver' build argument 'catkin_skip_building_tests' from command line to 'False'
[6.424s] DEBUG:colcon.colcon_core.verb:Building package 'spider_driver' with the following arguments: {'ament_cmake_args': None, 'build_base': '/home/spider/ws/build/spider_driver', 'catkin_cmake_args': None, 'catkin_skip_building_tests': False, 'cmake_args': None, 'cmake_clean_cache': False, 'cmake_clean_first': False, 'cmake_force_configure': False, 'cmake_target': None, 'cmake_target_skip_unavailable': False, 'install_base': '/home/spider/ws/install/spider_driver', 'merge_install': False, 'path': '/home/spider/ws/src/spider_driver', 'symlink_install': True, 'test_result_base': None}
[6.426s] INFO:colcon.colcon_core.executor:Executing jobs using 'parallel' executor
[6.433s] DEBUG:colcon.colcon_parallel_executor.executor.parallel:run_until_complete
[6.436s] INFO:colcon.colcon_ros.task.ament_cmake.build:Building ROS package in '/home/spider/ws/src/spider_driver' with build type 'ament_cmake'
[6.437s] INFO:colcon.colcon_cmake.task.cmake.build:Building CMake package in '/home/spider/ws/src/spider_driver'
[6.506s] INFO:colcon.colcon_core.plugin_system:Skipping extension 'colcon_core.shell.bat': Not used on non-Windows systems
[6.508s] INFO:colcon.colcon_core.shell:Skip shell extension 'powershell' for command environment: Not usable outside of PowerShell
[6.509s] DEBUG:colcon.colcon_core.shell:Skip shell extension 'dsv' for command environment
[6.667s] DEBUG:colcon.colcon_core.event_handler.log_command:Invoking command in '/home/spider/ws/build/spider_driver': CMAKE_PREFIX_PATH=/home/spider/ws/install/spider_msgs:/home/spider/ws/install/i2c_pwm_board:/home/spider/ws/install/i2c_pwm_board_xmlrp:/home/spider/ws/install/xmlrpcpp:/home/spider/ws/install/spider_driver:/home/spider/ws/install/i2c_pwm_board_calibration:/home/spider/ws/install/i2c_pwm_board_msgs:/home/spider/ws/install/spider_control:/opt/ros/humble LD_LIBRARY_PATH=/home/spider/ws/install/spider_msgs/lib:/home/spider/ws/install/i2c_pwm_board_xmlrp/lib:/home/spider/ws/install/xmlrpcpp/lib:/home/spider/ws/install/spider_driver/lib:/home/spider/ws/install/i2c_pwm_board_msgs/lib:/opt/ros/humble/opt/rviz_ogre_vendor/lib:/opt/ros/humble/lib/aarch64-linux-gnu:/opt/ros/humble/lib /usr/bin/cmake --build /home/spider/ws/build/spider_driver -- -j4 -l4
[66.005s] DEBUG:colcon.colcon_core.event_handler.log_command:Invoked command in '/home/spider/ws/build/spider_driver' returned '2': CMAKE_PREFIX_PATH=/home/spider/ws/install/spider_msgs:/home/spider/ws/install/i2c_pwm_board:/home/spider/ws/install/i2c_pwm_board_xmlrp:/home/spider/ws/install/xmlrpcpp:/home/spider/ws/install/spider_driver:/home/spider/ws/install/i2c_pwm_board_calibration:/home/spider/ws/install/i2c_pwm_board_msgs:/home/spider/ws/install/spider_control:/opt/ros/humble LD_LIBRARY_PATH=/home/spider/ws/install/spider_msgs/lib:/home/spider/ws/install/i2c_pwm_board_xmlrp/lib:/home/spider/ws/install/xmlrpcpp/lib:/home/spider/ws/install/spider_driver/lib:/home/spider/ws/install/i2c_pwm_board_msgs/lib:/opt/ros/humble/opt/rviz_ogre_vendor/lib:/opt/ros/humble/lib/aarch64-linux-gnu:/opt/ros/humble/lib /usr/bin/cmake --build /home/spider/ws/build/spider_driver -- -j4 -l4
[66.486s] Level 1:colcon.colcon_core.environment:create_environment_scripts_only(spider_driver)
[67.091s] Level 1:colcon.colcon_core.environment:checking '/home/spider/ws/install/spider_driver' for CMake module files
[67.173s] Level 1:colcon.colcon_core.environment:checking '/home/spider/ws/install/spider_driver' for CMake config files
[67.207s] Level 1:colcon.colcon_core.shell:create_environment_hook('spider_driver', 'cmake_prefix_path')
[67.214s] INFO:colcon.colcon_core.shell:Creating environment hook '/home/spider/ws/install/spider_driver/share/spider_driver/hook/cmake_prefix_path.ps1'
[67.314s] INFO:colcon.colcon_core.shell:Creating environment descriptor '/home/spider/ws/install/spider_driver/share/spider_driver/hook/cmake_prefix_path.dsv'
[67.338s] INFO:colcon.colcon_core.shell:Creating environment hook '/home/spider/ws/install/spider_driver/share/spider_driver/hook/cmake_prefix_path.sh'
[67.379s] Level 1:colcon.colcon_core.environment:checking '/home/spider/ws/install/spider_driver/lib'
[67.383s] Level 1:colcon.colcon_core.shell:create_environment_hook('spider_driver', 'ld_library_path_lib')
[67.386s] INFO:colcon.colcon_core.shell:Creating environment hook '/home/spider/ws/install/spider_driver/share/spider_driver/hook/ld_library_path_lib.ps1'
[67.398s] INFO:colcon.colcon_core.shell:Creating environment descriptor '/home/spider/ws/install/spider_driver/share/spider_driver/hook/ld_library_path_lib.dsv'
[67.406s] INFO:colcon.colcon_core.shell:Creating environment hook '/home/spider/ws/install/spider_driver/share/spider_driver/hook/ld_library_path_lib.sh'
[67.420s] Level 1:colcon.colcon_core.environment:checking '/home/spider/ws/install/spider_driver/bin'
[67.422s] Level 1:colcon.colcon_core.environment:checking '/home/spider/ws/install/spider_driver/lib/pkgconfig/spider_driver.pc'
[67.475s] Level 1:colcon.colcon_core.environment:checking '/home/spider/ws/install/spider_driver/lib/python3.10/site-packages'
[67.481s] Level 1:colcon.colcon_core.environment:checking '/home/spider/ws/install/spider_driver/bin'
[67.489s] INFO:colcon.colcon_core.shell:Creating package script '/home/spider/ws/install/spider_driver/share/spider_driver/package.ps1'
[67.513s] INFO:colcon.colcon_core.shell:Creating package descriptor '/home/spider/ws/install/spider_driver/share/spider_driver/package.dsv'
[67.524s] INFO:colcon.colcon_core.shell:Creating package script '/home/spider/ws/install/spider_driver/share/spider_driver/package.sh'
[67.538s] INFO:colcon.colcon_core.shell:Creating package script '/home/spider/ws/install/spider_driver/share/spider_driver/package.bash'
[67.561s] INFO:colcon.colcon_core.shell:Creating package script '/home/spider/ws/install/spider_driver/share/spider_driver/package.zsh'
[67.585s] Level 1:colcon.colcon_core.environment:create_file_with_runtime_dependencies(/home/spider/ws/install/spider_driver/share/colcon-core/packages/spider_driver)
[67.644s] DEBUG:colcon.colcon_parallel_executor.executor.parallel:closing loop
[67.692s] DEBUG:colcon.colcon_parallel_executor.executor.parallel:loop closed
[67.694s] DEBUG:colcon.colcon_parallel_executor.executor.parallel:run_until_complete finished with '2'
[67.697s] DEBUG:colcon.colcon_core.event_reactor:joining thread
[68.340s] INFO:colcon.colcon_core.plugin_system:Skipping extension 'colcon_notification.desktop_notification.notify_send': Could not find 'notify-send'
[68.341s] INFO:colcon.colcon_core.plugin_system:Skipping extension 'colcon_notification.desktop_notification.terminal_notifier': Not used on non-Darwin systems
[68.343s] INFO:colcon.colcon_core.plugin_system:Skipping extension 'colcon_notification.desktop_notification.win32': Not used on non-Windows systems
[68.343s] INFO:colcon.colcon_notification.desktop_notification:Sending desktop notification using 'notify2'
[68.391s] DEBUG:colcon.colcon_notification.desktop_notification.notify2:Failed to initialize notify2: org.freedesktop.DBus.Error.ServiceUnknown: The name org.freedesktop.Notifications was not provided by any .service files
[68.395s] DEBUG:colcon.colcon_core.event_reactor:joined thread
[68.407s] INFO:colcon.colcon_core.shell:Creating prefix script '/home/spider/ws/install/local_setup.ps1'
[68.424s] INFO:colcon.colcon_core.shell:Creating prefix util module '/home/spider/ws/install/_local_setup_util_ps1.py'
[68.451s] INFO:colcon.colcon_core.shell:Creating prefix chain script '/home/spider/ws/install/setup.ps1'
[68.493s] INFO:colcon.colcon_core.shell:Creating prefix script '/home/spider/ws/install/local_setup.sh'
[68.505s] INFO:colcon.colcon_core.shell:Creating prefix util module '/home/spider/ws/install/_local_setup_util_sh.py'
[68.514s] INFO:colcon.colcon_core.shell:Creating prefix chain script '/home/spider/ws/install/setup.sh'
[68.531s] INFO:colcon.colcon_core.shell:Creating prefix script '/home/spider/ws/install/local_setup.bash'
[68.542s] INFO:colcon.colcon_core.shell:Creating prefix chain script '/home/spider/ws/install/setup.bash'
[68.564s] INFO:colcon.colcon_core.shell:Creating prefix script '/home/spider/ws/install/local_setup.zsh'
[68.574s] INFO:colcon.colcon_core.shell:Creating prefix chain script '/home/spider/ws/install/setup.zsh'
