[0.074s] Invoking command in '/home/spider/ws/build/spider_msgs': CMAKE_PREFIX_PATH=/opt/ros/humble /usr/bin/cmake /home/spider/ws/src/spider_msgs -DAMENT_CMAKE_SYMLINK_INSTALL=1 -DCMAKE_INSTALL_PREFIX=/home/spider/ws/install/spider_msgs
[0.664s] -- The C compiler identification is GNU 11.4.0
[1.254s] -- The CXX compiler identification is GNU 11.4.0
[1.320s] -- Detecting C compiler ABI info
[2.005s] -- Detecting C compiler ABI info - done
[2.075s] -- Check for working C compiler: /usr/bin/cc - skipped
[2.077s] -- Detecting C compile features
[2.081s] -- Detecting C compile features - done
[2.107s] -- Detecting CXX compiler ABI info
[2.885s] -- Detecting CXX compiler ABI info - done
[2.955s] -- Check for working CXX compiler: /usr/bin/c++ - skipped
[2.958s] -- Detecting CXX compile features
[2.962s] -- Detecting CXX compile features - done
[3.018s] -- Found ament_cmake: 1.3.12 (/opt/ros/humble/share/ament_cmake/cmake)
[4.736s] -- Found Python3: /usr/bin/python3 (found version "3.10.12") found components: Interpreter 
[5.418s] -- Override CMake install command with custom implementation using symlinks instead of copying resources
[6.020s] -- Found std_msgs: 4.9.0 (/opt/ros/humble/share/std_msgs/cmake)
[6.742s] -- Found rosidl_generator_c: 3.1.7 (/opt/ros/humble/share/rosidl_generator_c/cmake)
[6.851s] -- Found rosidl_adapter: 3.1.7 (/opt/ros/humble/share/rosidl_adapter/cmake)
[7.016s] -- Found rosidl_generator_cpp: 3.1.7 (/opt/ros/humble/share/rosidl_generator_cpp/cmake)
[7.239s] -- Using all available rosidl_typesupport_c: rosidl_typesupport_fastrtps_c;rosidl_typesupport_introspection_c
[7.512s] -- Using all available rosidl_typesupport_cpp: rosidl_typesupport_fastrtps_cpp;rosidl_typesupport_introspection_cpp
[7.948s] -- Found rosidl_default_generators: 1.2.0 (/opt/ros/humble/share/rosidl_default_generators/cmake)
[10.952s] -- Found ament_cmake_ros: 0.10.0 (/opt/ros/humble/share/ament_cmake_ros/cmake)
[14.992s] -- Using all available rosidl_typesupport_c: rosidl_typesupport_fastrtps_c;rosidl_typesupport_introspection_c
[16.536s] -- Using all available rosidl_typesupport_cpp: rosidl_typesupport_fastrtps_cpp;rosidl_typesupport_introspection_cpp
[16.789s] -- Found PythonInterp: /usr/bin/python3 (found suitable version "3.10.12", minimum required is "3.6") 
[16.831s] -- Found python_cmake_module: 0.10.0 (/opt/ros/humble/share/python_cmake_module/cmake)
[17.108s] -- Found PythonLibs: /usr/lib/aarch64-linux-gnu/libpython3.10.so (found suitable version "3.10.12", minimum required is "3.5") 
[17.109s] -- Using PYTHON_EXECUTABLE: /usr/bin/python3
[17.110s] -- Using PYTHON_INCLUDE_DIRS: /usr/include/python3.10
[17.111s] -- Using PYTHON_LIBRARIES: /usr/lib/aarch64-linux-gnu/libpython3.10.so
[17.345s] -- Found PythonExtra: .so  
[17.898s] -- Found ament_lint_auto: 0.12.14 (/opt/ros/humble/share/ament_lint_auto/cmake)
[18.356s] -- Added test 'lint_cmake' to check CMake code style
[18.381s] -- Added test 'xmllint' to check XML markup files
[18.432s] -- Configuring done
[18.876s] -- Generating done
[18.991s] -- Build files have been written to: /home/spider/ws/build/spider_msgs
[19.043s] Invoked command in '/home/spider/ws/build/spider_msgs' returned '0': CMAKE_PREFIX_PATH=/opt/ros/humble /usr/bin/cmake /home/spider/ws/src/spider_msgs -DAMENT_CMAKE_SYMLINK_INSTALL=1 -DCMAKE_INSTALL_PREFIX=/home/spider/ws/install/spider_msgs
[19.068s] Invoking command in '/home/spider/ws/build/spider_msgs': CMAKE_PREFIX_PATH=/opt/ros/humble /usr/bin/cmake --build /home/spider/ws/build/spider_msgs -- -j4 -l4
[19.437s] [  3%] [34m[1mGenerating C code for ROS interfaces[0m
[19.540s] [  6%] [34m[1mGenerating C++ code for ROS interfaces[0m
[19.656s] [  6%] Built target ament_cmake_python_symlink_spider_msgs
[22.783s] [  9%] [32mBuilding C object CMakeFiles/spider_msgs__rosidl_generator_c.dir/rosidl_generator_c/spider_msgs/msg/detail/spider_leg__functions.c.o[0m
[22.875s] [  9%] Built target spider_msgs__cpp
[22.985s] [ 12%] [34m[1mGenerating C++ type support for eProsima Fast-RTPS[0m
[22.993s] [ 16%] [34m[1mGenerating C++ type support dispatch for ROS interfaces[0m
[23.456s] [ 19%] [32m[1mLinking C shared library libspider_msgs__rosidl_generator_c.so[0m
[23.996s] [ 19%] Built target spider_msgs__rosidl_generator_c
[24.213s] [ 22%] [34m[1mGenerating C++ introspection for ROS interfaces[0m
[25.457s] running egg_info
[25.477s] creating spider_msgs.egg-info
[25.483s] writing spider_msgs.egg-info/PKG-INFO
[25.492s] writing dependency_links to spider_msgs.egg-info/dependency_links.txt
[25.498s] writing top-level names to spider_msgs.egg-info/top_level.txt
[25.505s] writing manifest file 'spider_msgs.egg-info/SOURCES.txt'
[25.541s] reading manifest file 'spider_msgs.egg-info/SOURCES.txt'
[25.556s] writing manifest file 'spider_msgs.egg-info/SOURCES.txt'
[26.059s] [ 22%] Built target ament_cmake_python_build_spider_msgs_egg
[26.202s] [ 25%] [34m[1mGenerating C type support for eProsima Fast-RTPS[0m
[26.303s] [ 29%] [32mBuilding CXX object CMakeFiles/spider_msgs__rosidl_typesupport_cpp.dir/rosidl_typesupport_cpp/spider_msgs/msg/spider_leg__type_support.cpp.o[0m
[27.062s] [ 32%] [32mBuilding CXX object CMakeFiles/spider_msgs__rosidl_typesupport_fastrtps_cpp.dir/rosidl_typesupport_fastrtps_cpp/spider_msgs/msg/detail/dds_fastrtps/spider_leg__type_support.cpp.o[0m
[28.165s] [ 35%] [32mBuilding CXX object CMakeFiles/spider_msgs__rosidl_typesupport_introspection_cpp.dir/rosidl_typesupport_introspection_cpp/spider_msgs/msg/detail/spider_leg__type_support.cpp.o[0m
[30.331s] [ 38%] [32m[1mLinking CXX shared library libspider_msgs__rosidl_typesupport_cpp.so[0m
[30.501s] [ 41%] [32mBuilding CXX object CMakeFiles/spider_msgs__rosidl_typesupport_fastrtps_c.dir/rosidl_typesupport_fastrtps_c/spider_msgs/msg/detail/spider_leg__type_support_c.cpp.o[0m
[30.899s] [ 41%] Built target spider_msgs__rosidl_typesupport_cpp
[31.014s] [ 45%] [34m[1mGenerating C introspection for ROS interfaces[0m
[33.733s] [ 48%] [32m[1mLinking CXX shared library libspider_msgs__rosidl_typesupport_fastrtps_cpp.so[0m
[35.191s] [ 48%] Built target spider_msgs__rosidl_typesupport_fastrtps_cpp
[35.270s] [ 51%] [32m[1mLinking CXX shared library libspider_msgs__rosidl_typesupport_introspection_cpp.so[0m
[35.318s] [ 54%] [34m[1mGenerating C type support dispatch for ROS interfaces[0m
[35.481s] [ 58%] [32m[1mLinking CXX shared library libspider_msgs__rosidl_typesupport_fastrtps_c.so[0m
[35.696s] [ 61%] [32mBuilding C object CMakeFiles/spider_msgs__rosidl_typesupport_introspection_c.dir/rosidl_typesupport_introspection_c/spider_msgs/msg/detail/spider_leg__type_support.c.o[0m
[35.816s] [ 61%] Built target spider_msgs__rosidl_typesupport_introspection_cpp
[36.248s] [ 64%] [32m[1mLinking C shared library libspider_msgs__rosidl_typesupport_introspection_c.so[0m
[36.560s] [ 64%] Built target spider_msgs__rosidl_typesupport_fastrtps_c
[36.607s] [ 64%] Built target spider_msgs__rosidl_typesupport_introspection_c
[37.899s] [ 67%] [32mBuilding CXX object CMakeFiles/spider_msgs__rosidl_typesupport_c.dir/rosidl_typesupport_c/spider_msgs/msg/spider_leg__type_support.cpp.o[0m
[38.227s] [ 70%] [32m[1mLinking CXX shared library libspider_msgs__rosidl_typesupport_c.so[0m
[38.592s] [ 70%] Built target spider_msgs__rosidl_typesupport_c
[38.771s] [ 70%] Built target spider_msgs
[38.957s] [ 74%] [34m[1mGenerating Python code for ROS interfaces[0m
[42.110s] [ 74%] Built target spider_msgs__py
[42.290s] [ 77%] [32mBuilding C object CMakeFiles/spider_msgs__rosidl_generator_py.dir/rosidl_generator_py/spider_msgs/msg/_spider_leg_s.c.o[0m
[43.389s] [ 80%] [32m[1mLinking C shared library rosidl_generator_py/spider_msgs/libspider_msgs__rosidl_generator_py.so[0m
[43.824s] [ 80%] Built target spider_msgs__rosidl_generator_py
[44.030s] [ 83%] [32mBuilding C object CMakeFiles/spider_msgs__rosidl_typesupport_introspection_c__pyext.dir/rosidl_generator_py/spider_msgs/_spider_msgs_s.ep.rosidl_typesupport_introspection_c.c.o[0m
[44.032s] [ 87%] [32mBuilding C object CMakeFiles/spider_msgs__rosidl_typesupport_fastrtps_c__pyext.dir/rosidl_generator_py/spider_msgs/_spider_msgs_s.ep.rosidl_typesupport_fastrtps_c.c.o[0m
[44.033s] [ 90%] [32mBuilding C object CMakeFiles/spider_msgs__rosidl_typesupport_c__pyext.dir/rosidl_generator_py/spider_msgs/_spider_msgs_s.ep.rosidl_typesupport_c.c.o[0m
[45.309s] [ 93%] [32m[1mLinking C shared library rosidl_generator_py/spider_msgs/spider_msgs_s__rosidl_typesupport_introspection_c.cpython-310-aarch64-linux-gnu.so[0m
[45.325s] [ 96%] [32m[1mLinking C shared library rosidl_generator_py/spider_msgs/spider_msgs_s__rosidl_typesupport_fastrtps_c.cpython-310-aarch64-linux-gnu.so[0m
[45.453s] [100%] [32m[1mLinking C shared library rosidl_generator_py/spider_msgs/spider_msgs_s__rosidl_typesupport_c.cpython-310-aarch64-linux-gnu.so[0m
[45.921s] [100%] Built target spider_msgs__rosidl_typesupport_introspection_c__pyext
[45.986s] [100%] Built target spider_msgs__rosidl_typesupport_fastrtps_c__pyext
[46.068s] [100%] Built target spider_msgs__rosidl_typesupport_c__pyext
[46.161s] Invoked command in '/home/spider/ws/build/spider_msgs' returned '0': CMAKE_PREFIX_PATH=/opt/ros/humble /usr/bin/cmake --build /home/spider/ws/build/spider_msgs -- -j4 -l4
[46.181s] Invoking command in '/home/spider/ws/build/spider_msgs': CMAKE_PREFIX_PATH=/opt/ros/humble /usr/bin/cmake --install /home/spider/ws/build/spider_msgs
[46.242s] -- Install configuration: ""
[46.247s] -- Execute custom install script
[46.250s] -- Symlinking: /home/spider/ws/install/spider_msgs/share/ament_index/resource_index/rosidl_interfaces/spider_msgs
[46.326s] -- Symlinking: /home/spider/ws/install/spider_msgs/include/spider_msgs/spider_msgs/msg/detail/spider_leg__functions.h
[46.393s] -- Symlinking: /home/spider/ws/install/spider_msgs/include/spider_msgs/spider_msgs/msg/detail/spider_leg__struct.h
[46.461s] -- Symlinking: /home/spider/ws/install/spider_msgs/include/spider_msgs/spider_msgs/msg/detail/spider_leg__type_support.h
[46.530s] -- Symlinking: /home/spider/ws/install/spider_msgs/include/spider_msgs/spider_msgs/msg/rosidl_generator_c__visibility_control.h
[46.598s] -- Symlinking: /home/spider/ws/install/spider_msgs/include/spider_msgs/spider_msgs/msg/spider_leg.h
[46.667s] -- Symlinking: /home/spider/ws/install/spider_msgs/share/spider_msgs/environment/library_path.sh
[46.741s] -- Symlinking: /home/spider/ws/install/spider_msgs/share/spider_msgs/environment/library_path.dsv
[46.822s] -- Symlinking: /home/spider/ws/install/spider_msgs/include/spider_msgs/spider_msgs/msg/detail/spider_leg__rosidl_typesupport_fastrtps_c.h
[46.891s] -- Symlinking: /home/spider/ws/install/spider_msgs/include/spider_msgs/spider_msgs/msg/rosidl_typesupport_fastrtps_c__visibility_control.h
[46.963s] -- Symlinking: /home/spider/ws/install/spider_msgs/include/spider_msgs/spider_msgs/msg/detail/spider_leg__builder.hpp
[47.031s] -- Symlinking: /home/spider/ws/install/spider_msgs/include/spider_msgs/spider_msgs/msg/detail/spider_leg__struct.hpp
[47.100s] -- Symlinking: /home/spider/ws/install/spider_msgs/include/spider_msgs/spider_msgs/msg/detail/spider_leg__traits.hpp
[47.167s] -- Symlinking: /home/spider/ws/install/spider_msgs/include/spider_msgs/spider_msgs/msg/detail/spider_leg__type_support.hpp
[47.235s] -- Symlinking: /home/spider/ws/install/spider_msgs/include/spider_msgs/spider_msgs/msg/rosidl_generator_cpp__visibility_control.hpp
[47.303s] -- Symlinking: /home/spider/ws/install/spider_msgs/include/spider_msgs/spider_msgs/msg/spider_leg.hpp
[47.376s] -- Symlinking: /home/spider/ws/install/spider_msgs/include/spider_msgs/spider_msgs/msg/detail/spider_leg__rosidl_typesupport_fastrtps_cpp.hpp
[47.446s] -- Symlinking: /home/spider/ws/install/spider_msgs/include/spider_msgs/spider_msgs/msg/rosidl_typesupport_fastrtps_cpp__visibility_control.h
[47.518s] -- Symlinking: /home/spider/ws/install/spider_msgs/include/spider_msgs/spider_msgs/msg/detail/spider_leg__rosidl_typesupport_introspection_c.h
[47.584s] -- Symlinking: /home/spider/ws/install/spider_msgs/include/spider_msgs/spider_msgs/msg/rosidl_typesupport_introspection_c__visibility_control.h
[47.655s] -- Symlinking: /home/spider/ws/install/spider_msgs/include/spider_msgs/spider_msgs/msg/detail/spider_leg__rosidl_typesupport_introspection_cpp.hpp
[47.725s] -- Symlinking: /home/spider/ws/install/spider_msgs/share/spider_msgs/environment/pythonpath.sh
[47.793s] -- Symlinking: /home/spider/ws/install/spider_msgs/share/spider_msgs/environment/pythonpath.dsv
[47.864s] -- Symlinking: /home/spider/ws/install/spider_msgs/local/lib/python3.10/dist-packages/spider_msgs-0.0.0-py3.10.egg-info/PKG-INFO
[47.934s] -- Symlinking: /home/spider/ws/install/spider_msgs/local/lib/python3.10/dist-packages/spider_msgs-0.0.0-py3.10.egg-info/SOURCES.txt
[48.001s] -- Symlinking: /home/spider/ws/install/spider_msgs/local/lib/python3.10/dist-packages/spider_msgs-0.0.0-py3.10.egg-info/dependency_links.txt
[48.068s] -- Symlinking: /home/spider/ws/install/spider_msgs/local/lib/python3.10/dist-packages/spider_msgs-0.0.0-py3.10.egg-info/top_level.txt
[48.146s] -- Symlinking: /home/spider/ws/install/spider_msgs/local/lib/python3.10/dist-packages/spider_msgs/__init__.py
[48.213s] -- Symlinking: /home/spider/ws/install/spider_msgs/local/lib/python3.10/dist-packages/spider_msgs/_spider_msgs_s.ep.rosidl_typesupport_c.c
[48.282s] -- Symlinking: /home/spider/ws/install/spider_msgs/local/lib/python3.10/dist-packages/spider_msgs/_spider_msgs_s.ep.rosidl_typesupport_fastrtps_c.c
[48.351s] -- Symlinking: /home/spider/ws/install/spider_msgs/local/lib/python3.10/dist-packages/spider_msgs/_spider_msgs_s.ep.rosidl_typesupport_introspection_c.c
[48.420s] -- Symlinking: /home/spider/ws/install/spider_msgs/local/lib/python3.10/dist-packages/spider_msgs/libspider_msgs__rosidl_generator_py.so
[48.488s] -- Symlinking: /home/spider/ws/install/spider_msgs/local/lib/python3.10/dist-packages/spider_msgs/msg/__init__.py
[48.556s] -- Symlinking: /home/spider/ws/install/spider_msgs/local/lib/python3.10/dist-packages/spider_msgs/msg/_spider_leg.py
[48.624s] -- Symlinking: /home/spider/ws/install/spider_msgs/local/lib/python3.10/dist-packages/spider_msgs/msg/_spider_leg_s.c
[48.691s] -- Symlinking: /home/spider/ws/install/spider_msgs/local/lib/python3.10/dist-packages/spider_msgs/spider_msgs_s__rosidl_typesupport_c.cpython-310-aarch64-linux-gnu.so
[48.758s] -- Symlinking: /home/spider/ws/install/spider_msgs/local/lib/python3.10/dist-packages/spider_msgs/spider_msgs_s__rosidl_typesupport_fastrtps_c.cpython-310-aarch64-linux-gnu.so
[48.828s] -- Symlinking: /home/spider/ws/install/spider_msgs/local/lib/python3.10/dist-packages/spider_msgs/spider_msgs_s__rosidl_typesupport_introspection_c.cpython-310-aarch64-linux-gnu.so
[48.914s] -- Up-to-date symlink: /home/spider/ws/install/spider_msgs/local/lib/python3.10/dist-packages/spider_msgs/spider_msgs_s__rosidl_typesupport_fastrtps_c.cpython-310-aarch64-linux-gnu.so
[48.917s] -- Up-to-date symlink: /home/spider/ws/install/spider_msgs/local/lib/python3.10/dist-packages/spider_msgs/spider_msgs_s__rosidl_typesupport_introspection_c.cpython-310-aarch64-linux-gnu.so
[48.921s] -- Up-to-date symlink: /home/spider/ws/install/spider_msgs/local/lib/python3.10/dist-packages/spider_msgs/spider_msgs_s__rosidl_typesupport_c.cpython-310-aarch64-linux-gnu.so
[48.924s] -- Symlinking: /home/spider/ws/install/spider_msgs/share/spider_msgs/msg/SpiderLeg.idl
[48.992s] -- Symlinking: /home/spider/ws/install/spider_msgs/share/spider_msgs/msg/SpiderLeg.msg
[49.063s] -- Symlinking: /home/spider/ws/install/spider_msgs/share/ament_index/resource_index/package_run_dependencies/spider_msgs
[49.136s] -- Symlinking: /home/spider/ws/install/spider_msgs/share/ament_index/resource_index/parent_prefix_path/spider_msgs
[49.207s] -- Symlinking: /home/spider/ws/install/spider_msgs/share/spider_msgs/environment/ament_prefix_path.sh
[49.276s] -- Symlinking: /home/spider/ws/install/spider_msgs/share/spider_msgs/environment/ament_prefix_path.dsv
[49.345s] -- Symlinking: /home/spider/ws/install/spider_msgs/share/spider_msgs/environment/path.sh
[49.415s] -- Symlinking: /home/spider/ws/install/spider_msgs/share/spider_msgs/environment/path.dsv
[49.483s] -- Symlinking: /home/spider/ws/install/spider_msgs/share/spider_msgs/local_setup.bash
[49.553s] -- Symlinking: /home/spider/ws/install/spider_msgs/share/spider_msgs/local_setup.sh
[49.622s] -- Symlinking: /home/spider/ws/install/spider_msgs/share/spider_msgs/local_setup.zsh
[49.689s] -- Symlinking: /home/spider/ws/install/spider_msgs/share/spider_msgs/local_setup.dsv
[49.758s] -- Symlinking: /home/spider/ws/install/spider_msgs/share/spider_msgs/package.dsv
[49.828s] -- Symlinking: /home/spider/ws/install/spider_msgs/share/ament_index/resource_index/packages/spider_msgs
[49.896s] -- Symlinking: /home/spider/ws/install/spider_msgs/share/spider_msgs/cmake/rosidl_cmake-extras.cmake
[49.966s] -- Symlinking: /home/spider/ws/install/spider_msgs/share/spider_msgs/cmake/ament_cmake_export_dependencies-extras.cmake
[50.034s] -- Symlinking: /home/spider/ws/install/spider_msgs/share/spider_msgs/cmake/ament_cmake_export_include_directories-extras.cmake
[50.102s] -- Symlinking: /home/spider/ws/install/spider_msgs/share/spider_msgs/cmake/ament_cmake_export_libraries-extras.cmake
[50.169s] -- Symlinking: /home/spider/ws/install/spider_msgs/share/spider_msgs/cmake/ament_cmake_export_targets-extras.cmake
[50.240s] -- Symlinking: /home/spider/ws/install/spider_msgs/share/spider_msgs/cmake/rosidl_cmake_export_typesupport_targets-extras.cmake
[50.314s] -- Symlinking: /home/spider/ws/install/spider_msgs/share/spider_msgs/cmake/rosidl_cmake_export_typesupport_libraries-extras.cmake
[50.381s] -- Symlinking: /home/spider/ws/install/spider_msgs/share/spider_msgs/cmake/spider_msgsConfig.cmake
[50.451s] -- Symlinking: /home/spider/ws/install/spider_msgs/share/spider_msgs/cmake/spider_msgsConfig-version.cmake
[50.520s] -- Symlinking: /home/spider/ws/install/spider_msgs/share/spider_msgs/package.xml
[50.587s] -- Installing: /home/spider/ws/install/spider_msgs/lib/libspider_msgs__rosidl_generator_c.so
[50.594s] -- Set runtime path of "/home/spider/ws/install/spider_msgs/lib/libspider_msgs__rosidl_generator_c.so" to ""
[50.595s] -- Installing: /home/spider/ws/install/spider_msgs/lib/libspider_msgs__rosidl_typesupport_fastrtps_c.so
[50.603s] -- Set runtime path of "/home/spider/ws/install/spider_msgs/lib/libspider_msgs__rosidl_typesupport_fastrtps_c.so" to ""
[50.604s] -- Installing: /home/spider/ws/install/spider_msgs/lib/libspider_msgs__rosidl_typesupport_fastrtps_cpp.so
[50.609s] -- Set runtime path of "/home/spider/ws/install/spider_msgs/lib/libspider_msgs__rosidl_typesupport_fastrtps_cpp.so" to ""
[50.610s] -- Installing: /home/spider/ws/install/spider_msgs/lib/libspider_msgs__rosidl_typesupport_introspection_c.so
[50.617s] -- Set runtime path of "/home/spider/ws/install/spider_msgs/lib/libspider_msgs__rosidl_typesupport_introspection_c.so" to ""
[50.618s] -- Installing: /home/spider/ws/install/spider_msgs/lib/libspider_msgs__rosidl_typesupport_c.so
[50.622s] -- Set runtime path of "/home/spider/ws/install/spider_msgs/lib/libspider_msgs__rosidl_typesupport_c.so" to ""
[50.624s] -- Installing: /home/spider/ws/install/spider_msgs/lib/libspider_msgs__rosidl_typesupport_introspection_cpp.so
[50.629s] -- Set runtime path of "/home/spider/ws/install/spider_msgs/lib/libspider_msgs__rosidl_typesupport_introspection_cpp.so" to ""
[50.630s] -- Installing: /home/spider/ws/install/spider_msgs/lib/libspider_msgs__rosidl_typesupport_cpp.so
[50.636s] -- Set runtime path of "/home/spider/ws/install/spider_msgs/lib/libspider_msgs__rosidl_typesupport_cpp.so" to ""
[50.987s] Listing '/home/spider/ws/install/spider_msgs/local/lib/python3.10/dist-packages/spider_msgs'...
[50.988s] Compiling '/home/spider/ws/install/spider_msgs/local/lib/python3.10/dist-packages/spider_msgs/__init__.py'...
[50.990s] Listing '/home/spider/ws/install/spider_msgs/local/lib/python3.10/dist-packages/spider_msgs/msg'...
[50.991s] Compiling '/home/spider/ws/install/spider_msgs/local/lib/python3.10/dist-packages/spider_msgs/msg/__init__.py'...
[50.992s] Compiling '/home/spider/ws/install/spider_msgs/local/lib/python3.10/dist-packages/spider_msgs/msg/_spider_leg.py'...
[51.052s] -- Installing: /home/spider/ws/install/spider_msgs/lib/libspider_msgs__rosidl_generator_py.so
[51.058s] -- Set runtime path of "/home/spider/ws/install/spider_msgs/lib/libspider_msgs__rosidl_generator_py.so" to ""
[51.060s] -- Installing: /home/spider/ws/install/spider_msgs/share/spider_msgs/cmake/export_spider_msgs__rosidl_generator_cExport.cmake
[51.063s] -- Installing: /home/spider/ws/install/spider_msgs/share/spider_msgs/cmake/export_spider_msgs__rosidl_generator_cExport-noconfig.cmake
[51.067s] -- Installing: /home/spider/ws/install/spider_msgs/share/spider_msgs/cmake/export_spider_msgs__rosidl_typesupport_fastrtps_cExport.cmake
[51.070s] -- Installing: /home/spider/ws/install/spider_msgs/share/spider_msgs/cmake/export_spider_msgs__rosidl_typesupport_fastrtps_cExport-noconfig.cmake
[51.073s] -- Installing: /home/spider/ws/install/spider_msgs/share/spider_msgs/cmake/export_spider_msgs__rosidl_generator_cppExport.cmake
[51.077s] -- Installing: /home/spider/ws/install/spider_msgs/share/spider_msgs/cmake/export_spider_msgs__rosidl_typesupport_fastrtps_cppExport.cmake
[51.080s] -- Installing: /home/spider/ws/install/spider_msgs/share/spider_msgs/cmake/export_spider_msgs__rosidl_typesupport_fastrtps_cppExport-noconfig.cmake
[51.083s] -- Installing: /home/spider/ws/install/spider_msgs/share/spider_msgs/cmake/spider_msgs__rosidl_typesupport_introspection_cExport.cmake
[51.087s] -- Installing: /home/spider/ws/install/spider_msgs/share/spider_msgs/cmake/spider_msgs__rosidl_typesupport_introspection_cExport-noconfig.cmake
[51.090s] -- Installing: /home/spider/ws/install/spider_msgs/share/spider_msgs/cmake/spider_msgs__rosidl_typesupport_cExport.cmake
[51.093s] -- Installing: /home/spider/ws/install/spider_msgs/share/spider_msgs/cmake/spider_msgs__rosidl_typesupport_cExport-noconfig.cmake
[51.096s] -- Installing: /home/spider/ws/install/spider_msgs/share/spider_msgs/cmake/spider_msgs__rosidl_typesupport_introspection_cppExport.cmake
[51.100s] -- Installing: /home/spider/ws/install/spider_msgs/share/spider_msgs/cmake/spider_msgs__rosidl_typesupport_introspection_cppExport-noconfig.cmake
[51.103s] -- Installing: /home/spider/ws/install/spider_msgs/share/spider_msgs/cmake/spider_msgs__rosidl_typesupport_cppExport.cmake
[51.106s] -- Installing: /home/spider/ws/install/spider_msgs/share/spider_msgs/cmake/spider_msgs__rosidl_typesupport_cppExport-noconfig.cmake
[51.111s] -- Installing: /home/spider/ws/install/spider_msgs/share/spider_msgs/cmake/export_spider_msgs__rosidl_generator_pyExport.cmake
[51.113s] -- Installing: /home/spider/ws/install/spider_msgs/share/spider_msgs/cmake/export_spider_msgs__rosidl_generator_pyExport-noconfig.cmake
[51.133s] Invoked command in '/home/spider/ws/build/spider_msgs' returned '0': CMAKE_PREFIX_PATH=/opt/ros/humble /usr/bin/cmake --install /home/spider/ws/build/spider_msgs
