[0.183s] Invoking command in '/home/spider/ws/build/spider_msgs': CMAKE_PREFIX_PATH=${CMAKE_PREFIX_PATH}:/home/spider/ws/install/spider_control:/opt/ros/humble /usr/bin/cmake --build /home/spider/ws/build/spider_msgs -- -j4 -l4
[1.160s] -- Found ament_cmake: 1.3.12 (/opt/ros/humble/share/ament_cmake/cmake)
[2.693s] -- Override CMake install command with custom implementation using symlinks instead of copying resources
[2.863s] -- Found std_msgs: 4.9.0 (/opt/ros/humble/share/std_msgs/cmake)
[3.310s] -- Found rosidl_generator_c: 3.1.7 (/opt/ros/humble/share/rosidl_generator_c/cmake)
[3.348s] -- Found rosidl_adapter: 3.1.7 (/opt/ros/humble/share/rosidl_adapter/cmake)
[3.438s] -- Found rosidl_generator_cpp: 3.1.7 (/opt/ros/humble/share/rosidl_generator_cpp/cmake)
[3.575s] -- Using all available rosidl_typesupport_c: rosidl_typesupport_fastrtps_c;rosidl_typesupport_introspection_c
[3.755s] -- Using all available rosidl_typesupport_cpp: rosidl_typesupport_fastrtps_cpp;rosidl_typesupport_introspection_cpp
[4.105s] -- Found rosidl_default_generators: 1.2.0 (/opt/ros/humble/share/rosidl_default_generators/cmake)
[7.467s] -- Found ament_cmake_ros: 0.10.0 (/opt/ros/humble/share/ament_cmake_ros/cmake)
[11.792s] -- Using all available rosidl_typesupport_c: rosidl_typesupport_fastrtps_c;rosidl_typesupport_introspection_c
[13.453s] -- Using all available rosidl_typesupport_cpp: rosidl_typesupport_fastrtps_cpp;rosidl_typesupport_introspection_cpp
[13.744s] -- Found python_cmake_module: 0.10.0 (/opt/ros/humble/share/python_cmake_module/cmake)
[14.074s] -- Using PYTHON_EXECUTABLE: /usr/bin/python3
[14.075s] -- Using PYTHON_INCLUDE_DIRS: /usr/include/python3.10
[14.076s] -- Using PYTHON_LIBRARIES: /usr/lib/aarch64-linux-gnu/libpython3.10.so
[14.446s] -- Found ament_lint_auto: 0.12.14 (/opt/ros/humble/share/ament_lint_auto/cmake)
[14.685s] -- Added test 'lint_cmake' to check CMake code style
[14.713s] -- Added test 'xmllint' to check XML markup files
[14.773s] -- Configuring done
[15.416s] -- Generating done
[15.565s] -- Build files have been written to: /home/spider/ws/build/spider_msgs
[15.848s] [  2%] [34m[1mGenerating C code for ROS interfaces[0m
[16.005s] [  5%] [34m[1mGenerating C++ code for ROS interfaces[0m
[16.091s] [  5%] Built target ament_cmake_python_symlink_spider_msgs
[20.377s] running egg_info
[20.389s] writing spider_msgs.egg-info/PKG-INFO
[20.395s] writing dependency_links to spider_msgs.egg-info/dependency_links.txt
[20.398s] writing top-level names to spider_msgs.egg-info/top_level.txt
[20.438s] reading manifest file 'spider_msgs.egg-info/SOURCES.txt'
[20.446s] writing manifest file 'spider_msgs.egg-info/SOURCES.txt'
[20.951s] [  5%] Built target ament_cmake_python_build_spider_msgs_egg
[21.462s] [  5%] Built target spider_msgs__cpp
[21.603s] [ 10%] [34m[1mGenerating C++ type support dispatch for ROS interfaces[0m
[21.606s] [ 10%] [34m[1mGenerating C++ type support for eProsima Fast-RTPS[0m
[21.608s] [35m[1mConsolidate compiler generated dependencies of target spider_msgs__rosidl_generator_c[0m
[21.641s] [ 12%] [34m[1mGenerating C++ introspection for ROS interfaces[0m
[21.811s] [ 15%] [32mBuilding C object CMakeFiles/spider_msgs__rosidl_generator_c.dir/rosidl_generator_c/spider_msgs/msg/detail/spider_leg__functions.c.o[0m
[24.224s] [ 17%] [32mBuilding C object CMakeFiles/spider_msgs__rosidl_generator_c.dir/rosidl_generator_c/spider_msgs/srv/detail/servo_calibrate__functions.c.o[0m
[25.612s] [ 20%] [32m[1mLinking C shared library libspider_msgs__rosidl_generator_c.so[0m
[26.168s] [35m[1mConsolidate compiler generated dependencies of target spider_msgs__rosidl_typesupport_cpp[0m
[26.581s] [ 20%] Built target spider_msgs__rosidl_generator_c
[26.676s] [ 23%] [32mBuilding CXX object CMakeFiles/spider_msgs__rosidl_typesupport_cpp.dir/rosidl_typesupport_cpp/spider_msgs/msg/spider_leg__type_support.cpp.o[0m
[26.732s] [ 25%] [34m[1mGenerating C type support for eProsima Fast-RTPS[0m
[27.370s] [35m[1mConsolidate compiler generated dependencies of target spider_msgs__rosidl_typesupport_introspection_cpp[0m
[27.649s] [ 28%] [32mBuilding CXX object CMakeFiles/spider_msgs__rosidl_typesupport_introspection_cpp.dir/rosidl_typesupport_introspection_cpp/spider_msgs/msg/detail/spider_leg__type_support.cpp.o[0m
[27.753s] [35m[1mConsolidate compiler generated dependencies of target spider_msgs__rosidl_typesupport_fastrtps_cpp[0m
[28.079s] [ 30%] [32mBuilding CXX object CMakeFiles/spider_msgs__rosidl_typesupport_fastrtps_cpp.dir/rosidl_typesupport_fastrtps_cpp/spider_msgs/msg/detail/dds_fastrtps/spider_leg__type_support.cpp.o[0m
[33.082s] [ 33%] [32mBuilding CXX object CMakeFiles/spider_msgs__rosidl_typesupport_cpp.dir/rosidl_typesupport_cpp/spider_msgs/srv/servo_calibrate__type_support.cpp.o[0m
[33.298s] [35m[1mConsolidate compiler generated dependencies of target spider_msgs__rosidl_typesupport_fastrtps_c[0m
[33.601s] [ 35%] [32mBuilding CXX object CMakeFiles/spider_msgs__rosidl_typesupport_fastrtps_c.dir/rosidl_typesupport_fastrtps_c/spider_msgs/msg/detail/spider_leg__type_support_c.cpp.o[0m
[34.425s] [ 38%] [32mBuilding CXX object CMakeFiles/spider_msgs__rosidl_typesupport_introspection_cpp.dir/rosidl_typesupport_introspection_cpp/spider_msgs/srv/detail/servo_calibrate__type_support.cpp.o[0m
[35.331s] [ 41%] [32mBuilding CXX object CMakeFiles/spider_msgs__rosidl_typesupport_fastrtps_cpp.dir/rosidl_typesupport_fastrtps_cpp/spider_msgs/srv/detail/dds_fastrtps/servo_calibrate__type_support.cpp.o[0m
[38.499s] [ 43%] [32m[1mLinking CXX shared library libspider_msgs__rosidl_typesupport_cpp.so[0m
[39.130s] [ 46%] [32mBuilding CXX object CMakeFiles/spider_msgs__rosidl_typesupport_fastrtps_c.dir/rosidl_typesupport_fastrtps_c/spider_msgs/srv/detail/servo_calibrate__type_support_c.cpp.o[0m
[39.306s] [ 46%] Built target spider_msgs__rosidl_typesupport_cpp
[39.525s] [ 48%] [34m[1mGenerating C introspection for ROS interfaces[0m
[41.902s] [ 51%] [32m[1mLinking CXX shared library libspider_msgs__rosidl_typesupport_introspection_cpp.so[0m
[43.045s] [ 51%] Built target spider_msgs__rosidl_typesupport_introspection_cpp
[43.233s] [ 53%] [34m[1mGenerating C type support dispatch for ROS interfaces[0m
[43.242s] [ 56%] [32m[1mLinking CXX shared library libspider_msgs__rosidl_typesupport_fastrtps_cpp.so[0m
[44.693s] [ 56%] Built target spider_msgs__rosidl_typesupport_fastrtps_cpp
[45.555s] [35m[1mConsolidate compiler generated dependencies of target spider_msgs__rosidl_typesupport_introspection_c[0m
[45.811s] [ 58%] [32mBuilding C object CMakeFiles/spider_msgs__rosidl_typesupport_introspection_c.dir/rosidl_typesupport_introspection_c/spider_msgs/msg/detail/spider_leg__type_support.c.o[0m
[45.813s] [ 61%] [32mBuilding C object CMakeFiles/spider_msgs__rosidl_typesupport_introspection_c.dir/rosidl_typesupport_introspection_c/spider_msgs/srv/detail/servo_calibrate__type_support.c.o[0m
[46.137s] [ 64%] [32m[1mLinking CXX shared library libspider_msgs__rosidl_typesupport_fastrtps_c.so[0m
[46.543s] [ 66%] [32m[1mLinking C shared library libspider_msgs__rosidl_typesupport_introspection_c.so[0m
[47.028s] [ 66%] Built target spider_msgs__rosidl_typesupport_introspection_c
[47.103s] [ 66%] Built target spider_msgs__rosidl_typesupport_fastrtps_c
[47.632s] [35m[1mConsolidate compiler generated dependencies of target spider_msgs__rosidl_typesupport_c[0m
[47.764s] [ 69%] [32mBuilding CXX object CMakeFiles/spider_msgs__rosidl_typesupport_c.dir/rosidl_typesupport_c/spider_msgs/msg/spider_leg__type_support.cpp.o[0m
[47.772s] [ 71%] [32mBuilding CXX object CMakeFiles/spider_msgs__rosidl_typesupport_c.dir/rosidl_typesupport_c/spider_msgs/srv/servo_calibrate__type_support.cpp.o[0m
[48.168s] [ 74%] [32m[1mLinking CXX shared library libspider_msgs__rosidl_typesupport_c.so[0m
[48.580s] [ 74%] Built target spider_msgs__rosidl_typesupport_c
[48.823s] [ 74%] Built target spider_msgs
[49.051s] [ 76%] [34m[1mGenerating Python code for ROS interfaces[0m
[54.818s] [ 76%] Built target spider_msgs__py
[54.952s] [35m[1mConsolidate compiler generated dependencies of target spider_msgs__rosidl_generator_py[0m
[55.177s] [ 79%] [32mBuilding C object CMakeFiles/spider_msgs__rosidl_generator_py.dir/rosidl_generator_py/spider_msgs/msg/_spider_leg_s.c.o[0m
[55.185s] [ 82%] [32mBuilding C object CMakeFiles/spider_msgs__rosidl_generator_py.dir/rosidl_generator_py/spider_msgs/srv/_servo_calibrate_s.c.o[0m
[56.670s] [ 84%] [32m[1mLinking C shared library rosidl_generator_py/spider_msgs/libspider_msgs__rosidl_generator_py.so[0m
[57.186s] [ 84%] Built target spider_msgs__rosidl_generator_py
[57.320s] [35m[1mConsolidate compiler generated dependencies of target spider_msgs__rosidl_typesupport_fastrtps_c__pyext[0m
[57.327s] [35m[1mConsolidate compiler generated dependencies of target spider_msgs__rosidl_typesupport_introspection_c__pyext[0m
[57.350s] [35m[1mConsolidate compiler generated dependencies of target spider_msgs__rosidl_typesupport_c__pyext[0m
[57.503s] [ 87%] [32mBuilding C object CMakeFiles/spider_msgs__rosidl_typesupport_introspection_c__pyext.dir/rosidl_generator_py/spider_msgs/_spider_msgs_s.ep.rosidl_typesupport_introspection_c.c.o[0m
[57.518s] [ 89%] [32mBuilding C object CMakeFiles/spider_msgs__rosidl_typesupport_fastrtps_c__pyext.dir/rosidl_generator_py/spider_msgs/_spider_msgs_s.ep.rosidl_typesupport_fastrtps_c.c.o[0m
[57.537s] [ 92%] [32mBuilding C object CMakeFiles/spider_msgs__rosidl_typesupport_c__pyext.dir/rosidl_generator_py/spider_msgs/_spider_msgs_s.ep.rosidl_typesupport_c.c.o[0m
[59.101s] [ 94%] [32m[1mLinking C shared library rosidl_generator_py/spider_msgs/spider_msgs_s__rosidl_typesupport_fastrtps_c.cpython-310-aarch64-linux-gnu.so[0m
[59.109s] [ 97%] [32m[1mLinking C shared library rosidl_generator_py/spider_msgs/spider_msgs_s__rosidl_typesupport_c.cpython-310-aarch64-linux-gnu.so[0m
[59.227s] [100%] [32m[1mLinking C shared library rosidl_generator_py/spider_msgs/spider_msgs_s__rosidl_typesupport_introspection_c.cpython-310-aarch64-linux-gnu.so[0m
[59.770s] [100%] Built target spider_msgs__rosidl_typesupport_c__pyext
[59.778s] [100%] Built target spider_msgs__rosidl_typesupport_fastrtps_c__pyext
[59.892s] [100%] Built target spider_msgs__rosidl_typesupport_introspection_c__pyext
[60.027s] Invoked command in '/home/spider/ws/build/spider_msgs' returned '0': CMAKE_PREFIX_PATH=${CMAKE_PREFIX_PATH}:/home/spider/ws/install/spider_control:/opt/ros/humble /usr/bin/cmake --build /home/spider/ws/build/spider_msgs -- -j4 -l4
[60.138s] Invoking command in '/home/spider/ws/build/spider_msgs': CMAKE_PREFIX_PATH=${CMAKE_PREFIX_PATH}:/home/spider/ws/install/spider_control:/opt/ros/humble /usr/bin/cmake --install /home/spider/ws/build/spider_msgs
[60.220s] -- Install configuration: ""
[60.228s] -- Execute custom install script
[60.238s] -- Up-to-date symlink: /home/spider/ws/install/spider_msgs/share/ament_index/resource_index/rosidl_interfaces/spider_msgs
[60.254s] -- Up-to-date symlink: /home/spider/ws/install/spider_msgs/include/spider_msgs/spider_msgs/msg/detail/spider_leg__functions.h
[60.258s] -- Up-to-date symlink: /home/spider/ws/install/spider_msgs/include/spider_msgs/spider_msgs/msg/detail/spider_leg__struct.h
[60.262s] -- Up-to-date symlink: /home/spider/ws/install/spider_msgs/include/spider_msgs/spider_msgs/msg/detail/spider_leg__type_support.h
[60.266s] -- Up-to-date symlink: /home/spider/ws/install/spider_msgs/include/spider_msgs/spider_msgs/msg/rosidl_generator_c__visibility_control.h
[60.270s] -- Up-to-date symlink: /home/spider/ws/install/spider_msgs/include/spider_msgs/spider_msgs/msg/spider_leg.h
[60.275s] -- Up-to-date symlink: /home/spider/ws/install/spider_msgs/include/spider_msgs/spider_msgs/srv/detail/servo_calibrate__functions.h
[60.278s] -- Up-to-date symlink: /home/spider/ws/install/spider_msgs/include/spider_msgs/spider_msgs/srv/detail/servo_calibrate__struct.h
[60.282s] -- Up-to-date symlink: /home/spider/ws/install/spider_msgs/include/spider_msgs/spider_msgs/srv/detail/servo_calibrate__type_support.h
[60.285s] -- Up-to-date symlink: /home/spider/ws/install/spider_msgs/include/spider_msgs/spider_msgs/srv/servo_calibrate.h
[60.290s] -- Up-to-date symlink: /home/spider/ws/install/spider_msgs/share/spider_msgs/environment/library_path.sh
[60.294s] -- Up-to-date symlink: /home/spider/ws/install/spider_msgs/share/spider_msgs/environment/library_path.dsv
[60.304s] -- Up-to-date symlink: /home/spider/ws/install/spider_msgs/include/spider_msgs/spider_msgs/msg/detail/spider_leg__rosidl_typesupport_fastrtps_c.h
[60.307s] -- Up-to-date symlink: /home/spider/ws/install/spider_msgs/include/spider_msgs/spider_msgs/msg/rosidl_typesupport_fastrtps_c__visibility_control.h
[60.311s] -- Up-to-date symlink: /home/spider/ws/install/spider_msgs/include/spider_msgs/spider_msgs/srv/detail/servo_calibrate__rosidl_typesupport_fastrtps_c.h
[60.322s] -- Up-to-date symlink: /home/spider/ws/install/spider_msgs/include/spider_msgs/spider_msgs/msg/detail/spider_leg__builder.hpp
[60.325s] -- Up-to-date symlink: /home/spider/ws/install/spider_msgs/include/spider_msgs/spider_msgs/msg/detail/spider_leg__struct.hpp
[60.329s] -- Up-to-date symlink: /home/spider/ws/install/spider_msgs/include/spider_msgs/spider_msgs/msg/detail/spider_leg__traits.hpp
[60.332s] -- Up-to-date symlink: /home/spider/ws/install/spider_msgs/include/spider_msgs/spider_msgs/msg/detail/spider_leg__type_support.hpp
[60.336s] -- Up-to-date symlink: /home/spider/ws/install/spider_msgs/include/spider_msgs/spider_msgs/msg/rosidl_generator_cpp__visibility_control.hpp
[60.339s] -- Up-to-date symlink: /home/spider/ws/install/spider_msgs/include/spider_msgs/spider_msgs/msg/spider_leg.hpp
[60.343s] -- Up-to-date symlink: /home/spider/ws/install/spider_msgs/include/spider_msgs/spider_msgs/srv/detail/servo_calibrate__builder.hpp
[60.346s] -- Up-to-date symlink: /home/spider/ws/install/spider_msgs/include/spider_msgs/spider_msgs/srv/detail/servo_calibrate__struct.hpp
[60.350s] -- Up-to-date symlink: /home/spider/ws/install/spider_msgs/include/spider_msgs/spider_msgs/srv/detail/servo_calibrate__traits.hpp
[60.353s] -- Up-to-date symlink: /home/spider/ws/install/spider_msgs/include/spider_msgs/spider_msgs/srv/detail/servo_calibrate__type_support.hpp
[60.356s] -- Up-to-date symlink: /home/spider/ws/install/spider_msgs/include/spider_msgs/spider_msgs/srv/servo_calibrate.hpp
[60.368s] -- Up-to-date symlink: /home/spider/ws/install/spider_msgs/include/spider_msgs/spider_msgs/msg/detail/spider_leg__rosidl_typesupport_fastrtps_cpp.hpp
[60.371s] -- Up-to-date symlink: /home/spider/ws/install/spider_msgs/include/spider_msgs/spider_msgs/msg/rosidl_typesupport_fastrtps_cpp__visibility_control.h
[60.374s] -- Up-to-date symlink: /home/spider/ws/install/spider_msgs/include/spider_msgs/spider_msgs/srv/detail/servo_calibrate__rosidl_typesupport_fastrtps_cpp.hpp
[60.382s] -- Up-to-date symlink: /home/spider/ws/install/spider_msgs/include/spider_msgs/spider_msgs/msg/detail/spider_leg__rosidl_typesupport_introspection_c.h
[60.385s] -- Up-to-date symlink: /home/spider/ws/install/spider_msgs/include/spider_msgs/spider_msgs/msg/rosidl_typesupport_introspection_c__visibility_control.h
[60.388s] -- Up-to-date symlink: /home/spider/ws/install/spider_msgs/include/spider_msgs/spider_msgs/srv/detail/servo_calibrate__rosidl_typesupport_introspection_c.h
[60.396s] -- Up-to-date symlink: /home/spider/ws/install/spider_msgs/include/spider_msgs/spider_msgs/msg/detail/spider_leg__rosidl_typesupport_introspection_cpp.hpp
[60.400s] -- Up-to-date symlink: /home/spider/ws/install/spider_msgs/include/spider_msgs/spider_msgs/srv/detail/servo_calibrate__rosidl_typesupport_introspection_cpp.hpp
[60.403s] -- Up-to-date symlink: /home/spider/ws/install/spider_msgs/share/spider_msgs/environment/pythonpath.sh
[60.407s] -- Up-to-date symlink: /home/spider/ws/install/spider_msgs/share/spider_msgs/environment/pythonpath.dsv
[60.413s] -- Up-to-date symlink: /home/spider/ws/install/spider_msgs/local/lib/python3.10/dist-packages/spider_msgs-0.0.0-py3.10.egg-info/PKG-INFO
[60.416s] -- Up-to-date symlink: /home/spider/ws/install/spider_msgs/local/lib/python3.10/dist-packages/spider_msgs-0.0.0-py3.10.egg-info/SOURCES.txt
[60.420s] -- Up-to-date symlink: /home/spider/ws/install/spider_msgs/local/lib/python3.10/dist-packages/spider_msgs-0.0.0-py3.10.egg-info/dependency_links.txt
[60.423s] -- Up-to-date symlink: /home/spider/ws/install/spider_msgs/local/lib/python3.10/dist-packages/spider_msgs-0.0.0-py3.10.egg-info/top_level.txt
[60.438s] -- Up-to-date symlink: /home/spider/ws/install/spider_msgs/local/lib/python3.10/dist-packages/spider_msgs/__init__.py
[60.444s] -- Up-to-date symlink: /home/spider/ws/install/spider_msgs/local/lib/python3.10/dist-packages/spider_msgs/_spider_msgs_s.ep.rosidl_typesupport_c.c
[60.446s] -- Up-to-date symlink: /home/spider/ws/install/spider_msgs/local/lib/python3.10/dist-packages/spider_msgs/_spider_msgs_s.ep.rosidl_typesupport_fastrtps_c.c
[60.449s] -- Up-to-date symlink: /home/spider/ws/install/spider_msgs/local/lib/python3.10/dist-packages/spider_msgs/_spider_msgs_s.ep.rosidl_typesupport_introspection_c.c
[60.453s] -- Up-to-date symlink: /home/spider/ws/install/spider_msgs/local/lib/python3.10/dist-packages/spider_msgs/libspider_msgs__rosidl_generator_py.so
[60.456s] -- Up-to-date symlink: /home/spider/ws/install/spider_msgs/local/lib/python3.10/dist-packages/spider_msgs/msg/__init__.py
[60.459s] -- Up-to-date symlink: /home/spider/ws/install/spider_msgs/local/lib/python3.10/dist-packages/spider_msgs/msg/_spider_leg.py
[60.463s] -- Up-to-date symlink: /home/spider/ws/install/spider_msgs/local/lib/python3.10/dist-packages/spider_msgs/msg/_spider_leg_s.c
[60.466s] -- Up-to-date symlink: /home/spider/ws/install/spider_msgs/local/lib/python3.10/dist-packages/spider_msgs/spider_msgs_s__rosidl_typesupport_c.cpython-310-aarch64-linux-gnu.so
[60.469s] -- Up-to-date symlink: /home/spider/ws/install/spider_msgs/local/lib/python3.10/dist-packages/spider_msgs/spider_msgs_s__rosidl_typesupport_fastrtps_c.cpython-310-aarch64-linux-gnu.so
[60.472s] -- Up-to-date symlink: /home/spider/ws/install/spider_msgs/local/lib/python3.10/dist-packages/spider_msgs/spider_msgs_s__rosidl_typesupport_introspection_c.cpython-310-aarch64-linux-gnu.so
[60.477s] -- Up-to-date symlink: /home/spider/ws/install/spider_msgs/local/lib/python3.10/dist-packages/spider_msgs/srv/__init__.py
[60.480s] -- Up-to-date symlink: /home/spider/ws/install/spider_msgs/local/lib/python3.10/dist-packages/spider_msgs/srv/_servo_calibrate.py
[60.484s] -- Up-to-date symlink: /home/spider/ws/install/spider_msgs/local/lib/python3.10/dist-packages/spider_msgs/srv/_servo_calibrate_s.c
[60.489s] -- Up-to-date symlink: /home/spider/ws/install/spider_msgs/local/lib/python3.10/dist-packages/spider_msgs/spider_msgs_s__rosidl_typesupport_fastrtps_c.cpython-310-aarch64-linux-gnu.so
[60.493s] -- Up-to-date symlink: /home/spider/ws/install/spider_msgs/local/lib/python3.10/dist-packages/spider_msgs/spider_msgs_s__rosidl_typesupport_introspection_c.cpython-310-aarch64-linux-gnu.so
[60.498s] -- Up-to-date symlink: /home/spider/ws/install/spider_msgs/local/lib/python3.10/dist-packages/spider_msgs/spider_msgs_s__rosidl_typesupport_c.cpython-310-aarch64-linux-gnu.so
[60.503s] -- Up-to-date symlink: /home/spider/ws/install/spider_msgs/share/spider_msgs/msg/SpiderLeg.idl
[60.508s] -- Up-to-date symlink: /home/spider/ws/install/spider_msgs/share/spider_msgs/srv/ServoCalibrate.idl
[60.511s] -- Up-to-date symlink: /home/spider/ws/install/spider_msgs/share/spider_msgs/msg/SpiderLeg.msg
[60.513s] -- Up-to-date symlink: /home/spider/ws/install/spider_msgs/share/spider_msgs/srv/ServoCalibrate.srv
[60.517s] -- Up-to-date symlink: /home/spider/ws/install/spider_msgs/share/spider_msgs/srv/ServoCalibrate_Request.msg
[60.521s] -- Up-to-date symlink: /home/spider/ws/install/spider_msgs/share/spider_msgs/srv/ServoCalibrate_Response.msg
[60.526s] -- Up-to-date symlink: /home/spider/ws/install/spider_msgs/share/ament_index/resource_index/package_run_dependencies/spider_msgs
[60.530s] -- Up-to-date symlink: /home/spider/ws/install/spider_msgs/share/ament_index/resource_index/parent_prefix_path/spider_msgs
[60.534s] -- Up-to-date symlink: /home/spider/ws/install/spider_msgs/share/spider_msgs/environment/ament_prefix_path.sh
[60.537s] -- Up-to-date symlink: /home/spider/ws/install/spider_msgs/share/spider_msgs/environment/ament_prefix_path.dsv
[60.541s] -- Up-to-date symlink: /home/spider/ws/install/spider_msgs/share/spider_msgs/environment/path.sh
[60.545s] -- Up-to-date symlink: /home/spider/ws/install/spider_msgs/share/spider_msgs/environment/path.dsv
[60.556s] -- Up-to-date symlink: /home/spider/ws/install/spider_msgs/share/spider_msgs/local_setup.bash
[60.560s] -- Up-to-date symlink: /home/spider/ws/install/spider_msgs/share/spider_msgs/local_setup.sh
[60.564s] -- Up-to-date symlink: /home/spider/ws/install/spider_msgs/share/spider_msgs/local_setup.zsh
[60.567s] -- Up-to-date symlink: /home/spider/ws/install/spider_msgs/share/spider_msgs/local_setup.dsv
[60.569s] -- Symlinking: /home/spider/ws/install/spider_msgs/share/spider_msgs/package.dsv
[60.653s] -- Up-to-date symlink: /home/spider/ws/install/spider_msgs/share/ament_index/resource_index/packages/spider_msgs
[60.657s] -- Up-to-date symlink: /home/spider/ws/install/spider_msgs/share/spider_msgs/cmake/rosidl_cmake-extras.cmake
[60.661s] -- Up-to-date symlink: /home/spider/ws/install/spider_msgs/share/spider_msgs/cmake/ament_cmake_export_dependencies-extras.cmake
[60.665s] -- Up-to-date symlink: /home/spider/ws/install/spider_msgs/share/spider_msgs/cmake/ament_cmake_export_include_directories-extras.cmake
[60.668s] -- Up-to-date symlink: /home/spider/ws/install/spider_msgs/share/spider_msgs/cmake/ament_cmake_export_libraries-extras.cmake
[60.672s] -- Up-to-date symlink: /home/spider/ws/install/spider_msgs/share/spider_msgs/cmake/ament_cmake_export_targets-extras.cmake
[60.675s] -- Up-to-date symlink: /home/spider/ws/install/spider_msgs/share/spider_msgs/cmake/rosidl_cmake_export_typesupport_targets-extras.cmake
[60.679s] -- Up-to-date symlink: /home/spider/ws/install/spider_msgs/share/spider_msgs/cmake/rosidl_cmake_export_typesupport_libraries-extras.cmake
[60.682s] -- Up-to-date symlink: /home/spider/ws/install/spider_msgs/share/spider_msgs/cmake/spider_msgsConfig.cmake
[60.686s] -- Up-to-date symlink: /home/spider/ws/install/spider_msgs/share/spider_msgs/cmake/spider_msgsConfig-version.cmake
[60.688s] -- Up-to-date symlink: /home/spider/ws/install/spider_msgs/share/spider_msgs/package.xml
[60.693s] -- Installing: /home/spider/ws/install/spider_msgs/lib/libspider_msgs__rosidl_generator_c.so
[60.702s] -- Set runtime path of "/home/spider/ws/install/spider_msgs/lib/libspider_msgs__rosidl_generator_c.so" to ""
[60.709s] -- Installing: /home/spider/ws/install/spider_msgs/lib/libspider_msgs__rosidl_typesupport_fastrtps_c.so
[60.716s] -- Set runtime path of "/home/spider/ws/install/spider_msgs/lib/libspider_msgs__rosidl_typesupport_fastrtps_c.so" to ""
[60.723s] -- Installing: /home/spider/ws/install/spider_msgs/lib/libspider_msgs__rosidl_typesupport_fastrtps_cpp.so
[60.730s] -- Set runtime path of "/home/spider/ws/install/spider_msgs/lib/libspider_msgs__rosidl_typesupport_fastrtps_cpp.so" to ""
[60.735s] -- Installing: /home/spider/ws/install/spider_msgs/lib/libspider_msgs__rosidl_typesupport_introspection_c.so
[60.741s] -- Set runtime path of "/home/spider/ws/install/spider_msgs/lib/libspider_msgs__rosidl_typesupport_introspection_c.so" to ""
[60.746s] -- Installing: /home/spider/ws/install/spider_msgs/lib/libspider_msgs__rosidl_typesupport_c.so
[60.753s] -- Set runtime path of "/home/spider/ws/install/spider_msgs/lib/libspider_msgs__rosidl_typesupport_c.so" to ""
[60.759s] -- Installing: /home/spider/ws/install/spider_msgs/lib/libspider_msgs__rosidl_typesupport_introspection_cpp.so
[60.766s] -- Set runtime path of "/home/spider/ws/install/spider_msgs/lib/libspider_msgs__rosidl_typesupport_introspection_cpp.so" to ""
[60.771s] -- Installing: /home/spider/ws/install/spider_msgs/lib/libspider_msgs__rosidl_typesupport_cpp.so
[60.777s] -- Set runtime path of "/home/spider/ws/install/spider_msgs/lib/libspider_msgs__rosidl_typesupport_cpp.so" to ""
[61.244s] Listing '/home/spider/ws/install/spider_msgs/local/lib/python3.10/dist-packages/spider_msgs'...
[61.246s] Compiling '/home/spider/ws/install/spider_msgs/local/lib/python3.10/dist-packages/spider_msgs/__init__.py'...
[61.247s] Listing '/home/spider/ws/install/spider_msgs/local/lib/python3.10/dist-packages/spider_msgs/msg'...
[61.250s] Compiling '/home/spider/ws/install/spider_msgs/local/lib/python3.10/dist-packages/spider_msgs/msg/__init__.py'...
[61.251s] Compiling '/home/spider/ws/install/spider_msgs/local/lib/python3.10/dist-packages/spider_msgs/msg/_spider_leg.py'...
[61.252s] Listing '/home/spider/ws/install/spider_msgs/local/lib/python3.10/dist-packages/spider_msgs/srv'...
[61.254s] Compiling '/home/spider/ws/install/spider_msgs/local/lib/python3.10/dist-packages/spider_msgs/srv/__init__.py'...
[61.255s] Compiling '/home/spider/ws/install/spider_msgs/local/lib/python3.10/dist-packages/spider_msgs/srv/_servo_calibrate.py'...
[61.313s] -- Installing: /home/spider/ws/install/spider_msgs/lib/libspider_msgs__rosidl_generator_py.so
[61.320s] -- Set runtime path of "/home/spider/ws/install/spider_msgs/lib/libspider_msgs__rosidl_generator_py.so" to ""
[61.326s] -- Up-to-date: /home/spider/ws/install/spider_msgs/share/spider_msgs/cmake/export_spider_msgs__rosidl_generator_cExport.cmake
[61.328s] -- Up-to-date: /home/spider/ws/install/spider_msgs/share/spider_msgs/cmake/export_spider_msgs__rosidl_generator_cExport-noconfig.cmake
[61.333s] -- Up-to-date: /home/spider/ws/install/spider_msgs/share/spider_msgs/cmake/export_spider_msgs__rosidl_typesupport_fastrtps_cExport.cmake
[61.334s] -- Up-to-date: /home/spider/ws/install/spider_msgs/share/spider_msgs/cmake/export_spider_msgs__rosidl_typesupport_fastrtps_cExport-noconfig.cmake
[61.338s] -- Up-to-date: /home/spider/ws/install/spider_msgs/share/spider_msgs/cmake/export_spider_msgs__rosidl_generator_cppExport.cmake
[61.344s] -- Up-to-date: /home/spider/ws/install/spider_msgs/share/spider_msgs/cmake/export_spider_msgs__rosidl_typesupport_fastrtps_cppExport.cmake
[61.345s] -- Up-to-date: /home/spider/ws/install/spider_msgs/share/spider_msgs/cmake/export_spider_msgs__rosidl_typesupport_fastrtps_cppExport-noconfig.cmake
[61.349s] -- Up-to-date: /home/spider/ws/install/spider_msgs/share/spider_msgs/cmake/spider_msgs__rosidl_typesupport_introspection_cExport.cmake
[61.353s] -- Up-to-date: /home/spider/ws/install/spider_msgs/share/spider_msgs/cmake/spider_msgs__rosidl_typesupport_introspection_cExport-noconfig.cmake
[61.355s] -- Up-to-date: /home/spider/ws/install/spider_msgs/share/spider_msgs/cmake/spider_msgs__rosidl_typesupport_cExport.cmake
[61.357s] -- Up-to-date: /home/spider/ws/install/spider_msgs/share/spider_msgs/cmake/spider_msgs__rosidl_typesupport_cExport-noconfig.cmake
[61.362s] -- Up-to-date: /home/spider/ws/install/spider_msgs/share/spider_msgs/cmake/spider_msgs__rosidl_typesupport_introspection_cppExport.cmake
[61.365s] -- Up-to-date: /home/spider/ws/install/spider_msgs/share/spider_msgs/cmake/spider_msgs__rosidl_typesupport_introspection_cppExport-noconfig.cmake
[61.369s] -- Up-to-date: /home/spider/ws/install/spider_msgs/share/spider_msgs/cmake/spider_msgs__rosidl_typesupport_cppExport.cmake
[61.371s] -- Up-to-date: /home/spider/ws/install/spider_msgs/share/spider_msgs/cmake/spider_msgs__rosidl_typesupport_cppExport-noconfig.cmake
[61.375s] -- Up-to-date: /home/spider/ws/install/spider_msgs/share/spider_msgs/cmake/export_spider_msgs__rosidl_generator_pyExport.cmake
[61.376s] -- Up-to-date: /home/spider/ws/install/spider_msgs/share/spider_msgs/cmake/export_spider_msgs__rosidl_generator_pyExport-noconfig.cmake
[61.395s] Invoked command in '/home/spider/ws/build/spider_msgs' returned '0': CMAKE_PREFIX_PATH=${CMAKE_PREFIX_PATH}:/home/spider/ws/install/spider_control:/opt/ros/humble /usr/bin/cmake --install /home/spider/ws/build/spider_msgs
