[01m[K/home/spider/ws/src/spider_driver/src/spider_driver/ControllerNode.cpp:[m[K In member function ‘[01m[Kvoid controller::ControllerNode::configure_all_servos()[m[K’:
[01m[K/home/spider/ws/src/spider_driver/src/spider_driver/ControllerNode.cpp:73:32:[m[K [01;31m[Kerror: [m[K‘[01m[Kfrontleft_pose[m[K’ was not declared in this scope; did you mean ‘[01m[Kfrontleft_pose_[m[K’?
   73 |     set_group(pca_frontleft_,  [01;31m[Kfrontleft_pose[m[K);
      |                                [01;31m[K^~~~~~~~~~~~~~[m[K
      |                                [32m[Kfrontleft_pose_[m[K
[01m[K/home/spider/ws/src/spider_driver/src/spider_driver/ControllerNode.cpp:74:32:[m[K [01;31m[Kerror: [m[K‘[01m[Kfrontright_pose[m[K’ was not declared in this scope; did you mean ‘[01m[Kfrontright_pose_[m[K’?
   74 |     set_group(pca_frontright_, [01;31m[Kfrontright_pose[m[K);
      |                                [01;31m[K^~~~~~~~~~~~~~~[m[K
      |                                [32m[Kfrontright_pose_[m[K
[01m[K/home/spider/ws/src/spider_driver/src/spider_driver/ControllerNode.cpp:75:32:[m[K [01;31m[Kerror: [m[K‘[01m[Kbackright_pose[m[K’ was not declared in this scope; did you mean ‘[01m[Kbackright_pose_[m[K’?
   75 |     set_group(pca_backright_,  [01;31m[Kbackright_pose[m[K);
      |                                [01;31m[K^~~~~~~~~~~~~~[m[K
      |                                [32m[Kbackright_pose_[m[K
[01m[K/home/spider/ws/src/spider_driver/src/spider_driver/ControllerNode.cpp:76:32:[m[K [01;31m[Kerror: [m[K‘[01m[Kbackleft_pose[m[K’ was not declared in this scope; did you mean ‘[01m[Kbackleft_pose_[m[K’?
   76 |     set_group(pca_backleft_,   [01;31m[Kbackleft_pose[m[K);
      |                                [01;31m[K^~~~~~~~~~~~~[m[K
      |                                [32m[Kbackleft_pose_[m[K
[01m[K/home/spider/ws/src/spider_driver/src/spider_driver/ControllerNode.cpp:[m[K In member function ‘[01m[Kvoid controller::ControllerNode::frontleft(spider_msgs::msg::SpiderLeg_<std::allocator<void> >::SharedPtr)[m[K’:
[01m[K/home/spider/ws/src/spider_driver/src/spider_driver/ControllerNode.cpp:96:65:[m[K [01;31m[Kerror: [m[Kexpected ‘[01m[K;[m[K’ before ‘[01m[K}[m[K’ token
   96 |         set_pose(frontleft_pose_, msg->hip, msg->leg, msg->foot)
      |                                                                 [01;31m[K^[m[K
      |                                                                 [32m[K;[m[K
   97 |         //print("SMOOTH MOVEMENT");
   98 |     [32m[K}[m[K
      |     [32m[K~[m[K                                                            
[01m[K/home/spider/ws/src/spider_driver/src/spider_driver/ControllerNode.cpp:[m[K In member function ‘[01m[Kvoid controller::ControllerNode::frontright(spider_msgs::msg::SpiderLeg_<std::allocator<void> >::SharedPtr)[m[K’:
[01m[K/home/spider/ws/src/spider_driver/src/spider_driver/ControllerNode.cpp:106:66:[m[K [01;31m[Kerror: [m[Kexpected ‘[01m[K;[m[K’ before ‘[01m[K}[m[K’ token
  106 |         set_pose(frontright_pose_, msg->hip, msg->leg, msg->foot)
      |                                                                  [01;31m[K^[m[K
      |                                                                  [32m[K;[m[K
  107 |         //print("SMOOTH MOVEMENT");
  108 |     [32m[K}[m[K
      |     [32m[K~[m[K                                                             
[01m[K/home/spider/ws/src/spider_driver/src/spider_driver/ControllerNode.cpp:[m[K In member function ‘[01m[Kvoid controller::ControllerNode::backright(spider_msgs::msg::SpiderLeg_<std::allocator<void> >::SharedPtr)[m[K’:
[01m[K/home/spider/ws/src/spider_driver/src/spider_driver/ControllerNode.cpp:116:65:[m[K [01;31m[Kerror: [m[Kexpected ‘[01m[K;[m[K’ before ‘[01m[K}[m[K’ token
  116 |         set_pose(backright_pose_, msg->hip, msg->leg, msg->foot)
      |                                                                 [01;31m[K^[m[K
      |                                                                 [32m[K;[m[K
  117 |         //print("SMOOTH MOVEMENT");
  118 |     [32m[K}[m[K
      |     [32m[K~[m[K                                                            
[01m[K/home/spider/ws/src/spider_driver/src/spider_driver/ControllerNode.cpp:[m[K In member function ‘[01m[Kvoid controller::ControllerNode::backleft(spider_msgs::msg::SpiderLeg_<std::allocator<void> >::SharedPtr)[m[K’:
[01m[K/home/spider/ws/src/spider_driver/src/spider_driver/ControllerNode.cpp:126:64:[m[K [01;31m[Kerror: [m[Kexpected ‘[01m[K;[m[K’ before ‘[01m[K}[m[K’ token
  126 |         set_pose(backleft_pose_, msg->hip, msg->leg, msg->foot)
      |                                                                [01;31m[K^[m[K
      |                                                                [32m[K;[m[K
  127 |         //print("SMOOTH MOVEMENT");
  128 |     [32m[K}[m[K
      |     [32m[K~[m[K                                                           
[01m[K/home/spider/ws/src/spider_driver/src/spider_driver/ControllerNode.cpp:[m[K At global scope:
[01m[K/home/spider/ws/src/spider_driver/src/spider_driver/ControllerNode.cpp:140:6:[m[K [01;31m[Kerror: [m[Kno declaration matches ‘[01m[Kvoid controller::ControllerNode::move_servo(const int*, int*, spider_msgs::msg::SpiderLeg_<std::allocator<void> >::SharedPtr)[m[K’
  140 | void [01;31m[KControllerNode[m[K::move_servo(const int channels[3], int poses[3], const spider_msgs::msg::SpiderLeg::SharedPtr msg)
      |      [01;31m[K^~~~~~~~~~~~~~[m[K
In file included from [01m[K/home/spider/ws/src/spider_driver/src/spider_driver/ControllerNode.cpp:1[m[K:
[01m[K/home/spider/ws/src/spider_driver/include/spider_driver/ControllerNode.hpp:46:10:[m[K [01;36m[Knote: [m[Kcandidate is: ‘[01m[Kvoid controller::ControllerNode::move_servo(const int*, double*, spider_msgs::msg::SpiderLeg_<std::allocator<void> >::SharedPtr)[m[K’
   46 |     void [01;36m[Kmove_servo[m[K(const int channels[3], double poses[3], const spider_msgs::msg::SpiderLeg::SharedPtr msg);
      |          [01;36m[K^~~~~~~~~~[m[K
[01m[K/home/spider/ws/src/spider_driver/include/spider_driver/ControllerNode.hpp:14:7:[m[K [01;36m[Knote: [m[K‘[01m[Kclass controller::ControllerNode[m[K’ defined here
   14 | class [01;36m[KControllerNode[m[K : public rclcpp::Node
      |       [01;36m[K^~~~~~~~~~~~~~[m[K
gmake[2]: *** [CMakeFiles/spider_driver.dir/build.make:76: CMakeFiles/spider_driver.dir/src/spider_driver/ControllerNode.cpp.o] Error 1
gmake[1]: *** [CMakeFiles/Makefile2:139: CMakeFiles/spider_driver.dir/all] Error 2
gmake: *** [Makefile:146: all] Error 2
