[0.189s] Invoking command in '/home/spider/ws/build/spider_msgs': CMAKE_PREFIX_PATH=${CMAKE_PREFIX_PATH}:/home/spider/ws/install/spider_control:/opt/ros/humble /usr/bin/cmake --build /home/spider/ws/build/spider_msgs -- -j4 -l4
[1.094s] -- Found ament_cmake: 1.3.12 (/opt/ros/humble/share/ament_cmake/cmake)
[2.647s] -- Override CMake install command with custom implementation using symlinks instead of copying resources
[2.816s] -- Found std_msgs: 4.9.0 (/opt/ros/humble/share/std_msgs/cmake)
[3.275s] -- Found rosidl_generator_c: 3.1.7 (/opt/ros/humble/share/rosidl_generator_c/cmake)
[3.312s] -- Found rosidl_adapter: 3.1.7 (/opt/ros/humble/share/rosidl_adapter/cmake)
[3.402s] -- Found rosidl_generator_cpp: 3.1.7 (/opt/ros/humble/share/rosidl_generator_cpp/cmake)
[3.540s] -- Using all available rosidl_typesupport_c: rosidl_typesupport_fastrtps_c;rosidl_typesupport_introspection_c
[3.712s] -- Using all available rosidl_typesupport_cpp: rosidl_typesupport_fastrtps_cpp;rosidl_typesupport_introspection_cpp
[4.031s] -- Found rosidl_default_generators: 1.2.0 (/opt/ros/humble/share/rosidl_default_generators/cmake)
[7.349s] -- Found ament_cmake_ros: 0.10.0 (/opt/ros/humble/share/ament_cmake_ros/cmake)
[11.518s] -- Using all available rosidl_typesupport_c: rosidl_typesupport_fastrtps_c;rosidl_typesupport_introspection_c
[13.154s] -- Using all available rosidl_typesupport_cpp: rosidl_typesupport_fastrtps_cpp;rosidl_typesupport_introspection_cpp
[13.423s] -- Found python_cmake_module: 0.10.0 (/opt/ros/humble/share/python_cmake_module/cmake)
[13.713s] -- Using PYTHON_EXECUTABLE: /usr/bin/python3
[13.714s] -- Using PYTHON_INCLUDE_DIRS: /usr/include/python3.10
[13.715s] -- Using PYTHON_LIBRARIES: /usr/lib/aarch64-linux-gnu/libpython3.10.so
[14.048s] -- Found ament_lint_auto: 0.12.14 (/opt/ros/humble/share/ament_lint_auto/cmake)
[14.284s] -- Added test 'lint_cmake' to check CMake code style
[14.309s] -- Added test 'xmllint' to check XML markup files
[14.385s] -- Configuring done
[15.146s] -- Generating done
[15.321s] -- Build files have been written to: /home/spider/ws/build/spider_msgs
[15.630s] [  2%] [34m[1mGenerating C code for ROS interfaces[0m
[15.764s] [  5%] [34m[1mGenerating C++ code for ROS interfaces[0m
[15.852s] [  5%] Built target ament_cmake_python_symlink_spider_msgs
[20.363s] running egg_info
[20.373s] writing spider_msgs.egg-info/PKG-INFO
[20.378s] writing dependency_links to spider_msgs.egg-info/dependency_links.txt
[20.385s] writing top-level names to spider_msgs.egg-info/top_level.txt
[20.422s] reading manifest file 'spider_msgs.egg-info/SOURCES.txt'
[20.433s] writing manifest file 'spider_msgs.egg-info/SOURCES.txt'
[20.918s] [  5%] Built target ament_cmake_python_build_spider_msgs_egg
[21.455s] [  5%] Built target spider_msgs__cpp
[21.597s] [  7%] [34m[1mGenerating C++ type support for eProsima Fast-RTPS[0m
[21.603s] [ 10%] [34m[1mGenerating C++ type support dispatch for ROS interfaces[0m
[21.662s] [ 12%] [34m[1mGenerating C++ introspection for ROS interfaces[0m
[21.667s] [35m[1mConsolidate compiler generated dependencies of target spider_msgs__rosidl_generator_c[0m
[21.913s] [ 15%] [32mBuilding C object CMakeFiles/spider_msgs__rosidl_generator_c.dir/rosidl_generator_c/spider_msgs/msg/detail/spider_leg__functions.c.o[0m
[23.988s] [ 17%] [32mBuilding C object CMakeFiles/spider_msgs__rosidl_generator_c.dir/rosidl_generator_c/spider_msgs/srv/detail/servo_calibrate__functions.c.o[0m
[24.778s] [ 20%] [32m[1mLinking C shared library libspider_msgs__rosidl_generator_c.so[0m
[25.538s] [35m[1mConsolidate compiler generated dependencies of target spider_msgs__rosidl_typesupport_cpp[0m
[25.582s] [ 20%] Built target spider_msgs__rosidl_generator_c
[25.734s] [ 23%] [34m[1mGenerating C type support for eProsima Fast-RTPS[0m
[25.838s] [ 25%] [32mBuilding CXX object CMakeFiles/spider_msgs__rosidl_typesupport_cpp.dir/rosidl_typesupport_cpp/spider_msgs/msg/spider_leg__type_support.cpp.o[0m
[26.730s] [35m[1mConsolidate compiler generated dependencies of target spider_msgs__rosidl_typesupport_introspection_cpp[0m
[26.955s] [ 28%] [32mBuilding CXX object CMakeFiles/spider_msgs__rosidl_typesupport_introspection_cpp.dir/rosidl_typesupport_introspection_cpp/spider_msgs/msg/detail/spider_leg__type_support.cpp.o[0m
[27.011s] [35m[1mConsolidate compiler generated dependencies of target spider_msgs__rosidl_typesupport_fastrtps_cpp[0m
[27.277s] [ 30%] [32mBuilding CXX object CMakeFiles/spider_msgs__rosidl_typesupport_fastrtps_cpp.dir/rosidl_typesupport_fastrtps_cpp/spider_msgs/msg/detail/dds_fastrtps/spider_leg__type_support.cpp.o[0m
[30.869s] [ 33%] [32mBuilding CXX object CMakeFiles/spider_msgs__rosidl_typesupport_cpp.dir/rosidl_typesupport_cpp/spider_msgs/srv/servo_calibrate__type_support.cpp.o[0m
[31.846s] [35m[1mConsolidate compiler generated dependencies of target spider_msgs__rosidl_typesupport_fastrtps_c[0m
[32.170s] [ 35%] [32mBuilding CXX object CMakeFiles/spider_msgs__rosidl_typesupport_fastrtps_c.dir/rosidl_typesupport_fastrtps_c/spider_msgs/msg/detail/spider_leg__type_support_c.cpp.o[0m
[33.270s] [ 38%] [32mBuilding CXX object CMakeFiles/spider_msgs__rosidl_typesupport_introspection_cpp.dir/rosidl_typesupport_introspection_cpp/spider_msgs/srv/detail/servo_calibrate__type_support.cpp.o[0m
[33.752s] [ 41%] [32mBuilding CXX object CMakeFiles/spider_msgs__rosidl_typesupport_fastrtps_cpp.dir/rosidl_typesupport_fastrtps_cpp/spider_msgs/srv/detail/dds_fastrtps/servo_calibrate__type_support.cpp.o[0m
[35.191s] [ 43%] [32m[1mLinking CXX shared library libspider_msgs__rosidl_typesupport_cpp.so[0m
[35.982s] [ 43%] Built target spider_msgs__rosidl_typesupport_cpp
[36.222s] [ 46%] [34m[1mGenerating C introspection for ROS interfaces[0m
[38.040s] [ 48%] [32mBuilding CXX object CMakeFiles/spider_msgs__rosidl_typesupport_fastrtps_c.dir/rosidl_typesupport_fastrtps_c/spider_msgs/srv/detail/servo_calibrate__type_support_c.cpp.o[0m
[40.396s] [ 51%] [32m[1mLinking CXX shared library libspider_msgs__rosidl_typesupport_introspection_cpp.so[0m
[40.626s] [ 53%] [32m[1mLinking CXX shared library libspider_msgs__rosidl_typesupport_fastrtps_cpp.so[0m
[41.425s] [ 53%] Built target spider_msgs__rosidl_typesupport_introspection_cpp
[41.637s] [ 56%] [34m[1mGenerating C type support dispatch for ROS interfaces[0m
[41.984s] [ 56%] Built target spider_msgs__rosidl_typesupport_fastrtps_cpp
[42.348s] [35m[1mConsolidate compiler generated dependencies of target spider_msgs__rosidl_typesupport_introspection_c[0m
[42.525s] [ 58%] [32mBuilding C object CMakeFiles/spider_msgs__rosidl_typesupport_introspection_c.dir/rosidl_typesupport_introspection_c/spider_msgs/srv/detail/servo_calibrate__type_support.c.o[0m
[42.563s] [ 61%] [32mBuilding C object CMakeFiles/spider_msgs__rosidl_typesupport_introspection_c.dir/rosidl_typesupport_introspection_c/spider_msgs/msg/detail/spider_leg__type_support.c.o[0m
[43.192s] [ 64%] [32m[1mLinking C shared library libspider_msgs__rosidl_typesupport_introspection_c.so[0m
[43.657s] [ 64%] Built target spider_msgs__rosidl_typesupport_introspection_c
[43.891s] [ 66%] [32m[1mLinking CXX shared library libspider_msgs__rosidl_typesupport_fastrtps_c.so[0m
[44.701s] [ 66%] Built target spider_msgs__rosidl_typesupport_fastrtps_c
[45.446s] [35m[1mConsolidate compiler generated dependencies of target spider_msgs__rosidl_typesupport_c[0m
[45.575s] [ 69%] [32mBuilding CXX object CMakeFiles/spider_msgs__rosidl_typesupport_c.dir/rosidl_typesupport_c/spider_msgs/msg/spider_leg__type_support.cpp.o[0m
[45.583s] [ 71%] [32mBuilding CXX object CMakeFiles/spider_msgs__rosidl_typesupport_c.dir/rosidl_typesupport_c/spider_msgs/srv/servo_calibrate__type_support.cpp.o[0m
[45.971s] [ 74%] [32m[1mLinking CXX shared library libspider_msgs__rosidl_typesupport_c.so[0m
[46.391s] [ 74%] Built target spider_msgs__rosidl_typesupport_c
[46.615s] [ 74%] Built target spider_msgs
[46.842s] [ 76%] [34m[1mGenerating Python code for ROS interfaces[0m
[52.496s] [ 76%] Built target spider_msgs__py
[52.612s] [35m[1mConsolidate compiler generated dependencies of target spider_msgs__rosidl_generator_py[0m
[52.820s] [ 79%] [32mBuilding C object CMakeFiles/spider_msgs__rosidl_generator_py.dir/rosidl_generator_py/spider_msgs/msg/_spider_leg_s.c.o[0m
[52.828s] [ 82%] [32mBuilding C object CMakeFiles/spider_msgs__rosidl_generator_py.dir/rosidl_generator_py/spider_msgs/srv/_servo_calibrate_s.c.o[0m
[54.316s] [ 84%] [32m[1mLinking C shared library rosidl_generator_py/spider_msgs/libspider_msgs__rosidl_generator_py.so[0m
[54.808s] [ 84%] Built target spider_msgs__rosidl_generator_py
[54.928s] [35m[1mConsolidate compiler generated dependencies of target spider_msgs__rosidl_typesupport_fastrtps_c__pyext[0m
[54.935s] [35m[1mConsolidate compiler generated dependencies of target spider_msgs__rosidl_typesupport_introspection_c__pyext[0m
[54.943s] [35m[1mConsolidate compiler generated dependencies of target spider_msgs__rosidl_typesupport_c__pyext[0m
[55.102s] [ 87%] [32mBuilding C object CMakeFiles/spider_msgs__rosidl_typesupport_fastrtps_c__pyext.dir/rosidl_generator_py/spider_msgs/_spider_msgs_s.ep.rosidl_typesupport_fastrtps_c.c.o[0m
[55.115s] [ 89%] [32mBuilding C object CMakeFiles/spider_msgs__rosidl_typesupport_c__pyext.dir/rosidl_generator_py/spider_msgs/_spider_msgs_s.ep.rosidl_typesupport_c.c.o[0m
[55.136s] [ 92%] [32mBuilding C object CMakeFiles/spider_msgs__rosidl_typesupport_introspection_c__pyext.dir/rosidl_generator_py/spider_msgs/_spider_msgs_s.ep.rosidl_typesupport_introspection_c.c.o[0m
[56.611s] [ 94%] [32m[1mLinking C shared library rosidl_generator_py/spider_msgs/spider_msgs_s__rosidl_typesupport_fastrtps_c.cpython-310-aarch64-linux-gnu.so[0m
[56.717s] [ 97%] [32m[1mLinking C shared library rosidl_generator_py/spider_msgs/spider_msgs_s__rosidl_typesupport_c.cpython-310-aarch64-linux-gnu.so[0m
[56.783s] [100%] [32m[1mLinking C shared library rosidl_generator_py/spider_msgs/spider_msgs_s__rosidl_typesupport_introspection_c.cpython-310-aarch64-linux-gnu.so[0m
[57.231s] [100%] Built target spider_msgs__rosidl_typesupport_fastrtps_c__pyext
[57.340s] [100%] Built target spider_msgs__rosidl_typesupport_c__pyext
[57.405s] [100%] Built target spider_msgs__rosidl_typesupport_introspection_c__pyext
[57.516s] Invoked command in '/home/spider/ws/build/spider_msgs' returned '0': CMAKE_PREFIX_PATH=${CMAKE_PREFIX_PATH}:/home/spider/ws/install/spider_control:/opt/ros/humble /usr/bin/cmake --build /home/spider/ws/build/spider_msgs -- -j4 -l4
[57.619s] Invoking command in '/home/spider/ws/build/spider_msgs': CMAKE_PREFIX_PATH=${CMAKE_PREFIX_PATH}:/home/spider/ws/install/spider_control:/opt/ros/humble /usr/bin/cmake --install /home/spider/ws/build/spider_msgs
[57.707s] -- Install configuration: ""
[57.713s] -- Execute custom install script
[57.720s] -- Up-to-date symlink: /home/spider/ws/install/spider_msgs/share/ament_index/resource_index/rosidl_interfaces/spider_msgs
[57.741s] -- Up-to-date symlink: /home/spider/ws/install/spider_msgs/include/spider_msgs/spider_msgs/msg/detail/spider_leg__functions.h
[57.745s] -- Up-to-date symlink: /home/spider/ws/install/spider_msgs/include/spider_msgs/spider_msgs/msg/detail/spider_leg__struct.h
[57.749s] -- Up-to-date symlink: /home/spider/ws/install/spider_msgs/include/spider_msgs/spider_msgs/msg/detail/spider_leg__type_support.h
[57.753s] -- Up-to-date symlink: /home/spider/ws/install/spider_msgs/include/spider_msgs/spider_msgs/msg/rosidl_generator_c__visibility_control.h
[57.756s] -- Up-to-date symlink: /home/spider/ws/install/spider_msgs/include/spider_msgs/spider_msgs/msg/spider_leg.h
[57.761s] -- Up-to-date symlink: /home/spider/ws/install/spider_msgs/include/spider_msgs/spider_msgs/srv/detail/servo_calibrate__functions.h
[57.765s] -- Up-to-date symlink: /home/spider/ws/install/spider_msgs/include/spider_msgs/spider_msgs/srv/detail/servo_calibrate__struct.h
[57.769s] -- Up-to-date symlink: /home/spider/ws/install/spider_msgs/include/spider_msgs/spider_msgs/srv/detail/servo_calibrate__type_support.h
[57.772s] -- Up-to-date symlink: /home/spider/ws/install/spider_msgs/include/spider_msgs/spider_msgs/srv/servo_calibrate.h
[57.780s] -- Up-to-date symlink: /home/spider/ws/install/spider_msgs/share/spider_msgs/environment/library_path.sh
[57.784s] -- Up-to-date symlink: /home/spider/ws/install/spider_msgs/share/spider_msgs/environment/library_path.dsv
[57.800s] -- Up-to-date symlink: /home/spider/ws/install/spider_msgs/include/spider_msgs/spider_msgs/msg/detail/spider_leg__rosidl_typesupport_fastrtps_c.h
[57.804s] -- Up-to-date symlink: /home/spider/ws/install/spider_msgs/include/spider_msgs/spider_msgs/msg/rosidl_typesupport_fastrtps_c__visibility_control.h
[57.808s] -- Up-to-date symlink: /home/spider/ws/install/spider_msgs/include/spider_msgs/spider_msgs/srv/detail/servo_calibrate__rosidl_typesupport_fastrtps_c.h
[57.826s] -- Up-to-date symlink: /home/spider/ws/install/spider_msgs/include/spider_msgs/spider_msgs/msg/detail/spider_leg__builder.hpp
[57.830s] -- Up-to-date symlink: /home/spider/ws/install/spider_msgs/include/spider_msgs/spider_msgs/msg/detail/spider_leg__struct.hpp
[57.834s] -- Up-to-date symlink: /home/spider/ws/install/spider_msgs/include/spider_msgs/spider_msgs/msg/detail/spider_leg__traits.hpp
[57.840s] -- Up-to-date symlink: /home/spider/ws/install/spider_msgs/include/spider_msgs/spider_msgs/msg/detail/spider_leg__type_support.hpp
[57.842s] -- Up-to-date symlink: /home/spider/ws/install/spider_msgs/include/spider_msgs/spider_msgs/msg/rosidl_generator_cpp__visibility_control.hpp
[57.846s] -- Up-to-date symlink: /home/spider/ws/install/spider_msgs/include/spider_msgs/spider_msgs/msg/spider_leg.hpp
[57.849s] -- Up-to-date symlink: /home/spider/ws/install/spider_msgs/include/spider_msgs/spider_msgs/srv/detail/servo_calibrate__builder.hpp
[57.853s] -- Up-to-date symlink: /home/spider/ws/install/spider_msgs/include/spider_msgs/spider_msgs/srv/detail/servo_calibrate__struct.hpp
[57.856s] -- Up-to-date symlink: /home/spider/ws/install/spider_msgs/include/spider_msgs/spider_msgs/srv/detail/servo_calibrate__traits.hpp
[57.860s] -- Up-to-date symlink: /home/spider/ws/install/spider_msgs/include/spider_msgs/spider_msgs/srv/detail/servo_calibrate__type_support.hpp
[57.863s] -- Up-to-date symlink: /home/spider/ws/install/spider_msgs/include/spider_msgs/spider_msgs/srv/servo_calibrate.hpp
[57.874s] -- Up-to-date symlink: /home/spider/ws/install/spider_msgs/include/spider_msgs/spider_msgs/msg/detail/spider_leg__rosidl_typesupport_fastrtps_cpp.hpp
[57.877s] -- Up-to-date symlink: /home/spider/ws/install/spider_msgs/include/spider_msgs/spider_msgs/msg/rosidl_typesupport_fastrtps_cpp__visibility_control.h
[57.881s] -- Up-to-date symlink: /home/spider/ws/install/spider_msgs/include/spider_msgs/spider_msgs/srv/detail/servo_calibrate__rosidl_typesupport_fastrtps_cpp.hpp
[57.889s] -- Up-to-date symlink: /home/spider/ws/install/spider_msgs/include/spider_msgs/spider_msgs/msg/detail/spider_leg__rosidl_typesupport_introspection_c.h
[57.892s] -- Up-to-date symlink: /home/spider/ws/install/spider_msgs/include/spider_msgs/spider_msgs/msg/rosidl_typesupport_introspection_c__visibility_control.h
[57.895s] -- Up-to-date symlink: /home/spider/ws/install/spider_msgs/include/spider_msgs/spider_msgs/srv/detail/servo_calibrate__rosidl_typesupport_introspection_c.h
[57.902s] -- Up-to-date symlink: /home/spider/ws/install/spider_msgs/include/spider_msgs/spider_msgs/msg/detail/spider_leg__rosidl_typesupport_introspection_cpp.hpp
[57.905s] -- Up-to-date symlink: /home/spider/ws/install/spider_msgs/include/spider_msgs/spider_msgs/srv/detail/servo_calibrate__rosidl_typesupport_introspection_cpp.hpp
[57.909s] -- Up-to-date symlink: /home/spider/ws/install/spider_msgs/share/spider_msgs/environment/pythonpath.sh
[57.912s] -- Up-to-date symlink: /home/spider/ws/install/spider_msgs/share/spider_msgs/environment/pythonpath.dsv
[57.917s] -- Up-to-date symlink: /home/spider/ws/install/spider_msgs/local/lib/python3.10/dist-packages/spider_msgs-0.0.0-py3.10.egg-info/PKG-INFO
[57.921s] -- Up-to-date symlink: /home/spider/ws/install/spider_msgs/local/lib/python3.10/dist-packages/spider_msgs-0.0.0-py3.10.egg-info/SOURCES.txt
[57.924s] -- Up-to-date symlink: /home/spider/ws/install/spider_msgs/local/lib/python3.10/dist-packages/spider_msgs-0.0.0-py3.10.egg-info/dependency_links.txt
[57.927s] -- Up-to-date symlink: /home/spider/ws/install/spider_msgs/local/lib/python3.10/dist-packages/spider_msgs-0.0.0-py3.10.egg-info/top_level.txt
[57.942s] -- Up-to-date symlink: /home/spider/ws/install/spider_msgs/local/lib/python3.10/dist-packages/spider_msgs/__init__.py
[57.946s] -- Up-to-date symlink: /home/spider/ws/install/spider_msgs/local/lib/python3.10/dist-packages/spider_msgs/_spider_msgs_s.ep.rosidl_typesupport_c.c
[57.949s] -- Up-to-date symlink: /home/spider/ws/install/spider_msgs/local/lib/python3.10/dist-packages/spider_msgs/_spider_msgs_s.ep.rosidl_typesupport_fastrtps_c.c
[57.952s] -- Up-to-date symlink: /home/spider/ws/install/spider_msgs/local/lib/python3.10/dist-packages/spider_msgs/_spider_msgs_s.ep.rosidl_typesupport_introspection_c.c
[57.955s] -- Up-to-date symlink: /home/spider/ws/install/spider_msgs/local/lib/python3.10/dist-packages/spider_msgs/libspider_msgs__rosidl_generator_py.so
[57.959s] -- Up-to-date symlink: /home/spider/ws/install/spider_msgs/local/lib/python3.10/dist-packages/spider_msgs/msg/__init__.py
[57.962s] -- Up-to-date symlink: /home/spider/ws/install/spider_msgs/local/lib/python3.10/dist-packages/spider_msgs/msg/_spider_leg.py
[57.966s] -- Up-to-date symlink: /home/spider/ws/install/spider_msgs/local/lib/python3.10/dist-packages/spider_msgs/msg/_spider_leg_s.c
[57.971s] -- Up-to-date symlink: /home/spider/ws/install/spider_msgs/local/lib/python3.10/dist-packages/spider_msgs/spider_msgs_s__rosidl_typesupport_c.cpython-310-aarch64-linux-gnu.so
[57.973s] -- Up-to-date symlink: /home/spider/ws/install/spider_msgs/local/lib/python3.10/dist-packages/spider_msgs/spider_msgs_s__rosidl_typesupport_fastrtps_c.cpython-310-aarch64-linux-gnu.so
[57.977s] -- Up-to-date symlink: /home/spider/ws/install/spider_msgs/local/lib/python3.10/dist-packages/spider_msgs/spider_msgs_s__rosidl_typesupport_introspection_c.cpython-310-aarch64-linux-gnu.so
[57.981s] -- Up-to-date symlink: /home/spider/ws/install/spider_msgs/local/lib/python3.10/dist-packages/spider_msgs/srv/__init__.py
[57.984s] -- Up-to-date symlink: /home/spider/ws/install/spider_msgs/local/lib/python3.10/dist-packages/spider_msgs/srv/_servo_calibrate.py
[57.987s] -- Up-to-date symlink: /home/spider/ws/install/spider_msgs/local/lib/python3.10/dist-packages/spider_msgs/srv/_servo_calibrate_s.c
[57.991s] -- Up-to-date symlink: /home/spider/ws/install/spider_msgs/local/lib/python3.10/dist-packages/spider_msgs/spider_msgs_s__rosidl_typesupport_fastrtps_c.cpython-310-aarch64-linux-gnu.so
[57.995s] -- Up-to-date symlink: /home/spider/ws/install/spider_msgs/local/lib/python3.10/dist-packages/spider_msgs/spider_msgs_s__rosidl_typesupport_introspection_c.cpython-310-aarch64-linux-gnu.so
[57.998s] -- Up-to-date symlink: /home/spider/ws/install/spider_msgs/local/lib/python3.10/dist-packages/spider_msgs/spider_msgs_s__rosidl_typesupport_c.cpython-310-aarch64-linux-gnu.so
[58.003s] -- Up-to-date symlink: /home/spider/ws/install/spider_msgs/share/spider_msgs/msg/SpiderLeg.idl
[58.007s] -- Up-to-date symlink: /home/spider/ws/install/spider_msgs/share/spider_msgs/srv/ServoCalibrate.idl
[58.009s] -- Up-to-date symlink: /home/spider/ws/install/spider_msgs/share/spider_msgs/msg/SpiderLeg.msg
[58.011s] -- Up-to-date symlink: /home/spider/ws/install/spider_msgs/share/spider_msgs/srv/ServoCalibrate.srv
[58.015s] -- Up-to-date symlink: /home/spider/ws/install/spider_msgs/share/spider_msgs/srv/ServoCalibrate_Request.msg
[58.018s] -- Up-to-date symlink: /home/spider/ws/install/spider_msgs/share/spider_msgs/srv/ServoCalibrate_Response.msg
[58.022s] -- Up-to-date symlink: /home/spider/ws/install/spider_msgs/share/ament_index/resource_index/package_run_dependencies/spider_msgs
[58.027s] -- Up-to-date symlink: /home/spider/ws/install/spider_msgs/share/ament_index/resource_index/parent_prefix_path/spider_msgs
[58.033s] -- Up-to-date symlink: /home/spider/ws/install/spider_msgs/share/spider_msgs/environment/ament_prefix_path.sh
[58.036s] -- Up-to-date symlink: /home/spider/ws/install/spider_msgs/share/spider_msgs/environment/ament_prefix_path.dsv
[58.040s] -- Up-to-date symlink: /home/spider/ws/install/spider_msgs/share/spider_msgs/environment/path.sh
[58.043s] -- Up-to-date symlink: /home/spider/ws/install/spider_msgs/share/spider_msgs/environment/path.dsv
[58.048s] -- Up-to-date symlink: /home/spider/ws/install/spider_msgs/share/spider_msgs/local_setup.bash
[58.051s] -- Up-to-date symlink: /home/spider/ws/install/spider_msgs/share/spider_msgs/local_setup.sh
[58.054s] -- Up-to-date symlink: /home/spider/ws/install/spider_msgs/share/spider_msgs/local_setup.zsh
[58.058s] -- Up-to-date symlink: /home/spider/ws/install/spider_msgs/share/spider_msgs/local_setup.dsv
[58.060s] -- Symlinking: /home/spider/ws/install/spider_msgs/share/spider_msgs/package.dsv
[58.142s] -- Up-to-date symlink: /home/spider/ws/install/spider_msgs/share/ament_index/resource_index/packages/spider_msgs
[58.147s] -- Up-to-date symlink: /home/spider/ws/install/spider_msgs/share/spider_msgs/cmake/rosidl_cmake-extras.cmake
[58.151s] -- Up-to-date symlink: /home/spider/ws/install/spider_msgs/share/spider_msgs/cmake/ament_cmake_export_dependencies-extras.cmake
[58.154s] -- Up-to-date symlink: /home/spider/ws/install/spider_msgs/share/spider_msgs/cmake/ament_cmake_export_include_directories-extras.cmake
[58.158s] -- Up-to-date symlink: /home/spider/ws/install/spider_msgs/share/spider_msgs/cmake/ament_cmake_export_libraries-extras.cmake
[58.161s] -- Up-to-date symlink: /home/spider/ws/install/spider_msgs/share/spider_msgs/cmake/ament_cmake_export_targets-extras.cmake
[58.165s] -- Up-to-date symlink: /home/spider/ws/install/spider_msgs/share/spider_msgs/cmake/rosidl_cmake_export_typesupport_targets-extras.cmake
[58.168s] -- Up-to-date symlink: /home/spider/ws/install/spider_msgs/share/spider_msgs/cmake/rosidl_cmake_export_typesupport_libraries-extras.cmake
[58.173s] -- Up-to-date symlink: /home/spider/ws/install/spider_msgs/share/spider_msgs/cmake/spider_msgsConfig.cmake
[58.175s] -- Up-to-date symlink: /home/spider/ws/install/spider_msgs/share/spider_msgs/cmake/spider_msgsConfig-version.cmake
[58.177s] -- Up-to-date symlink: /home/spider/ws/install/spider_msgs/share/spider_msgs/package.xml
[58.184s] -- Installing: /home/spider/ws/install/spider_msgs/lib/libspider_msgs__rosidl_generator_c.so
[58.193s] -- Set runtime path of "/home/spider/ws/install/spider_msgs/lib/libspider_msgs__rosidl_generator_c.so" to ""
[58.198s] -- Installing: /home/spider/ws/install/spider_msgs/lib/libspider_msgs__rosidl_typesupport_fastrtps_c.so
[58.205s] -- Set runtime path of "/home/spider/ws/install/spider_msgs/lib/libspider_msgs__rosidl_typesupport_fastrtps_c.so" to ""
[58.211s] -- Installing: /home/spider/ws/install/spider_msgs/lib/libspider_msgs__rosidl_typesupport_fastrtps_cpp.so
[58.218s] -- Set runtime path of "/home/spider/ws/install/spider_msgs/lib/libspider_msgs__rosidl_typesupport_fastrtps_cpp.so" to ""
[58.224s] -- Installing: /home/spider/ws/install/spider_msgs/lib/libspider_msgs__rosidl_typesupport_introspection_c.so
[58.231s] -- Set runtime path of "/home/spider/ws/install/spider_msgs/lib/libspider_msgs__rosidl_typesupport_introspection_c.so" to ""
[58.235s] -- Installing: /home/spider/ws/install/spider_msgs/lib/libspider_msgs__rosidl_typesupport_c.so
[58.241s] -- Set runtime path of "/home/spider/ws/install/spider_msgs/lib/libspider_msgs__rosidl_typesupport_c.so" to ""
[58.248s] -- Installing: /home/spider/ws/install/spider_msgs/lib/libspider_msgs__rosidl_typesupport_introspection_cpp.so
[58.255s] -- Set runtime path of "/home/spider/ws/install/spider_msgs/lib/libspider_msgs__rosidl_typesupport_introspection_cpp.so" to ""
[58.260s] -- Installing: /home/spider/ws/install/spider_msgs/lib/libspider_msgs__rosidl_typesupport_cpp.so
[58.267s] -- Set runtime path of "/home/spider/ws/install/spider_msgs/lib/libspider_msgs__rosidl_typesupport_cpp.so" to ""
[58.700s] Listing '/home/spider/ws/install/spider_msgs/local/lib/python3.10/dist-packages/spider_msgs'...
[58.701s] Compiling '/home/spider/ws/install/spider_msgs/local/lib/python3.10/dist-packages/spider_msgs/__init__.py'...
[58.702s] Listing '/home/spider/ws/install/spider_msgs/local/lib/python3.10/dist-packages/spider_msgs/msg'...
[58.704s] Compiling '/home/spider/ws/install/spider_msgs/local/lib/python3.10/dist-packages/spider_msgs/msg/__init__.py'...
[58.705s] Compiling '/home/spider/ws/install/spider_msgs/local/lib/python3.10/dist-packages/spider_msgs/msg/_spider_leg.py'...
[58.706s] Listing '/home/spider/ws/install/spider_msgs/local/lib/python3.10/dist-packages/spider_msgs/srv'...
[58.707s] Compiling '/home/spider/ws/install/spider_msgs/local/lib/python3.10/dist-packages/spider_msgs/srv/__init__.py'...
[58.708s] Compiling '/home/spider/ws/install/spider_msgs/local/lib/python3.10/dist-packages/spider_msgs/srv/_servo_calibrate.py'...
[58.770s] -- Installing: /home/spider/ws/install/spider_msgs/lib/libspider_msgs__rosidl_generator_py.so
[58.777s] -- Set runtime path of "/home/spider/ws/install/spider_msgs/lib/libspider_msgs__rosidl_generator_py.so" to ""
[58.780s] -- Up-to-date: /home/spider/ws/install/spider_msgs/share/spider_msgs/cmake/export_spider_msgs__rosidl_generator_cExport.cmake
[58.782s] -- Up-to-date: /home/spider/ws/install/spider_msgs/share/spider_msgs/cmake/export_spider_msgs__rosidl_generator_cExport-noconfig.cmake
[58.785s] -- Up-to-date: /home/spider/ws/install/spider_msgs/share/spider_msgs/cmake/export_spider_msgs__rosidl_typesupport_fastrtps_cExport.cmake
[58.787s] -- Up-to-date: /home/spider/ws/install/spider_msgs/share/spider_msgs/cmake/export_spider_msgs__rosidl_typesupport_fastrtps_cExport-noconfig.cmake
[58.789s] -- Up-to-date: /home/spider/ws/install/spider_msgs/share/spider_msgs/cmake/export_spider_msgs__rosidl_generator_cppExport.cmake
[58.794s] -- Up-to-date: /home/spider/ws/install/spider_msgs/share/spider_msgs/cmake/export_spider_msgs__rosidl_typesupport_fastrtps_cppExport.cmake
[58.795s] -- Up-to-date: /home/spider/ws/install/spider_msgs/share/spider_msgs/cmake/export_spider_msgs__rosidl_typesupport_fastrtps_cppExport-noconfig.cmake
[58.797s] -- Up-to-date: /home/spider/ws/install/spider_msgs/share/spider_msgs/cmake/spider_msgs__rosidl_typesupport_introspection_cExport.cmake
[58.798s] -- Up-to-date: /home/spider/ws/install/spider_msgs/share/spider_msgs/cmake/spider_msgs__rosidl_typesupport_introspection_cExport-noconfig.cmake
[58.802s] -- Up-to-date: /home/spider/ws/install/spider_msgs/share/spider_msgs/cmake/spider_msgs__rosidl_typesupport_cExport.cmake
[58.803s] -- Up-to-date: /home/spider/ws/install/spider_msgs/share/spider_msgs/cmake/spider_msgs__rosidl_typesupport_cExport-noconfig.cmake
[58.806s] -- Up-to-date: /home/spider/ws/install/spider_msgs/share/spider_msgs/cmake/spider_msgs__rosidl_typesupport_introspection_cppExport.cmake
[58.807s] -- Up-to-date: /home/spider/ws/install/spider_msgs/share/spider_msgs/cmake/spider_msgs__rosidl_typesupport_introspection_cppExport-noconfig.cmake
[58.812s] -- Up-to-date: /home/spider/ws/install/spider_msgs/share/spider_msgs/cmake/spider_msgs__rosidl_typesupport_cppExport.cmake
[58.814s] -- Up-to-date: /home/spider/ws/install/spider_msgs/share/spider_msgs/cmake/spider_msgs__rosidl_typesupport_cppExport-noconfig.cmake
[58.816s] -- Up-to-date: /home/spider/ws/install/spider_msgs/share/spider_msgs/cmake/export_spider_msgs__rosidl_generator_pyExport.cmake
[58.817s] -- Up-to-date: /home/spider/ws/install/spider_msgs/share/spider_msgs/cmake/export_spider_msgs__rosidl_generator_pyExport-noconfig.cmake
[58.834s] Invoked command in '/home/spider/ws/build/spider_msgs' returned '0': CMAKE_PREFIX_PATH=${CMAKE_PREFIX_PATH}:/home/spider/ws/install/spider_control:/opt/ros/humble /usr/bin/cmake --install /home/spider/ws/build/spider_msgs
