[1.150s] DEBUG:colcon:Command line arguments: ['/usr/bin/colcon', 'build', '--symlink-install', '--parallel-workers', '1', '--packages-select', 'spider_control']
[1.151s] DEBUG:colcon:Parsed command line arguments: Namespace(log_base=None, log_level=None, verb_name='build', build_base='build', install_base='install', merge_install=False, symlink_install=True, test_result_base=None, continue_on_error=False, executor='parallel', parallel_workers=1, event_handlers=None, ignore_user_meta=False, metas=['./colcon.meta'], base_paths=['.'], packages_ignore=None, packages_ignore_regex=None, paths=None, packages_up_to=None, packages_up_to_regex=None, packages_above=None, packages_above_and_dependencies=None, packages_above_depth=None, packages_select_by_dep=None, packages_skip_by_dep=None, packages_skip_up_to=None, packages_select_build_failed=False, packages_skip_build_finished=False, packages_select_test_failures=False, packages_skip_test_passed=False, packages_select=['spider_control'], packages_skip=None, packages_select_regex=None, packages_skip_regex=None, packages_start=None, packages_end=None, allow_overriding=[], cmake_args=None, cmake_target=None, cmake_target_skip_unavailable=False, cmake_clean_cache=False, cmake_clean_first=False, cmake_force_configure=False, ament_cmake_args=None, catkin_cmake_args=None, catkin_skip_building_tests=False, verb_parser=<colcon_defaults.argument_parser.defaults.DefaultArgumentsDecorator object at 0xffffa4558820>, verb_extension=<colcon_core.verb.build.BuildVerb object at 0xffffa46e5c90>, main=<bound method BuildVerb.main of <colcon_core.verb.build.BuildVerb object at 0xffffa46e5c90>>)
[3.273s] Level 1:colcon.colcon_core.package_discovery:discover_packages(colcon_meta) check parameters
[3.274s] Level 1:colcon.colcon_core.package_discovery:discover_packages(recursive) check parameters
[3.275s] Level 1:colcon.colcon_core.package_discovery:discover_packages(ignore) check parameters
[3.275s] Level 1:colcon.colcon_core.package_discovery:discover_packages(path) check parameters
[3.275s] Level 1:colcon.colcon_core.package_discovery:discover_packages(colcon_meta) discover
[3.276s] Level 1:colcon.colcon_core.package_discovery:discover_packages(recursive) discover
[3.277s] INFO:colcon.colcon_core.package_discovery:Crawling recursively for packages in '/home/spider/ws'
[3.278s] Level 1:colcon.colcon_core.package_identification:_identify(.) by extensions ['ignore', 'ignore_ament_install']
[3.279s] Level 1:colcon.colcon_core.package_identification:_identify(.) by extension 'ignore'
[3.279s] Level 1:colcon.colcon_core.package_identification:_identify(.) by extension 'ignore_ament_install'
[3.280s] Level 1:colcon.colcon_core.package_identification:_identify(.) by extensions ['colcon_pkg']
[3.281s] Level 1:colcon.colcon_core.package_identification:_identify(.) by extension 'colcon_pkg'
[3.281s] Level 1:colcon.colcon_core.package_identification:_identify(.) by extensions ['colcon_meta']
[3.282s] Level 1:colcon.colcon_core.package_identification:_identify(.) by extension 'colcon_meta'
[3.282s] Level 1:colcon.colcon_core.package_identification:_identify(.) by extensions ['ros']
[3.283s] Level 1:colcon.colcon_core.package_identification:_identify(.) by extension 'ros'
[3.398s] Level 1:colcon.colcon_core.package_identification:_identify(.) by extensions ['cmake', 'python']
[3.399s] Level 1:colcon.colcon_core.package_identification:_identify(.) by extension 'cmake'
[3.400s] Level 1:colcon.colcon_core.package_identification:_identify(.) by extension 'python'
[3.400s] Level 1:colcon.colcon_core.package_identification:_identify(.) by extensions ['python_setup_py']
[3.401s] Level 1:colcon.colcon_core.package_identification:_identify(.) by extension 'python_setup_py'
[3.402s] Level 1:colcon.colcon_core.package_identification:_identify(build) by extensions ['ignore', 'ignore_ament_install']
[3.403s] Level 1:colcon.colcon_core.package_identification:_identify(build) by extension 'ignore'
[3.404s] Level 1:colcon.colcon_core.package_identification:_identify(build) ignored
[3.406s] Level 1:colcon.colcon_core.package_identification:_identify(install) by extensions ['ignore', 'ignore_ament_install']
[3.407s] Level 1:colcon.colcon_core.package_identification:_identify(install) by extension 'ignore'
[3.407s] Level 1:colcon.colcon_core.package_identification:_identify(install) ignored
[3.409s] Level 1:colcon.colcon_core.package_identification:_identify(log) by extensions ['ignore', 'ignore_ament_install']
[3.410s] Level 1:colcon.colcon_core.package_identification:_identify(log) by extension 'ignore'
[3.411s] Level 1:colcon.colcon_core.package_identification:_identify(log) ignored
[3.412s] Level 1:colcon.colcon_core.package_identification:_identify(src) by extensions ['ignore', 'ignore_ament_install']
[3.413s] Level 1:colcon.colcon_core.package_identification:_identify(src) by extension 'ignore'
[3.414s] Level 1:colcon.colcon_core.package_identification:_identify(src) by extension 'ignore_ament_install'
[3.414s] Level 1:colcon.colcon_core.package_identification:_identify(src) by extensions ['colcon_pkg']
[3.415s] Level 1:colcon.colcon_core.package_identification:_identify(src) by extension 'colcon_pkg'
[3.415s] Level 1:colcon.colcon_core.package_identification:_identify(src) by extensions ['colcon_meta']
[3.416s] Level 1:colcon.colcon_core.package_identification:_identify(src) by extension 'colcon_meta'
[3.416s] Level 1:colcon.colcon_core.package_identification:_identify(src) by extensions ['ros']
[3.417s] Level 1:colcon.colcon_core.package_identification:_identify(src) by extension 'ros'
[3.418s] Level 1:colcon.colcon_core.package_identification:_identify(src) by extensions ['cmake', 'python']
[3.418s] Level 1:colcon.colcon_core.package_identification:_identify(src) by extension 'cmake'
[3.419s] Level 1:colcon.colcon_core.package_identification:_identify(src) by extension 'python'
[3.419s] Level 1:colcon.colcon_core.package_identification:_identify(src) by extensions ['python_setup_py']
[3.420s] Level 1:colcon.colcon_core.package_identification:_identify(src) by extension 'python_setup_py'
[3.422s] Level 1:colcon.colcon_core.package_identification:_identify(src/i2c_pwm_board) by extensions ['ignore', 'ignore_ament_install']
[3.423s] Level 1:colcon.colcon_core.package_identification:_identify(src/i2c_pwm_board) by extension 'ignore'
[3.423s] Level 1:colcon.colcon_core.package_identification:_identify(src/i2c_pwm_board) by extension 'ignore_ament_install'
[3.424s] Level 1:colcon.colcon_core.package_identification:_identify(src/i2c_pwm_board) by extensions ['colcon_pkg']
[3.424s] Level 1:colcon.colcon_core.package_identification:_identify(src/i2c_pwm_board) by extension 'colcon_pkg'
[3.425s] Level 1:colcon.colcon_core.package_identification:_identify(src/i2c_pwm_board) by extensions ['colcon_meta']
[3.426s] Level 1:colcon.colcon_core.package_identification:_identify(src/i2c_pwm_board) by extension 'colcon_meta'
[3.426s] Level 1:colcon.colcon_core.package_identification:_identify(src/i2c_pwm_board) by extensions ['ros']
[3.427s] Level 1:colcon.colcon_core.package_identification:_identify(src/i2c_pwm_board) by extension 'ros'
[3.428s] Level 1:colcon.colcon_core.package_identification:_identify(src/i2c_pwm_board) by extensions ['cmake', 'python']
[3.428s] Level 1:colcon.colcon_core.package_identification:_identify(src/i2c_pwm_board) by extension 'cmake'
[3.429s] Level 1:colcon.colcon_core.package_identification:_identify(src/i2c_pwm_board) by extension 'python'
[3.429s] Level 1:colcon.colcon_core.package_identification:_identify(src/i2c_pwm_board) by extensions ['python_setup_py']
[3.430s] Level 1:colcon.colcon_core.package_identification:_identify(src/i2c_pwm_board) by extension 'python_setup_py'
[3.431s] Level 1:colcon.colcon_core.package_identification:_identify(src/i2c_pwm_board/docs) by extensions ['ignore', 'ignore_ament_install']
[3.432s] Level 1:colcon.colcon_core.package_identification:_identify(src/i2c_pwm_board/docs) by extension 'ignore'
[3.433s] Level 1:colcon.colcon_core.package_identification:_identify(src/i2c_pwm_board/docs) by extension 'ignore_ament_install'
[3.434s] Level 1:colcon.colcon_core.package_identification:_identify(src/i2c_pwm_board/docs) by extensions ['colcon_pkg']
[3.434s] Level 1:colcon.colcon_core.package_identification:_identify(src/i2c_pwm_board/docs) by extension 'colcon_pkg'
[3.435s] Level 1:colcon.colcon_core.package_identification:_identify(src/i2c_pwm_board/docs) by extensions ['colcon_meta']
[3.435s] Level 1:colcon.colcon_core.package_identification:_identify(src/i2c_pwm_board/docs) by extension 'colcon_meta'
[3.436s] Level 1:colcon.colcon_core.package_identification:_identify(src/i2c_pwm_board/docs) by extensions ['ros']
[3.436s] Level 1:colcon.colcon_core.package_identification:_identify(src/i2c_pwm_board/docs) by extension 'ros'
[3.437s] Level 1:colcon.colcon_core.package_identification:_identify(src/i2c_pwm_board/docs) by extensions ['cmake', 'python']
[3.438s] Level 1:colcon.colcon_core.package_identification:_identify(src/i2c_pwm_board/docs) by extension 'cmake'
[3.439s] Level 1:colcon.colcon_core.package_identification:_identify(src/i2c_pwm_board/docs) by extension 'python'
[3.439s] Level 1:colcon.colcon_core.package_identification:_identify(src/i2c_pwm_board/docs) by extensions ['python_setup_py']
[3.440s] Level 1:colcon.colcon_core.package_identification:_identify(src/i2c_pwm_board/docs) by extension 'python_setup_py'
[3.441s] Level 1:colcon.colcon_core.package_identification:_identify(src/i2c_pwm_board/docs/images) by extensions ['ignore', 'ignore_ament_install']
[3.442s] Level 1:colcon.colcon_core.package_identification:_identify(src/i2c_pwm_board/docs/images) by extension 'ignore'
[3.443s] Level 1:colcon.colcon_core.package_identification:_identify(src/i2c_pwm_board/docs/images) by extension 'ignore_ament_install'
[3.444s] Level 1:colcon.colcon_core.package_identification:_identify(src/i2c_pwm_board/docs/images) by extensions ['colcon_pkg']
[3.444s] Level 1:colcon.colcon_core.package_identification:_identify(src/i2c_pwm_board/docs/images) by extension 'colcon_pkg'
[3.445s] Level 1:colcon.colcon_core.package_identification:_identify(src/i2c_pwm_board/docs/images) by extensions ['colcon_meta']
[3.446s] Level 1:colcon.colcon_core.package_identification:_identify(src/i2c_pwm_board/docs/images) by extension 'colcon_meta'
[3.446s] Level 1:colcon.colcon_core.package_identification:_identify(src/i2c_pwm_board/docs/images) by extensions ['ros']
[3.447s] Level 1:colcon.colcon_core.package_identification:_identify(src/i2c_pwm_board/docs/images) by extension 'ros'
[3.448s] Level 1:colcon.colcon_core.package_identification:_identify(src/i2c_pwm_board/docs/images) by extensions ['cmake', 'python']
[3.448s] Level 1:colcon.colcon_core.package_identification:_identify(src/i2c_pwm_board/docs/images) by extension 'cmake'
[3.449s] Level 1:colcon.colcon_core.package_identification:_identify(src/i2c_pwm_board/docs/images) by extension 'python'
[3.449s] Level 1:colcon.colcon_core.package_identification:_identify(src/i2c_pwm_board/docs/images) by extensions ['python_setup_py']
[3.450s] Level 1:colcon.colcon_core.package_identification:_identify(src/i2c_pwm_board/docs/images) by extension 'python_setup_py'
[3.451s] Level 1:colcon.colcon_core.package_identification:_identify(src/i2c_pwm_board/i2c_pwm_board) by extensions ['ignore', 'ignore_ament_install']
[3.453s] Level 1:colcon.colcon_core.package_identification:_identify(src/i2c_pwm_board/i2c_pwm_board) by extension 'ignore'
[3.453s] Level 1:colcon.colcon_core.package_identification:_identify(src/i2c_pwm_board/i2c_pwm_board) by extension 'ignore_ament_install'
[3.454s] Level 1:colcon.colcon_core.package_identification:_identify(src/i2c_pwm_board/i2c_pwm_board) by extensions ['colcon_pkg']
[3.455s] Level 1:colcon.colcon_core.package_identification:_identify(src/i2c_pwm_board/i2c_pwm_board) by extension 'colcon_pkg'
[3.455s] Level 1:colcon.colcon_core.package_identification:_identify(src/i2c_pwm_board/i2c_pwm_board) by extensions ['colcon_meta']
[3.456s] Level 1:colcon.colcon_core.package_identification:_identify(src/i2c_pwm_board/i2c_pwm_board) by extension 'colcon_meta'
[3.456s] Level 1:colcon.colcon_core.package_identification:_identify(src/i2c_pwm_board/i2c_pwm_board) by extensions ['ros']
[3.457s] Level 1:colcon.colcon_core.package_identification:_identify(src/i2c_pwm_board/i2c_pwm_board) by extension 'ros'
[3.482s] DEBUG:colcon.colcon_core.package_identification:Package 'src/i2c_pwm_board/i2c_pwm_board' with type 'ros.ament_cmake' and name 'i2c_pwm_board'
[3.483s] Level 1:colcon.colcon_core.package_identification:_identify(src/i2c_pwm_board/i2c_pwm_board_calibration) by extensions ['ignore', 'ignore_ament_install']
[3.484s] Level 1:colcon.colcon_core.package_identification:_identify(src/i2c_pwm_board/i2c_pwm_board_calibration) by extension 'ignore'
[3.485s] Level 1:colcon.colcon_core.package_identification:_identify(src/i2c_pwm_board/i2c_pwm_board_calibration) by extension 'ignore_ament_install'
[3.486s] Level 1:colcon.colcon_core.package_identification:_identify(src/i2c_pwm_board/i2c_pwm_board_calibration) by extensions ['colcon_pkg']
[3.486s] Level 1:colcon.colcon_core.package_identification:_identify(src/i2c_pwm_board/i2c_pwm_board_calibration) by extension 'colcon_pkg'
[3.487s] Level 1:colcon.colcon_core.package_identification:_identify(src/i2c_pwm_board/i2c_pwm_board_calibration) by extensions ['colcon_meta']
[3.487s] Level 1:colcon.colcon_core.package_identification:_identify(src/i2c_pwm_board/i2c_pwm_board_calibration) by extension 'colcon_meta'
[3.488s] Level 1:colcon.colcon_core.package_identification:_identify(src/i2c_pwm_board/i2c_pwm_board_calibration) by extensions ['ros']
[3.488s] Level 1:colcon.colcon_core.package_identification:_identify(src/i2c_pwm_board/i2c_pwm_board_calibration) by extension 'ros'
[3.494s] DEBUG:colcon.colcon_core.package_identification:Package 'src/i2c_pwm_board/i2c_pwm_board_calibration' with type 'ros.ament_cmake' and name 'i2c_pwm_board_calibration'
[3.496s] Level 1:colcon.colcon_core.package_identification:_identify(src/i2c_pwm_board/i2c_pwm_board_msgs) by extensions ['ignore', 'ignore_ament_install']
[3.497s] Level 1:colcon.colcon_core.package_identification:_identify(src/i2c_pwm_board/i2c_pwm_board_msgs) by extension 'ignore'
[3.497s] Level 1:colcon.colcon_core.package_identification:_identify(src/i2c_pwm_board/i2c_pwm_board_msgs) by extension 'ignore_ament_install'
[3.498s] Level 1:colcon.colcon_core.package_identification:_identify(src/i2c_pwm_board/i2c_pwm_board_msgs) by extensions ['colcon_pkg']
[3.499s] Level 1:colcon.colcon_core.package_identification:_identify(src/i2c_pwm_board/i2c_pwm_board_msgs) by extension 'colcon_pkg'
[3.499s] Level 1:colcon.colcon_core.package_identification:_identify(src/i2c_pwm_board/i2c_pwm_board_msgs) by extensions ['colcon_meta']
[3.500s] Level 1:colcon.colcon_core.package_identification:_identify(src/i2c_pwm_board/i2c_pwm_board_msgs) by extension 'colcon_meta'
[3.500s] Level 1:colcon.colcon_core.package_identification:_identify(src/i2c_pwm_board/i2c_pwm_board_msgs) by extensions ['ros']
[3.501s] Level 1:colcon.colcon_core.package_identification:_identify(src/i2c_pwm_board/i2c_pwm_board_msgs) by extension 'ros'
[3.506s] DEBUG:colcon.colcon_core.package_identification:Package 'src/i2c_pwm_board/i2c_pwm_board_msgs' with type 'ros.ament_cmake' and name 'i2c_pwm_board_msgs'
[3.508s] Level 1:colcon.colcon_core.package_identification:_identify(src/i2c_pwm_board/i2c_pwm_board_xmlrp) by extensions ['ignore', 'ignore_ament_install']
[3.509s] Level 1:colcon.colcon_core.package_identification:_identify(src/i2c_pwm_board/i2c_pwm_board_xmlrp) by extension 'ignore'
[3.510s] Level 1:colcon.colcon_core.package_identification:_identify(src/i2c_pwm_board/i2c_pwm_board_xmlrp) by extension 'ignore_ament_install'
[3.511s] Level 1:colcon.colcon_core.package_identification:_identify(src/i2c_pwm_board/i2c_pwm_board_xmlrp) by extensions ['colcon_pkg']
[3.512s] Level 1:colcon.colcon_core.package_identification:_identify(src/i2c_pwm_board/i2c_pwm_board_xmlrp) by extension 'colcon_pkg'
[3.512s] Level 1:colcon.colcon_core.package_identification:_identify(src/i2c_pwm_board/i2c_pwm_board_xmlrp) by extensions ['colcon_meta']
[3.513s] Level 1:colcon.colcon_core.package_identification:_identify(src/i2c_pwm_board/i2c_pwm_board_xmlrp) by extension 'colcon_meta'
[3.513s] Level 1:colcon.colcon_core.package_identification:_identify(src/i2c_pwm_board/i2c_pwm_board_xmlrp) by extensions ['ros']
[3.514s] Level 1:colcon.colcon_core.package_identification:_identify(src/i2c_pwm_board/i2c_pwm_board_xmlrp) by extension 'ros'
[3.519s] DEBUG:colcon.colcon_core.package_identification:Package 'src/i2c_pwm_board/i2c_pwm_board_xmlrp' with type 'ros.ament_cmake' and name 'i2c_pwm_board_xmlrp'
[3.521s] Level 1:colcon.colcon_core.package_identification:_identify(src/i2c_pwm_board/xmlrpcpp) by extensions ['ignore', 'ignore_ament_install']
[3.522s] Level 1:colcon.colcon_core.package_identification:_identify(src/i2c_pwm_board/xmlrpcpp) by extension 'ignore'
[3.522s] Level 1:colcon.colcon_core.package_identification:_identify(src/i2c_pwm_board/xmlrpcpp) by extension 'ignore_ament_install'
[3.523s] Level 1:colcon.colcon_core.package_identification:_identify(src/i2c_pwm_board/xmlrpcpp) by extensions ['colcon_pkg']
[3.523s] Level 1:colcon.colcon_core.package_identification:_identify(src/i2c_pwm_board/xmlrpcpp) by extension 'colcon_pkg'
[3.524s] Level 1:colcon.colcon_core.package_identification:_identify(src/i2c_pwm_board/xmlrpcpp) by extensions ['colcon_meta']
[3.524s] Level 1:colcon.colcon_core.package_identification:_identify(src/i2c_pwm_board/xmlrpcpp) by extension 'colcon_meta'
[3.525s] Level 1:colcon.colcon_core.package_identification:_identify(src/i2c_pwm_board/xmlrpcpp) by extensions ['ros']
[3.526s] Level 1:colcon.colcon_core.package_identification:_identify(src/i2c_pwm_board/xmlrpcpp) by extension 'ros'
[3.531s] DEBUG:colcon.colcon_core.package_identification:Package 'src/i2c_pwm_board/xmlrpcpp' with type 'ros.ament_cmake' and name 'xmlrpcpp'
[3.532s] Level 1:colcon.colcon_core.package_identification:_identify(src/spider_control) by extensions ['ignore', 'ignore_ament_install']
[3.533s] Level 1:colcon.colcon_core.package_identification:_identify(src/spider_control) by extension 'ignore'
[3.534s] Level 1:colcon.colcon_core.package_identification:_identify(src/spider_control) by extension 'ignore_ament_install'
[3.535s] Level 1:colcon.colcon_core.package_identification:_identify(src/spider_control) by extensions ['colcon_pkg']
[3.535s] Level 1:colcon.colcon_core.package_identification:_identify(src/spider_control) by extension 'colcon_pkg'
[3.536s] Level 1:colcon.colcon_core.package_identification:_identify(src/spider_control) by extensions ['colcon_meta']
[3.536s] Level 1:colcon.colcon_core.package_identification:_identify(src/spider_control) by extension 'colcon_meta'
[3.537s] Level 1:colcon.colcon_core.package_identification:_identify(src/spider_control) by extensions ['ros']
[3.538s] Level 1:colcon.colcon_core.package_identification:_identify(src/spider_control) by extension 'ros'
[3.544s] DEBUG:colcon.colcon_core.package_identification:Package 'src/spider_control' with type 'ros.ament_python' and name 'spider_control'
[3.545s] Level 1:colcon.colcon_core.package_identification:_identify(src/spider_driver) by extensions ['ignore', 'ignore_ament_install']
[3.546s] Level 1:colcon.colcon_core.package_identification:_identify(src/spider_driver) by extension 'ignore'
[3.547s] Level 1:colcon.colcon_core.package_identification:_identify(src/spider_driver) by extension 'ignore_ament_install'
[3.549s] Level 1:colcon.colcon_core.package_identification:_identify(src/spider_driver) by extensions ['colcon_pkg']
[3.549s] Level 1:colcon.colcon_core.package_identification:_identify(src/spider_driver) by extension 'colcon_pkg'
[3.550s] Level 1:colcon.colcon_core.package_identification:_identify(src/spider_driver) by extensions ['colcon_meta']
[3.551s] Level 1:colcon.colcon_core.package_identification:_identify(src/spider_driver) by extension 'colcon_meta'
[3.552s] Level 1:colcon.colcon_core.package_identification:_identify(src/spider_driver) by extensions ['ros']
[3.553s] Level 1:colcon.colcon_core.package_identification:_identify(src/spider_driver) by extension 'ros'
[3.561s] DEBUG:colcon.colcon_core.package_identification:Package 'src/spider_driver' with type 'ros.ament_cmake' and name 'spider_driver'
[3.562s] Level 1:colcon.colcon_core.package_identification:_identify(src/spider_msgs) by extensions ['ignore', 'ignore_ament_install']
[3.564s] Level 1:colcon.colcon_core.package_identification:_identify(src/spider_msgs) by extension 'ignore'
[3.565s] Level 1:colcon.colcon_core.package_identification:_identify(src/spider_msgs) by extension 'ignore_ament_install'
[3.566s] Level 1:colcon.colcon_core.package_identification:_identify(src/spider_msgs) by extensions ['colcon_pkg']
[3.566s] Level 1:colcon.colcon_core.package_identification:_identify(src/spider_msgs) by extension 'colcon_pkg'
[3.567s] Level 1:colcon.colcon_core.package_identification:_identify(src/spider_msgs) by extensions ['colcon_meta']
[3.568s] Level 1:colcon.colcon_core.package_identification:_identify(src/spider_msgs) by extension 'colcon_meta'
[3.569s] Level 1:colcon.colcon_core.package_identification:_identify(src/spider_msgs) by extensions ['ros']
[3.570s] Level 1:colcon.colcon_core.package_identification:_identify(src/spider_msgs) by extension 'ros'
[3.576s] DEBUG:colcon.colcon_core.package_identification:Package 'src/spider_msgs' with type 'ros.ament_cmake' and name 'spider_msgs'
[3.577s] Level 1:colcon.colcon_core.package_discovery:discover_packages(recursive) using defaults
[3.578s] Level 1:colcon.colcon_core.package_discovery:discover_packages(ignore) discover
[3.579s] Level 1:colcon.colcon_core.package_discovery:discover_packages(ignore) using defaults
[3.580s] Level 1:colcon.colcon_core.package_discovery:discover_packages(path) discover
[3.580s] Level 1:colcon.colcon_core.package_discovery:discover_packages(path) using defaults
[3.888s] INFO:colcon.colcon_core.package_selection:Skipping not selected package 'i2c_pwm_board_msgs' in 'src/i2c_pwm_board/i2c_pwm_board_msgs'
[3.889s] INFO:colcon.colcon_core.package_selection:Skipping not selected package 'spider_msgs' in 'src/spider_msgs'
[3.889s] INFO:colcon.colcon_core.package_selection:Skipping not selected package 'xmlrpcpp' in 'src/i2c_pwm_board/xmlrpcpp'
[3.890s] INFO:colcon.colcon_core.package_selection:Skipping not selected package 'i2c_pwm_board_calibration' in 'src/i2c_pwm_board/i2c_pwm_board_calibration'
[3.890s] INFO:colcon.colcon_core.package_selection:Skipping not selected package 'i2c_pwm_board_xmlrp' in 'src/i2c_pwm_board/i2c_pwm_board_xmlrp'
[3.890s] INFO:colcon.colcon_core.package_selection:Skipping not selected package 'spider_driver' in 'src/spider_driver'
[3.890s] INFO:colcon.colcon_core.package_selection:Skipping not selected package 'i2c_pwm_board' in 'src/i2c_pwm_board/i2c_pwm_board'
[3.895s] Level 1:colcon.colcon_core.package_discovery:discover_packages(prefix_path) check parameters
[3.895s] Level 1:colcon.colcon_core.package_discovery:discover_packages(prefix_path) discover
[3.921s] DEBUG:colcon.colcon_installed_package_information.package_discovery:Found 8 installed packages in /home/spider/ws/install
[3.942s] DEBUG:colcon.colcon_installed_package_information.package_discovery:Found 279 installed packages in /opt/ros/humble
[3.958s] Level 1:colcon.colcon_core.package_discovery:discover_packages(prefix_path) using defaults
[4.420s] Level 5:colcon.colcon_core.verb:set package 'spider_control' build argument 'cmake_args' from command line to 'None'
[4.421s] Level 5:colcon.colcon_core.verb:set package 'spider_control' build argument 'cmake_target' from command line to 'None'
[4.421s] Level 5:colcon.colcon_core.verb:set package 'spider_control' build argument 'cmake_target_skip_unavailable' from command line to 'False'
[4.422s] Level 5:colcon.colcon_core.verb:set package 'spider_control' build argument 'cmake_clean_cache' from command line to 'False'
[4.422s] Level 5:colcon.colcon_core.verb:set package 'spider_control' build argument 'cmake_clean_first' from command line to 'False'
[4.422s] Level 5:colcon.colcon_core.verb:set package 'spider_control' build argument 'cmake_force_configure' from command line to 'False'
[4.423s] Level 5:colcon.colcon_core.verb:set package 'spider_control' build argument 'ament_cmake_args' from command line to 'None'
[4.423s] Level 5:colcon.colcon_core.verb:set package 'spider_control' build argument 'catkin_cmake_args' from command line to 'None'
[4.423s] Level 5:colcon.colcon_core.verb:set package 'spider_control' build argument 'catkin_skip_building_tests' from command line to 'False'
[4.424s] DEBUG:colcon.colcon_core.verb:Building package 'spider_control' with the following arguments: {'ament_cmake_args': None, 'build_base': '/home/spider/ws/build/spider_control', 'catkin_cmake_args': None, 'catkin_skip_building_tests': False, 'cmake_args': None, 'cmake_clean_cache': False, 'cmake_clean_first': False, 'cmake_force_configure': False, 'cmake_target': None, 'cmake_target_skip_unavailable': False, 'install_base': '/home/spider/ws/install/spider_control', 'merge_install': False, 'path': '/home/spider/ws/src/spider_control', 'symlink_install': True, 'test_result_base': None}
[4.425s] INFO:colcon.colcon_core.executor:Executing jobs using 'parallel' executor
[4.434s] DEBUG:colcon.colcon_parallel_executor.executor.parallel:run_until_complete
[4.436s] INFO:colcon.colcon_ros.task.ament_python.build:Building ROS package in '/home/spider/ws/src/spider_control' with build type 'ament_python'
[4.438s] Level 1:colcon.colcon_core.shell:create_environment_hook('spider_control', 'ament_prefix_path')
[4.464s] INFO:colcon.colcon_core.plugin_system:Skipping extension 'colcon_core.shell.bat': Not used on non-Windows systems
[4.466s] INFO:colcon.colcon_core.shell:Creating environment hook '/home/spider/ws/install/spider_control/share/spider_control/hook/ament_prefix_path.ps1'
[4.472s] INFO:colcon.colcon_core.shell:Creating environment descriptor '/home/spider/ws/install/spider_control/share/spider_control/hook/ament_prefix_path.dsv'
[4.478s] INFO:colcon.colcon_core.shell:Creating environment hook '/home/spider/ws/install/spider_control/share/spider_control/hook/ament_prefix_path.sh'
[4.486s] INFO:colcon.colcon_core.shell:Skip shell extension 'powershell' for command environment: Not usable outside of PowerShell
[4.487s] DEBUG:colcon.colcon_core.shell:Skip shell extension 'dsv' for command environment
[7.664s] INFO:colcon.colcon_core.task.python.build:Building Python package in '/home/spider/ws/src/spider_control'
[7.667s] INFO:colcon.colcon_core.shell:Skip shell extension 'powershell' for command environment: Not usable outside of PowerShell
[7.668s] DEBUG:colcon.colcon_core.shell:Skip shell extension 'dsv' for command environment
[11.936s] DEBUG:colcon.colcon_core.event_handler.log_command:Invoking command in '/home/spider/ws/build/spider_control': PYTHONPATH=/home/spider/ws/build/spider_control/prefix_override:/usr/lib/python3/dist-packages/colcon_core/task/python/colcon_distutils_commands:/home/spider/ws/install/spider_control/lib/python3.10/site-packages:${PYTHONPATH} /usr/bin/python3 -W ignore:setup.py install is deprecated -W ignore:easy_install command is deprecated setup.py develop --editable --build-directory /home/spider/ws/build/spider_control/build --no-deps symlink_data
[17.664s] Level 1:colcon.colcon_core.shell:create_environment_hook('spider_control', 'pythonpath_develop')
[17.667s] INFO:colcon.colcon_core.shell:Creating environment hook '/home/spider/ws/build/spider_control/share/spider_control/hook/pythonpath_develop.ps1'
[17.670s] DEBUG:colcon.colcon_core.event_handler.log_command:Invoked command in '/home/spider/ws/build/spider_control' returned '0': PYTHONPATH=/home/spider/ws/build/spider_control/prefix_override:/usr/lib/python3/dist-packages/colcon_core/task/python/colcon_distutils_commands:/home/spider/ws/install/spider_control/lib/python3.10/site-packages:${PYTHONPATH} /usr/bin/python3 -W ignore:setup.py install is deprecated -W ignore:easy_install command is deprecated setup.py develop --editable --build-directory /home/spider/ws/build/spider_control/build --no-deps symlink_data
[17.675s] INFO:colcon.colcon_core.shell:Creating environment descriptor '/home/spider/ws/build/spider_control/share/spider_control/hook/pythonpath_develop.dsv'
[17.680s] INFO:colcon.colcon_core.shell:Creating environment hook '/home/spider/ws/build/spider_control/share/spider_control/hook/pythonpath_develop.sh'
[17.709s] Level 1:colcon.colcon_core.environment:checking '/home/spider/ws/install/spider_control' for CMake module files
[17.714s] Level 1:colcon.colcon_core.environment:checking '/home/spider/ws/install/spider_control' for CMake config files
[17.721s] Level 1:colcon.colcon_core.environment:checking '/home/spider/ws/install/spider_control/lib'
[17.723s] Level 1:colcon.colcon_core.environment:checking '/home/spider/ws/install/spider_control/bin'
[17.724s] Level 1:colcon.colcon_core.environment:checking '/home/spider/ws/install/spider_control/lib/pkgconfig/spider_control.pc'
[17.726s] Level 1:colcon.colcon_core.environment:checking '/home/spider/ws/install/spider_control/lib/python3.10/site-packages'
[17.727s] Level 1:colcon.colcon_core.shell:create_environment_hook('spider_control', 'pythonpath')
[17.729s] INFO:colcon.colcon_core.shell:Creating environment hook '/home/spider/ws/install/spider_control/share/spider_control/hook/pythonpath.ps1'
[17.734s] INFO:colcon.colcon_core.shell:Creating environment descriptor '/home/spider/ws/install/spider_control/share/spider_control/hook/pythonpath.dsv'
[17.739s] INFO:colcon.colcon_core.shell:Creating environment hook '/home/spider/ws/install/spider_control/share/spider_control/hook/pythonpath.sh'
[17.748s] Level 1:colcon.colcon_core.environment:checking '/home/spider/ws/install/spider_control/bin'
[17.749s] Level 1:colcon.colcon_core.environment:create_environment_scripts_only(spider_control)
[17.753s] INFO:colcon.colcon_core.shell:Creating package script '/home/spider/ws/install/spider_control/share/spider_control/package.ps1'
[17.762s] INFO:colcon.colcon_core.shell:Creating package descriptor '/home/spider/ws/install/spider_control/share/spider_control/package.dsv'
[17.769s] INFO:colcon.colcon_core.shell:Creating package script '/home/spider/ws/install/spider_control/share/spider_control/package.sh'
[17.777s] INFO:colcon.colcon_core.shell:Creating package script '/home/spider/ws/install/spider_control/share/spider_control/package.bash'
[17.785s] INFO:colcon.colcon_core.shell:Creating package script '/home/spider/ws/install/spider_control/share/spider_control/package.zsh'
[17.794s] Level 1:colcon.colcon_core.environment:create_file_with_runtime_dependencies(/home/spider/ws/install/spider_control/share/colcon-core/packages/spider_control)
[17.796s] DEBUG:colcon.colcon_parallel_executor.executor.parallel:closing loop
[17.799s] DEBUG:colcon.colcon_parallel_executor.executor.parallel:loop closed
[17.800s] DEBUG:colcon.colcon_parallel_executor.executor.parallel:run_until_complete finished with '0'
[17.801s] DEBUG:colcon.colcon_core.event_reactor:joining thread
[17.853s] INFO:colcon.colcon_core.plugin_system:Skipping extension 'colcon_notification.desktop_notification.notify_send': Could not find 'notify-send'
[17.854s] INFO:colcon.colcon_core.plugin_system:Skipping extension 'colcon_notification.desktop_notification.terminal_notifier': Not used on non-Darwin systems
[17.854s] INFO:colcon.colcon_core.plugin_system:Skipping extension 'colcon_notification.desktop_notification.win32': Not used on non-Windows systems
[17.855s] INFO:colcon.colcon_notification.desktop_notification:Sending desktop notification using 'notify2'
[17.861s] DEBUG:colcon.colcon_notification.desktop_notification.notify2:Failed to initialize notify2: org.freedesktop.DBus.Error.ServiceUnknown: The name org.freedesktop.Notifications was not provided by any .service files
[17.862s] DEBUG:colcon.colcon_core.event_reactor:joined thread
[17.864s] INFO:colcon.colcon_core.shell:Creating prefix script '/home/spider/ws/install/local_setup.ps1'
[17.875s] INFO:colcon.colcon_core.shell:Creating prefix util module '/home/spider/ws/install/_local_setup_util_ps1.py'
[17.890s] INFO:colcon.colcon_core.shell:Creating prefix chain script '/home/spider/ws/install/setup.ps1'
[17.906s] INFO:colcon.colcon_core.shell:Creating prefix script '/home/spider/ws/install/local_setup.sh'
[17.912s] INFO:colcon.colcon_core.shell:Creating prefix util module '/home/spider/ws/install/_local_setup_util_sh.py'
[17.919s] INFO:colcon.colcon_core.shell:Creating prefix chain script '/home/spider/ws/install/setup.sh'
[17.935s] INFO:colcon.colcon_core.shell:Creating prefix script '/home/spider/ws/install/local_setup.bash'
[17.940s] INFO:colcon.colcon_core.shell:Creating prefix chain script '/home/spider/ws/install/setup.bash'
[17.955s] INFO:colcon.colcon_core.shell:Creating prefix script '/home/spider/ws/install/local_setup.zsh'
[17.962s] INFO:colcon.colcon_core.shell:Creating prefix chain script '/home/spider/ws/install/setup.zsh'
