[0.152s] Invoking command in '/home/spider/ws/build/spider_driver': CMAKE_PREFIX_PATH=/home/spider/ws/install/spider_msgs:/home/spider/ws/install/i2c_pwm_board:/home/spider/ws/install/i2c_pwm_board_xmlrp:/home/spider/ws/install/xmlrpcpp:/home/spider/ws/install/spider_driver:/home/spider/ws/install/i2c_pwm_board_calibration:/home/spider/ws/install/i2c_pwm_board_msgs:/home/spider/ws/install/spider_control:/opt/ros/humble LD_LIBRARY_PATH=/home/spider/ws/install/spider_msgs/lib:/home/spider/ws/install/i2c_pwm_board_xmlrp/lib:/home/spider/ws/install/xmlrpcpp/lib:/home/spider/ws/install/spider_driver/lib:/home/spider/ws/install/i2c_pwm_board_msgs/lib:/opt/ros/humble/opt/rviz_ogre_vendor/lib:/opt/ros/humble/lib/aarch64-linux-gnu:/opt/ros/humble/lib /usr/bin/cmake --build /home/spider/ws/build/spider_driver -- -j4 -l4
[0.770s] [ 25%] [32mBuilding CXX object CMakeFiles/spider_driver.dir/src/spider_driver/ControllerNode.cpp.o[0m
[27.154s] [01m[K/home/spider/ws/src/spider_driver/src/spider_driver/ControllerNode.cpp:[m[K In member function ‘[01m[Kvoid controller::ControllerNode::configure_all_servos()[m[K’:
[27.155s] [01m[K/home/spider/ws/src/spider_driver/src/spider_driver/ControllerNode.cpp:73:31:[m[K [01;31m[Kerror: [m[K‘[01m[Kmsg[m[K’ was not declared in this scope
[27.156s]    73 |     int pwm_init = rad_to_pwm([01;31m[Kmsg[m[K->hip,  -1.57, 1.57, 110, 510);
[27.157s]       |                               [01;31m[K^~~[m[K
[27.161s] [01m[K/home/spider/ws/src/spider_driver/src/spider_driver/ControllerNode.cpp:73:31:[m[K [01;36m[Knote: [m[Ksuggested alternatives:
[27.166s] In file included from [01m[K/opt/ros/humble/include/builtin_interfaces/builtin_interfaces/msg/duration.hpp:7[m[K,
[27.168s]                  from [01m[K/opt/ros/humble/include/rclcpp/rclcpp/duration.hpp:20[m[K,
[27.170s]                  from [01m[K/opt/ros/humble/include/rclcpp/rclcpp/qos.hpp:20[m[K,
[27.172s]                  from [01m[K/opt/ros/humble/include/rclcpp/rclcpp/node_interfaces/node_graph_interface.hpp:32[m[K,
[27.173s]                  from [01m[K/opt/ros/humble/include/rclcpp/rclcpp/client.hpp:42[m[K,
[27.175s]                  from [01m[K/opt/ros/humble/include/rclcpp/rclcpp/callback_group.hpp:24[m[K,
[27.176s]                  from [01m[K/opt/ros/humble/include/rclcpp/rclcpp/any_executable.hpp:20[m[K,
[27.178s]                  from [01m[K/opt/ros/humble/include/rclcpp/rclcpp/memory_strategy.hpp:25[m[K,
[27.179s]                  from [01m[K/opt/ros/humble/include/rclcpp/rclcpp/memory_strategies.hpp:18[m[K,
[27.180s]                  from [01m[K/opt/ros/humble/include/rclcpp/rclcpp/executor_options.hpp:20[m[K,
[27.181s]                  from [01m[K/opt/ros/humble/include/rclcpp/rclcpp/executor.hpp:37[m[K,
[27.182s]                  from [01m[K/opt/ros/humble/include/rclcpp/rclcpp/executors/multi_threaded_executor.hpp:25[m[K,
[27.184s]                  from [01m[K/opt/ros/humble/include/rclcpp/rclcpp/executors.hpp:21[m[K,
[27.185s]                  from [01m[K/opt/ros/humble/include/rclcpp/rclcpp/rclcpp.hpp:155[m[K,
[27.186s]                  from [01m[K/home/spider/ws/src/spider_driver/include/spider_driver/ControllerNode.hpp:4[m[K,
[27.187s]                  from [01m[K/home/spider/ws/src/spider_driver/src/spider_driver/ControllerNode.cpp:1[m[K:
[27.188s] [01m[K/opt/ros/humble/include/builtin_interfaces/builtin_interfaces/msg/detail/duration__struct.hpp:27:11:[m[K [01;36m[Knote: [m[K  ‘[01m[Kbuiltin_interfaces::msg[m[K’
[27.189s]    27 | namespace [01;36m[Kmsg[m[K
[27.190s]       |           [01;36m[K^~~[m[K
[27.192s] In file included from [01m[K/opt/ros/humble/include/rcl_interfaces/rcl_interfaces/msg/set_parameters_result.hpp:7[m[K,
[27.193s]                  from [01m[K/opt/ros/humble/include/rclcpp/rclcpp/qos_overriding_options.hpp:28[m[K,
[27.194s]                  from [01m[K/opt/ros/humble/include/rclcpp/rclcpp/subscription_options.hpp:30[m[K,
[27.195s]                  from [01m[K/opt/ros/humble/include/rclcpp/rclcpp/subscription.hpp:45[m[K,
[27.197s]                  from [01m[K/opt/ros/humble/include/rclcpp/rclcpp/any_executable.hpp:25[m[K,
[27.199s]                  from [01m[K/opt/ros/humble/include/rclcpp/rclcpp/memory_strategy.hpp:25[m[K,
[27.201s]                  from [01m[K/opt/ros/humble/include/rclcpp/rclcpp/memory_strategies.hpp:18[m[K,
[27.202s]                  from [01m[K/opt/ros/humble/include/rclcpp/rclcpp/executor_options.hpp:20[m[K,
[27.204s]                  from [01m[K/opt/ros/humble/include/rclcpp/rclcpp/executor.hpp:37[m[K,
[27.206s]                  from [01m[K/opt/ros/humble/include/rclcpp/rclcpp/executors/multi_threaded_executor.hpp:25[m[K,
[27.207s]                  from [01m[K/opt/ros/humble/include/rclcpp/rclcpp/executors.hpp:21[m[K,
[27.209s]                  from [01m[K/opt/ros/humble/include/rclcpp/rclcpp/rclcpp.hpp:155[m[K,
[27.210s]                  from [01m[K/home/spider/ws/src/spider_driver/include/spider_driver/ControllerNode.hpp:4[m[K,
[27.211s]                  from [01m[K/home/spider/ws/src/spider_driver/src/spider_driver/ControllerNode.cpp:1[m[K:
[27.213s] [01m[K/opt/ros/humble/include/rcl_interfaces/rcl_interfaces/msg/detail/set_parameters_result__struct.hpp:27:11:[m[K [01;36m[Knote: [m[K  ‘[01m[Krcl_interfaces::msg[m[K’
[27.214s]    27 | namespace [01;36m[Kmsg[m[K
[27.216s]       |           [01;36m[K^~~[m[K
[27.217s] In file included from [01m[K/opt/ros/humble/include/statistics_msgs/statistics_msgs/msg/detail/metrics_message__struct.hpp:23[m[K,
[27.218s]                  from [01m[K/opt/ros/humble/include/statistics_msgs/statistics_msgs/msg/metrics_message.hpp:7[m[K,
[27.220s]                  from [01m[K/opt/ros/humble/include/libstatistics_collector/libstatistics_collector/collector/generate_statistics_message.hpp:21[m[K,
[27.221s]                  from [01m[K/opt/ros/humble/include/rclcpp/rclcpp/topic_statistics/subscription_topic_statistics.hpp:23[m[K,
[27.222s]                  from [01m[K/opt/ros/humble/include/rclcpp/rclcpp/subscription.hpp:50[m[K,
[27.223s]                  from [01m[K/opt/ros/humble/include/rclcpp/rclcpp/any_executable.hpp:25[m[K,
[27.224s]                  from [01m[K/opt/ros/humble/include/rclcpp/rclcpp/memory_strategy.hpp:25[m[K,
[27.226s]                  from [01m[K/opt/ros/humble/include/rclcpp/rclcpp/memory_strategies.hpp:18[m[K,
[27.228s]                  from [01m[K/opt/ros/humble/include/rclcpp/rclcpp/executor_options.hpp:20[m[K,
[27.229s]                  from [01m[K/opt/ros/humble/include/rclcpp/rclcpp/executor.hpp:37[m[K,
[27.230s]                  from [01m[K/opt/ros/humble/include/rclcpp/rclcpp/executors/multi_threaded_executor.hpp:25[m[K,
[27.231s]                  from [01m[K/opt/ros/humble/include/rclcpp/rclcpp/executors.hpp:21[m[K,
[27.233s]                  from [01m[K/opt/ros/humble/include/rclcpp/rclcpp/rclcpp.hpp:155[m[K,
[27.234s]                  from [01m[K/home/spider/ws/src/spider_driver/include/spider_driver/ControllerNode.hpp:4[m[K,
[27.236s]                  from [01m[K/home/spider/ws/src/spider_driver/src/spider_driver/ControllerNode.cpp:1[m[K:
[27.237s] [01m[K/opt/ros/humble/include/statistics_msgs/statistics_msgs/msg/detail/statistic_data_point__struct.hpp:27:11:[m[K [01;36m[Knote: [m[K  ‘[01m[Kstatistics_msgs::msg[m[K’
[27.239s]    27 | namespace [01;36m[Kmsg[m[K
[27.240s]       |           [01;36m[K^~~[m[K
[27.241s] In file included from [01m[K/opt/ros/humble/include/std_msgs/std_msgs/msg/string.hpp:7[m[K,
[27.242s]                  from [01m[K/home/spider/ws/src/spider_driver/include/spider_driver/ControllerNode.hpp:5[m[K,
[27.244s]                  from [01m[K/home/spider/ws/src/spider_driver/src/spider_driver/ControllerNode.cpp:1[m[K:
[27.245s] [01m[K/opt/ros/humble/include/std_msgs/std_msgs/msg/detail/string__struct.hpp:27:11:[m[K [01;36m[Knote: [m[K  ‘[01m[Kstd_msgs::msg[m[K’
[27.246s]    27 | namespace [01;36m[Kmsg[m[K
[27.247s]       |           [01;36m[K^~~[m[K
[27.249s] In file included from [01m[K/home/spider/ws/build/spider_msgs/rosidl_generator_cpp/spider_msgs/msg/spider_leg.hpp:7[m[K,
[27.250s]                  from [01m[K/home/spider/ws/src/spider_driver/include/spider_driver/ControllerNode.hpp:6[m[K,
[27.251s]                  from [01m[K/home/spider/ws/src/spider_driver/src/spider_driver/ControllerNode.cpp:1[m[K:
[27.253s] [01m[K/home/spider/ws/build/spider_msgs/rosidl_generator_cpp/spider_msgs/msg/detail/spider_leg__struct.hpp:27:11:[m[K [01;36m[Knote: [m[K  ‘[01m[Kspider_msgs::msg[m[K’
[27.254s]    27 | namespace [01;36m[Kmsg[m[K
[27.255s]       |           [01;36m[K^~~[m[K
[27.285s] [01m[K/home/spider/ws/src/spider_driver/src/spider_driver/ControllerNode.cpp:[m[K In lambda function:
[27.287s] [01m[K/home/spider/ws/src/spider_driver/src/spider_driver/ControllerNode.cpp:216:34:[m[K [01;31m[Kerror: [m[K‘[01m[Kmsg[m[K’ was not declared in this scope
[27.288s]   216 |             int pwm = rad_to_pwm([01;31m[Kmsg[m[K->hip,  -1.57, 1.57, 110, 510);
[27.289s]       |                                  [01;31m[K^~~[m[K
[27.290s] [01m[K/home/spider/ws/src/spider_driver/src/spider_driver/ControllerNode.cpp:216:34:[m[K [01;36m[Knote: [m[Ksuggested alternatives:
[27.292s] In file included from [01m[K/opt/ros/humble/include/builtin_interfaces/builtin_interfaces/msg/duration.hpp:7[m[K,
[27.294s]                  from [01m[K/opt/ros/humble/include/rclcpp/rclcpp/duration.hpp:20[m[K,
[27.295s]                  from [01m[K/opt/ros/humble/include/rclcpp/rclcpp/qos.hpp:20[m[K,
[27.297s]                  from [01m[K/opt/ros/humble/include/rclcpp/rclcpp/node_interfaces/node_graph_interface.hpp:32[m[K,
[27.299s]                  from [01m[K/opt/ros/humble/include/rclcpp/rclcpp/client.hpp:42[m[K,
[27.300s]                  from [01m[K/opt/ros/humble/include/rclcpp/rclcpp/callback_group.hpp:24[m[K,
[27.301s]                  from [01m[K/opt/ros/humble/include/rclcpp/rclcpp/any_executable.hpp:20[m[K,
[27.303s]                  from [01m[K/opt/ros/humble/include/rclcpp/rclcpp/memory_strategy.hpp:25[m[K,
[27.304s]                  from [01m[K/opt/ros/humble/include/rclcpp/rclcpp/memory_strategies.hpp:18[m[K,
[27.305s]                  from [01m[K/opt/ros/humble/include/rclcpp/rclcpp/executor_options.hpp:20[m[K,
[27.306s]                  from [01m[K/opt/ros/humble/include/rclcpp/rclcpp/executor.hpp:37[m[K,
[27.308s]                  from [01m[K/opt/ros/humble/include/rclcpp/rclcpp/executors/multi_threaded_executor.hpp:25[m[K,
[27.309s]                  from [01m[K/opt/ros/humble/include/rclcpp/rclcpp/executors.hpp:21[m[K,
[27.310s]                  from [01m[K/opt/ros/humble/include/rclcpp/rclcpp/rclcpp.hpp:155[m[K,
[27.312s]                  from [01m[K/home/spider/ws/src/spider_driver/include/spider_driver/ControllerNode.hpp:4[m[K,
[27.313s]                  from [01m[K/home/spider/ws/src/spider_driver/src/spider_driver/ControllerNode.cpp:1[m[K:
[27.314s] [01m[K/opt/ros/humble/include/builtin_interfaces/builtin_interfaces/msg/detail/duration__struct.hpp:27:11:[m[K [01;36m[Knote: [m[K  ‘[01m[Kbuiltin_interfaces::msg[m[K’
[27.315s]    27 | namespace [01;36m[Kmsg[m[K
[27.316s]       |           [01;36m[K^~~[m[K
[27.317s] In file included from [01m[K/opt/ros/humble/include/rcl_interfaces/rcl_interfaces/msg/set_parameters_result.hpp:7[m[K,
[27.318s]                  from [01m[K/opt/ros/humble/include/rclcpp/rclcpp/qos_overriding_options.hpp:28[m[K,
[27.320s]                  from [01m[K/opt/ros/humble/include/rclcpp/rclcpp/subscription_options.hpp:30[m[K,
[27.321s]                  from [01m[K/opt/ros/humble/include/rclcpp/rclcpp/subscription.hpp:45[m[K,
[27.322s]                  from [01m[K/opt/ros/humble/include/rclcpp/rclcpp/any_executable.hpp:25[m[K,
[27.323s]                  from [01m[K/opt/ros/humble/include/rclcpp/rclcpp/memory_strategy.hpp:25[m[K,
[27.325s]                  from [01m[K/opt/ros/humble/include/rclcpp/rclcpp/memory_strategies.hpp:18[m[K,
[27.328s]                  from [01m[K/opt/ros/humble/include/rclcpp/rclcpp/executor_options.hpp:20[m[K,
[27.329s]                  from [01m[K/opt/ros/humble/include/rclcpp/rclcpp/executor.hpp:37[m[K,
[27.331s]                  from [01m[K/opt/ros/humble/include/rclcpp/rclcpp/executors/multi_threaded_executor.hpp:25[m[K,
[27.333s]                  from [01m[K/opt/ros/humble/include/rclcpp/rclcpp/executors.hpp:21[m[K,
[27.335s]                  from [01m[K/opt/ros/humble/include/rclcpp/rclcpp/rclcpp.hpp:155[m[K,
[27.337s]                  from [01m[K/home/spider/ws/src/spider_driver/include/spider_driver/ControllerNode.hpp:4[m[K,
[27.339s]                  from [01m[K/home/spider/ws/src/spider_driver/src/spider_driver/ControllerNode.cpp:1[m[K:
[27.340s] [01m[K/opt/ros/humble/include/rcl_interfaces/rcl_interfaces/msg/detail/set_parameters_result__struct.hpp:27:11:[m[K [01;36m[Knote: [m[K  ‘[01m[Krcl_interfaces::msg[m[K’
[27.341s]    27 | namespace [01;36m[Kmsg[m[K
[27.343s]       |           [01;36m[K^~~[m[K
[27.345s] In file included from [01m[K/opt/ros/humble/include/statistics_msgs/statistics_msgs/msg/detail/metrics_message__struct.hpp:23[m[K,
[27.347s]                  from [01m[K/opt/ros/humble/include/statistics_msgs/statistics_msgs/msg/metrics_message.hpp:7[m[K,
[27.348s]                  from [01m[K/opt/ros/humble/include/libstatistics_collector/libstatistics_collector/collector/generate_statistics_message.hpp:21[m[K,
[27.350s]                  from [01m[K/opt/ros/humble/include/rclcpp/rclcpp/topic_statistics/subscription_topic_statistics.hpp:23[m[K,
[27.351s]                  from [01m[K/opt/ros/humble/include/rclcpp/rclcpp/subscription.hpp:50[m[K,
[27.353s]                  from [01m[K/opt/ros/humble/include/rclcpp/rclcpp/any_executable.hpp:25[m[K,
[27.354s]                  from [01m[K/opt/ros/humble/include/rclcpp/rclcpp/memory_strategy.hpp:25[m[K,
[27.356s]                  from [01m[K/opt/ros/humble/include/rclcpp/rclcpp/memory_strategies.hpp:18[m[K,
[27.357s]                  from [01m[K/opt/ros/humble/include/rclcpp/rclcpp/executor_options.hpp:20[m[K,
[27.358s]                  from [01m[K/opt/ros/humble/include/rclcpp/rclcpp/executor.hpp:37[m[K,
[27.360s]                  from [01m[K/opt/ros/humble/include/rclcpp/rclcpp/executors/multi_threaded_executor.hpp:25[m[K,
[27.361s]                  from [01m[K/opt/ros/humble/include/rclcpp/rclcpp/executors.hpp:21[m[K,
[27.362s]                  from [01m[K/opt/ros/humble/include/rclcpp/rclcpp/rclcpp.hpp:155[m[K,
[27.364s]                  from [01m[K/home/spider/ws/src/spider_driver/include/spider_driver/ControllerNode.hpp:4[m[K,
[27.365s]                  from [01m[K/home/spider/ws/src/spider_driver/src/spider_driver/ControllerNode.cpp:1[m[K:
[27.367s] [01m[K/opt/ros/humble/include/statistics_msgs/statistics_msgs/msg/detail/statistic_data_point__struct.hpp:27:11:[m[K [01;36m[Knote: [m[K  ‘[01m[Kstatistics_msgs::msg[m[K’
[27.368s]    27 | namespace [01;36m[Kmsg[m[K
[27.369s]       |           [01;36m[K^~~[m[K
[27.371s] In file included from [01m[K/opt/ros/humble/include/std_msgs/std_msgs/msg/string.hpp:7[m[K,
[27.372s]                  from [01m[K/home/spider/ws/src/spider_driver/include/spider_driver/ControllerNode.hpp:5[m[K,
[27.373s]                  from [01m[K/home/spider/ws/src/spider_driver/src/spider_driver/ControllerNode.cpp:1[m[K:
[27.375s] [01m[K/opt/ros/humble/include/std_msgs/std_msgs/msg/detail/string__struct.hpp:27:11:[m[K [01;36m[Knote: [m[K  ‘[01m[Kstd_msgs::msg[m[K’
[27.376s]    27 | namespace [01;36m[Kmsg[m[K
[27.377s]       |           [01;36m[K^~~[m[K
[27.379s] In file included from [01m[K/home/spider/ws/build/spider_msgs/rosidl_generator_cpp/spider_msgs/msg/spider_leg.hpp:7[m[K,
[27.380s]                  from [01m[K/home/spider/ws/src/spider_driver/include/spider_driver/ControllerNode.hpp:6[m[K,
[27.382s]                  from [01m[K/home/spider/ws/src/spider_driver/src/spider_driver/ControllerNode.cpp:1[m[K:
[27.387s] [01m[K/home/spider/ws/build/spider_msgs/rosidl_generator_cpp/spider_msgs/msg/detail/spider_leg__struct.hpp:27:11:[m[K [01;36m[Knote: [m[K  ‘[01m[Kspider_msgs::msg[m[K’
[27.389s]    27 | namespace [01;36m[Kmsg[m[K
[27.390s]       |           [01;36m[K^~~[m[K
[55.074s] gmake[2]: *** [CMakeFiles/spider_driver.dir/build.make:76: CMakeFiles/spider_driver.dir/src/spider_driver/ControllerNode.cpp.o] Error 1
[55.170s] gmake[1]: *** [CMakeFiles/Makefile2:139: CMakeFiles/spider_driver.dir/all] Error 2
[55.171s] gmake: *** [Makefile:146: all] Error 2
[56.506s] Invoked command in '/home/spider/ws/build/spider_driver' returned '2': CMAKE_PREFIX_PATH=/home/spider/ws/install/spider_msgs:/home/spider/ws/install/i2c_pwm_board:/home/spider/ws/install/i2c_pwm_board_xmlrp:/home/spider/ws/install/xmlrpcpp:/home/spider/ws/install/spider_driver:/home/spider/ws/install/i2c_pwm_board_calibration:/home/spider/ws/install/i2c_pwm_board_msgs:/home/spider/ws/install/spider_control:/opt/ros/humble LD_LIBRARY_PATH=/home/spider/ws/install/spider_msgs/lib:/home/spider/ws/install/i2c_pwm_board_xmlrp/lib:/home/spider/ws/install/xmlrpcpp/lib:/home/spider/ws/install/spider_driver/lib:/home/spider/ws/install/i2c_pwm_board_msgs/lib:/opt/ros/humble/opt/rviz_ogre_vendor/lib:/opt/ros/humble/lib/aarch64-linux-gnu:/opt/ros/humble/lib /usr/bin/cmake --build /home/spider/ws/build/spider_driver -- -j4 -l4
