[35m[1mConsolidate compiler generated dependencies of target spider_driver[0m
[ 25%] [32mBuilding CXX object CMakeFiles/spider_driver.dir/src/spider_driver/ControllerNode.cpp.o[0m
[01m[K/home/spider/ws/src/spider_driver/src/spider_driver/ControllerNode.cpp:70:48:[m[K [01;31m[Kerror: [m[Kstray ‘[01m[K#[m[K’ in program
   70 |     set_group(pca_frontleft_,  frontleft_pose);[01;31m[K#[m[Kinclude "spider_driver/ControllerNode.hpp"
      |                                                [01;31m[K^[m[K
[01m[K/home/spider/ws/src/spider_driver/src/spider_driver/ControllerNode.cpp:[m[K In member function ‘[01m[Kvoid controller::ControllerNode::configure_all_servos()[m[K’:
[01m[K/home/spider/ws/src/spider_driver/src/spider_driver/ControllerNode.cpp:70:32:[m[K [01;31m[Kerror: [m[K‘[01m[Kfrontleft_pose[m[K’ was not declared in this scope; did you mean ‘[01m[Kfrontleft_pose_[m[K’?
   70 |     set_group(pca_frontleft_,  [01;31m[Kfrontleft_pose[m[K);#include "spider_driver/ControllerNode.hpp"
      |                                [01;31m[K^~~~~~~~~~~~~~[m[K
      |                                [32m[Kfrontleft_pose_[m[K
[01m[K/home/spider/ws/src/spider_driver/src/spider_driver/ControllerNode.cpp:70:49:[m[K [01;31m[Kerror: [m[K‘[01m[Kinclude[m[K’ was not declared in this scope
   70 |     set_group(pca_frontleft_,  frontleft_pose);#[01;31m[Kinclude[m[K "spider_driver/ControllerNode.hpp"
      |                                                 [01;31m[K^~~~~~~[m[K
[01m[K/home/spider/ws/src/spider_driver/src/spider_driver/ControllerNode.cpp:244:32:[m[K [01;31m[Kerror: [m[K‘[01m[Kfrontright_pose[m[K’ was not declared in this scope; did you mean ‘[01m[Kfrontright_pose_[m[K’?
  244 |     set_group(pca_frontright_, [01;31m[Kfrontright_pose[m[K);
      |                                [01;31m[K^~~~~~~~~~~~~~~[m[K
      |                                [32m[Kfrontright_pose_[m[K
[01m[K/home/spider/ws/src/spider_driver/src/spider_driver/ControllerNode.cpp:245:32:[m[K [01;31m[Kerror: [m[K‘[01m[Kbackright_pose[m[K’ was not declared in this scope; did you mean ‘[01m[Kbackright_pose_[m[K’?
  245 |     set_group(pca_backright_,  [01;31m[Kbackright_pose[m[K);
      |                                [01;31m[K^~~~~~~~~~~~~~[m[K
      |                                [32m[Kbackright_pose_[m[K
[01m[K/home/spider/ws/src/spider_driver/src/spider_driver/ControllerNode.cpp:246:32:[m[K [01;31m[Kerror: [m[K‘[01m[Kbackleft_pose[m[K’ was not declared in this scope; did you mean ‘[01m[Kbackleft_pose_[m[K’?
  246 |     set_group(pca_backleft_,   [01;31m[Kbackleft_pose[m[K);
      |                                [01;31m[K^~~~~~~~~~~~~[m[K
      |                                [32m[Kbackleft_pose_[m[K
[01m[K/home/spider/ws/src/spider_driver/src/spider_driver/ControllerNode.cpp:[m[K In member function ‘[01m[Kvoid controller::ControllerNode::frontleft(spider_msgs::msg::SpiderLeg_<std::allocator<void> >::SharedPtr)[m[K’:
[01m[K/home/spider/ws/src/spider_driver/src/spider_driver/ControllerNode.cpp:256:14:[m[K [01;31m[Kerror: [m[K‘[01m[Kusing element_type = struct spider_msgs::msg::SpiderLeg_<std::allocator<void> >[m[K’ {aka ‘[01m[Kstruct spider_msgs::msg::SpiderLeg_<std::allocator<void> >[m[K’} has no member named ‘[01m[Ksmooth_flag[m[K’
  256 |     if (msg->[01;31m[Ksmooth_flag[m[K == 0) {
      |              [01;31m[K^~~~~~~~~~~[m[K
[01m[K/home/spider/ws/src/spider_driver/src/spider_driver/ControllerNode.cpp:259:5:[m[K [01;31m[Kerror: [m[K‘[01m[Kprint[m[K’ was not declared in this scope; did you mean ‘[01m[Krint[m[K’?
  259 |     [01;31m[Kprint[m[K("SMOOTH MOVEMENT");
      |     [01;31m[K^~~~~[m[K
      |     [32m[Krint[m[K
[01m[K/home/spider/ws/src/spider_driver/src/spider_driver/ControllerNode.cpp:[m[K In member function ‘[01m[Kvoid controller::ControllerNode::frontright(spider_msgs::msg::SpiderLeg_<std::allocator<void> >::SharedPtr)[m[K’:
[01m[K/home/spider/ws/src/spider_driver/src/spider_driver/ControllerNode.cpp:265:14:[m[K [01;31m[Kerror: [m[K‘[01m[Kusing element_type = struct spider_msgs::msg::SpiderLeg_<std::allocator<void> >[m[K’ {aka ‘[01m[Kstruct spider_msgs::msg::SpiderLeg_<std::allocator<void> >[m[K’} has no member named ‘[01m[Ksmooth_flag[m[K’
  265 |     if (msg->[01;31m[Ksmooth_flag[m[K == 0) {
      |              [01;31m[K^~~~~~~~~~~[m[K
[01m[K/home/spider/ws/src/spider_driver/src/spider_driver/ControllerNode.cpp:268:5:[m[K [01;31m[Kerror: [m[K‘[01m[Kprint[m[K’ was not declared in this scope; did you mean ‘[01m[Krint[m[K’?
  268 |     [01;31m[Kprint[m[K("SMOOTH MOVEMENT");
      |     [01;31m[K^~~~~[m[K
      |     [32m[Krint[m[K
[01m[K/home/spider/ws/src/spider_driver/src/spider_driver/ControllerNode.cpp:[m[K In member function ‘[01m[Kvoid controller::ControllerNode::backright(spider_msgs::msg::SpiderLeg_<std::allocator<void> >::SharedPtr)[m[K’:
[01m[K/home/spider/ws/src/spider_driver/src/spider_driver/ControllerNode.cpp:274:14:[m[K [01;31m[Kerror: [m[K‘[01m[Kusing element_type = struct spider_msgs::msg::SpiderLeg_<std::allocator<void> >[m[K’ {aka ‘[01m[Kstruct spider_msgs::msg::SpiderLeg_<std::allocator<void> >[m[K’} has no member named ‘[01m[Ksmooth_flag[m[K’
  274 |     if (msg->[01;31m[Ksmooth_flag[m[K == 0) {
      |              [01;31m[K^~~~~~~~~~~[m[K
[01m[K/home/spider/ws/src/spider_driver/src/spider_driver/ControllerNode.cpp:277:5:[m[K [01;31m[Kerror: [m[K‘[01m[Kprint[m[K’ was not declared in this scope; did you mean ‘[01m[Krint[m[K’?
  277 |     [01;31m[Kprint[m[K("SMOOTH MOVEMENT");
      |     [01;31m[K^~~~~[m[K
      |     [32m[Krint[m[K
[01m[K/home/spider/ws/src/spider_driver/src/spider_driver/ControllerNode.cpp:[m[K In member function ‘[01m[Kvoid controller::ControllerNode::backleft(spider_msgs::msg::SpiderLeg_<std::allocator<void> >::SharedPtr)[m[K’:
[01m[K/home/spider/ws/src/spider_driver/src/spider_driver/ControllerNode.cpp:283:14:[m[K [01;31m[Kerror: [m[K‘[01m[Kusing element_type = struct spider_msgs::msg::SpiderLeg_<std::allocator<void> >[m[K’ {aka ‘[01m[Kstruct spider_msgs::msg::SpiderLeg_<std::allocator<void> >[m[K’} has no member named ‘[01m[Ksmooth_flag[m[K’
  283 |     if (msg->[01;31m[Ksmooth_flag[m[K == 0) {
      |              [01;31m[K^~~~~~~~~~~[m[K
[01m[K/home/spider/ws/src/spider_driver/src/spider_driver/ControllerNode.cpp:286:5:[m[K [01;31m[Kerror: [m[K‘[01m[Kprint[m[K’ was not declared in this scope; did you mean ‘[01m[Krint[m[K’?
  286 |     [01;31m[Kprint[m[K("SMOOTH MOVEMENT");
      |     [01;31m[K^~~~~[m[K
      |     [32m[Krint[m[K
gmake[2]: *** [CMakeFiles/spider_driver.dir/build.make:76: CMakeFiles/spider_driver.dir/src/spider_driver/ControllerNode.cpp.o] Error 1
gmake[1]: *** [CMakeFiles/Makefile2:139: CMakeFiles/spider_driver.dir/all] Error 2
gmake: *** [Makefile:146: all] Error 2
