[1.111s] DEBUG:colcon:Command line arguments: ['/usr/bin/colcon', 'build', '--symlink-install', '--parallel-workers', '1', '--packages-select', 'spider_msgs']
[1.112s] DEBUG:colcon:Parsed command line arguments: Namespace(log_base=None, log_level=None, verb_name='build', build_base='build', install_base='install', merge_install=False, symlink_install=True, test_result_base=None, continue_on_error=False, executor='parallel', parallel_workers=1, event_handlers=None, ignore_user_meta=False, metas=['./colcon.meta'], base_paths=['.'], packages_ignore=None, packages_ignore_regex=None, paths=None, packages_up_to=None, packages_up_to_regex=None, packages_above=None, packages_above_and_dependencies=None, packages_above_depth=None, packages_select_by_dep=None, packages_skip_by_dep=None, packages_skip_up_to=None, packages_select_build_failed=False, packages_skip_build_finished=False, packages_select_test_failures=False, packages_skip_test_passed=False, packages_select=['spider_msgs'], packages_skip=None, packages_select_regex=None, packages_skip_regex=None, packages_start=None, packages_end=None, allow_overriding=[], cmake_args=None, cmake_target=None, cmake_target_skip_unavailable=False, cmake_clean_cache=False, cmake_clean_first=False, cmake_force_configure=False, ament_cmake_args=None, catkin_cmake_args=None, catkin_skip_building_tests=False, verb_parser=<colcon_defaults.argument_parser.defaults.DefaultArgumentsDecorator object at 0xffffb55e7820>, verb_extension=<colcon_core.verb.build.BuildVerb object at 0xffffb5720bb0>, main=<bound method BuildVerb.main of <colcon_core.verb.build.BuildVerb object at 0xffffb5720bb0>>)
[3.171s] Level 1:colcon.colcon_core.package_discovery:discover_packages(colcon_meta) check parameters
[3.172s] Level 1:colcon.colcon_core.package_discovery:discover_packages(recursive) check parameters
[3.173s] Level 1:colcon.colcon_core.package_discovery:discover_packages(ignore) check parameters
[3.173s] Level 1:colcon.colcon_core.package_discovery:discover_packages(path) check parameters
[3.174s] Level 1:colcon.colcon_core.package_discovery:discover_packages(colcon_meta) discover
[3.174s] Level 1:colcon.colcon_core.package_discovery:discover_packages(recursive) discover
[3.175s] INFO:colcon.colcon_core.package_discovery:Crawling recursively for packages in '/home/spider/ws'
[3.176s] Level 1:colcon.colcon_core.package_identification:_identify(.) by extensions ['ignore', 'ignore_ament_install']
[3.177s] Level 1:colcon.colcon_core.package_identification:_identify(.) by extension 'ignore'
[3.177s] Level 1:colcon.colcon_core.package_identification:_identify(.) by extension 'ignore_ament_install'
[3.178s] Level 1:colcon.colcon_core.package_identification:_identify(.) by extensions ['colcon_pkg']
[3.179s] Level 1:colcon.colcon_core.package_identification:_identify(.) by extension 'colcon_pkg'
[3.179s] Level 1:colcon.colcon_core.package_identification:_identify(.) by extensions ['colcon_meta']
[3.180s] Level 1:colcon.colcon_core.package_identification:_identify(.) by extension 'colcon_meta'
[3.180s] Level 1:colcon.colcon_core.package_identification:_identify(.) by extensions ['ros']
[3.180s] Level 1:colcon.colcon_core.package_identification:_identify(.) by extension 'ros'
[3.295s] Level 1:colcon.colcon_core.package_identification:_identify(.) by extensions ['cmake', 'python']
[3.296s] Level 1:colcon.colcon_core.package_identification:_identify(.) by extension 'cmake'
[3.297s] Level 1:colcon.colcon_core.package_identification:_identify(.) by extension 'python'
[3.298s] Level 1:colcon.colcon_core.package_identification:_identify(.) by extensions ['python_setup_py']
[3.298s] Level 1:colcon.colcon_core.package_identification:_identify(.) by extension 'python_setup_py'
[3.300s] Level 1:colcon.colcon_core.package_identification:_identify(build) by extensions ['ignore', 'ignore_ament_install']
[3.301s] Level 1:colcon.colcon_core.package_identification:_identify(build) by extension 'ignore'
[3.302s] Level 1:colcon.colcon_core.package_identification:_identify(build) ignored
[3.304s] Level 1:colcon.colcon_core.package_identification:_identify(install) by extensions ['ignore', 'ignore_ament_install']
[3.306s] Level 1:colcon.colcon_core.package_identification:_identify(install) by extension 'ignore'
[3.306s] Level 1:colcon.colcon_core.package_identification:_identify(install) ignored
[3.308s] Level 1:colcon.colcon_core.package_identification:_identify(log) by extensions ['ignore', 'ignore_ament_install']
[3.309s] Level 1:colcon.colcon_core.package_identification:_identify(log) by extension 'ignore'
[3.310s] Level 1:colcon.colcon_core.package_identification:_identify(log) ignored
[3.311s] Level 1:colcon.colcon_core.package_identification:_identify(src) by extensions ['ignore', 'ignore_ament_install']
[3.313s] Level 1:colcon.colcon_core.package_identification:_identify(src) by extension 'ignore'
[3.313s] Level 1:colcon.colcon_core.package_identification:_identify(src) by extension 'ignore_ament_install'
[3.315s] Level 1:colcon.colcon_core.package_identification:_identify(src) by extensions ['colcon_pkg']
[3.315s] Level 1:colcon.colcon_core.package_identification:_identify(src) by extension 'colcon_pkg'
[3.316s] Level 1:colcon.colcon_core.package_identification:_identify(src) by extensions ['colcon_meta']
[3.317s] Level 1:colcon.colcon_core.package_identification:_identify(src) by extension 'colcon_meta'
[3.318s] Level 1:colcon.colcon_core.package_identification:_identify(src) by extensions ['ros']
[3.318s] Level 1:colcon.colcon_core.package_identification:_identify(src) by extension 'ros'
[3.319s] Level 1:colcon.colcon_core.package_identification:_identify(src) by extensions ['cmake', 'python']
[3.320s] Level 1:colcon.colcon_core.package_identification:_identify(src) by extension 'cmake'
[3.321s] Level 1:colcon.colcon_core.package_identification:_identify(src) by extension 'python'
[3.322s] Level 1:colcon.colcon_core.package_identification:_identify(src) by extensions ['python_setup_py']
[3.323s] Level 1:colcon.colcon_core.package_identification:_identify(src) by extension 'python_setup_py'
[3.324s] Level 1:colcon.colcon_core.package_identification:_identify(src/i2c_pwm_board) by extensions ['ignore', 'ignore_ament_install']
[3.326s] Level 1:colcon.colcon_core.package_identification:_identify(src/i2c_pwm_board) by extension 'ignore'
[3.327s] Level 1:colcon.colcon_core.package_identification:_identify(src/i2c_pwm_board) by extension 'ignore_ament_install'
[3.328s] Level 1:colcon.colcon_core.package_identification:_identify(src/i2c_pwm_board) by extensions ['colcon_pkg']
[3.329s] Level 1:colcon.colcon_core.package_identification:_identify(src/i2c_pwm_board) by extension 'colcon_pkg'
[3.329s] Level 1:colcon.colcon_core.package_identification:_identify(src/i2c_pwm_board) by extensions ['colcon_meta']
[3.330s] Level 1:colcon.colcon_core.package_identification:_identify(src/i2c_pwm_board) by extension 'colcon_meta'
[3.331s] Level 1:colcon.colcon_core.package_identification:_identify(src/i2c_pwm_board) by extensions ['ros']
[3.332s] Level 1:colcon.colcon_core.package_identification:_identify(src/i2c_pwm_board) by extension 'ros'
[3.333s] Level 1:colcon.colcon_core.package_identification:_identify(src/i2c_pwm_board) by extensions ['cmake', 'python']
[3.334s] Level 1:colcon.colcon_core.package_identification:_identify(src/i2c_pwm_board) by extension 'cmake'
[3.335s] Level 1:colcon.colcon_core.package_identification:_identify(src/i2c_pwm_board) by extension 'python'
[3.336s] Level 1:colcon.colcon_core.package_identification:_identify(src/i2c_pwm_board) by extensions ['python_setup_py']
[3.336s] Level 1:colcon.colcon_core.package_identification:_identify(src/i2c_pwm_board) by extension 'python_setup_py'
[3.338s] Level 1:colcon.colcon_core.package_identification:_identify(src/i2c_pwm_board/docs) by extensions ['ignore', 'ignore_ament_install']
[3.339s] Level 1:colcon.colcon_core.package_identification:_identify(src/i2c_pwm_board/docs) by extension 'ignore'
[3.340s] Level 1:colcon.colcon_core.package_identification:_identify(src/i2c_pwm_board/docs) by extension 'ignore_ament_install'
[3.341s] Level 1:colcon.colcon_core.package_identification:_identify(src/i2c_pwm_board/docs) by extensions ['colcon_pkg']
[3.341s] Level 1:colcon.colcon_core.package_identification:_identify(src/i2c_pwm_board/docs) by extension 'colcon_pkg'
[3.342s] Level 1:colcon.colcon_core.package_identification:_identify(src/i2c_pwm_board/docs) by extensions ['colcon_meta']
[3.342s] Level 1:colcon.colcon_core.package_identification:_identify(src/i2c_pwm_board/docs) by extension 'colcon_meta'
[3.343s] Level 1:colcon.colcon_core.package_identification:_identify(src/i2c_pwm_board/docs) by extensions ['ros']
[3.344s] Level 1:colcon.colcon_core.package_identification:_identify(src/i2c_pwm_board/docs) by extension 'ros'
[3.345s] Level 1:colcon.colcon_core.package_identification:_identify(src/i2c_pwm_board/docs) by extensions ['cmake', 'python']
[3.346s] Level 1:colcon.colcon_core.package_identification:_identify(src/i2c_pwm_board/docs) by extension 'cmake'
[3.346s] Level 1:colcon.colcon_core.package_identification:_identify(src/i2c_pwm_board/docs) by extension 'python'
[3.347s] Level 1:colcon.colcon_core.package_identification:_identify(src/i2c_pwm_board/docs) by extensions ['python_setup_py']
[3.348s] Level 1:colcon.colcon_core.package_identification:_identify(src/i2c_pwm_board/docs) by extension 'python_setup_py'
[3.349s] Level 1:colcon.colcon_core.package_identification:_identify(src/i2c_pwm_board/docs/images) by extensions ['ignore', 'ignore_ament_install']
[3.351s] Level 1:colcon.colcon_core.package_identification:_identify(src/i2c_pwm_board/docs/images) by extension 'ignore'
[3.351s] Level 1:colcon.colcon_core.package_identification:_identify(src/i2c_pwm_board/docs/images) by extension 'ignore_ament_install'
[3.352s] Level 1:colcon.colcon_core.package_identification:_identify(src/i2c_pwm_board/docs/images) by extensions ['colcon_pkg']
[3.353s] Level 1:colcon.colcon_core.package_identification:_identify(src/i2c_pwm_board/docs/images) by extension 'colcon_pkg'
[3.354s] Level 1:colcon.colcon_core.package_identification:_identify(src/i2c_pwm_board/docs/images) by extensions ['colcon_meta']
[3.355s] Level 1:colcon.colcon_core.package_identification:_identify(src/i2c_pwm_board/docs/images) by extension 'colcon_meta'
[3.356s] Level 1:colcon.colcon_core.package_identification:_identify(src/i2c_pwm_board/docs/images) by extensions ['ros']
[3.356s] Level 1:colcon.colcon_core.package_identification:_identify(src/i2c_pwm_board/docs/images) by extension 'ros'
[3.358s] Level 1:colcon.colcon_core.package_identification:_identify(src/i2c_pwm_board/docs/images) by extensions ['cmake', 'python']
[3.359s] Level 1:colcon.colcon_core.package_identification:_identify(src/i2c_pwm_board/docs/images) by extension 'cmake'
[3.360s] Level 1:colcon.colcon_core.package_identification:_identify(src/i2c_pwm_board/docs/images) by extension 'python'
[3.361s] Level 1:colcon.colcon_core.package_identification:_identify(src/i2c_pwm_board/docs/images) by extensions ['python_setup_py']
[3.362s] Level 1:colcon.colcon_core.package_identification:_identify(src/i2c_pwm_board/docs/images) by extension 'python_setup_py'
[3.363s] Level 1:colcon.colcon_core.package_identification:_identify(src/i2c_pwm_board/i2c_pwm_board) by extensions ['ignore', 'ignore_ament_install']
[3.365s] Level 1:colcon.colcon_core.package_identification:_identify(src/i2c_pwm_board/i2c_pwm_board) by extension 'ignore'
[3.365s] Level 1:colcon.colcon_core.package_identification:_identify(src/i2c_pwm_board/i2c_pwm_board) by extension 'ignore_ament_install'
[3.366s] Level 1:colcon.colcon_core.package_identification:_identify(src/i2c_pwm_board/i2c_pwm_board) by extensions ['colcon_pkg']
[3.367s] Level 1:colcon.colcon_core.package_identification:_identify(src/i2c_pwm_board/i2c_pwm_board) by extension 'colcon_pkg'
[3.368s] Level 1:colcon.colcon_core.package_identification:_identify(src/i2c_pwm_board/i2c_pwm_board) by extensions ['colcon_meta']
[3.368s] Level 1:colcon.colcon_core.package_identification:_identify(src/i2c_pwm_board/i2c_pwm_board) by extension 'colcon_meta'
[3.369s] Level 1:colcon.colcon_core.package_identification:_identify(src/i2c_pwm_board/i2c_pwm_board) by extensions ['ros']
[3.370s] Level 1:colcon.colcon_core.package_identification:_identify(src/i2c_pwm_board/i2c_pwm_board) by extension 'ros'
[3.396s] DEBUG:colcon.colcon_core.package_identification:Package 'src/i2c_pwm_board/i2c_pwm_board' with type 'ros.ament_cmake' and name 'i2c_pwm_board'
[3.398s] Level 1:colcon.colcon_core.package_identification:_identify(src/i2c_pwm_board/i2c_pwm_board_calibration) by extensions ['ignore', 'ignore_ament_install']
[3.399s] Level 1:colcon.colcon_core.package_identification:_identify(src/i2c_pwm_board/i2c_pwm_board_calibration) by extension 'ignore'
[3.400s] Level 1:colcon.colcon_core.package_identification:_identify(src/i2c_pwm_board/i2c_pwm_board_calibration) by extension 'ignore_ament_install'
[3.401s] Level 1:colcon.colcon_core.package_identification:_identify(src/i2c_pwm_board/i2c_pwm_board_calibration) by extensions ['colcon_pkg']
[3.401s] Level 1:colcon.colcon_core.package_identification:_identify(src/i2c_pwm_board/i2c_pwm_board_calibration) by extension 'colcon_pkg'
[3.402s] Level 1:colcon.colcon_core.package_identification:_identify(src/i2c_pwm_board/i2c_pwm_board_calibration) by extensions ['colcon_meta']
[3.403s] Level 1:colcon.colcon_core.package_identification:_identify(src/i2c_pwm_board/i2c_pwm_board_calibration) by extension 'colcon_meta'
[3.404s] Level 1:colcon.colcon_core.package_identification:_identify(src/i2c_pwm_board/i2c_pwm_board_calibration) by extensions ['ros']
[3.404s] Level 1:colcon.colcon_core.package_identification:_identify(src/i2c_pwm_board/i2c_pwm_board_calibration) by extension 'ros'
[3.411s] DEBUG:colcon.colcon_core.package_identification:Package 'src/i2c_pwm_board/i2c_pwm_board_calibration' with type 'ros.ament_cmake' and name 'i2c_pwm_board_calibration'
[3.412s] Level 1:colcon.colcon_core.package_identification:_identify(src/i2c_pwm_board/i2c_pwm_board_msgs) by extensions ['ignore', 'ignore_ament_install']
[3.414s] Level 1:colcon.colcon_core.package_identification:_identify(src/i2c_pwm_board/i2c_pwm_board_msgs) by extension 'ignore'
[3.415s] Level 1:colcon.colcon_core.package_identification:_identify(src/i2c_pwm_board/i2c_pwm_board_msgs) by extension 'ignore_ament_install'
[3.416s] Level 1:colcon.colcon_core.package_identification:_identify(src/i2c_pwm_board/i2c_pwm_board_msgs) by extensions ['colcon_pkg']
[3.416s] Level 1:colcon.colcon_core.package_identification:_identify(src/i2c_pwm_board/i2c_pwm_board_msgs) by extension 'colcon_pkg'
[3.417s] Level 1:colcon.colcon_core.package_identification:_identify(src/i2c_pwm_board/i2c_pwm_board_msgs) by extensions ['colcon_meta']
[3.418s] Level 1:colcon.colcon_core.package_identification:_identify(src/i2c_pwm_board/i2c_pwm_board_msgs) by extension 'colcon_meta'
[3.419s] Level 1:colcon.colcon_core.package_identification:_identify(src/i2c_pwm_board/i2c_pwm_board_msgs) by extensions ['ros']
[3.420s] Level 1:colcon.colcon_core.package_identification:_identify(src/i2c_pwm_board/i2c_pwm_board_msgs) by extension 'ros'
[3.427s] DEBUG:colcon.colcon_core.package_identification:Package 'src/i2c_pwm_board/i2c_pwm_board_msgs' with type 'ros.ament_cmake' and name 'i2c_pwm_board_msgs'
[3.428s] Level 1:colcon.colcon_core.package_identification:_identify(src/i2c_pwm_board/i2c_pwm_board_xmlrp) by extensions ['ignore', 'ignore_ament_install']
[3.429s] Level 1:colcon.colcon_core.package_identification:_identify(src/i2c_pwm_board/i2c_pwm_board_xmlrp) by extension 'ignore'
[3.430s] Level 1:colcon.colcon_core.package_identification:_identify(src/i2c_pwm_board/i2c_pwm_board_xmlrp) by extension 'ignore_ament_install'
[3.431s] Level 1:colcon.colcon_core.package_identification:_identify(src/i2c_pwm_board/i2c_pwm_board_xmlrp) by extensions ['colcon_pkg']
[3.432s] Level 1:colcon.colcon_core.package_identification:_identify(src/i2c_pwm_board/i2c_pwm_board_xmlrp) by extension 'colcon_pkg'
[3.433s] Level 1:colcon.colcon_core.package_identification:_identify(src/i2c_pwm_board/i2c_pwm_board_xmlrp) by extensions ['colcon_meta']
[3.433s] Level 1:colcon.colcon_core.package_identification:_identify(src/i2c_pwm_board/i2c_pwm_board_xmlrp) by extension 'colcon_meta'
[3.434s] Level 1:colcon.colcon_core.package_identification:_identify(src/i2c_pwm_board/i2c_pwm_board_xmlrp) by extensions ['ros']
[3.435s] Level 1:colcon.colcon_core.package_identification:_identify(src/i2c_pwm_board/i2c_pwm_board_xmlrp) by extension 'ros'
[3.440s] DEBUG:colcon.colcon_core.package_identification:Package 'src/i2c_pwm_board/i2c_pwm_board_xmlrp' with type 'ros.ament_cmake' and name 'i2c_pwm_board_xmlrp'
[3.442s] Level 1:colcon.colcon_core.package_identification:_identify(src/i2c_pwm_board/xmlrpcpp) by extensions ['ignore', 'ignore_ament_install']
[3.443s] Level 1:colcon.colcon_core.package_identification:_identify(src/i2c_pwm_board/xmlrpcpp) by extension 'ignore'
[3.444s] Level 1:colcon.colcon_core.package_identification:_identify(src/i2c_pwm_board/xmlrpcpp) by extension 'ignore_ament_install'
[3.445s] Level 1:colcon.colcon_core.package_identification:_identify(src/i2c_pwm_board/xmlrpcpp) by extensions ['colcon_pkg']
[3.446s] Level 1:colcon.colcon_core.package_identification:_identify(src/i2c_pwm_board/xmlrpcpp) by extension 'colcon_pkg'
[3.447s] Level 1:colcon.colcon_core.package_identification:_identify(src/i2c_pwm_board/xmlrpcpp) by extensions ['colcon_meta']
[3.448s] Level 1:colcon.colcon_core.package_identification:_identify(src/i2c_pwm_board/xmlrpcpp) by extension 'colcon_meta'
[3.448s] Level 1:colcon.colcon_core.package_identification:_identify(src/i2c_pwm_board/xmlrpcpp) by extensions ['ros']
[3.449s] Level 1:colcon.colcon_core.package_identification:_identify(src/i2c_pwm_board/xmlrpcpp) by extension 'ros'
[3.455s] DEBUG:colcon.colcon_core.package_identification:Package 'src/i2c_pwm_board/xmlrpcpp' with type 'ros.ament_cmake' and name 'xmlrpcpp'
[3.456s] Level 1:colcon.colcon_core.package_identification:_identify(src/spider_control) by extensions ['ignore', 'ignore_ament_install']
[3.457s] Level 1:colcon.colcon_core.package_identification:_identify(src/spider_control) by extension 'ignore'
[3.458s] Level 1:colcon.colcon_core.package_identification:_identify(src/spider_control) by extension 'ignore_ament_install'
[3.459s] Level 1:colcon.colcon_core.package_identification:_identify(src/spider_control) by extensions ['colcon_pkg']
[3.460s] Level 1:colcon.colcon_core.package_identification:_identify(src/spider_control) by extension 'colcon_pkg'
[3.461s] Level 1:colcon.colcon_core.package_identification:_identify(src/spider_control) by extensions ['colcon_meta']
[3.461s] Level 1:colcon.colcon_core.package_identification:_identify(src/spider_control) by extension 'colcon_meta'
[3.462s] Level 1:colcon.colcon_core.package_identification:_identify(src/spider_control) by extensions ['ros']
[3.463s] Level 1:colcon.colcon_core.package_identification:_identify(src/spider_control) by extension 'ros'
[3.468s] DEBUG:colcon.colcon_core.package_identification:Package 'src/spider_control' with type 'ros.ament_python' and name 'spider_control'
[3.470s] Level 1:colcon.colcon_core.package_identification:_identify(src/spider_driver) by extensions ['ignore', 'ignore_ament_install']
[3.471s] Level 1:colcon.colcon_core.package_identification:_identify(src/spider_driver) by extension 'ignore'
[3.472s] Level 1:colcon.colcon_core.package_identification:_identify(src/spider_driver) by extension 'ignore_ament_install'
[3.473s] Level 1:colcon.colcon_core.package_identification:_identify(src/spider_driver) by extensions ['colcon_pkg']
[3.474s] Level 1:colcon.colcon_core.package_identification:_identify(src/spider_driver) by extension 'colcon_pkg'
[3.474s] Level 1:colcon.colcon_core.package_identification:_identify(src/spider_driver) by extensions ['colcon_meta']
[3.475s] Level 1:colcon.colcon_core.package_identification:_identify(src/spider_driver) by extension 'colcon_meta'
[3.476s] Level 1:colcon.colcon_core.package_identification:_identify(src/spider_driver) by extensions ['ros']
[3.476s] Level 1:colcon.colcon_core.package_identification:_identify(src/spider_driver) by extension 'ros'
[3.484s] DEBUG:colcon.colcon_core.package_identification:Package 'src/spider_driver' with type 'ros.ament_cmake' and name 'spider_driver'
[3.485s] Level 1:colcon.colcon_core.package_identification:_identify(src/spider_msgs) by extensions ['ignore', 'ignore_ament_install']
[3.486s] Level 1:colcon.colcon_core.package_identification:_identify(src/spider_msgs) by extension 'ignore'
[3.487s] Level 1:colcon.colcon_core.package_identification:_identify(src/spider_msgs) by extension 'ignore_ament_install'
[3.488s] Level 1:colcon.colcon_core.package_identification:_identify(src/spider_msgs) by extensions ['colcon_pkg']
[3.488s] Level 1:colcon.colcon_core.package_identification:_identify(src/spider_msgs) by extension 'colcon_pkg'
[3.489s] Level 1:colcon.colcon_core.package_identification:_identify(src/spider_msgs) by extensions ['colcon_meta']
[3.489s] Level 1:colcon.colcon_core.package_identification:_identify(src/spider_msgs) by extension 'colcon_meta'
[3.490s] Level 1:colcon.colcon_core.package_identification:_identify(src/spider_msgs) by extensions ['ros']
[3.490s] Level 1:colcon.colcon_core.package_identification:_identify(src/spider_msgs) by extension 'ros'
[3.496s] DEBUG:colcon.colcon_core.package_identification:Package 'src/spider_msgs' with type 'ros.ament_cmake' and name 'spider_msgs'
[3.497s] Level 1:colcon.colcon_core.package_discovery:discover_packages(recursive) using defaults
[3.498s] Level 1:colcon.colcon_core.package_discovery:discover_packages(ignore) discover
[3.498s] Level 1:colcon.colcon_core.package_discovery:discover_packages(ignore) using defaults
[3.498s] Level 1:colcon.colcon_core.package_discovery:discover_packages(path) discover
[3.498s] Level 1:colcon.colcon_core.package_discovery:discover_packages(path) using defaults
[3.684s] INFO:colcon.colcon_core.package_selection:Skipping not selected package 'i2c_pwm_board_msgs' in 'src/i2c_pwm_board/i2c_pwm_board_msgs'
[3.685s] INFO:colcon.colcon_core.package_selection:Skipping not selected package 'spider_control' in 'src/spider_control'
[3.685s] INFO:colcon.colcon_core.package_selection:Skipping not selected package 'xmlrpcpp' in 'src/i2c_pwm_board/xmlrpcpp'
[3.685s] INFO:colcon.colcon_core.package_selection:Skipping not selected package 'i2c_pwm_board_calibration' in 'src/i2c_pwm_board/i2c_pwm_board_calibration'
[3.686s] INFO:colcon.colcon_core.package_selection:Skipping not selected package 'i2c_pwm_board_xmlrp' in 'src/i2c_pwm_board/i2c_pwm_board_xmlrp'
[3.686s] INFO:colcon.colcon_core.package_selection:Skipping not selected package 'spider_driver' in 'src/spider_driver'
[3.686s] INFO:colcon.colcon_core.package_selection:Skipping not selected package 'i2c_pwm_board' in 'src/i2c_pwm_board/i2c_pwm_board'
[3.690s] Level 1:colcon.colcon_core.package_discovery:discover_packages(prefix_path) check parameters
[3.691s] Level 1:colcon.colcon_core.package_discovery:discover_packages(prefix_path) discover
[3.724s] DEBUG:colcon.colcon_installed_package_information.package_discovery:Found 279 installed packages in /opt/ros/humble
[3.836s] Level 1:colcon.colcon_core.package_discovery:discover_packages(prefix_path) using defaults
[4.290s] Level 5:colcon.colcon_core.verb:set package 'spider_msgs' build argument 'cmake_args' from command line to 'None'
[4.290s] Level 5:colcon.colcon_core.verb:set package 'spider_msgs' build argument 'cmake_target' from command line to 'None'
[4.291s] Level 5:colcon.colcon_core.verb:set package 'spider_msgs' build argument 'cmake_target_skip_unavailable' from command line to 'False'
[4.291s] Level 5:colcon.colcon_core.verb:set package 'spider_msgs' build argument 'cmake_clean_cache' from command line to 'False'
[4.292s] Level 5:colcon.colcon_core.verb:set package 'spider_msgs' build argument 'cmake_clean_first' from command line to 'False'
[4.292s] Level 5:colcon.colcon_core.verb:set package 'spider_msgs' build argument 'cmake_force_configure' from command line to 'False'
[4.292s] Level 5:colcon.colcon_core.verb:set package 'spider_msgs' build argument 'ament_cmake_args' from command line to 'None'
[4.293s] Level 5:colcon.colcon_core.verb:set package 'spider_msgs' build argument 'catkin_cmake_args' from command line to 'None'
[4.293s] Level 5:colcon.colcon_core.verb:set package 'spider_msgs' build argument 'catkin_skip_building_tests' from command line to 'False'
[4.293s] DEBUG:colcon.colcon_core.verb:Building package 'spider_msgs' with the following arguments: {'ament_cmake_args': None, 'build_base': '/home/spider/ws/build/spider_msgs', 'catkin_cmake_args': None, 'catkin_skip_building_tests': False, 'cmake_args': None, 'cmake_clean_cache': False, 'cmake_clean_first': False, 'cmake_force_configure': False, 'cmake_target': None, 'cmake_target_skip_unavailable': False, 'install_base': '/home/spider/ws/install/spider_msgs', 'merge_install': False, 'path': '/home/spider/ws/src/spider_msgs', 'symlink_install': True, 'test_result_base': None}
[4.295s] INFO:colcon.colcon_core.executor:Executing jobs using 'parallel' executor
[4.302s] DEBUG:colcon.colcon_parallel_executor.executor.parallel:run_until_complete
[4.304s] INFO:colcon.colcon_ros.task.ament_cmake.build:Building ROS package in '/home/spider/ws/src/spider_msgs' with build type 'ament_cmake'
[4.305s] INFO:colcon.colcon_cmake.task.cmake.build:Building CMake package in '/home/spider/ws/src/spider_msgs'
[4.332s] INFO:colcon.colcon_core.plugin_system:Skipping extension 'colcon_core.shell.bat': Not used on non-Windows systems
[4.334s] INFO:colcon.colcon_core.shell:Skip shell extension 'powershell' for command environment: Not usable outside of PowerShell
[4.335s] DEBUG:colcon.colcon_core.shell:Skip shell extension 'dsv' for command environment
[4.438s] DEBUG:colcon.colcon_core.event_handler.log_command:Invoking command in '/home/spider/ws/build/spider_msgs': CMAKE_PREFIX_PATH=/opt/ros/humble /usr/bin/cmake --build /home/spider/ws/build/spider_msgs -- -j4 -l4
[9.089s] DEBUG:colcon.colcon_core.event_handler.log_command:Invoked command in '/home/spider/ws/build/spider_msgs' returned '0': CMAKE_PREFIX_PATH=/opt/ros/humble /usr/bin/cmake --build /home/spider/ws/build/spider_msgs -- -j4 -l4
[9.184s] DEBUG:colcon.colcon_core.event_handler.log_command:Invoking command in '/home/spider/ws/build/spider_msgs': CMAKE_PREFIX_PATH=/opt/ros/humble /usr/bin/cmake --install /home/spider/ws/build/spider_msgs
[10.206s] Level 1:colcon.colcon_core.environment:create_environment_scripts_only(spider_msgs)
[10.210s] DEBUG:colcon.colcon_core.event_handler.log_command:Invoked command in '/home/spider/ws/build/spider_msgs' returned '0': CMAKE_PREFIX_PATH=/opt/ros/humble /usr/bin/cmake --install /home/spider/ws/build/spider_msgs
[10.235s] Level 1:colcon.colcon_core.environment:checking '/home/spider/ws/install/spider_msgs' for CMake module files
[10.246s] Level 1:colcon.colcon_core.environment:checking '/home/spider/ws/install/spider_msgs' for CMake config files
[10.257s] Level 1:colcon.colcon_core.shell:create_environment_hook('spider_msgs', 'cmake_prefix_path')
[10.260s] INFO:colcon.colcon_core.shell:Creating environment hook '/home/spider/ws/install/spider_msgs/share/spider_msgs/hook/cmake_prefix_path.ps1'
[10.268s] INFO:colcon.colcon_core.shell:Creating environment descriptor '/home/spider/ws/install/spider_msgs/share/spider_msgs/hook/cmake_prefix_path.dsv'
[10.273s] INFO:colcon.colcon_core.shell:Creating environment hook '/home/spider/ws/install/spider_msgs/share/spider_msgs/hook/cmake_prefix_path.sh'
[10.282s] Level 1:colcon.colcon_core.environment:checking '/home/spider/ws/install/spider_msgs/lib'
[10.285s] Level 1:colcon.colcon_core.shell:create_environment_hook('spider_msgs', 'ld_library_path_lib')
[10.287s] INFO:colcon.colcon_core.shell:Creating environment hook '/home/spider/ws/install/spider_msgs/share/spider_msgs/hook/ld_library_path_lib.ps1'
[10.292s] INFO:colcon.colcon_core.shell:Creating environment descriptor '/home/spider/ws/install/spider_msgs/share/spider_msgs/hook/ld_library_path_lib.dsv'
[10.296s] INFO:colcon.colcon_core.shell:Creating environment hook '/home/spider/ws/install/spider_msgs/share/spider_msgs/hook/ld_library_path_lib.sh'
[10.300s] Level 1:colcon.colcon_core.environment:checking '/home/spider/ws/install/spider_msgs/bin'
[10.301s] Level 1:colcon.colcon_core.environment:checking '/home/spider/ws/install/spider_msgs/lib/pkgconfig/spider_msgs.pc'
[10.304s] Level 1:colcon.colcon_core.environment:checking '/home/spider/ws/install/spider_msgs/lib/python3.10/site-packages'
[10.308s] Level 1:colcon.colcon_core.environment:checking '/home/spider/ws/install/spider_msgs/bin'
[10.312s] INFO:colcon.colcon_core.shell:Creating package script '/home/spider/ws/install/spider_msgs/share/spider_msgs/package.ps1'
[10.320s] INFO:colcon.colcon_core.shell:Creating package descriptor '/home/spider/ws/install/spider_msgs/share/spider_msgs/package.dsv'
[10.326s] INFO:colcon.colcon_core.shell:Creating package script '/home/spider/ws/install/spider_msgs/share/spider_msgs/package.sh'
[10.334s] INFO:colcon.colcon_core.shell:Creating package script '/home/spider/ws/install/spider_msgs/share/spider_msgs/package.bash'
[10.342s] INFO:colcon.colcon_core.shell:Creating package script '/home/spider/ws/install/spider_msgs/share/spider_msgs/package.zsh'
[10.349s] Level 1:colcon.colcon_core.environment:create_file_with_runtime_dependencies(/home/spider/ws/install/spider_msgs/share/colcon-core/packages/spider_msgs)
[10.356s] Level 1:colcon.colcon_core.environment:create_environment_scripts_only(spider_msgs)
[10.359s] Level 1:colcon.colcon_core.environment:checking '/home/spider/ws/install/spider_msgs' for CMake module files
[10.368s] Level 1:colcon.colcon_core.environment:checking '/home/spider/ws/install/spider_msgs' for CMake config files
[10.380s] Level 1:colcon.colcon_core.shell:create_environment_hook('spider_msgs', 'cmake_prefix_path')
[10.382s] INFO:colcon.colcon_core.shell:Creating environment hook '/home/spider/ws/install/spider_msgs/share/spider_msgs/hook/cmake_prefix_path.ps1'
[10.386s] INFO:colcon.colcon_core.shell:Creating environment descriptor '/home/spider/ws/install/spider_msgs/share/spider_msgs/hook/cmake_prefix_path.dsv'
[10.391s] INFO:colcon.colcon_core.shell:Creating environment hook '/home/spider/ws/install/spider_msgs/share/spider_msgs/hook/cmake_prefix_path.sh'
[10.397s] Level 1:colcon.colcon_core.environment:checking '/home/spider/ws/install/spider_msgs/lib'
[10.398s] Level 1:colcon.colcon_core.shell:create_environment_hook('spider_msgs', 'ld_library_path_lib')
[10.400s] INFO:colcon.colcon_core.shell:Creating environment hook '/home/spider/ws/install/spider_msgs/share/spider_msgs/hook/ld_library_path_lib.ps1'
[10.404s] INFO:colcon.colcon_core.shell:Creating environment descriptor '/home/spider/ws/install/spider_msgs/share/spider_msgs/hook/ld_library_path_lib.dsv'
[10.409s] INFO:colcon.colcon_core.shell:Creating environment hook '/home/spider/ws/install/spider_msgs/share/spider_msgs/hook/ld_library_path_lib.sh'
[10.413s] Level 1:colcon.colcon_core.environment:checking '/home/spider/ws/install/spider_msgs/bin'
[10.414s] Level 1:colcon.colcon_core.environment:checking '/home/spider/ws/install/spider_msgs/lib/pkgconfig/spider_msgs.pc'
[10.417s] Level 1:colcon.colcon_core.environment:checking '/home/spider/ws/install/spider_msgs/lib/python3.10/site-packages'
[10.420s] Level 1:colcon.colcon_core.environment:checking '/home/spider/ws/install/spider_msgs/bin'
[10.424s] INFO:colcon.colcon_core.shell:Creating package script '/home/spider/ws/install/spider_msgs/share/spider_msgs/package.ps1'
[10.429s] INFO:colcon.colcon_core.shell:Creating package descriptor '/home/spider/ws/install/spider_msgs/share/spider_msgs/package.dsv'
[10.435s] INFO:colcon.colcon_core.shell:Creating package script '/home/spider/ws/install/spider_msgs/share/spider_msgs/package.sh'
[10.440s] INFO:colcon.colcon_core.shell:Creating package script '/home/spider/ws/install/spider_msgs/share/spider_msgs/package.bash'
[10.445s] INFO:colcon.colcon_core.shell:Creating package script '/home/spider/ws/install/spider_msgs/share/spider_msgs/package.zsh'
[10.450s] Level 1:colcon.colcon_core.environment:create_file_with_runtime_dependencies(/home/spider/ws/install/spider_msgs/share/colcon-core/packages/spider_msgs)
[10.453s] DEBUG:colcon.colcon_parallel_executor.executor.parallel:closing loop
[10.455s] DEBUG:colcon.colcon_parallel_executor.executor.parallel:loop closed
[10.456s] DEBUG:colcon.colcon_parallel_executor.executor.parallel:run_until_complete finished with '0'
[10.457s] DEBUG:colcon.colcon_core.event_reactor:joining thread
[10.509s] INFO:colcon.colcon_core.plugin_system:Skipping extension 'colcon_notification.desktop_notification.notify_send': Could not find 'notify-send'
[10.510s] INFO:colcon.colcon_core.plugin_system:Skipping extension 'colcon_notification.desktop_notification.terminal_notifier': Not used on non-Darwin systems
[10.511s] INFO:colcon.colcon_core.plugin_system:Skipping extension 'colcon_notification.desktop_notification.win32': Not used on non-Windows systems
[10.511s] INFO:colcon.colcon_notification.desktop_notification:Sending desktop notification using 'notify2'
[10.517s] DEBUG:colcon.colcon_notification.desktop_notification.notify2:Failed to initialize notify2: org.freedesktop.DBus.Error.ServiceUnknown: The name org.freedesktop.Notifications was not provided by any .service files
[10.518s] DEBUG:colcon.colcon_core.event_reactor:joined thread
[10.520s] INFO:colcon.colcon_core.shell:Creating prefix script '/home/spider/ws/install/local_setup.ps1'
[10.531s] INFO:colcon.colcon_core.shell:Creating prefix util module '/home/spider/ws/install/_local_setup_util_ps1.py'
[10.546s] INFO:colcon.colcon_core.shell:Creating prefix chain script '/home/spider/ws/install/setup.ps1'
[10.556s] INFO:colcon.colcon_core.shell:Creating prefix script '/home/spider/ws/install/local_setup.sh'
[10.562s] INFO:colcon.colcon_core.shell:Creating prefix util module '/home/spider/ws/install/_local_setup_util_sh.py'
[10.569s] INFO:colcon.colcon_core.shell:Creating prefix chain script '/home/spider/ws/install/setup.sh'
[10.579s] INFO:colcon.colcon_core.shell:Creating prefix script '/home/spider/ws/install/local_setup.bash'
[10.585s] INFO:colcon.colcon_core.shell:Creating prefix chain script '/home/spider/ws/install/setup.bash'
[10.594s] INFO:colcon.colcon_core.shell:Creating prefix script '/home/spider/ws/install/local_setup.zsh'
[10.599s] INFO:colcon.colcon_core.shell:Creating prefix chain script '/home/spider/ws/install/setup.zsh'
