[0.195s] Invoking command in '/home/spider/ws/build/spider_driver': CMAKE_PREFIX_PATH=/home/spider/ws/install/spider_msgs:/home/spider/ws/install/i2c_pwm_board:/home/spider/ws/install/i2c_pwm_board_xmlrp:/home/spider/ws/install/xmlrpcpp:/home/spider/ws/install/spider_driver:/home/spider/ws/install/i2c_pwm_board_calibration:/home/spider/ws/install/i2c_pwm_board_msgs:/home/spider/ws/install/spider_control:/opt/ros/humble LD_LIBRARY_PATH=/home/spider/ws/install/spider_msgs/lib:/home/spider/ws/install/i2c_pwm_board_xmlrp/lib:/home/spider/ws/install/xmlrpcpp/lib:/home/spider/ws/install/spider_driver/lib:/home/spider/ws/install/i2c_pwm_board_msgs/lib:/opt/ros/humble/opt/rviz_ogre_vendor/lib:/opt/ros/humble/lib/aarch64-linux-gnu:/opt/ros/humble/lib /usr/bin/cmake --build /home/spider/ws/build/spider_driver -- -j4 -l4
[1.066s] [35m[1mConsolidate compiler generated dependencies of target spider_driver[0m
[1.622s] [ 25%] [32mBuilding CXX object CMakeFiles/spider_driver.dir/src/spider_driver/ControllerNode.cpp.o[0m
[138.099s] [ 50%] [32m[1mLinking CXX shared library libspider_driver.so[0m
[144.243s] [ 50%] Built target spider_driver
[144.955s] [ 75%] [32m[1mLinking CXX executable control_main[0m
[147.897s] [100%] Built target control_main
[149.094s] Invoked command in '/home/spider/ws/build/spider_driver' returned '0': CMAKE_PREFIX_PATH=/home/spider/ws/install/spider_msgs:/home/spider/ws/install/i2c_pwm_board:/home/spider/ws/install/i2c_pwm_board_xmlrp:/home/spider/ws/install/xmlrpcpp:/home/spider/ws/install/spider_driver:/home/spider/ws/install/i2c_pwm_board_calibration:/home/spider/ws/install/i2c_pwm_board_msgs:/home/spider/ws/install/spider_control:/opt/ros/humble LD_LIBRARY_PATH=/home/spider/ws/install/spider_msgs/lib:/home/spider/ws/install/i2c_pwm_board_xmlrp/lib:/home/spider/ws/install/xmlrpcpp/lib:/home/spider/ws/install/spider_driver/lib:/home/spider/ws/install/i2c_pwm_board_msgs/lib:/opt/ros/humble/opt/rviz_ogre_vendor/lib:/opt/ros/humble/lib/aarch64-linux-gnu:/opt/ros/humble/lib /usr/bin/cmake --build /home/spider/ws/build/spider_driver -- -j4 -l4
[150.126s] Invoking command in '/home/spider/ws/build/spider_driver': CMAKE_PREFIX_PATH=/home/spider/ws/install/spider_msgs:/home/spider/ws/install/i2c_pwm_board:/home/spider/ws/install/i2c_pwm_board_xmlrp:/home/spider/ws/install/xmlrpcpp:/home/spider/ws/install/spider_driver:/home/spider/ws/install/i2c_pwm_board_calibration:/home/spider/ws/install/i2c_pwm_board_msgs:/home/spider/ws/install/spider_control:/opt/ros/humble LD_LIBRARY_PATH=/home/spider/ws/install/spider_msgs/lib:/home/spider/ws/install/i2c_pwm_board_xmlrp/lib:/home/spider/ws/install/xmlrpcpp/lib:/home/spider/ws/install/spider_driver/lib:/home/spider/ws/install/i2c_pwm_board_msgs/lib:/opt/ros/humble/opt/rviz_ogre_vendor/lib:/opt/ros/humble/lib/aarch64-linux-gnu:/opt/ros/humble/lib /usr/bin/cmake --install /home/spider/ws/build/spider_driver
[150.250s] -- Install configuration: ""
[150.270s] -- Execute custom install script
[150.279s] -- Up-to-date symlink: /home/spider/ws/install/spider_driver/lib/libspider_driver.so
[150.284s] -- Up-to-date symlink: /home/spider/ws/install/spider_driver/lib/spider_driver/control_main
[150.296s] -- Up-to-date symlink: /home/spider/ws/install/spider_driver/include//spider_driver/ControllerNode.hpp
[150.301s] -- Up-to-date symlink: /home/spider/ws/install/spider_driver/include//spider_driver/PCA9685.hpp
[150.316s] -- Up-to-date symlink: /home/spider/ws/install/spider_driver/share/spider_driver/environment/library_path.sh
[150.322s] -- Up-to-date symlink: /home/spider/ws/install/spider_driver/share/spider_driver/environment/library_path.dsv
[150.336s] -- Up-to-date symlink: /home/spider/ws/install/spider_driver/share/ament_index/resource_index/package_run_dependencies/spider_driver
[150.341s] -- Up-to-date symlink: /home/spider/ws/install/spider_driver/share/ament_index/resource_index/parent_prefix_path/spider_driver
[150.351s] -- Up-to-date symlink: /home/spider/ws/install/spider_driver/share/spider_driver/environment/ament_prefix_path.sh
[150.355s] -- Up-to-date symlink: /home/spider/ws/install/spider_driver/share/spider_driver/environment/ament_prefix_path.dsv
[150.361s] -- Up-to-date symlink: /home/spider/ws/install/spider_driver/share/spider_driver/environment/path.sh
[150.364s] -- Up-to-date symlink: /home/spider/ws/install/spider_driver/share/spider_driver/environment/path.dsv
[150.372s] -- Up-to-date symlink: /home/spider/ws/install/spider_driver/share/spider_driver/local_setup.bash
[150.374s] -- Up-to-date symlink: /home/spider/ws/install/spider_driver/share/spider_driver/local_setup.sh
[150.379s] -- Up-to-date symlink: /home/spider/ws/install/spider_driver/share/spider_driver/local_setup.zsh
[150.382s] -- Up-to-date symlink: /home/spider/ws/install/spider_driver/share/spider_driver/local_setup.dsv
[150.385s] -- Symlinking: /home/spider/ws/install/spider_driver/share/spider_driver/package.dsv
[150.485s] -- Up-to-date symlink: /home/spider/ws/install/spider_driver/share/ament_index/resource_index/packages/spider_driver
[150.492s] -- Up-to-date symlink: /home/spider/ws/install/spider_driver/share/spider_driver/cmake/ament_cmake_export_include_directories-extras.cmake
[150.502s] -- Up-to-date symlink: /home/spider/ws/install/spider_driver/share/spider_driver/cmake/ament_cmake_export_libraries-extras.cmake
[150.508s] -- Up-to-date symlink: /home/spider/ws/install/spider_driver/share/spider_driver/cmake/ament_cmake_export_dependencies-extras.cmake
[150.521s] -- Up-to-date symlink: /home/spider/ws/install/spider_driver/share/spider_driver/cmake/spider_driverConfig.cmake
[150.529s] -- Up-to-date symlink: /home/spider/ws/install/spider_driver/share/spider_driver/cmake/spider_driverConfig-version.cmake
[150.533s] -- Up-to-date symlink: /home/spider/ws/install/spider_driver/share/spider_driver/package.xml
[150.570s] Invoked command in '/home/spider/ws/build/spider_driver' returned '0': CMAKE_PREFIX_PATH=/home/spider/ws/install/spider_msgs:/home/spider/ws/install/i2c_pwm_board:/home/spider/ws/install/i2c_pwm_board_xmlrp:/home/spider/ws/install/xmlrpcpp:/home/spider/ws/install/spider_driver:/home/spider/ws/install/i2c_pwm_board_calibration:/home/spider/ws/install/i2c_pwm_board_msgs:/home/spider/ws/install/spider_control:/opt/ros/humble LD_LIBRARY_PATH=/home/spider/ws/install/spider_msgs/lib:/home/spider/ws/install/i2c_pwm_board_xmlrp/lib:/home/spider/ws/install/xmlrpcpp/lib:/home/spider/ws/install/spider_driver/lib:/home/spider/ws/install/i2c_pwm_board_msgs/lib:/opt/ros/humble/opt/rviz_ogre_vendor/lib:/opt/ros/humble/lib/aarch64-linux-gnu:/opt/ros/humble/lib /usr/bin/cmake --install /home/spider/ws/build/spider_driver
