-- The C compiler identification is GNU 11.4.0
-- The CXX compiler identification is GNU 11.4.0
-- Detecting C compiler ABI info
-- Detecting C compiler ABI info - done
-- Check for working C compiler: /usr/bin/cc - skipped
-- Detecting C compile features
-- Detecting C compile features - done
-- Detecting CXX compiler ABI info
-- Detecting CXX compiler ABI info - done
-- Check for working CXX compiler: /usr/bin/c++ - skipped
-- Detecting CXX compile features
-- Detecting CXX compile features - done
-- Found ament_cmake: 1.3.12 (/opt/ros/humble/share/ament_cmake/cmake)
-- Found Python3: /usr/bin/python3 (found version "3.10.12") found components: Interpreter 
-- Override CMake install command with custom implementation using symlinks instead of copying resources
-- Found rclcpp: 16.0.15 (/opt/ros/humble/share/rclcpp/cmake)
-- Found rosidl_generator_c: 3.1.7 (/opt/ros/humble/share/rosidl_generator_c/cmake)
-- Found rosidl_adapter: 3.1.7 (/opt/ros/humble/share/rosidl_adapter/cmake)
-- Found rosidl_generator_cpp: 3.1.7 (/opt/ros/humble/share/rosidl_generator_cpp/cmake)
-- Using all available rosidl_typesupport_c: rosidl_typesupport_fastrtps_c;rosidl_typesupport_introspection_c
-- Using all available rosidl_typesupport_cpp: rosidl_typesupport_fastrtps_cpp;rosidl_typesupport_introspection_cpp
-- Found rmw_implementation_cmake: 6.1.2 (/opt/ros/humble/share/rmw_implementation_cmake/cmake)
-- Found rmw_fastrtps_cpp: 6.2.9 (/opt/ros/humble/share/rmw_fastrtps_cpp/cmake)
-- Found OpenSSL: /usr/lib/aarch64-linux-gnu/libcrypto.so (found version "3.0.2")  
-- Found FastRTPS: /opt/ros/humble/include  
-- Using RMW implementation 'rmw_fastrtps_cpp' as default
-- Looking for pthread.h
-- Looking for pthread.h - found
-- Performing Test CMAKE_HAVE_LIBC_PTHREAD
-- Performing Test CMAKE_HAVE_LIBC_PTHREAD - Success
-- Found Threads: TRUE  
-- Found spider_msgs: 0.0.0 (/home/spider/ws/install/spider_msgs/share/spider_msgs/cmake)
-- Found ament_lint_auto: 0.12.14 (/opt/ros/humble/share/ament_lint_auto/cmake)
-- Found ament_cmake_gtest: 1.3.12 (/opt/ros/humble/share/ament_cmake_gtest/cmake)
-- Added test 'copyright' to check source files copyright and LICENSE
-- Added test 'cppcheck' to perform static code analysis on C / C++ code
-- Configured cppcheck include dirs: /home/spider/ws/src/spider_driver/include
-- Configured cppcheck exclude dirs and/or files: 
-- Added test 'cpplint' to check C / C++ code against the Google style
-- Configured cpplint exclude dirs and/or files: 
-- Added test 'lint_cmake' to check CMake code style
-- Added test 'uncrustify' to check C / C++ code style
-- Configured uncrustify additional arguments: 
-- Added test 'xmllint' to check XML markup files
-- Configuring done
-- Generating done
-- Build files have been written to: /home/spider/ws/build/spider_driver
[ 25%] [32mBuilding CXX object CMakeFiles/spider_driver.dir/src/spider_driver/ControllerNode.cpp.o[0m
[ 50%] [32m[1mLinking CXX shared library libspider_driver.so[0m
[ 50%] Built target spider_driver
[ 75%] [32mBuilding CXX object CMakeFiles/control_main.dir/src/controller_node.cpp.o[0m
[100%] [32m[1mLinking CXX executable control_main[0m
[100%] Built target control_main
-- Install configuration: ""
-- Execute custom install script
-- Symlinking: /home/spider/ws/install/spider_driver/lib/libspider_driver.so
-- Symlinking: /home/spider/ws/install/spider_driver/lib/spider_driver/control_main
-- Symlinking: /home/spider/ws/install/spider_driver/include//spider_driver/ControllerNode.hpp
-- Symlinking: /home/spider/ws/install/spider_driver/include//spider_driver/PCA9685.hpp
-- Symlinking: /home/spider/ws/install/spider_driver/share/spider_driver/environment/library_path.sh
-- Symlinking: /home/spider/ws/install/spider_driver/share/spider_driver/environment/library_path.dsv
-- Symlinking: /home/spider/ws/install/spider_driver/share/ament_index/resource_index/package_run_dependencies/spider_driver
-- Symlinking: /home/spider/ws/install/spider_driver/share/ament_index/resource_index/parent_prefix_path/spider_driver
-- Symlinking: /home/spider/ws/install/spider_driver/share/spider_driver/environment/ament_prefix_path.sh
-- Symlinking: /home/spider/ws/install/spider_driver/share/spider_driver/environment/ament_prefix_path.dsv
-- Symlinking: /home/spider/ws/install/spider_driver/share/spider_driver/environment/path.sh
-- Symlinking: /home/spider/ws/install/spider_driver/share/spider_driver/environment/path.dsv
-- Symlinking: /home/spider/ws/install/spider_driver/share/spider_driver/local_setup.bash
-- Symlinking: /home/spider/ws/install/spider_driver/share/spider_driver/local_setup.sh
-- Symlinking: /home/spider/ws/install/spider_driver/share/spider_driver/local_setup.zsh
-- Symlinking: /home/spider/ws/install/spider_driver/share/spider_driver/local_setup.dsv
-- Symlinking: /home/spider/ws/install/spider_driver/share/spider_driver/package.dsv
-- Symlinking: /home/spider/ws/install/spider_driver/share/ament_index/resource_index/packages/spider_driver
-- Symlinking: /home/spider/ws/install/spider_driver/share/spider_driver/cmake/ament_cmake_export_include_directories-extras.cmake
-- Symlinking: /home/spider/ws/install/spider_driver/share/spider_driver/cmake/ament_cmake_export_libraries-extras.cmake
-- Symlinking: /home/spider/ws/install/spider_driver/share/spider_driver/cmake/ament_cmake_export_dependencies-extras.cmake
-- Symlinking: /home/spider/ws/install/spider_driver/share/spider_driver/cmake/spider_driverConfig.cmake
-- Symlinking: /home/spider/ws/install/spider_driver/share/spider_driver/cmake/spider_driverConfig-version.cmake
-- Symlinking: /home/spider/ws/install/spider_driver/share/spider_driver/package.xml
