-- Found ament_cmake: 1.3.12 (/opt/ros/humble/share/ament_cmake/cmake)
-- Found Python3: /usr/bin/python3 (found version "3.10.12") found components: Interpreter 
-- Override CMake install command with custom implementation using symlinks instead of copying resources
-- Found rosidl_default_generators: 1.2.0 (/opt/ros/humble/share/rosidl_default_generators/cmake)
-- Using all available rosidl_typesupport_c: rosidl_typesupport_fastrtps_c;rosidl_typesupport_introspection_c
-- Found rosidl_adapter: 3.1.7 (/opt/ros/humble/share/rosidl_adapter/cmake)
-- Using all available rosidl_typesupport_cpp: rosidl_typesupport_fastrtps_cpp;rosidl_typesupport_introspection_cpp
-- Found ament_cmake_ros: 0.10.0 (/opt/ros/humble/share/ament_cmake_ros/cmake)
-- Using all available rosidl_typesupport_c: rosidl_typesupport_fastrtps_c;rosidl_typesupport_introspection_c
-- Using all available rosidl_typesupport_cpp: rosidl_typesupport_fastrtps_cpp;rosidl_typesupport_introspection_cpp
-- Found PythonInterp: /usr/bin/python3 (found suitable version "3.10.12", minimum required is "3.6") 
-- Found python_cmake_module: 0.10.0 (/opt/ros/humble/share/python_cmake_module/cmake)
-- Found PythonLibs: /usr/lib/aarch64-linux-gnu/libpython3.10.so (found suitable version "3.10.12", minimum required is "3.5") 
-- Using PYTHON_EXECUTABLE: /usr/bin/python3
-- Using PYTHON_INCLUDE_DIRS: /usr/include/python3.10
-- Using PYTHON_LIBRARIES: /usr/lib/aarch64-linux-gnu/libpython3.10.so
-- Found PythonExtra: .so  
-- Found ament_lint_auto: 0.12.14 (/opt/ros/humble/share/ament_lint_auto/cmake)
-- Added test 'copyright' to check source files copyright and LICENSE
-- Added test 'lint_cmake' to check CMake code style
-- Added test 'xmllint' to check XML markup files
-- Configuring done
-- Generating done
-- Build files have been written to: /home/spider/ws/build/i2c_pwm_board_msgs
[  1%] [34m[1mGenerating C code for ROS interfaces[0m
[  1%] [34m[1mGenerating C++ code for ROS interfaces[0m
[  1%] Built target ament_cmake_python_symlink_i2c_pwm_board_msgs
running egg_info
creating i2c_pwm_board_msgs.egg-info
writing i2c_pwm_board_msgs.egg-info/PKG-INFO
writing dependency_links to i2c_pwm_board_msgs.egg-info/dependency_links.txt
writing top-level names to i2c_pwm_board_msgs.egg-info/top_level.txt
writing manifest file 'i2c_pwm_board_msgs.egg-info/SOURCES.txt'
reading manifest file 'i2c_pwm_board_msgs.egg-info/SOURCES.txt'
writing manifest file 'i2c_pwm_board_msgs.egg-info/SOURCES.txt'
[  1%] Built target ament_cmake_python_build_i2c_pwm_board_msgs_egg
[  1%] Built target i2c_pwm_board_msgs__cpp
[  2%] [34m[1mGenerating C++ type support dispatch for ROS interfaces[0m
[  3%] [34m[1mGenerating C++ type support for eProsima Fast-RTPS[0m
[  4%] [34m[1mGenerating C++ introspection for ROS interfaces[0m
[  5%] [32mBuilding C object CMakeFiles/i2c_pwm_board_msgs__rosidl_generator_c.dir/rosidl_generator_c/i2c_pwm_board_msgs/msg/detail/position__functions.c.o[0m
[  6%] [32mBuilding C object CMakeFiles/i2c_pwm_board_msgs__rosidl_generator_c.dir/rosidl_generator_c/i2c_pwm_board_msgs/msg/detail/position_array__functions.c.o[0m
[  7%] [32mBuilding C object CMakeFiles/i2c_pwm_board_msgs__rosidl_generator_c.dir/rosidl_generator_c/i2c_pwm_board_msgs/msg/detail/servo__functions.c.o[0m
[  8%] [32mBuilding C object CMakeFiles/i2c_pwm_board_msgs__rosidl_generator_c.dir/rosidl_generator_c/i2c_pwm_board_msgs/msg/detail/servo_array__functions.c.o[0m
[  9%] [32mBuilding C object CMakeFiles/i2c_pwm_board_msgs__rosidl_generator_c.dir/rosidl_generator_c/i2c_pwm_board_msgs/msg/detail/servo_config__functions.c.o[0m
[ 10%] [32mBuilding C object CMakeFiles/i2c_pwm_board_msgs__rosidl_generator_c.dir/rosidl_generator_c/i2c_pwm_board_msgs/msg/detail/servo_config_array__functions.c.o[0m
[ 11%] [32mBuilding C object CMakeFiles/i2c_pwm_board_msgs__rosidl_generator_c.dir/rosidl_generator_c/i2c_pwm_board_msgs/srv/detail/drive_mode__functions.c.o[0m
[ 12%] [32mBuilding C object CMakeFiles/i2c_pwm_board_msgs__rosidl_generator_c.dir/rosidl_generator_c/i2c_pwm_board_msgs/srv/detail/int_value__functions.c.o[0m
[ 13%] [32mBuilding C object CMakeFiles/i2c_pwm_board_msgs__rosidl_generator_c.dir/rosidl_generator_c/i2c_pwm_board_msgs/srv/detail/servos_config__functions.c.o[0m
[ 14%] [32mBuilding C object CMakeFiles/i2c_pwm_board_msgs__rosidl_generator_c.dir/rosidl_generator_c/i2c_pwm_board_msgs/srv/detail/stop_servos__functions.c.o[0m
[ 15%] [32m[1mLinking C shared library libi2c_pwm_board_msgs__rosidl_generator_c.so[0m
[ 15%] Built target i2c_pwm_board_msgs__rosidl_generator_c
[ 16%] [32mBuilding CXX object CMakeFiles/i2c_pwm_board_msgs__rosidl_typesupport_cpp.dir/rosidl_typesupport_cpp/i2c_pwm_board_msgs/msg/position__type_support.cpp.o[0m
[ 17%] [34m[1mGenerating C type support for eProsima Fast-RTPS[0m
[ 18%] [32mBuilding CXX object CMakeFiles/i2c_pwm_board_msgs__rosidl_typesupport_introspection_cpp.dir/rosidl_typesupport_introspection_cpp/i2c_pwm_board_msgs/msg/detail/position__type_support.cpp.o[0m
[ 19%] [32mBuilding CXX object CMakeFiles/i2c_pwm_board_msgs__rosidl_typesupport_cpp.dir/rosidl_typesupport_cpp/i2c_pwm_board_msgs/msg/position_array__type_support.cpp.o[0m
[ 20%] [32mBuilding CXX object CMakeFiles/i2c_pwm_board_msgs__rosidl_typesupport_fastrtps_cpp.dir/rosidl_typesupport_fastrtps_cpp/i2c_pwm_board_msgs/msg/detail/dds_fastrtps/position__type_support.cpp.o[0m
[ 21%] [32mBuilding CXX object CMakeFiles/i2c_pwm_board_msgs__rosidl_typesupport_introspection_cpp.dir/rosidl_typesupport_introspection_cpp/i2c_pwm_board_msgs/msg/detail/position_array__type_support.cpp.o[0m
[ 22%] [32mBuilding CXX object CMakeFiles/i2c_pwm_board_msgs__rosidl_typesupport_cpp.dir/rosidl_typesupport_cpp/i2c_pwm_board_msgs/msg/servo__type_support.cpp.o[0m
[ 23%] [32mBuilding CXX object CMakeFiles/i2c_pwm_board_msgs__rosidl_typesupport_fastrtps_cpp.dir/rosidl_typesupport_fastrtps_cpp/i2c_pwm_board_msgs/msg/detail/dds_fastrtps/position_array__type_support.cpp.o[0m
[ 24%] [32mBuilding CXX object CMakeFiles/i2c_pwm_board_msgs__rosidl_typesupport_cpp.dir/rosidl_typesupport_cpp/i2c_pwm_board_msgs/msg/servo_array__type_support.cpp.o[0m
[ 25%] [32mBuilding CXX object CMakeFiles/i2c_pwm_board_msgs__rosidl_typesupport_fastrtps_c.dir/rosidl_typesupport_fastrtps_c/i2c_pwm_board_msgs/msg/detail/position__type_support_c.cpp.o[0m
[ 26%] [32mBuilding CXX object CMakeFiles/i2c_pwm_board_msgs__rosidl_typesupport_introspection_cpp.dir/rosidl_typesupport_introspection_cpp/i2c_pwm_board_msgs/msg/detail/servo__type_support.cpp.o[0m
[ 26%] [32mBuilding CXX object CMakeFiles/i2c_pwm_board_msgs__rosidl_typesupport_fastrtps_cpp.dir/rosidl_typesupport_fastrtps_cpp/i2c_pwm_board_msgs/msg/detail/dds_fastrtps/servo__type_support.cpp.o[0m
[ 27%] [32mBuilding CXX object CMakeFiles/i2c_pwm_board_msgs__rosidl_typesupport_cpp.dir/rosidl_typesupport_cpp/i2c_pwm_board_msgs/msg/servo_config__type_support.cpp.o[0m
[ 28%] [32mBuilding CXX object CMakeFiles/i2c_pwm_board_msgs__rosidl_typesupport_fastrtps_c.dir/rosidl_typesupport_fastrtps_c/i2c_pwm_board_msgs/msg/detail/position_array__type_support_c.cpp.o[0m
[ 29%] [32mBuilding CXX object CMakeFiles/i2c_pwm_board_msgs__rosidl_typesupport_introspection_cpp.dir/rosidl_typesupport_introspection_cpp/i2c_pwm_board_msgs/msg/detail/servo_array__type_support.cpp.o[0m
[ 30%] [32mBuilding CXX object CMakeFiles/i2c_pwm_board_msgs__rosidl_typesupport_cpp.dir/rosidl_typesupport_cpp/i2c_pwm_board_msgs/msg/servo_config_array__type_support.cpp.o[0m
[ 31%] [32mBuilding CXX object CMakeFiles/i2c_pwm_board_msgs__rosidl_typesupport_fastrtps_c.dir/rosidl_typesupport_fastrtps_c/i2c_pwm_board_msgs/msg/detail/servo__type_support_c.cpp.o[0m
[ 32%] [32mBuilding CXX object CMakeFiles/i2c_pwm_board_msgs__rosidl_typesupport_fastrtps_cpp.dir/rosidl_typesupport_fastrtps_cpp/i2c_pwm_board_msgs/msg/detail/dds_fastrtps/servo_array__type_support.cpp.o[0m
[ 33%] [32mBuilding CXX object CMakeFiles/i2c_pwm_board_msgs__rosidl_typesupport_introspection_cpp.dir/rosidl_typesupport_introspection_cpp/i2c_pwm_board_msgs/msg/detail/servo_config__type_support.cpp.o[0m
[ 34%] [32mBuilding CXX object CMakeFiles/i2c_pwm_board_msgs__rosidl_typesupport_cpp.dir/rosidl_typesupport_cpp/i2c_pwm_board_msgs/srv/drive_mode__type_support.cpp.o[0m
[ 35%] [32mBuilding CXX object CMakeFiles/i2c_pwm_board_msgs__rosidl_typesupport_fastrtps_c.dir/rosidl_typesupport_fastrtps_c/i2c_pwm_board_msgs/msg/detail/servo_array__type_support_c.cpp.o[0m
[ 36%] [32mBuilding CXX object CMakeFiles/i2c_pwm_board_msgs__rosidl_typesupport_fastrtps_cpp.dir/rosidl_typesupport_fastrtps_cpp/i2c_pwm_board_msgs/msg/detail/dds_fastrtps/servo_config__type_support.cpp.o[0m
[ 37%] [32mBuilding CXX object CMakeFiles/i2c_pwm_board_msgs__rosidl_typesupport_cpp.dir/rosidl_typesupport_cpp/i2c_pwm_board_msgs/srv/int_value__type_support.cpp.o[0m
[ 38%] [32mBuilding CXX object CMakeFiles/i2c_pwm_board_msgs__rosidl_typesupport_introspection_cpp.dir/rosidl_typesupport_introspection_cpp/i2c_pwm_board_msgs/msg/detail/servo_config_array__type_support.cpp.o[0m
[ 39%] [32mBuilding CXX object CMakeFiles/i2c_pwm_board_msgs__rosidl_typesupport_fastrtps_c.dir/rosidl_typesupport_fastrtps_c/i2c_pwm_board_msgs/msg/detail/servo_config__type_support_c.cpp.o[0m
[ 40%] [32mBuilding CXX object CMakeFiles/i2c_pwm_board_msgs__rosidl_typesupport_cpp.dir/rosidl_typesupport_cpp/i2c_pwm_board_msgs/srv/servos_config__type_support.cpp.o[0m
[ 41%] [32mBuilding CXX object CMakeFiles/i2c_pwm_board_msgs__rosidl_typesupport_fastrtps_cpp.dir/rosidl_typesupport_fastrtps_cpp/i2c_pwm_board_msgs/msg/detail/dds_fastrtps/servo_config_array__type_support.cpp.o[0m
[ 42%] [32mBuilding CXX object CMakeFiles/i2c_pwm_board_msgs__rosidl_typesupport_introspection_cpp.dir/rosidl_typesupport_introspection_cpp/i2c_pwm_board_msgs/srv/detail/drive_mode__type_support.cpp.o[0m
[ 43%] [32mBuilding CXX object CMakeFiles/i2c_pwm_board_msgs__rosidl_typesupport_fastrtps_c.dir/rosidl_typesupport_fastrtps_c/i2c_pwm_board_msgs/msg/detail/servo_config_array__type_support_c.cpp.o[0m
[ 44%] [32mBuilding CXX object CMakeFiles/i2c_pwm_board_msgs__rosidl_typesupport_cpp.dir/rosidl_typesupport_cpp/i2c_pwm_board_msgs/srv/stop_servos__type_support.cpp.o[0m
[ 45%] [32mBuilding CXX object CMakeFiles/i2c_pwm_board_msgs__rosidl_typesupport_fastrtps_cpp.dir/rosidl_typesupport_fastrtps_cpp/i2c_pwm_board_msgs/srv/detail/dds_fastrtps/drive_mode__type_support.cpp.o[0m
[ 46%] [32m[1mLinking CXX shared library libi2c_pwm_board_msgs__rosidl_typesupport_cpp.so[0m
[ 46%] Built target i2c_pwm_board_msgs__rosidl_typesupport_cpp
[ 47%] [32mBuilding CXX object CMakeFiles/i2c_pwm_board_msgs__rosidl_typesupport_fastrtps_cpp.dir/rosidl_typesupport_fastrtps_cpp/i2c_pwm_board_msgs/srv/detail/dds_fastrtps/int_value__type_support.cpp.o[0m
[ 48%] [32mBuilding CXX object CMakeFiles/i2c_pwm_board_msgs__rosidl_typesupport_introspection_cpp.dir/rosidl_typesupport_introspection_cpp/i2c_pwm_board_msgs/srv/detail/int_value__type_support.cpp.o[0m
[ 49%] [32mBuilding CXX object CMakeFiles/i2c_pwm_board_msgs__rosidl_typesupport_fastrtps_c.dir/rosidl_typesupport_fastrtps_c/i2c_pwm_board_msgs/srv/detail/drive_mode__type_support_c.cpp.o[0m
[ 50%] [32mBuilding CXX object CMakeFiles/i2c_pwm_board_msgs__rosidl_typesupport_introspection_cpp.dir/rosidl_typesupport_introspection_cpp/i2c_pwm_board_msgs/srv/detail/servos_config__type_support.cpp.o[0m
[ 51%] [32mBuilding CXX object CMakeFiles/i2c_pwm_board_msgs__rosidl_typesupport_fastrtps_cpp.dir/rosidl_typesupport_fastrtps_cpp/i2c_pwm_board_msgs/srv/detail/dds_fastrtps/servos_config__type_support.cpp.o[0m
[ 52%] [32mBuilding CXX object CMakeFiles/i2c_pwm_board_msgs__rosidl_typesupport_introspection_cpp.dir/rosidl_typesupport_introspection_cpp/i2c_pwm_board_msgs/srv/detail/stop_servos__type_support.cpp.o[0m
[ 53%] [32mBuilding CXX object CMakeFiles/i2c_pwm_board_msgs__rosidl_typesupport_fastrtps_c.dir/rosidl_typesupport_fastrtps_c/i2c_pwm_board_msgs/srv/detail/int_value__type_support_c.cpp.o[0m
[ 54%] [32mBuilding CXX object CMakeFiles/i2c_pwm_board_msgs__rosidl_typesupport_fastrtps_c.dir/rosidl_typesupport_fastrtps_c/i2c_pwm_board_msgs/srv/detail/servos_config__type_support_c.cpp.o[0m
[ 55%] [32mBuilding CXX object CMakeFiles/i2c_pwm_board_msgs__rosidl_typesupport_fastrtps_c.dir/rosidl_typesupport_fastrtps_c/i2c_pwm_board_msgs/srv/detail/stop_servos__type_support_c.cpp.o[0m
[ 56%] [32m[1mLinking CXX shared library libi2c_pwm_board_msgs__rosidl_typesupport_introspection_cpp.so[0m
[ 57%] [32mBuilding CXX object CMakeFiles/i2c_pwm_board_msgs__rosidl_typesupport_fastrtps_cpp.dir/rosidl_typesupport_fastrtps_cpp/i2c_pwm_board_msgs/srv/detail/dds_fastrtps/stop_servos__type_support.cpp.o[0m
[ 57%] Built target i2c_pwm_board_msgs__rosidl_typesupport_introspection_cpp
[ 58%] [34m[1mGenerating C introspection for ROS interfaces[0m
[ 59%] [34m[1mGenerating C type support dispatch for ROS interfaces[0m
[ 60%] [32m[1mLinking CXX shared library libi2c_pwm_board_msgs__rosidl_typesupport_fastrtps_c.so[0m
[ 60%] Built target i2c_pwm_board_msgs__rosidl_typesupport_fastrtps_c
[ 61%] [32m[1mLinking CXX shared library libi2c_pwm_board_msgs__rosidl_typesupport_fastrtps_cpp.so[0m
[ 61%] Built target i2c_pwm_board_msgs__rosidl_typesupport_fastrtps_cpp
[ 62%] [32mBuilding CXX object CMakeFiles/i2c_pwm_board_msgs__rosidl_typesupport_c.dir/rosidl_typesupport_c/i2c_pwm_board_msgs/msg/position__type_support.cpp.o[0m
[ 63%] [32mBuilding CXX object CMakeFiles/i2c_pwm_board_msgs__rosidl_typesupport_c.dir/rosidl_typesupport_c/i2c_pwm_board_msgs/msg/servo__type_support.cpp.o[0m
[ 64%] [32mBuilding CXX object CMakeFiles/i2c_pwm_board_msgs__rosidl_typesupport_c.dir/rosidl_typesupport_c/i2c_pwm_board_msgs/msg/position_array__type_support.cpp.o[0m
[ 65%] [32mBuilding CXX object CMakeFiles/i2c_pwm_board_msgs__rosidl_typesupport_c.dir/rosidl_typesupport_c/i2c_pwm_board_msgs/msg/servo_array__type_support.cpp.o[0m
[ 66%] [32mBuilding CXX object CMakeFiles/i2c_pwm_board_msgs__rosidl_typesupport_c.dir/rosidl_typesupport_c/i2c_pwm_board_msgs/msg/servo_config__type_support.cpp.o[0m
[ 67%] [32mBuilding CXX object CMakeFiles/i2c_pwm_board_msgs__rosidl_typesupport_c.dir/rosidl_typesupport_c/i2c_pwm_board_msgs/msg/servo_config_array__type_support.cpp.o[0m
[ 68%] [32mBuilding CXX object CMakeFiles/i2c_pwm_board_msgs__rosidl_typesupport_c.dir/rosidl_typesupport_c/i2c_pwm_board_msgs/srv/drive_mode__type_support.cpp.o[0m
[ 69%] [32mBuilding CXX object CMakeFiles/i2c_pwm_board_msgs__rosidl_typesupport_c.dir/rosidl_typesupport_c/i2c_pwm_board_msgs/srv/int_value__type_support.cpp.o[0m
[ 69%] [32mBuilding CXX object CMakeFiles/i2c_pwm_board_msgs__rosidl_typesupport_c.dir/rosidl_typesupport_c/i2c_pwm_board_msgs/srv/servos_config__type_support.cpp.o[0m
[ 70%] [32mBuilding C object CMakeFiles/i2c_pwm_board_msgs__rosidl_typesupport_introspection_c.dir/rosidl_typesupport_introspection_c/i2c_pwm_board_msgs/msg/detail/position__type_support.c.o[0m
[ 71%] [32mBuilding C object CMakeFiles/i2c_pwm_board_msgs__rosidl_typesupport_introspection_c.dir/rosidl_typesupport_introspection_c/i2c_pwm_board_msgs/msg/detail/position_array__type_support.c.o[0m
[ 72%] [32mBuilding C object CMakeFiles/i2c_pwm_board_msgs__rosidl_typesupport_introspection_c.dir/rosidl_typesupport_introspection_c/i2c_pwm_board_msgs/msg/detail/servo__type_support.c.o[0m
[ 73%] [32mBuilding CXX object CMakeFiles/i2c_pwm_board_msgs__rosidl_typesupport_c.dir/rosidl_typesupport_c/i2c_pwm_board_msgs/srv/stop_servos__type_support.cpp.o[0m
[ 74%] [32m[1mLinking CXX shared library libi2c_pwm_board_msgs__rosidl_typesupport_c.so[0m
[ 74%] Built target i2c_pwm_board_msgs__rosidl_typesupport_c
[ 75%] [32mBuilding C object CMakeFiles/i2c_pwm_board_msgs__rosidl_typesupport_introspection_c.dir/rosidl_typesupport_introspection_c/i2c_pwm_board_msgs/msg/detail/servo_array__type_support.c.o[0m
[ 76%] [32mBuilding C object CMakeFiles/i2c_pwm_board_msgs__rosidl_typesupport_introspection_c.dir/rosidl_typesupport_introspection_c/i2c_pwm_board_msgs/msg/detail/servo_config__type_support.c.o[0m
[ 77%] [32mBuilding C object CMakeFiles/i2c_pwm_board_msgs__rosidl_typesupport_introspection_c.dir/rosidl_typesupport_introspection_c/i2c_pwm_board_msgs/msg/detail/servo_config_array__type_support.c.o[0m
[ 78%] [32mBuilding C object CMakeFiles/i2c_pwm_board_msgs__rosidl_typesupport_introspection_c.dir/rosidl_typesupport_introspection_c/i2c_pwm_board_msgs/srv/detail/drive_mode__type_support.c.o[0m
[ 79%] [32mBuilding C object CMakeFiles/i2c_pwm_board_msgs__rosidl_typesupport_introspection_c.dir/rosidl_typesupport_introspection_c/i2c_pwm_board_msgs/srv/detail/int_value__type_support.c.o[0m
[ 80%] [32mBuilding C object CMakeFiles/i2c_pwm_board_msgs__rosidl_typesupport_introspection_c.dir/rosidl_typesupport_introspection_c/i2c_pwm_board_msgs/srv/detail/servos_config__type_support.c.o[0m
[ 81%] [32mBuilding C object CMakeFiles/i2c_pwm_board_msgs__rosidl_typesupport_introspection_c.dir/rosidl_typesupport_introspection_c/i2c_pwm_board_msgs/srv/detail/stop_servos__type_support.c.o[0m
[ 82%] [32m[1mLinking C shared library libi2c_pwm_board_msgs__rosidl_typesupport_introspection_c.so[0m
[ 82%] Built target i2c_pwm_board_msgs__rosidl_typesupport_introspection_c
[ 82%] Built target i2c_pwm_board_msgs
[ 83%] [34m[1mGenerating Python code for ROS interfaces[0m
[ 83%] Built target i2c_pwm_board_msgs__py
[ 84%] [32mBuilding C object CMakeFiles/i2c_pwm_board_msgs__rosidl_generator_py.dir/rosidl_generator_py/i2c_pwm_board_msgs/msg/_position_array_s.c.o[0m
[ 85%] [32mBuilding C object CMakeFiles/i2c_pwm_board_msgs__rosidl_generator_py.dir/rosidl_generator_py/i2c_pwm_board_msgs/msg/_position_s.c.o[0m
[ 86%] [32mBuilding C object CMakeFiles/i2c_pwm_board_msgs__rosidl_generator_py.dir/rosidl_generator_py/i2c_pwm_board_msgs/msg/_servo_s.c.o[0m
[ 87%] [32mBuilding C object CMakeFiles/i2c_pwm_board_msgs__rosidl_generator_py.dir/rosidl_generator_py/i2c_pwm_board_msgs/msg/_servo_array_s.c.o[0m
[ 89%] [32mBuilding C object CMakeFiles/i2c_pwm_board_msgs__rosidl_generator_py.dir/rosidl_generator_py/i2c_pwm_board_msgs/msg/_servo_config_array_s.c.o[0m
[ 89%] [32mBuilding C object CMakeFiles/i2c_pwm_board_msgs__rosidl_generator_py.dir/rosidl_generator_py/i2c_pwm_board_msgs/msg/_servo_config_s.c.o[0m
[ 90%] [32mBuilding C object CMakeFiles/i2c_pwm_board_msgs__rosidl_generator_py.dir/rosidl_generator_py/i2c_pwm_board_msgs/srv/_drive_mode_s.c.o[0m
[ 91%] [32mBuilding C object CMakeFiles/i2c_pwm_board_msgs__rosidl_generator_py.dir/rosidl_generator_py/i2c_pwm_board_msgs/srv/_int_value_s.c.o[0m
[ 92%] [32mBuilding C object CMakeFiles/i2c_pwm_board_msgs__rosidl_generator_py.dir/rosidl_generator_py/i2c_pwm_board_msgs/srv/_servos_config_s.c.o[0m
[ 93%] [32mBuilding C object CMakeFiles/i2c_pwm_board_msgs__rosidl_generator_py.dir/rosidl_generator_py/i2c_pwm_board_msgs/srv/_stop_servos_s.c.o[0m
[ 94%] [32m[1mLinking C shared library rosidl_generator_py/i2c_pwm_board_msgs/libi2c_pwm_board_msgs__rosidl_generator_py.so[0m
[ 94%] Built target i2c_pwm_board_msgs__rosidl_generator_py
[ 95%] [32mBuilding C object CMakeFiles/i2c_pwm_board_msgs__rosidl_typesupport_fastrtps_c__pyext.dir/rosidl_generator_py/i2c_pwm_board_msgs/_i2c_pwm_board_msgs_s.ep.rosidl_typesupport_fastrtps_c.c.o[0m
[ 96%] [32mBuilding C object CMakeFiles/i2c_pwm_board_msgs__rosidl_typesupport_introspection_c__pyext.dir/rosidl_generator_py/i2c_pwm_board_msgs/_i2c_pwm_board_msgs_s.ep.rosidl_typesupport_introspection_c.c.o[0m
[ 97%] [32mBuilding C object CMakeFiles/i2c_pwm_board_msgs__rosidl_typesupport_c__pyext.dir/rosidl_generator_py/i2c_pwm_board_msgs/_i2c_pwm_board_msgs_s.ep.rosidl_typesupport_c.c.o[0m
[ 98%] [32m[1mLinking C shared library rosidl_generator_py/i2c_pwm_board_msgs/i2c_pwm_board_msgs_s__rosidl_typesupport_c.cpython-310-aarch64-linux-gnu.so[0m
[ 99%] [32m[1mLinking C shared library rosidl_generator_py/i2c_pwm_board_msgs/i2c_pwm_board_msgs_s__rosidl_typesupport_introspection_c.cpython-310-aarch64-linux-gnu.so[0m
[100%] [32m[1mLinking C shared library rosidl_generator_py/i2c_pwm_board_msgs/i2c_pwm_board_msgs_s__rosidl_typesupport_fastrtps_c.cpython-310-aarch64-linux-gnu.so[0m
[100%] Built target i2c_pwm_board_msgs__rosidl_typesupport_c__pyext
[100%] Built target i2c_pwm_board_msgs__rosidl_typesupport_introspection_c__pyext
[100%] Built target i2c_pwm_board_msgs__rosidl_typesupport_fastrtps_c__pyext
-- Install configuration: ""
-- Execute custom install script
-- Symlinking: /home/spider/ws/install/i2c_pwm_board_msgs/share/ament_index/resource_index/rosidl_interfaces/i2c_pwm_board_msgs
-- Symlinking: /home/spider/ws/install/i2c_pwm_board_msgs/include/i2c_pwm_board_msgs/i2c_pwm_board_msgs/msg/detail/position__functions.h
-- Symlinking: /home/spider/ws/install/i2c_pwm_board_msgs/include/i2c_pwm_board_msgs/i2c_pwm_board_msgs/msg/detail/position__struct.h
-- Symlinking: /home/spider/ws/install/i2c_pwm_board_msgs/include/i2c_pwm_board_msgs/i2c_pwm_board_msgs/msg/detail/position__type_support.h
-- Symlinking: /home/spider/ws/install/i2c_pwm_board_msgs/include/i2c_pwm_board_msgs/i2c_pwm_board_msgs/msg/detail/position_array__functions.h
-- Symlinking: /home/spider/ws/install/i2c_pwm_board_msgs/include/i2c_pwm_board_msgs/i2c_pwm_board_msgs/msg/detail/position_array__struct.h
-- Symlinking: /home/spider/ws/install/i2c_pwm_board_msgs/include/i2c_pwm_board_msgs/i2c_pwm_board_msgs/msg/detail/position_array__type_support.h
-- Symlinking: /home/spider/ws/install/i2c_pwm_board_msgs/include/i2c_pwm_board_msgs/i2c_pwm_board_msgs/msg/detail/servo__functions.h
-- Symlinking: /home/spider/ws/install/i2c_pwm_board_msgs/include/i2c_pwm_board_msgs/i2c_pwm_board_msgs/msg/detail/servo__struct.h
-- Symlinking: /home/spider/ws/install/i2c_pwm_board_msgs/include/i2c_pwm_board_msgs/i2c_pwm_board_msgs/msg/detail/servo__type_support.h
-- Symlinking: /home/spider/ws/install/i2c_pwm_board_msgs/include/i2c_pwm_board_msgs/i2c_pwm_board_msgs/msg/detail/servo_array__functions.h
-- Symlinking: /home/spider/ws/install/i2c_pwm_board_msgs/include/i2c_pwm_board_msgs/i2c_pwm_board_msgs/msg/detail/servo_array__struct.h
-- Symlinking: /home/spider/ws/install/i2c_pwm_board_msgs/include/i2c_pwm_board_msgs/i2c_pwm_board_msgs/msg/detail/servo_array__type_support.h
-- Symlinking: /home/spider/ws/install/i2c_pwm_board_msgs/include/i2c_pwm_board_msgs/i2c_pwm_board_msgs/msg/detail/servo_config__functions.h
-- Symlinking: /home/spider/ws/install/i2c_pwm_board_msgs/include/i2c_pwm_board_msgs/i2c_pwm_board_msgs/msg/detail/servo_config__struct.h
-- Symlinking: /home/spider/ws/install/i2c_pwm_board_msgs/include/i2c_pwm_board_msgs/i2c_pwm_board_msgs/msg/detail/servo_config__type_support.h
-- Symlinking: /home/spider/ws/install/i2c_pwm_board_msgs/include/i2c_pwm_board_msgs/i2c_pwm_board_msgs/msg/detail/servo_config_array__functions.h
-- Symlinking: /home/spider/ws/install/i2c_pwm_board_msgs/include/i2c_pwm_board_msgs/i2c_pwm_board_msgs/msg/detail/servo_config_array__struct.h
-- Symlinking: /home/spider/ws/install/i2c_pwm_board_msgs/include/i2c_pwm_board_msgs/i2c_pwm_board_msgs/msg/detail/servo_config_array__type_support.h
-- Symlinking: /home/spider/ws/install/i2c_pwm_board_msgs/include/i2c_pwm_board_msgs/i2c_pwm_board_msgs/msg/position.h
-- Symlinking: /home/spider/ws/install/i2c_pwm_board_msgs/include/i2c_pwm_board_msgs/i2c_pwm_board_msgs/msg/position_array.h
-- Symlinking: /home/spider/ws/install/i2c_pwm_board_msgs/include/i2c_pwm_board_msgs/i2c_pwm_board_msgs/msg/rosidl_generator_c__visibility_control.h
-- Symlinking: /home/spider/ws/install/i2c_pwm_board_msgs/include/i2c_pwm_board_msgs/i2c_pwm_board_msgs/msg/servo.h
-- Symlinking: /home/spider/ws/install/i2c_pwm_board_msgs/include/i2c_pwm_board_msgs/i2c_pwm_board_msgs/msg/servo_array.h
-- Symlinking: /home/spider/ws/install/i2c_pwm_board_msgs/include/i2c_pwm_board_msgs/i2c_pwm_board_msgs/msg/servo_config.h
-- Symlinking: /home/spider/ws/install/i2c_pwm_board_msgs/include/i2c_pwm_board_msgs/i2c_pwm_board_msgs/msg/servo_config_array.h
-- Symlinking: /home/spider/ws/install/i2c_pwm_board_msgs/include/i2c_pwm_board_msgs/i2c_pwm_board_msgs/srv/detail/drive_mode__functions.h
-- Symlinking: /home/spider/ws/install/i2c_pwm_board_msgs/include/i2c_pwm_board_msgs/i2c_pwm_board_msgs/srv/detail/drive_mode__struct.h
-- Symlinking: /home/spider/ws/install/i2c_pwm_board_msgs/include/i2c_pwm_board_msgs/i2c_pwm_board_msgs/srv/detail/drive_mode__type_support.h
-- Symlinking: /home/spider/ws/install/i2c_pwm_board_msgs/include/i2c_pwm_board_msgs/i2c_pwm_board_msgs/srv/detail/int_value__functions.h
-- Symlinking: /home/spider/ws/install/i2c_pwm_board_msgs/include/i2c_pwm_board_msgs/i2c_pwm_board_msgs/srv/detail/int_value__struct.h
-- Symlinking: /home/spider/ws/install/i2c_pwm_board_msgs/include/i2c_pwm_board_msgs/i2c_pwm_board_msgs/srv/detail/int_value__type_support.h
-- Symlinking: /home/spider/ws/install/i2c_pwm_board_msgs/include/i2c_pwm_board_msgs/i2c_pwm_board_msgs/srv/detail/servos_config__functions.h
-- Symlinking: /home/spider/ws/install/i2c_pwm_board_msgs/include/i2c_pwm_board_msgs/i2c_pwm_board_msgs/srv/detail/servos_config__struct.h
-- Symlinking: /home/spider/ws/install/i2c_pwm_board_msgs/include/i2c_pwm_board_msgs/i2c_pwm_board_msgs/srv/detail/servos_config__type_support.h
-- Symlinking: /home/spider/ws/install/i2c_pwm_board_msgs/include/i2c_pwm_board_msgs/i2c_pwm_board_msgs/srv/detail/stop_servos__functions.h
-- Symlinking: /home/spider/ws/install/i2c_pwm_board_msgs/include/i2c_pwm_board_msgs/i2c_pwm_board_msgs/srv/detail/stop_servos__struct.h
-- Symlinking: /home/spider/ws/install/i2c_pwm_board_msgs/include/i2c_pwm_board_msgs/i2c_pwm_board_msgs/srv/detail/stop_servos__type_support.h
-- Symlinking: /home/spider/ws/install/i2c_pwm_board_msgs/include/i2c_pwm_board_msgs/i2c_pwm_board_msgs/srv/drive_mode.h
-- Symlinking: /home/spider/ws/install/i2c_pwm_board_msgs/include/i2c_pwm_board_msgs/i2c_pwm_board_msgs/srv/int_value.h
-- Symlinking: /home/spider/ws/install/i2c_pwm_board_msgs/include/i2c_pwm_board_msgs/i2c_pwm_board_msgs/srv/servos_config.h
-- Symlinking: /home/spider/ws/install/i2c_pwm_board_msgs/include/i2c_pwm_board_msgs/i2c_pwm_board_msgs/srv/stop_servos.h
-- Symlinking: /home/spider/ws/install/i2c_pwm_board_msgs/share/i2c_pwm_board_msgs/environment/library_path.sh
-- Symlinking: /home/spider/ws/install/i2c_pwm_board_msgs/share/i2c_pwm_board_msgs/environment/library_path.dsv
-- Symlinking: /home/spider/ws/install/i2c_pwm_board_msgs/include/i2c_pwm_board_msgs/i2c_pwm_board_msgs/msg/detail/position__rosidl_typesupport_fastrtps_c.h
-- Symlinking: /home/spider/ws/install/i2c_pwm_board_msgs/include/i2c_pwm_board_msgs/i2c_pwm_board_msgs/msg/detail/position_array__rosidl_typesupport_fastrtps_c.h
-- Symlinking: /home/spider/ws/install/i2c_pwm_board_msgs/include/i2c_pwm_board_msgs/i2c_pwm_board_msgs/msg/detail/servo__rosidl_typesupport_fastrtps_c.h
-- Symlinking: /home/spider/ws/install/i2c_pwm_board_msgs/include/i2c_pwm_board_msgs/i2c_pwm_board_msgs/msg/detail/servo_array__rosidl_typesupport_fastrtps_c.h
-- Symlinking: /home/spider/ws/install/i2c_pwm_board_msgs/include/i2c_pwm_board_msgs/i2c_pwm_board_msgs/msg/detail/servo_config__rosidl_typesupport_fastrtps_c.h
-- Symlinking: /home/spider/ws/install/i2c_pwm_board_msgs/include/i2c_pwm_board_msgs/i2c_pwm_board_msgs/msg/detail/servo_config_array__rosidl_typesupport_fastrtps_c.h
-- Symlinking: /home/spider/ws/install/i2c_pwm_board_msgs/include/i2c_pwm_board_msgs/i2c_pwm_board_msgs/msg/rosidl_typesupport_fastrtps_c__visibility_control.h
-- Symlinking: /home/spider/ws/install/i2c_pwm_board_msgs/include/i2c_pwm_board_msgs/i2c_pwm_board_msgs/srv/detail/drive_mode__rosidl_typesupport_fastrtps_c.h
-- Symlinking: /home/spider/ws/install/i2c_pwm_board_msgs/include/i2c_pwm_board_msgs/i2c_pwm_board_msgs/srv/detail/int_value__rosidl_typesupport_fastrtps_c.h
-- Symlinking: /home/spider/ws/install/i2c_pwm_board_msgs/include/i2c_pwm_board_msgs/i2c_pwm_board_msgs/srv/detail/servos_config__rosidl_typesupport_fastrtps_c.h
-- Symlinking: /home/spider/ws/install/i2c_pwm_board_msgs/include/i2c_pwm_board_msgs/i2c_pwm_board_msgs/srv/detail/stop_servos__rosidl_typesupport_fastrtps_c.h
-- Symlinking: /home/spider/ws/install/i2c_pwm_board_msgs/include/i2c_pwm_board_msgs/i2c_pwm_board_msgs/msg/detail/position__rosidl_typesupport_introspection_c.h
-- Symlinking: /home/spider/ws/install/i2c_pwm_board_msgs/include/i2c_pwm_board_msgs/i2c_pwm_board_msgs/msg/detail/position_array__rosidl_typesupport_introspection_c.h
-- Symlinking: /home/spider/ws/install/i2c_pwm_board_msgs/include/i2c_pwm_board_msgs/i2c_pwm_board_msgs/msg/detail/servo__rosidl_typesupport_introspection_c.h
-- Symlinking: /home/spider/ws/install/i2c_pwm_board_msgs/include/i2c_pwm_board_msgs/i2c_pwm_board_msgs/msg/detail/servo_array__rosidl_typesupport_introspection_c.h
-- Symlinking: /home/spider/ws/install/i2c_pwm_board_msgs/include/i2c_pwm_board_msgs/i2c_pwm_board_msgs/msg/detail/servo_config__rosidl_typesupport_introspection_c.h
-- Symlinking: /home/spider/ws/install/i2c_pwm_board_msgs/include/i2c_pwm_board_msgs/i2c_pwm_board_msgs/msg/detail/servo_config_array__rosidl_typesupport_introspection_c.h
-- Symlinking: /home/spider/ws/install/i2c_pwm_board_msgs/include/i2c_pwm_board_msgs/i2c_pwm_board_msgs/msg/rosidl_typesupport_introspection_c__visibility_control.h
-- Symlinking: /home/spider/ws/install/i2c_pwm_board_msgs/include/i2c_pwm_board_msgs/i2c_pwm_board_msgs/srv/detail/drive_mode__rosidl_typesupport_introspection_c.h
-- Symlinking: /home/spider/ws/install/i2c_pwm_board_msgs/include/i2c_pwm_board_msgs/i2c_pwm_board_msgs/srv/detail/int_value__rosidl_typesupport_introspection_c.h
-- Symlinking: /home/spider/ws/install/i2c_pwm_board_msgs/include/i2c_pwm_board_msgs/i2c_pwm_board_msgs/srv/detail/servos_config__rosidl_typesupport_introspection_c.h
-- Symlinking: /home/spider/ws/install/i2c_pwm_board_msgs/include/i2c_pwm_board_msgs/i2c_pwm_board_msgs/srv/detail/stop_servos__rosidl_typesupport_introspection_c.h
-- Symlinking: /home/spider/ws/install/i2c_pwm_board_msgs/include/i2c_pwm_board_msgs/i2c_pwm_board_msgs/msg/detail/position__builder.hpp
-- Symlinking: /home/spider/ws/install/i2c_pwm_board_msgs/include/i2c_pwm_board_msgs/i2c_pwm_board_msgs/msg/detail/position__struct.hpp
-- Symlinking: /home/spider/ws/install/i2c_pwm_board_msgs/include/i2c_pwm_board_msgs/i2c_pwm_board_msgs/msg/detail/position__traits.hpp
-- Symlinking: /home/spider/ws/install/i2c_pwm_board_msgs/include/i2c_pwm_board_msgs/i2c_pwm_board_msgs/msg/detail/position__type_support.hpp
-- Symlinking: /home/spider/ws/install/i2c_pwm_board_msgs/include/i2c_pwm_board_msgs/i2c_pwm_board_msgs/msg/detail/position_array__builder.hpp
-- Symlinking: /home/spider/ws/install/i2c_pwm_board_msgs/include/i2c_pwm_board_msgs/i2c_pwm_board_msgs/msg/detail/position_array__struct.hpp
-- Symlinking: /home/spider/ws/install/i2c_pwm_board_msgs/include/i2c_pwm_board_msgs/i2c_pwm_board_msgs/msg/detail/position_array__traits.hpp
-- Symlinking: /home/spider/ws/install/i2c_pwm_board_msgs/include/i2c_pwm_board_msgs/i2c_pwm_board_msgs/msg/detail/position_array__type_support.hpp
-- Symlinking: /home/spider/ws/install/i2c_pwm_board_msgs/include/i2c_pwm_board_msgs/i2c_pwm_board_msgs/msg/detail/servo__builder.hpp
-- Symlinking: /home/spider/ws/install/i2c_pwm_board_msgs/include/i2c_pwm_board_msgs/i2c_pwm_board_msgs/msg/detail/servo__struct.hpp
-- Symlinking: /home/spider/ws/install/i2c_pwm_board_msgs/include/i2c_pwm_board_msgs/i2c_pwm_board_msgs/msg/detail/servo__traits.hpp
-- Symlinking: /home/spider/ws/install/i2c_pwm_board_msgs/include/i2c_pwm_board_msgs/i2c_pwm_board_msgs/msg/detail/servo__type_support.hpp
-- Symlinking: /home/spider/ws/install/i2c_pwm_board_msgs/include/i2c_pwm_board_msgs/i2c_pwm_board_msgs/msg/detail/servo_array__builder.hpp
-- Symlinking: /home/spider/ws/install/i2c_pwm_board_msgs/include/i2c_pwm_board_msgs/i2c_pwm_board_msgs/msg/detail/servo_array__struct.hpp
-- Symlinking: /home/spider/ws/install/i2c_pwm_board_msgs/include/i2c_pwm_board_msgs/i2c_pwm_board_msgs/msg/detail/servo_array__traits.hpp
-- Symlinking: /home/spider/ws/install/i2c_pwm_board_msgs/include/i2c_pwm_board_msgs/i2c_pwm_board_msgs/msg/detail/servo_array__type_support.hpp
-- Symlinking: /home/spider/ws/install/i2c_pwm_board_msgs/include/i2c_pwm_board_msgs/i2c_pwm_board_msgs/msg/detail/servo_config__builder.hpp
-- Symlinking: /home/spider/ws/install/i2c_pwm_board_msgs/include/i2c_pwm_board_msgs/i2c_pwm_board_msgs/msg/detail/servo_config__struct.hpp
-- Symlinking: /home/spider/ws/install/i2c_pwm_board_msgs/include/i2c_pwm_board_msgs/i2c_pwm_board_msgs/msg/detail/servo_config__traits.hpp
-- Symlinking: /home/spider/ws/install/i2c_pwm_board_msgs/include/i2c_pwm_board_msgs/i2c_pwm_board_msgs/msg/detail/servo_config__type_support.hpp
-- Symlinking: /home/spider/ws/install/i2c_pwm_board_msgs/include/i2c_pwm_board_msgs/i2c_pwm_board_msgs/msg/detail/servo_config_array__builder.hpp
-- Symlinking: /home/spider/ws/install/i2c_pwm_board_msgs/include/i2c_pwm_board_msgs/i2c_pwm_board_msgs/msg/detail/servo_config_array__struct.hpp
-- Symlinking: /home/spider/ws/install/i2c_pwm_board_msgs/include/i2c_pwm_board_msgs/i2c_pwm_board_msgs/msg/detail/servo_config_array__traits.hpp
-- Symlinking: /home/spider/ws/install/i2c_pwm_board_msgs/include/i2c_pwm_board_msgs/i2c_pwm_board_msgs/msg/detail/servo_config_array__type_support.hpp
-- Symlinking: /home/spider/ws/install/i2c_pwm_board_msgs/include/i2c_pwm_board_msgs/i2c_pwm_board_msgs/msg/position.hpp
-- Symlinking: /home/spider/ws/install/i2c_pwm_board_msgs/include/i2c_pwm_board_msgs/i2c_pwm_board_msgs/msg/position_array.hpp
-- Symlinking: /home/spider/ws/install/i2c_pwm_board_msgs/include/i2c_pwm_board_msgs/i2c_pwm_board_msgs/msg/rosidl_generator_cpp__visibility_control.hpp
-- Symlinking: /home/spider/ws/install/i2c_pwm_board_msgs/include/i2c_pwm_board_msgs/i2c_pwm_board_msgs/msg/servo.hpp
-- Symlinking: /home/spider/ws/install/i2c_pwm_board_msgs/include/i2c_pwm_board_msgs/i2c_pwm_board_msgs/msg/servo_array.hpp
-- Symlinking: /home/spider/ws/install/i2c_pwm_board_msgs/include/i2c_pwm_board_msgs/i2c_pwm_board_msgs/msg/servo_config.hpp
-- Symlinking: /home/spider/ws/install/i2c_pwm_board_msgs/include/i2c_pwm_board_msgs/i2c_pwm_board_msgs/msg/servo_config_array.hpp
-- Symlinking: /home/spider/ws/install/i2c_pwm_board_msgs/include/i2c_pwm_board_msgs/i2c_pwm_board_msgs/srv/detail/drive_mode__builder.hpp
-- Symlinking: /home/spider/ws/install/i2c_pwm_board_msgs/include/i2c_pwm_board_msgs/i2c_pwm_board_msgs/srv/detail/drive_mode__struct.hpp
-- Symlinking: /home/spider/ws/install/i2c_pwm_board_msgs/include/i2c_pwm_board_msgs/i2c_pwm_board_msgs/srv/detail/drive_mode__traits.hpp
-- Symlinking: /home/spider/ws/install/i2c_pwm_board_msgs/include/i2c_pwm_board_msgs/i2c_pwm_board_msgs/srv/detail/drive_mode__type_support.hpp
-- Symlinking: /home/spider/ws/install/i2c_pwm_board_msgs/include/i2c_pwm_board_msgs/i2c_pwm_board_msgs/srv/detail/int_value__builder.hpp
-- Symlinking: /home/spider/ws/install/i2c_pwm_board_msgs/include/i2c_pwm_board_msgs/i2c_pwm_board_msgs/srv/detail/int_value__struct.hpp
-- Symlinking: /home/spider/ws/install/i2c_pwm_board_msgs/include/i2c_pwm_board_msgs/i2c_pwm_board_msgs/srv/detail/int_value__traits.hpp
-- Symlinking: /home/spider/ws/install/i2c_pwm_board_msgs/include/i2c_pwm_board_msgs/i2c_pwm_board_msgs/srv/detail/int_value__type_support.hpp
-- Symlinking: /home/spider/ws/install/i2c_pwm_board_msgs/include/i2c_pwm_board_msgs/i2c_pwm_board_msgs/srv/detail/servos_config__builder.hpp
-- Symlinking: /home/spider/ws/install/i2c_pwm_board_msgs/include/i2c_pwm_board_msgs/i2c_pwm_board_msgs/srv/detail/servos_config__struct.hpp
-- Symlinking: /home/spider/ws/install/i2c_pwm_board_msgs/include/i2c_pwm_board_msgs/i2c_pwm_board_msgs/srv/detail/servos_config__traits.hpp
-- Symlinking: /home/spider/ws/install/i2c_pwm_board_msgs/include/i2c_pwm_board_msgs/i2c_pwm_board_msgs/srv/detail/servos_config__type_support.hpp
-- Symlinking: /home/spider/ws/install/i2c_pwm_board_msgs/include/i2c_pwm_board_msgs/i2c_pwm_board_msgs/srv/detail/stop_servos__builder.hpp
-- Symlinking: /home/spider/ws/install/i2c_pwm_board_msgs/include/i2c_pwm_board_msgs/i2c_pwm_board_msgs/srv/detail/stop_servos__struct.hpp
-- Symlinking: /home/spider/ws/install/i2c_pwm_board_msgs/include/i2c_pwm_board_msgs/i2c_pwm_board_msgs/srv/detail/stop_servos__traits.hpp
-- Symlinking: /home/spider/ws/install/i2c_pwm_board_msgs/include/i2c_pwm_board_msgs/i2c_pwm_board_msgs/srv/detail/stop_servos__type_support.hpp
-- Symlinking: /home/spider/ws/install/i2c_pwm_board_msgs/include/i2c_pwm_board_msgs/i2c_pwm_board_msgs/srv/drive_mode.hpp
-- Symlinking: /home/spider/ws/install/i2c_pwm_board_msgs/include/i2c_pwm_board_msgs/i2c_pwm_board_msgs/srv/int_value.hpp
-- Symlinking: /home/spider/ws/install/i2c_pwm_board_msgs/include/i2c_pwm_board_msgs/i2c_pwm_board_msgs/srv/servos_config.hpp
-- Symlinking: /home/spider/ws/install/i2c_pwm_board_msgs/include/i2c_pwm_board_msgs/i2c_pwm_board_msgs/srv/stop_servos.hpp
-- Symlinking: /home/spider/ws/install/i2c_pwm_board_msgs/include/i2c_pwm_board_msgs/i2c_pwm_board_msgs/msg/detail/position__rosidl_typesupport_fastrtps_cpp.hpp
-- Symlinking: /home/spider/ws/install/i2c_pwm_board_msgs/include/i2c_pwm_board_msgs/i2c_pwm_board_msgs/msg/detail/position_array__rosidl_typesupport_fastrtps_cpp.hpp
-- Symlinking: /home/spider/ws/install/i2c_pwm_board_msgs/include/i2c_pwm_board_msgs/i2c_pwm_board_msgs/msg/detail/servo__rosidl_typesupport_fastrtps_cpp.hpp
-- Symlinking: /home/spider/ws/install/i2c_pwm_board_msgs/include/i2c_pwm_board_msgs/i2c_pwm_board_msgs/msg/detail/servo_array__rosidl_typesupport_fastrtps_cpp.hpp
-- Symlinking: /home/spider/ws/install/i2c_pwm_board_msgs/include/i2c_pwm_board_msgs/i2c_pwm_board_msgs/msg/detail/servo_config__rosidl_typesupport_fastrtps_cpp.hpp
-- Symlinking: /home/spider/ws/install/i2c_pwm_board_msgs/include/i2c_pwm_board_msgs/i2c_pwm_board_msgs/msg/detail/servo_config_array__rosidl_typesupport_fastrtps_cpp.hpp
-- Symlinking: /home/spider/ws/install/i2c_pwm_board_msgs/include/i2c_pwm_board_msgs/i2c_pwm_board_msgs/msg/rosidl_typesupport_fastrtps_cpp__visibility_control.h
-- Symlinking: /home/spider/ws/install/i2c_pwm_board_msgs/include/i2c_pwm_board_msgs/i2c_pwm_board_msgs/srv/detail/drive_mode__rosidl_typesupport_fastrtps_cpp.hpp
-- Symlinking: /home/spider/ws/install/i2c_pwm_board_msgs/include/i2c_pwm_board_msgs/i2c_pwm_board_msgs/srv/detail/int_value__rosidl_typesupport_fastrtps_cpp.hpp
-- Symlinking: /home/spider/ws/install/i2c_pwm_board_msgs/include/i2c_pwm_board_msgs/i2c_pwm_board_msgs/srv/detail/servos_config__rosidl_typesupport_fastrtps_cpp.hpp
-- Symlinking: /home/spider/ws/install/i2c_pwm_board_msgs/include/i2c_pwm_board_msgs/i2c_pwm_board_msgs/srv/detail/stop_servos__rosidl_typesupport_fastrtps_cpp.hpp
-- Symlinking: /home/spider/ws/install/i2c_pwm_board_msgs/include/i2c_pwm_board_msgs/i2c_pwm_board_msgs/msg/detail/position__rosidl_typesupport_introspection_cpp.hpp
-- Symlinking: /home/spider/ws/install/i2c_pwm_board_msgs/include/i2c_pwm_board_msgs/i2c_pwm_board_msgs/msg/detail/position_array__rosidl_typesupport_introspection_cpp.hpp
-- Symlinking: /home/spider/ws/install/i2c_pwm_board_msgs/include/i2c_pwm_board_msgs/i2c_pwm_board_msgs/msg/detail/servo__rosidl_typesupport_introspection_cpp.hpp
-- Symlinking: /home/spider/ws/install/i2c_pwm_board_msgs/include/i2c_pwm_board_msgs/i2c_pwm_board_msgs/msg/detail/servo_array__rosidl_typesupport_introspection_cpp.hpp
-- Symlinking: /home/spider/ws/install/i2c_pwm_board_msgs/include/i2c_pwm_board_msgs/i2c_pwm_board_msgs/msg/detail/servo_config__rosidl_typesupport_introspection_cpp.hpp
-- Symlinking: /home/spider/ws/install/i2c_pwm_board_msgs/include/i2c_pwm_board_msgs/i2c_pwm_board_msgs/msg/detail/servo_config_array__rosidl_typesupport_introspection_cpp.hpp
-- Symlinking: /home/spider/ws/install/i2c_pwm_board_msgs/include/i2c_pwm_board_msgs/i2c_pwm_board_msgs/srv/detail/drive_mode__rosidl_typesupport_introspection_cpp.hpp
-- Symlinking: /home/spider/ws/install/i2c_pwm_board_msgs/include/i2c_pwm_board_msgs/i2c_pwm_board_msgs/srv/detail/int_value__rosidl_typesupport_introspection_cpp.hpp
-- Symlinking: /home/spider/ws/install/i2c_pwm_board_msgs/include/i2c_pwm_board_msgs/i2c_pwm_board_msgs/srv/detail/servos_config__rosidl_typesupport_introspection_cpp.hpp
-- Symlinking: /home/spider/ws/install/i2c_pwm_board_msgs/include/i2c_pwm_board_msgs/i2c_pwm_board_msgs/srv/detail/stop_servos__rosidl_typesupport_introspection_cpp.hpp
-- Symlinking: /home/spider/ws/install/i2c_pwm_board_msgs/share/i2c_pwm_board_msgs/environment/pythonpath.sh
-- Symlinking: /home/spider/ws/install/i2c_pwm_board_msgs/share/i2c_pwm_board_msgs/environment/pythonpath.dsv
-- Symlinking: /home/spider/ws/install/i2c_pwm_board_msgs/local/lib/python3.10/dist-packages/i2c_pwm_board_msgs-0.1.0-py3.10.egg-info/PKG-INFO
-- Symlinking: /home/spider/ws/install/i2c_pwm_board_msgs/local/lib/python3.10/dist-packages/i2c_pwm_board_msgs-0.1.0-py3.10.egg-info/SOURCES.txt
-- Symlinking: /home/spider/ws/install/i2c_pwm_board_msgs/local/lib/python3.10/dist-packages/i2c_pwm_board_msgs-0.1.0-py3.10.egg-info/dependency_links.txt
-- Symlinking: /home/spider/ws/install/i2c_pwm_board_msgs/local/lib/python3.10/dist-packages/i2c_pwm_board_msgs-0.1.0-py3.10.egg-info/top_level.txt
-- Symlinking: /home/spider/ws/install/i2c_pwm_board_msgs/local/lib/python3.10/dist-packages/i2c_pwm_board_msgs/__init__.py
-- Symlinking: /home/spider/ws/install/i2c_pwm_board_msgs/local/lib/python3.10/dist-packages/i2c_pwm_board_msgs/_i2c_pwm_board_msgs_s.ep.rosidl_typesupport_c.c
-- Symlinking: /home/spider/ws/install/i2c_pwm_board_msgs/local/lib/python3.10/dist-packages/i2c_pwm_board_msgs/_i2c_pwm_board_msgs_s.ep.rosidl_typesupport_fastrtps_c.c
-- Symlinking: /home/spider/ws/install/i2c_pwm_board_msgs/local/lib/python3.10/dist-packages/i2c_pwm_board_msgs/_i2c_pwm_board_msgs_s.ep.rosidl_typesupport_introspection_c.c
-- Symlinking: /home/spider/ws/install/i2c_pwm_board_msgs/local/lib/python3.10/dist-packages/i2c_pwm_board_msgs/i2c_pwm_board_msgs_s__rosidl_typesupport_c.cpython-310-aarch64-linux-gnu.so
-- Symlinking: /home/spider/ws/install/i2c_pwm_board_msgs/local/lib/python3.10/dist-packages/i2c_pwm_board_msgs/i2c_pwm_board_msgs_s__rosidl_typesupport_fastrtps_c.cpython-310-aarch64-linux-gnu.so
-- Symlinking: /home/spider/ws/install/i2c_pwm_board_msgs/local/lib/python3.10/dist-packages/i2c_pwm_board_msgs/i2c_pwm_board_msgs_s__rosidl_typesupport_introspection_c.cpython-310-aarch64-linux-gnu.so
-- Symlinking: /home/spider/ws/install/i2c_pwm_board_msgs/local/lib/python3.10/dist-packages/i2c_pwm_board_msgs/libi2c_pwm_board_msgs__rosidl_generator_py.so
-- Symlinking: /home/spider/ws/install/i2c_pwm_board_msgs/local/lib/python3.10/dist-packages/i2c_pwm_board_msgs/msg/__init__.py
-- Symlinking: /home/spider/ws/install/i2c_pwm_board_msgs/local/lib/python3.10/dist-packages/i2c_pwm_board_msgs/msg/_position.py
-- Symlinking: /home/spider/ws/install/i2c_pwm_board_msgs/local/lib/python3.10/dist-packages/i2c_pwm_board_msgs/msg/_position_array.py
-- Symlinking: /home/spider/ws/install/i2c_pwm_board_msgs/local/lib/python3.10/dist-packages/i2c_pwm_board_msgs/msg/_position_array_s.c
-- Symlinking: /home/spider/ws/install/i2c_pwm_board_msgs/local/lib/python3.10/dist-packages/i2c_pwm_board_msgs/msg/_position_s.c
-- Symlinking: /home/spider/ws/install/i2c_pwm_board_msgs/local/lib/python3.10/dist-packages/i2c_pwm_board_msgs/msg/_servo.py
-- Symlinking: /home/spider/ws/install/i2c_pwm_board_msgs/local/lib/python3.10/dist-packages/i2c_pwm_board_msgs/msg/_servo_array.py
-- Symlinking: /home/spider/ws/install/i2c_pwm_board_msgs/local/lib/python3.10/dist-packages/i2c_pwm_board_msgs/msg/_servo_array_s.c
-- Symlinking: /home/spider/ws/install/i2c_pwm_board_msgs/local/lib/python3.10/dist-packages/i2c_pwm_board_msgs/msg/_servo_config.py
-- Symlinking: /home/spider/ws/install/i2c_pwm_board_msgs/local/lib/python3.10/dist-packages/i2c_pwm_board_msgs/msg/_servo_config_array.py
-- Symlinking: /home/spider/ws/install/i2c_pwm_board_msgs/local/lib/python3.10/dist-packages/i2c_pwm_board_msgs/msg/_servo_config_array_s.c
-- Symlinking: /home/spider/ws/install/i2c_pwm_board_msgs/local/lib/python3.10/dist-packages/i2c_pwm_board_msgs/msg/_servo_config_s.c
-- Symlinking: /home/spider/ws/install/i2c_pwm_board_msgs/local/lib/python3.10/dist-packages/i2c_pwm_board_msgs/msg/_servo_s.c
-- Symlinking: /home/spider/ws/install/i2c_pwm_board_msgs/local/lib/python3.10/dist-packages/i2c_pwm_board_msgs/srv/__init__.py
-- Symlinking: /home/spider/ws/install/i2c_pwm_board_msgs/local/lib/python3.10/dist-packages/i2c_pwm_board_msgs/srv/_drive_mode.py
-- Symlinking: /home/spider/ws/install/i2c_pwm_board_msgs/local/lib/python3.10/dist-packages/i2c_pwm_board_msgs/srv/_drive_mode_s.c
-- Symlinking: /home/spider/ws/install/i2c_pwm_board_msgs/local/lib/python3.10/dist-packages/i2c_pwm_board_msgs/srv/_int_value.py
-- Symlinking: /home/spider/ws/install/i2c_pwm_board_msgs/local/lib/python3.10/dist-packages/i2c_pwm_board_msgs/srv/_int_value_s.c
-- Symlinking: /home/spider/ws/install/i2c_pwm_board_msgs/local/lib/python3.10/dist-packages/i2c_pwm_board_msgs/srv/_servos_config.py
-- Symlinking: /home/spider/ws/install/i2c_pwm_board_msgs/local/lib/python3.10/dist-packages/i2c_pwm_board_msgs/srv/_servos_config_s.c
-- Symlinking: /home/spider/ws/install/i2c_pwm_board_msgs/local/lib/python3.10/dist-packages/i2c_pwm_board_msgs/srv/_stop_servos.py
-- Symlinking: /home/spider/ws/install/i2c_pwm_board_msgs/local/lib/python3.10/dist-packages/i2c_pwm_board_msgs/srv/_stop_servos_s.c
-- Up-to-date symlink: /home/spider/ws/install/i2c_pwm_board_msgs/local/lib/python3.10/dist-packages/i2c_pwm_board_msgs/i2c_pwm_board_msgs_s__rosidl_typesupport_fastrtps_c.cpython-310-aarch64-linux-gnu.so
-- Up-to-date symlink: /home/spider/ws/install/i2c_pwm_board_msgs/local/lib/python3.10/dist-packages/i2c_pwm_board_msgs/i2c_pwm_board_msgs_s__rosidl_typesupport_introspection_c.cpython-310-aarch64-linux-gnu.so
-- Up-to-date symlink: /home/spider/ws/install/i2c_pwm_board_msgs/local/lib/python3.10/dist-packages/i2c_pwm_board_msgs/i2c_pwm_board_msgs_s__rosidl_typesupport_c.cpython-310-aarch64-linux-gnu.so
-- Symlinking: /home/spider/ws/install/i2c_pwm_board_msgs/share/i2c_pwm_board_msgs/msg/Position.idl
-- Symlinking: /home/spider/ws/install/i2c_pwm_board_msgs/share/i2c_pwm_board_msgs/msg/PositionArray.idl
-- Symlinking: /home/spider/ws/install/i2c_pwm_board_msgs/share/i2c_pwm_board_msgs/msg/Servo.idl
-- Symlinking: /home/spider/ws/install/i2c_pwm_board_msgs/share/i2c_pwm_board_msgs/msg/ServoArray.idl
-- Symlinking: /home/spider/ws/install/i2c_pwm_board_msgs/share/i2c_pwm_board_msgs/msg/ServoConfig.idl
-- Symlinking: /home/spider/ws/install/i2c_pwm_board_msgs/share/i2c_pwm_board_msgs/msg/ServoConfigArray.idl
-- Symlinking: /home/spider/ws/install/i2c_pwm_board_msgs/share/i2c_pwm_board_msgs/srv/DriveMode.idl
-- Symlinking: /home/spider/ws/install/i2c_pwm_board_msgs/share/i2c_pwm_board_msgs/srv/IntValue.idl
-- Symlinking: /home/spider/ws/install/i2c_pwm_board_msgs/share/i2c_pwm_board_msgs/srv/ServosConfig.idl
-- Symlinking: /home/spider/ws/install/i2c_pwm_board_msgs/share/i2c_pwm_board_msgs/srv/StopServos.idl
-- Symlinking: /home/spider/ws/install/i2c_pwm_board_msgs/share/i2c_pwm_board_msgs/msg/Position.msg
-- Symlinking: /home/spider/ws/install/i2c_pwm_board_msgs/share/i2c_pwm_board_msgs/msg/PositionArray.msg
-- Symlinking: /home/spider/ws/install/i2c_pwm_board_msgs/share/i2c_pwm_board_msgs/msg/Servo.msg
-- Symlinking: /home/spider/ws/install/i2c_pwm_board_msgs/share/i2c_pwm_board_msgs/msg/ServoArray.msg
-- Symlinking: /home/spider/ws/install/i2c_pwm_board_msgs/share/i2c_pwm_board_msgs/msg/ServoConfig.msg
-- Symlinking: /home/spider/ws/install/i2c_pwm_board_msgs/share/i2c_pwm_board_msgs/msg/ServoConfigArray.msg
-- Symlinking: /home/spider/ws/install/i2c_pwm_board_msgs/share/i2c_pwm_board_msgs/srv/DriveMode.srv
-- Symlinking: /home/spider/ws/install/i2c_pwm_board_msgs/share/i2c_pwm_board_msgs/srv/DriveMode_Request.msg
-- Symlinking: /home/spider/ws/install/i2c_pwm_board_msgs/share/i2c_pwm_board_msgs/srv/DriveMode_Response.msg
-- Symlinking: /home/spider/ws/install/i2c_pwm_board_msgs/share/i2c_pwm_board_msgs/srv/IntValue.srv
-- Symlinking: /home/spider/ws/install/i2c_pwm_board_msgs/share/i2c_pwm_board_msgs/srv/IntValue_Request.msg
-- Symlinking: /home/spider/ws/install/i2c_pwm_board_msgs/share/i2c_pwm_board_msgs/srv/IntValue_Response.msg
-- Symlinking: /home/spider/ws/install/i2c_pwm_board_msgs/share/i2c_pwm_board_msgs/srv/ServosConfig.srv
-- Symlinking: /home/spider/ws/install/i2c_pwm_board_msgs/share/i2c_pwm_board_msgs/srv/ServosConfig_Request.msg
-- Symlinking: /home/spider/ws/install/i2c_pwm_board_msgs/share/i2c_pwm_board_msgs/srv/ServosConfig_Response.msg
-- Symlinking: /home/spider/ws/install/i2c_pwm_board_msgs/share/i2c_pwm_board_msgs/srv/StopServos.srv
-- Symlinking: /home/spider/ws/install/i2c_pwm_board_msgs/share/i2c_pwm_board_msgs/srv/StopServos_Request.msg
-- Symlinking: /home/spider/ws/install/i2c_pwm_board_msgs/share/i2c_pwm_board_msgs/srv/StopServos_Response.msg
-- Symlinking: /home/spider/ws/install/i2c_pwm_board_msgs/share/ament_index/resource_index/package_run_dependencies/i2c_pwm_board_msgs
-- Symlinking: /home/spider/ws/install/i2c_pwm_board_msgs/share/ament_index/resource_index/parent_prefix_path/i2c_pwm_board_msgs
-- Symlinking: /home/spider/ws/install/i2c_pwm_board_msgs/share/i2c_pwm_board_msgs/environment/ament_prefix_path.sh
-- Symlinking: /home/spider/ws/install/i2c_pwm_board_msgs/share/i2c_pwm_board_msgs/environment/ament_prefix_path.dsv
-- Symlinking: /home/spider/ws/install/i2c_pwm_board_msgs/share/i2c_pwm_board_msgs/environment/path.sh
-- Symlinking: /home/spider/ws/install/i2c_pwm_board_msgs/share/i2c_pwm_board_msgs/environment/path.dsv
-- Symlinking: /home/spider/ws/install/i2c_pwm_board_msgs/share/i2c_pwm_board_msgs/local_setup.bash
-- Symlinking: /home/spider/ws/install/i2c_pwm_board_msgs/share/i2c_pwm_board_msgs/local_setup.sh
-- Symlinking: /home/spider/ws/install/i2c_pwm_board_msgs/share/i2c_pwm_board_msgs/local_setup.zsh
-- Symlinking: /home/spider/ws/install/i2c_pwm_board_msgs/share/i2c_pwm_board_msgs/local_setup.dsv
-- Symlinking: /home/spider/ws/install/i2c_pwm_board_msgs/share/i2c_pwm_board_msgs/package.dsv
-- Symlinking: /home/spider/ws/install/i2c_pwm_board_msgs/share/ament_index/resource_index/packages/i2c_pwm_board_msgs
-- Symlinking: /home/spider/ws/install/i2c_pwm_board_msgs/share/i2c_pwm_board_msgs/cmake/rosidl_cmake-extras.cmake
-- Symlinking: /home/spider/ws/install/i2c_pwm_board_msgs/share/i2c_pwm_board_msgs/cmake/ament_cmake_export_include_directories-extras.cmake
-- Symlinking: /home/spider/ws/install/i2c_pwm_board_msgs/share/i2c_pwm_board_msgs/cmake/ament_cmake_export_libraries-extras.cmake
-- Symlinking: /home/spider/ws/install/i2c_pwm_board_msgs/share/i2c_pwm_board_msgs/cmake/ament_cmake_export_targets-extras.cmake
-- Symlinking: /home/spider/ws/install/i2c_pwm_board_msgs/share/i2c_pwm_board_msgs/cmake/rosidl_cmake_export_typesupport_targets-extras.cmake
-- Symlinking: /home/spider/ws/install/i2c_pwm_board_msgs/share/i2c_pwm_board_msgs/cmake/ament_cmake_export_dependencies-extras.cmake
-- Symlinking: /home/spider/ws/install/i2c_pwm_board_msgs/share/i2c_pwm_board_msgs/cmake/rosidl_cmake_export_typesupport_libraries-extras.cmake
-- Symlinking: /home/spider/ws/install/i2c_pwm_board_msgs/share/i2c_pwm_board_msgs/cmake/i2c_pwm_board_msgsConfig.cmake
-- Symlinking: /home/spider/ws/install/i2c_pwm_board_msgs/share/i2c_pwm_board_msgs/cmake/i2c_pwm_board_msgsConfig-version.cmake
-- Symlinking: /home/spider/ws/install/i2c_pwm_board_msgs/share/i2c_pwm_board_msgs/package.xml
-- Installing: /home/spider/ws/install/i2c_pwm_board_msgs/lib/libi2c_pwm_board_msgs__rosidl_generator_c.so
-- Set runtime path of "/home/spider/ws/install/i2c_pwm_board_msgs/lib/libi2c_pwm_board_msgs__rosidl_generator_c.so" to ""
-- Installing: /home/spider/ws/install/i2c_pwm_board_msgs/lib/libi2c_pwm_board_msgs__rosidl_typesupport_fastrtps_c.so
-- Set runtime path of "/home/spider/ws/install/i2c_pwm_board_msgs/lib/libi2c_pwm_board_msgs__rosidl_typesupport_fastrtps_c.so" to ""
-- Installing: /home/spider/ws/install/i2c_pwm_board_msgs/lib/libi2c_pwm_board_msgs__rosidl_typesupport_introspection_c.so
-- Set runtime path of "/home/spider/ws/install/i2c_pwm_board_msgs/lib/libi2c_pwm_board_msgs__rosidl_typesupport_introspection_c.so" to ""
-- Installing: /home/spider/ws/install/i2c_pwm_board_msgs/lib/libi2c_pwm_board_msgs__rosidl_typesupport_c.so
-- Set runtime path of "/home/spider/ws/install/i2c_pwm_board_msgs/lib/libi2c_pwm_board_msgs__rosidl_typesupport_c.so" to ""
-- Installing: /home/spider/ws/install/i2c_pwm_board_msgs/lib/libi2c_pwm_board_msgs__rosidl_typesupport_fastrtps_cpp.so
-- Set runtime path of "/home/spider/ws/install/i2c_pwm_board_msgs/lib/libi2c_pwm_board_msgs__rosidl_typesupport_fastrtps_cpp.so" to ""
-- Installing: /home/spider/ws/install/i2c_pwm_board_msgs/lib/libi2c_pwm_board_msgs__rosidl_typesupport_introspection_cpp.so
-- Set runtime path of "/home/spider/ws/install/i2c_pwm_board_msgs/lib/libi2c_pwm_board_msgs__rosidl_typesupport_introspection_cpp.so" to ""
-- Installing: /home/spider/ws/install/i2c_pwm_board_msgs/lib/libi2c_pwm_board_msgs__rosidl_typesupport_cpp.so
-- Set runtime path of "/home/spider/ws/install/i2c_pwm_board_msgs/lib/libi2c_pwm_board_msgs__rosidl_typesupport_cpp.so" to ""
Listing '/home/spider/ws/install/i2c_pwm_board_msgs/local/lib/python3.10/dist-packages/i2c_pwm_board_msgs'...
Compiling '/home/spider/ws/install/i2c_pwm_board_msgs/local/lib/python3.10/dist-packages/i2c_pwm_board_msgs/__init__.py'...
Listing '/home/spider/ws/install/i2c_pwm_board_msgs/local/lib/python3.10/dist-packages/i2c_pwm_board_msgs/msg'...
Compiling '/home/spider/ws/install/i2c_pwm_board_msgs/local/lib/python3.10/dist-packages/i2c_pwm_board_msgs/msg/__init__.py'...
Compiling '/home/spider/ws/install/i2c_pwm_board_msgs/local/lib/python3.10/dist-packages/i2c_pwm_board_msgs/msg/_position.py'...
Compiling '/home/spider/ws/install/i2c_pwm_board_msgs/local/lib/python3.10/dist-packages/i2c_pwm_board_msgs/msg/_position_array.py'...
Compiling '/home/spider/ws/install/i2c_pwm_board_msgs/local/lib/python3.10/dist-packages/i2c_pwm_board_msgs/msg/_servo.py'...
Compiling '/home/spider/ws/install/i2c_pwm_board_msgs/local/lib/python3.10/dist-packages/i2c_pwm_board_msgs/msg/_servo_array.py'...
Compiling '/home/spider/ws/install/i2c_pwm_board_msgs/local/lib/python3.10/dist-packages/i2c_pwm_board_msgs/msg/_servo_config.py'...
Compiling '/home/spider/ws/install/i2c_pwm_board_msgs/local/lib/python3.10/dist-packages/i2c_pwm_board_msgs/msg/_servo_config_array.py'...
Listing '/home/spider/ws/install/i2c_pwm_board_msgs/local/lib/python3.10/dist-packages/i2c_pwm_board_msgs/srv'...
Compiling '/home/spider/ws/install/i2c_pwm_board_msgs/local/lib/python3.10/dist-packages/i2c_pwm_board_msgs/srv/__init__.py'...
Compiling '/home/spider/ws/install/i2c_pwm_board_msgs/local/lib/python3.10/dist-packages/i2c_pwm_board_msgs/srv/_drive_mode.py'...
Compiling '/home/spider/ws/install/i2c_pwm_board_msgs/local/lib/python3.10/dist-packages/i2c_pwm_board_msgs/srv/_int_value.py'...
Compiling '/home/spider/ws/install/i2c_pwm_board_msgs/local/lib/python3.10/dist-packages/i2c_pwm_board_msgs/srv/_servos_config.py'...
Compiling '/home/spider/ws/install/i2c_pwm_board_msgs/local/lib/python3.10/dist-packages/i2c_pwm_board_msgs/srv/_stop_servos.py'...
-- Installing: /home/spider/ws/install/i2c_pwm_board_msgs/lib/libi2c_pwm_board_msgs__rosidl_generator_py.so
-- Set runtime path of "/home/spider/ws/install/i2c_pwm_board_msgs/lib/libi2c_pwm_board_msgs__rosidl_generator_py.so" to ""
-- Installing: /home/spider/ws/install/i2c_pwm_board_msgs/share/i2c_pwm_board_msgs/cmake/export_i2c_pwm_board_msgs__rosidl_generator_cExport.cmake
-- Installing: /home/spider/ws/install/i2c_pwm_board_msgs/share/i2c_pwm_board_msgs/cmake/export_i2c_pwm_board_msgs__rosidl_generator_cExport-noconfig.cmake
-- Installing: /home/spider/ws/install/i2c_pwm_board_msgs/share/i2c_pwm_board_msgs/cmake/export_i2c_pwm_board_msgs__rosidl_typesupport_fastrtps_cExport.cmake
-- Installing: /home/spider/ws/install/i2c_pwm_board_msgs/share/i2c_pwm_board_msgs/cmake/export_i2c_pwm_board_msgs__rosidl_typesupport_fastrtps_cExport-noconfig.cmake
-- Installing: /home/spider/ws/install/i2c_pwm_board_msgs/share/i2c_pwm_board_msgs/cmake/i2c_pwm_board_msgs__rosidl_typesupport_introspection_cExport.cmake
-- Installing: /home/spider/ws/install/i2c_pwm_board_msgs/share/i2c_pwm_board_msgs/cmake/i2c_pwm_board_msgs__rosidl_typesupport_introspection_cExport-noconfig.cmake
-- Installing: /home/spider/ws/install/i2c_pwm_board_msgs/share/i2c_pwm_board_msgs/cmake/i2c_pwm_board_msgs__rosidl_typesupport_cExport.cmake
-- Installing: /home/spider/ws/install/i2c_pwm_board_msgs/share/i2c_pwm_board_msgs/cmake/i2c_pwm_board_msgs__rosidl_typesupport_cExport-noconfig.cmake
-- Installing: /home/spider/ws/install/i2c_pwm_board_msgs/share/i2c_pwm_board_msgs/cmake/export_i2c_pwm_board_msgs__rosidl_generator_cppExport.cmake
-- Installing: /home/spider/ws/install/i2c_pwm_board_msgs/share/i2c_pwm_board_msgs/cmake/export_i2c_pwm_board_msgs__rosidl_typesupport_fastrtps_cppExport.cmake
-- Installing: /home/spider/ws/install/i2c_pwm_board_msgs/share/i2c_pwm_board_msgs/cmake/export_i2c_pwm_board_msgs__rosidl_typesupport_fastrtps_cppExport-noconfig.cmake
-- Installing: /home/spider/ws/install/i2c_pwm_board_msgs/share/i2c_pwm_board_msgs/cmake/i2c_pwm_board_msgs__rosidl_typesupport_introspection_cppExport.cmake
-- Installing: /home/spider/ws/install/i2c_pwm_board_msgs/share/i2c_pwm_board_msgs/cmake/i2c_pwm_board_msgs__rosidl_typesupport_introspection_cppExport-noconfig.cmake
-- Installing: /home/spider/ws/install/i2c_pwm_board_msgs/share/i2c_pwm_board_msgs/cmake/i2c_pwm_board_msgs__rosidl_typesupport_cppExport.cmake
-- Installing: /home/spider/ws/install/i2c_pwm_board_msgs/share/i2c_pwm_board_msgs/cmake/i2c_pwm_board_msgs__rosidl_typesupport_cppExport-noconfig.cmake
-- Installing: /home/spider/ws/install/i2c_pwm_board_msgs/share/i2c_pwm_board_msgs/cmake/export_i2c_pwm_board_msgs__rosidl_generator_pyExport.cmake
-- Installing: /home/spider/ws/install/i2c_pwm_board_msgs/share/i2c_pwm_board_msgs/cmake/export_i2c_pwm_board_msgs__rosidl_generator_pyExport-noconfig.cmake
