[0.108s] Invoking command in '/home/spider/ws/build/i2c_pwm_board_msgs': CMAKE_PREFIX_PATH=/opt/ros/humble /usr/bin/cmake /home/spider/ws/src/i2c_pwm_board/i2c_pwm_board_msgs -DAMENT_CMAKE_SYMLINK_INSTALL=1 -DCMAKE_INSTALL_PREFIX=/home/spider/ws/install/i2c_pwm_board_msgs
[0.305s] -- Found ament_cmake: 1.3.12 (/opt/ros/humble/share/ament_cmake/cmake)
[2.075s] -- Found Python3: /usr/bin/python3 (found version "3.10.12") found components: Interpreter 
[2.870s] -- Override CMake install command with custom implementation using symlinks instead of copying resources
[3.589s] -- Found rosidl_default_generators: 1.2.0 (/opt/ros/humble/share/rosidl_default_generators/cmake)
[3.657s] -- Using all available rosidl_typesupport_c: rosidl_typesupport_fastrtps_c;rosidl_typesupport_introspection_c
[3.812s] -- Found rosidl_adapter: 3.1.7 (/opt/ros/humble/share/rosidl_adapter/cmake)
[4.678s] -- Using all available rosidl_typesupport_cpp: rosidl_typesupport_fastrtps_cpp;rosidl_typesupport_introspection_cpp
[8.664s] -- Found ament_cmake_ros: 0.10.0 (/opt/ros/humble/share/ament_cmake_ros/cmake)
[10.782s] -- Using all available rosidl_typesupport_c: rosidl_typesupport_fastrtps_c;rosidl_typesupport_introspection_c
[13.352s] -- Using all available rosidl_typesupport_cpp: rosidl_typesupport_fastrtps_cpp;rosidl_typesupport_introspection_cpp
[13.600s] -- Found PythonInterp: /usr/bin/python3 (found suitable version "3.10.12", minimum required is "3.6") 
[13.642s] -- Found python_cmake_module: 0.10.0 (/opt/ros/humble/share/python_cmake_module/cmake)
[13.950s] -- Found PythonLibs: /usr/lib/aarch64-linux-gnu/libpython3.10.so (found suitable version "3.10.12", minimum required is "3.5") 
[13.951s] -- Using PYTHON_EXECUTABLE: /usr/bin/python3
[13.952s] -- Using PYTHON_INCLUDE_DIRS: /usr/include/python3.10
[13.953s] -- Using PYTHON_LIBRARIES: /usr/lib/aarch64-linux-gnu/libpython3.10.so
[14.185s] -- Found PythonExtra: .so  
[14.639s] -- Found ament_lint_auto: 0.12.14 (/opt/ros/humble/share/ament_lint_auto/cmake)
[15.194s] -- Added test 'copyright' to check source files copyright and LICENSE
[15.249s] -- Added test 'lint_cmake' to check CMake code style
[15.280s] -- Added test 'xmllint' to check XML markup files
[15.346s] -- Configuring done
[15.978s] -- Generating done
[16.122s] -- Build files have been written to: /home/spider/ws/build/i2c_pwm_board_msgs
[16.174s] Invoked command in '/home/spider/ws/build/i2c_pwm_board_msgs' returned '0': CMAKE_PREFIX_PATH=/opt/ros/humble /usr/bin/cmake /home/spider/ws/src/i2c_pwm_board/i2c_pwm_board_msgs -DAMENT_CMAKE_SYMLINK_INSTALL=1 -DCMAKE_INSTALL_PREFIX=/home/spider/ws/install/i2c_pwm_board_msgs
[16.196s] Invoking command in '/home/spider/ws/build/i2c_pwm_board_msgs': CMAKE_PREFIX_PATH=/opt/ros/humble /usr/bin/cmake --build /home/spider/ws/build/i2c_pwm_board_msgs -- -j4 -l4
[16.599s] [  1%] [34m[1mGenerating C code for ROS interfaces[0m
[16.710s] [  1%] [34m[1mGenerating C++ code for ROS interfaces[0m
[16.780s] [  1%] Built target ament_cmake_python_symlink_i2c_pwm_board_msgs
[20.505s] running egg_info
[20.515s] creating i2c_pwm_board_msgs.egg-info
[20.517s] writing i2c_pwm_board_msgs.egg-info/PKG-INFO
[20.520s] writing dependency_links to i2c_pwm_board_msgs.egg-info/dependency_links.txt
[20.524s] writing top-level names to i2c_pwm_board_msgs.egg-info/top_level.txt
[20.527s] writing manifest file 'i2c_pwm_board_msgs.egg-info/SOURCES.txt'
[20.565s] reading manifest file 'i2c_pwm_board_msgs.egg-info/SOURCES.txt'
[20.571s] writing manifest file 'i2c_pwm_board_msgs.egg-info/SOURCES.txt'
[21.004s] [  1%] Built target ament_cmake_python_build_i2c_pwm_board_msgs_egg
[29.127s] [  1%] Built target i2c_pwm_board_msgs__cpp
[29.240s] [  2%] [34m[1mGenerating C++ type support dispatch for ROS interfaces[0m
[29.382s] [  3%] [34m[1mGenerating C++ type support for eProsima Fast-RTPS[0m
[29.425s] [  4%] [34m[1mGenerating C++ introspection for ROS interfaces[0m
[29.594s] [  5%] [32mBuilding C object CMakeFiles/i2c_pwm_board_msgs__rosidl_generator_c.dir/rosidl_generator_c/i2c_pwm_board_msgs/msg/detail/position__functions.c.o[0m
[30.853s] [  6%] [32mBuilding C object CMakeFiles/i2c_pwm_board_msgs__rosidl_generator_c.dir/rosidl_generator_c/i2c_pwm_board_msgs/msg/detail/position_array__functions.c.o[0m
[31.542s] [  7%] [32mBuilding C object CMakeFiles/i2c_pwm_board_msgs__rosidl_generator_c.dir/rosidl_generator_c/i2c_pwm_board_msgs/msg/detail/servo__functions.c.o[0m
[32.226s] [  8%] [32mBuilding C object CMakeFiles/i2c_pwm_board_msgs__rosidl_generator_c.dir/rosidl_generator_c/i2c_pwm_board_msgs/msg/detail/servo_array__functions.c.o[0m
[32.863s] [  9%] [32mBuilding C object CMakeFiles/i2c_pwm_board_msgs__rosidl_generator_c.dir/rosidl_generator_c/i2c_pwm_board_msgs/msg/detail/servo_config__functions.c.o[0m
[33.530s] [ 10%] [32mBuilding C object CMakeFiles/i2c_pwm_board_msgs__rosidl_generator_c.dir/rosidl_generator_c/i2c_pwm_board_msgs/msg/detail/servo_config_array__functions.c.o[0m
[34.172s] [ 11%] [32mBuilding C object CMakeFiles/i2c_pwm_board_msgs__rosidl_generator_c.dir/rosidl_generator_c/i2c_pwm_board_msgs/srv/detail/drive_mode__functions.c.o[0m
[35.044s] [ 12%] [32mBuilding C object CMakeFiles/i2c_pwm_board_msgs__rosidl_generator_c.dir/rosidl_generator_c/i2c_pwm_board_msgs/srv/detail/int_value__functions.c.o[0m
[35.933s] [ 13%] [32mBuilding C object CMakeFiles/i2c_pwm_board_msgs__rosidl_generator_c.dir/rosidl_generator_c/i2c_pwm_board_msgs/srv/detail/servos_config__functions.c.o[0m
[36.695s] [ 14%] [32mBuilding C object CMakeFiles/i2c_pwm_board_msgs__rosidl_generator_c.dir/rosidl_generator_c/i2c_pwm_board_msgs/srv/detail/stop_servos__functions.c.o[0m
[37.665s] [ 15%] [32m[1mLinking C shared library libi2c_pwm_board_msgs__rosidl_generator_c.so[0m
[38.324s] [ 15%] Built target i2c_pwm_board_msgs__rosidl_generator_c
[38.425s] [ 16%] [32mBuilding CXX object CMakeFiles/i2c_pwm_board_msgs__rosidl_typesupport_cpp.dir/rosidl_typesupport_cpp/i2c_pwm_board_msgs/msg/position__type_support.cpp.o[0m
[38.461s] [ 17%] [34m[1mGenerating C type support for eProsima Fast-RTPS[0m
[41.224s] [ 18%] [32mBuilding CXX object CMakeFiles/i2c_pwm_board_msgs__rosidl_typesupport_introspection_cpp.dir/rosidl_typesupport_introspection_cpp/i2c_pwm_board_msgs/msg/detail/position__type_support.cpp.o[0m
[43.406s] [ 19%] [32mBuilding CXX object CMakeFiles/i2c_pwm_board_msgs__rosidl_typesupport_cpp.dir/rosidl_typesupport_cpp/i2c_pwm_board_msgs/msg/position_array__type_support.cpp.o[0m
[44.007s] [ 20%] [32mBuilding CXX object CMakeFiles/i2c_pwm_board_msgs__rosidl_typesupport_fastrtps_cpp.dir/rosidl_typesupport_fastrtps_cpp/i2c_pwm_board_msgs/msg/detail/dds_fastrtps/position__type_support.cpp.o[0m
[48.349s] [ 21%] [32mBuilding CXX object CMakeFiles/i2c_pwm_board_msgs__rosidl_typesupport_introspection_cpp.dir/rosidl_typesupport_introspection_cpp/i2c_pwm_board_msgs/msg/detail/position_array__type_support.cpp.o[0m
[48.612s] [ 22%] [32mBuilding CXX object CMakeFiles/i2c_pwm_board_msgs__rosidl_typesupport_cpp.dir/rosidl_typesupport_cpp/i2c_pwm_board_msgs/msg/servo__type_support.cpp.o[0m
[50.467s] [ 23%] [32mBuilding CXX object CMakeFiles/i2c_pwm_board_msgs__rosidl_typesupport_fastrtps_cpp.dir/rosidl_typesupport_fastrtps_cpp/i2c_pwm_board_msgs/msg/detail/dds_fastrtps/position_array__type_support.cpp.o[0m
[53.405s] [ 24%] [32mBuilding CXX object CMakeFiles/i2c_pwm_board_msgs__rosidl_typesupport_cpp.dir/rosidl_typesupport_cpp/i2c_pwm_board_msgs/msg/servo_array__type_support.cpp.o[0m
[54.125s] [ 25%] [32mBuilding CXX object CMakeFiles/i2c_pwm_board_msgs__rosidl_typesupport_fastrtps_c.dir/rosidl_typesupport_fastrtps_c/i2c_pwm_board_msgs/msg/detail/position__type_support_c.cpp.o[0m
[54.753s] [ 26%] [32mBuilding CXX object CMakeFiles/i2c_pwm_board_msgs__rosidl_typesupport_introspection_cpp.dir/rosidl_typesupport_introspection_cpp/i2c_pwm_board_msgs/msg/detail/servo__type_support.cpp.o[0m
[57.095s] [ 26%] [32mBuilding CXX object CMakeFiles/i2c_pwm_board_msgs__rosidl_typesupport_fastrtps_cpp.dir/rosidl_typesupport_fastrtps_cpp/i2c_pwm_board_msgs/msg/detail/dds_fastrtps/servo__type_support.cpp.o[0m
[58.250s] [ 27%] [32mBuilding CXX object CMakeFiles/i2c_pwm_board_msgs__rosidl_typesupport_cpp.dir/rosidl_typesupport_cpp/i2c_pwm_board_msgs/msg/servo_config__type_support.cpp.o[0m
[59.029s] [ 28%] [32mBuilding CXX object CMakeFiles/i2c_pwm_board_msgs__rosidl_typesupport_fastrtps_c.dir/rosidl_typesupport_fastrtps_c/i2c_pwm_board_msgs/msg/detail/position_array__type_support_c.cpp.o[0m
[60.685s] [ 29%] [32mBuilding CXX object CMakeFiles/i2c_pwm_board_msgs__rosidl_typesupport_introspection_cpp.dir/rosidl_typesupport_introspection_cpp/i2c_pwm_board_msgs/msg/detail/servo_array__type_support.cpp.o[0m
[62.721s] [ 30%] [32mBuilding CXX object CMakeFiles/i2c_pwm_board_msgs__rosidl_typesupport_cpp.dir/rosidl_typesupport_cpp/i2c_pwm_board_msgs/msg/servo_config_array__type_support.cpp.o[0m
[63.900s] [ 31%] [32mBuilding CXX object CMakeFiles/i2c_pwm_board_msgs__rosidl_typesupport_fastrtps_c.dir/rosidl_typesupport_fastrtps_c/i2c_pwm_board_msgs/msg/detail/servo__type_support_c.cpp.o[0m
[64.039s] [ 32%] [32mBuilding CXX object CMakeFiles/i2c_pwm_board_msgs__rosidl_typesupport_fastrtps_cpp.dir/rosidl_typesupport_fastrtps_cpp/i2c_pwm_board_msgs/msg/detail/dds_fastrtps/servo_array__type_support.cpp.o[0m
[67.545s] [ 33%] [32mBuilding CXX object CMakeFiles/i2c_pwm_board_msgs__rosidl_typesupport_introspection_cpp.dir/rosidl_typesupport_introspection_cpp/i2c_pwm_board_msgs/msg/detail/servo_config__type_support.cpp.o[0m
[67.592s] [ 34%] [32mBuilding CXX object CMakeFiles/i2c_pwm_board_msgs__rosidl_typesupport_cpp.dir/rosidl_typesupport_cpp/i2c_pwm_board_msgs/srv/drive_mode__type_support.cpp.o[0m
[69.113s] [ 35%] [32mBuilding CXX object CMakeFiles/i2c_pwm_board_msgs__rosidl_typesupport_fastrtps_c.dir/rosidl_typesupport_fastrtps_c/i2c_pwm_board_msgs/msg/detail/servo_array__type_support_c.cpp.o[0m
[71.757s] [ 36%] [32mBuilding CXX object CMakeFiles/i2c_pwm_board_msgs__rosidl_typesupport_fastrtps_cpp.dir/rosidl_typesupport_fastrtps_cpp/i2c_pwm_board_msgs/msg/detail/dds_fastrtps/servo_config__type_support.cpp.o[0m
[71.861s] [ 37%] [32mBuilding CXX object CMakeFiles/i2c_pwm_board_msgs__rosidl_typesupport_cpp.dir/rosidl_typesupport_cpp/i2c_pwm_board_msgs/srv/int_value__type_support.cpp.o[0m
[72.857s] [ 38%] [32mBuilding CXX object CMakeFiles/i2c_pwm_board_msgs__rosidl_typesupport_introspection_cpp.dir/rosidl_typesupport_introspection_cpp/i2c_pwm_board_msgs/msg/detail/servo_config_array__type_support.cpp.o[0m
[75.002s] [ 39%] [32mBuilding CXX object CMakeFiles/i2c_pwm_board_msgs__rosidl_typesupport_fastrtps_c.dir/rosidl_typesupport_fastrtps_c/i2c_pwm_board_msgs/msg/detail/servo_config__type_support_c.cpp.o[0m
[76.213s] [ 40%] [32mBuilding CXX object CMakeFiles/i2c_pwm_board_msgs__rosidl_typesupport_cpp.dir/rosidl_typesupport_cpp/i2c_pwm_board_msgs/srv/servos_config__type_support.cpp.o[0m
[78.066s] [ 41%] [32mBuilding CXX object CMakeFiles/i2c_pwm_board_msgs__rosidl_typesupport_fastrtps_cpp.dir/rosidl_typesupport_fastrtps_cpp/i2c_pwm_board_msgs/msg/detail/dds_fastrtps/servo_config_array__type_support.cpp.o[0m
[80.058s] [ 42%] [32mBuilding CXX object CMakeFiles/i2c_pwm_board_msgs__rosidl_typesupport_introspection_cpp.dir/rosidl_typesupport_introspection_cpp/i2c_pwm_board_msgs/srv/detail/drive_mode__type_support.cpp.o[0m
[80.188s] [ 43%] [32mBuilding CXX object CMakeFiles/i2c_pwm_board_msgs__rosidl_typesupport_fastrtps_c.dir/rosidl_typesupport_fastrtps_c/i2c_pwm_board_msgs/msg/detail/servo_config_array__type_support_c.cpp.o[0m
[81.046s] [ 44%] [32mBuilding CXX object CMakeFiles/i2c_pwm_board_msgs__rosidl_typesupport_cpp.dir/rosidl_typesupport_cpp/i2c_pwm_board_msgs/srv/stop_servos__type_support.cpp.o[0m
[84.834s] [ 45%] [32mBuilding CXX object CMakeFiles/i2c_pwm_board_msgs__rosidl_typesupport_fastrtps_cpp.dir/rosidl_typesupport_fastrtps_cpp/i2c_pwm_board_msgs/srv/detail/dds_fastrtps/drive_mode__type_support.cpp.o[0m
[85.178s] [ 46%] [32m[1mLinking CXX shared library libi2c_pwm_board_msgs__rosidl_typesupport_cpp.so[0m
[86.081s] [ 46%] Built target i2c_pwm_board_msgs__rosidl_typesupport_cpp
[86.189s] [ 47%] [32mBuilding CXX object CMakeFiles/i2c_pwm_board_msgs__rosidl_typesupport_fastrtps_cpp.dir/rosidl_typesupport_fastrtps_cpp/i2c_pwm_board_msgs/srv/detail/dds_fastrtps/int_value__type_support.cpp.o[0m
[86.231s] [ 48%] [32mBuilding CXX object CMakeFiles/i2c_pwm_board_msgs__rosidl_typesupport_introspection_cpp.dir/rosidl_typesupport_introspection_cpp/i2c_pwm_board_msgs/srv/detail/int_value__type_support.cpp.o[0m
[86.588s] [ 49%] [32mBuilding CXX object CMakeFiles/i2c_pwm_board_msgs__rosidl_typesupport_fastrtps_c.dir/rosidl_typesupport_fastrtps_c/i2c_pwm_board_msgs/srv/detail/drive_mode__type_support_c.cpp.o[0m
[93.475s] [ 50%] [32mBuilding CXX object CMakeFiles/i2c_pwm_board_msgs__rosidl_typesupport_introspection_cpp.dir/rosidl_typesupport_introspection_cpp/i2c_pwm_board_msgs/srv/detail/servos_config__type_support.cpp.o[0m
[93.482s] [ 51%] [32mBuilding CXX object CMakeFiles/i2c_pwm_board_msgs__rosidl_typesupport_fastrtps_cpp.dir/rosidl_typesupport_fastrtps_cpp/i2c_pwm_board_msgs/srv/detail/dds_fastrtps/servos_config__type_support.cpp.o[0m
[93.491s] [ 52%] [32mBuilding CXX object CMakeFiles/i2c_pwm_board_msgs__rosidl_typesupport_introspection_cpp.dir/rosidl_typesupport_introspection_cpp/i2c_pwm_board_msgs/srv/detail/stop_servos__type_support.cpp.o[0m
[93.571s] [ 53%] [32mBuilding CXX object CMakeFiles/i2c_pwm_board_msgs__rosidl_typesupport_fastrtps_c.dir/rosidl_typesupport_fastrtps_c/i2c_pwm_board_msgs/srv/detail/int_value__type_support_c.cpp.o[0m
[98.493s] [ 54%] [32mBuilding CXX object CMakeFiles/i2c_pwm_board_msgs__rosidl_typesupport_fastrtps_c.dir/rosidl_typesupport_fastrtps_c/i2c_pwm_board_msgs/srv/detail/servos_config__type_support_c.cpp.o[0m
[99.531s] [ 55%] [32mBuilding CXX object CMakeFiles/i2c_pwm_board_msgs__rosidl_typesupport_fastrtps_c.dir/rosidl_typesupport_fastrtps_c/i2c_pwm_board_msgs/srv/detail/stop_servos__type_support_c.cpp.o[0m
[100.797s] [ 56%] [32m[1mLinking CXX shared library libi2c_pwm_board_msgs__rosidl_typesupport_introspection_cpp.so[0m
[100.881s] [ 57%] [32mBuilding CXX object CMakeFiles/i2c_pwm_board_msgs__rosidl_typesupport_fastrtps_cpp.dir/rosidl_typesupport_fastrtps_cpp/i2c_pwm_board_msgs/srv/detail/dds_fastrtps/stop_servos__type_support.cpp.o[0m
[102.112s] [ 57%] Built target i2c_pwm_board_msgs__rosidl_typesupport_introspection_cpp
[102.307s] [ 58%] [34m[1mGenerating C introspection for ROS interfaces[0m
[104.188s] [ 59%] [34m[1mGenerating C type support dispatch for ROS interfaces[0m
[105.420s] [ 60%] [32m[1mLinking CXX shared library libi2c_pwm_board_msgs__rosidl_typesupport_fastrtps_c.so[0m
[106.776s] [ 60%] Built target i2c_pwm_board_msgs__rosidl_typesupport_fastrtps_c
[107.662s] [ 61%] [32m[1mLinking CXX shared library libi2c_pwm_board_msgs__rosidl_typesupport_fastrtps_cpp.so[0m
[108.589s] [ 61%] Built target i2c_pwm_board_msgs__rosidl_typesupport_fastrtps_cpp
[112.281s] [ 62%] [32mBuilding CXX object CMakeFiles/i2c_pwm_board_msgs__rosidl_typesupport_c.dir/rosidl_typesupport_c/i2c_pwm_board_msgs/msg/position__type_support.cpp.o[0m
[112.318s] [ 63%] [32mBuilding CXX object CMakeFiles/i2c_pwm_board_msgs__rosidl_typesupport_c.dir/rosidl_typesupport_c/i2c_pwm_board_msgs/msg/servo__type_support.cpp.o[0m
[112.320s] [ 64%] [32mBuilding CXX object CMakeFiles/i2c_pwm_board_msgs__rosidl_typesupport_c.dir/rosidl_typesupport_c/i2c_pwm_board_msgs/msg/position_array__type_support.cpp.o[0m
[112.690s] [ 65%] [32mBuilding CXX object CMakeFiles/i2c_pwm_board_msgs__rosidl_typesupport_c.dir/rosidl_typesupport_c/i2c_pwm_board_msgs/msg/servo_array__type_support.cpp.o[0m
[112.725s] [ 66%] [32mBuilding CXX object CMakeFiles/i2c_pwm_board_msgs__rosidl_typesupport_c.dir/rosidl_typesupport_c/i2c_pwm_board_msgs/msg/servo_config__type_support.cpp.o[0m
[112.764s] [ 67%] [32mBuilding CXX object CMakeFiles/i2c_pwm_board_msgs__rosidl_typesupport_c.dir/rosidl_typesupport_c/i2c_pwm_board_msgs/msg/servo_config_array__type_support.cpp.o[0m
[113.110s] [ 68%] [32mBuilding CXX object CMakeFiles/i2c_pwm_board_msgs__rosidl_typesupport_c.dir/rosidl_typesupport_c/i2c_pwm_board_msgs/srv/drive_mode__type_support.cpp.o[0m
[113.245s] [ 69%] [32mBuilding CXX object CMakeFiles/i2c_pwm_board_msgs__rosidl_typesupport_c.dir/rosidl_typesupport_c/i2c_pwm_board_msgs/srv/int_value__type_support.cpp.o[0m
[113.326s] [ 69%] [32mBuilding CXX object CMakeFiles/i2c_pwm_board_msgs__rosidl_typesupport_c.dir/rosidl_typesupport_c/i2c_pwm_board_msgs/srv/servos_config__type_support.cpp.o[0m
[113.481s] [ 70%] [32mBuilding C object CMakeFiles/i2c_pwm_board_msgs__rosidl_typesupport_introspection_c.dir/rosidl_typesupport_introspection_c/i2c_pwm_board_msgs/msg/detail/position__type_support.c.o[0m
[113.534s] [ 71%] [32mBuilding C object CMakeFiles/i2c_pwm_board_msgs__rosidl_typesupport_introspection_c.dir/rosidl_typesupport_introspection_c/i2c_pwm_board_msgs/msg/detail/position_array__type_support.c.o[0m
[113.663s] [ 72%] [32mBuilding C object CMakeFiles/i2c_pwm_board_msgs__rosidl_typesupport_introspection_c.dir/rosidl_typesupport_introspection_c/i2c_pwm_board_msgs/msg/detail/servo__type_support.c.o[0m
[113.708s] [ 73%] [32mBuilding CXX object CMakeFiles/i2c_pwm_board_msgs__rosidl_typesupport_c.dir/rosidl_typesupport_c/i2c_pwm_board_msgs/srv/stop_servos__type_support.cpp.o[0m
[114.065s] [ 74%] [32m[1mLinking CXX shared library libi2c_pwm_board_msgs__rosidl_typesupport_c.so[0m
[114.496s] [ 74%] Built target i2c_pwm_board_msgs__rosidl_typesupport_c
[114.574s] [ 75%] [32mBuilding C object CMakeFiles/i2c_pwm_board_msgs__rosidl_typesupport_introspection_c.dir/rosidl_typesupport_introspection_c/i2c_pwm_board_msgs/msg/detail/servo_array__type_support.c.o[0m
[114.753s] [ 76%] [32mBuilding C object CMakeFiles/i2c_pwm_board_msgs__rosidl_typesupport_introspection_c.dir/rosidl_typesupport_introspection_c/i2c_pwm_board_msgs/msg/detail/servo_config__type_support.c.o[0m
[114.774s] [ 77%] [32mBuilding C object CMakeFiles/i2c_pwm_board_msgs__rosidl_typesupport_introspection_c.dir/rosidl_typesupport_introspection_c/i2c_pwm_board_msgs/msg/detail/servo_config_array__type_support.c.o[0m
[114.807s] [ 78%] [32mBuilding C object CMakeFiles/i2c_pwm_board_msgs__rosidl_typesupport_introspection_c.dir/rosidl_typesupport_introspection_c/i2c_pwm_board_msgs/srv/detail/drive_mode__type_support.c.o[0m
[115.066s] [ 79%] [32mBuilding C object CMakeFiles/i2c_pwm_board_msgs__rosidl_typesupport_introspection_c.dir/rosidl_typesupport_introspection_c/i2c_pwm_board_msgs/srv/detail/int_value__type_support.c.o[0m
[115.235s] [ 80%] [32mBuilding C object CMakeFiles/i2c_pwm_board_msgs__rosidl_typesupport_introspection_c.dir/rosidl_typesupport_introspection_c/i2c_pwm_board_msgs/srv/detail/servos_config__type_support.c.o[0m
[115.304s] [ 81%] [32mBuilding C object CMakeFiles/i2c_pwm_board_msgs__rosidl_typesupport_introspection_c.dir/rosidl_typesupport_introspection_c/i2c_pwm_board_msgs/srv/detail/stop_servos__type_support.c.o[0m
[115.769s] [ 82%] [32m[1mLinking C shared library libi2c_pwm_board_msgs__rosidl_typesupport_introspection_c.so[0m
[116.091s] [ 82%] Built target i2c_pwm_board_msgs__rosidl_typesupport_introspection_c
[116.280s] [ 82%] Built target i2c_pwm_board_msgs
[116.481s] [ 83%] [34m[1mGenerating Python code for ROS interfaces[0m
[133.113s] [ 83%] Built target i2c_pwm_board_msgs__py
[133.324s] [ 84%] [32mBuilding C object CMakeFiles/i2c_pwm_board_msgs__rosidl_generator_py.dir/rosidl_generator_py/i2c_pwm_board_msgs/msg/_position_array_s.c.o[0m
[133.332s] [ 85%] [32mBuilding C object CMakeFiles/i2c_pwm_board_msgs__rosidl_generator_py.dir/rosidl_generator_py/i2c_pwm_board_msgs/msg/_position_s.c.o[0m
[133.348s] [ 86%] [32mBuilding C object CMakeFiles/i2c_pwm_board_msgs__rosidl_generator_py.dir/rosidl_generator_py/i2c_pwm_board_msgs/msg/_servo_s.c.o[0m
[133.353s] [ 87%] [32mBuilding C object CMakeFiles/i2c_pwm_board_msgs__rosidl_generator_py.dir/rosidl_generator_py/i2c_pwm_board_msgs/msg/_servo_array_s.c.o[0m
[134.902s] [ 89%] [32mBuilding C object CMakeFiles/i2c_pwm_board_msgs__rosidl_generator_py.dir/rosidl_generator_py/i2c_pwm_board_msgs/msg/_servo_config_array_s.c.o[0m
[134.905s] [ 89%] [32mBuilding C object CMakeFiles/i2c_pwm_board_msgs__rosidl_generator_py.dir/rosidl_generator_py/i2c_pwm_board_msgs/msg/_servo_config_s.c.o[0m
[134.930s] [ 90%] [32mBuilding C object CMakeFiles/i2c_pwm_board_msgs__rosidl_generator_py.dir/rosidl_generator_py/i2c_pwm_board_msgs/srv/_drive_mode_s.c.o[0m
[134.937s] [ 91%] [32mBuilding C object CMakeFiles/i2c_pwm_board_msgs__rosidl_generator_py.dir/rosidl_generator_py/i2c_pwm_board_msgs/srv/_int_value_s.c.o[0m
[136.344s] [ 92%] [32mBuilding C object CMakeFiles/i2c_pwm_board_msgs__rosidl_generator_py.dir/rosidl_generator_py/i2c_pwm_board_msgs/srv/_servos_config_s.c.o[0m
[136.425s] [ 93%] [32mBuilding C object CMakeFiles/i2c_pwm_board_msgs__rosidl_generator_py.dir/rosidl_generator_py/i2c_pwm_board_msgs/srv/_stop_servos_s.c.o[0m
[137.568s] [ 94%] [32m[1mLinking C shared library rosidl_generator_py/i2c_pwm_board_msgs/libi2c_pwm_board_msgs__rosidl_generator_py.so[0m
[138.041s] [ 94%] Built target i2c_pwm_board_msgs__rosidl_generator_py
[138.244s] [ 95%] [32mBuilding C object CMakeFiles/i2c_pwm_board_msgs__rosidl_typesupport_fastrtps_c__pyext.dir/rosidl_generator_py/i2c_pwm_board_msgs/_i2c_pwm_board_msgs_s.ep.rosidl_typesupport_fastrtps_c.c.o[0m
[138.262s] [ 96%] [32mBuilding C object CMakeFiles/i2c_pwm_board_msgs__rosidl_typesupport_introspection_c__pyext.dir/rosidl_generator_py/i2c_pwm_board_msgs/_i2c_pwm_board_msgs_s.ep.rosidl_typesupport_introspection_c.c.o[0m
[138.270s] [ 97%] [32mBuilding C object CMakeFiles/i2c_pwm_board_msgs__rosidl_typesupport_c__pyext.dir/rosidl_generator_py/i2c_pwm_board_msgs/_i2c_pwm_board_msgs_s.ep.rosidl_typesupport_c.c.o[0m
[139.844s] [ 98%] [32m[1mLinking C shared library rosidl_generator_py/i2c_pwm_board_msgs/i2c_pwm_board_msgs_s__rosidl_typesupport_c.cpython-310-aarch64-linux-gnu.so[0m
[139.889s] [ 99%] [32m[1mLinking C shared library rosidl_generator_py/i2c_pwm_board_msgs/i2c_pwm_board_msgs_s__rosidl_typesupport_introspection_c.cpython-310-aarch64-linux-gnu.so[0m
[140.210s] [100%] [32m[1mLinking C shared library rosidl_generator_py/i2c_pwm_board_msgs/i2c_pwm_board_msgs_s__rosidl_typesupport_fastrtps_c.cpython-310-aarch64-linux-gnu.so[0m
[140.252s] [100%] Built target i2c_pwm_board_msgs__rosidl_typesupport_c__pyext
[140.336s] [100%] Built target i2c_pwm_board_msgs__rosidl_typesupport_introspection_c__pyext
[140.601s] [100%] Built target i2c_pwm_board_msgs__rosidl_typesupport_fastrtps_c__pyext
[140.716s] Invoked command in '/home/spider/ws/build/i2c_pwm_board_msgs' returned '0': CMAKE_PREFIX_PATH=/opt/ros/humble /usr/bin/cmake --build /home/spider/ws/build/i2c_pwm_board_msgs -- -j4 -l4
[140.808s] Invoking command in '/home/spider/ws/build/i2c_pwm_board_msgs': CMAKE_PREFIX_PATH=/opt/ros/humble /usr/bin/cmake --install /home/spider/ws/build/i2c_pwm_board_msgs
[140.903s] -- Install configuration: ""
[140.916s] -- Execute custom install script
[140.923s] -- Symlinking: /home/spider/ws/install/i2c_pwm_board_msgs/share/ament_index/resource_index/rosidl_interfaces/i2c_pwm_board_msgs
[141.009s] -- Symlinking: /home/spider/ws/install/i2c_pwm_board_msgs/include/i2c_pwm_board_msgs/i2c_pwm_board_msgs/msg/detail/position__functions.h
[141.077s] -- Symlinking: /home/spider/ws/install/i2c_pwm_board_msgs/include/i2c_pwm_board_msgs/i2c_pwm_board_msgs/msg/detail/position__struct.h
[141.146s] -- Symlinking: /home/spider/ws/install/i2c_pwm_board_msgs/include/i2c_pwm_board_msgs/i2c_pwm_board_msgs/msg/detail/position__type_support.h
[141.215s] -- Symlinking: /home/spider/ws/install/i2c_pwm_board_msgs/include/i2c_pwm_board_msgs/i2c_pwm_board_msgs/msg/detail/position_array__functions.h
[141.283s] -- Symlinking: /home/spider/ws/install/i2c_pwm_board_msgs/include/i2c_pwm_board_msgs/i2c_pwm_board_msgs/msg/detail/position_array__struct.h
[141.349s] -- Symlinking: /home/spider/ws/install/i2c_pwm_board_msgs/include/i2c_pwm_board_msgs/i2c_pwm_board_msgs/msg/detail/position_array__type_support.h
[141.417s] -- Symlinking: /home/spider/ws/install/i2c_pwm_board_msgs/include/i2c_pwm_board_msgs/i2c_pwm_board_msgs/msg/detail/servo__functions.h
[141.486s] -- Symlinking: /home/spider/ws/install/i2c_pwm_board_msgs/include/i2c_pwm_board_msgs/i2c_pwm_board_msgs/msg/detail/servo__struct.h
[141.555s] -- Symlinking: /home/spider/ws/install/i2c_pwm_board_msgs/include/i2c_pwm_board_msgs/i2c_pwm_board_msgs/msg/detail/servo__type_support.h
[141.630s] -- Symlinking: /home/spider/ws/install/i2c_pwm_board_msgs/include/i2c_pwm_board_msgs/i2c_pwm_board_msgs/msg/detail/servo_array__functions.h
[141.698s] -- Symlinking: /home/spider/ws/install/i2c_pwm_board_msgs/include/i2c_pwm_board_msgs/i2c_pwm_board_msgs/msg/detail/servo_array__struct.h
[141.763s] -- Symlinking: /home/spider/ws/install/i2c_pwm_board_msgs/include/i2c_pwm_board_msgs/i2c_pwm_board_msgs/msg/detail/servo_array__type_support.h
[141.831s] -- Symlinking: /home/spider/ws/install/i2c_pwm_board_msgs/include/i2c_pwm_board_msgs/i2c_pwm_board_msgs/msg/detail/servo_config__functions.h
[141.899s] -- Symlinking: /home/spider/ws/install/i2c_pwm_board_msgs/include/i2c_pwm_board_msgs/i2c_pwm_board_msgs/msg/detail/servo_config__struct.h
[141.966s] -- Symlinking: /home/spider/ws/install/i2c_pwm_board_msgs/include/i2c_pwm_board_msgs/i2c_pwm_board_msgs/msg/detail/servo_config__type_support.h
[142.035s] -- Symlinking: /home/spider/ws/install/i2c_pwm_board_msgs/include/i2c_pwm_board_msgs/i2c_pwm_board_msgs/msg/detail/servo_config_array__functions.h
[142.104s] -- Symlinking: /home/spider/ws/install/i2c_pwm_board_msgs/include/i2c_pwm_board_msgs/i2c_pwm_board_msgs/msg/detail/servo_config_array__struct.h
[142.171s] -- Symlinking: /home/spider/ws/install/i2c_pwm_board_msgs/include/i2c_pwm_board_msgs/i2c_pwm_board_msgs/msg/detail/servo_config_array__type_support.h
[142.241s] -- Symlinking: /home/spider/ws/install/i2c_pwm_board_msgs/include/i2c_pwm_board_msgs/i2c_pwm_board_msgs/msg/position.h
[142.308s] -- Symlinking: /home/spider/ws/install/i2c_pwm_board_msgs/include/i2c_pwm_board_msgs/i2c_pwm_board_msgs/msg/position_array.h
[142.375s] -- Symlinking: /home/spider/ws/install/i2c_pwm_board_msgs/include/i2c_pwm_board_msgs/i2c_pwm_board_msgs/msg/rosidl_generator_c__visibility_control.h
[142.445s] -- Symlinking: /home/spider/ws/install/i2c_pwm_board_msgs/include/i2c_pwm_board_msgs/i2c_pwm_board_msgs/msg/servo.h
[142.514s] -- Symlinking: /home/spider/ws/install/i2c_pwm_board_msgs/include/i2c_pwm_board_msgs/i2c_pwm_board_msgs/msg/servo_array.h
[142.582s] -- Symlinking: /home/spider/ws/install/i2c_pwm_board_msgs/include/i2c_pwm_board_msgs/i2c_pwm_board_msgs/msg/servo_config.h
[142.651s] -- Symlinking: /home/spider/ws/install/i2c_pwm_board_msgs/include/i2c_pwm_board_msgs/i2c_pwm_board_msgs/msg/servo_config_array.h
[142.722s] -- Symlinking: /home/spider/ws/install/i2c_pwm_board_msgs/include/i2c_pwm_board_msgs/i2c_pwm_board_msgs/srv/detail/drive_mode__functions.h
[142.790s] -- Symlinking: /home/spider/ws/install/i2c_pwm_board_msgs/include/i2c_pwm_board_msgs/i2c_pwm_board_msgs/srv/detail/drive_mode__struct.h
[142.857s] -- Symlinking: /home/spider/ws/install/i2c_pwm_board_msgs/include/i2c_pwm_board_msgs/i2c_pwm_board_msgs/srv/detail/drive_mode__type_support.h
[142.926s] -- Symlinking: /home/spider/ws/install/i2c_pwm_board_msgs/include/i2c_pwm_board_msgs/i2c_pwm_board_msgs/srv/detail/int_value__functions.h
[142.994s] -- Symlinking: /home/spider/ws/install/i2c_pwm_board_msgs/include/i2c_pwm_board_msgs/i2c_pwm_board_msgs/srv/detail/int_value__struct.h
[143.062s] -- Symlinking: /home/spider/ws/install/i2c_pwm_board_msgs/include/i2c_pwm_board_msgs/i2c_pwm_board_msgs/srv/detail/int_value__type_support.h
[143.132s] -- Symlinking: /home/spider/ws/install/i2c_pwm_board_msgs/include/i2c_pwm_board_msgs/i2c_pwm_board_msgs/srv/detail/servos_config__functions.h
[143.200s] -- Symlinking: /home/spider/ws/install/i2c_pwm_board_msgs/include/i2c_pwm_board_msgs/i2c_pwm_board_msgs/srv/detail/servos_config__struct.h
[143.268s] -- Symlinking: /home/spider/ws/install/i2c_pwm_board_msgs/include/i2c_pwm_board_msgs/i2c_pwm_board_msgs/srv/detail/servos_config__type_support.h
[143.336s] -- Symlinking: /home/spider/ws/install/i2c_pwm_board_msgs/include/i2c_pwm_board_msgs/i2c_pwm_board_msgs/srv/detail/stop_servos__functions.h
[143.405s] -- Symlinking: /home/spider/ws/install/i2c_pwm_board_msgs/include/i2c_pwm_board_msgs/i2c_pwm_board_msgs/srv/detail/stop_servos__struct.h
[143.472s] -- Symlinking: /home/spider/ws/install/i2c_pwm_board_msgs/include/i2c_pwm_board_msgs/i2c_pwm_board_msgs/srv/detail/stop_servos__type_support.h
[143.541s] -- Symlinking: /home/spider/ws/install/i2c_pwm_board_msgs/include/i2c_pwm_board_msgs/i2c_pwm_board_msgs/srv/drive_mode.h
[143.610s] -- Symlinking: /home/spider/ws/install/i2c_pwm_board_msgs/include/i2c_pwm_board_msgs/i2c_pwm_board_msgs/srv/int_value.h
[143.676s] -- Symlinking: /home/spider/ws/install/i2c_pwm_board_msgs/include/i2c_pwm_board_msgs/i2c_pwm_board_msgs/srv/servos_config.h
[143.746s] -- Symlinking: /home/spider/ws/install/i2c_pwm_board_msgs/include/i2c_pwm_board_msgs/i2c_pwm_board_msgs/srv/stop_servos.h
[143.818s] -- Symlinking: /home/spider/ws/install/i2c_pwm_board_msgs/share/i2c_pwm_board_msgs/environment/library_path.sh
[143.888s] -- Symlinking: /home/spider/ws/install/i2c_pwm_board_msgs/share/i2c_pwm_board_msgs/environment/library_path.dsv
[143.971s] -- Symlinking: /home/spider/ws/install/i2c_pwm_board_msgs/include/i2c_pwm_board_msgs/i2c_pwm_board_msgs/msg/detail/position__rosidl_typesupport_fastrtps_c.h
[144.038s] -- Symlinking: /home/spider/ws/install/i2c_pwm_board_msgs/include/i2c_pwm_board_msgs/i2c_pwm_board_msgs/msg/detail/position_array__rosidl_typesupport_fastrtps_c.h
[144.106s] -- Symlinking: /home/spider/ws/install/i2c_pwm_board_msgs/include/i2c_pwm_board_msgs/i2c_pwm_board_msgs/msg/detail/servo__rosidl_typesupport_fastrtps_c.h
[144.174s] -- Symlinking: /home/spider/ws/install/i2c_pwm_board_msgs/include/i2c_pwm_board_msgs/i2c_pwm_board_msgs/msg/detail/servo_array__rosidl_typesupport_fastrtps_c.h
[144.244s] -- Symlinking: /home/spider/ws/install/i2c_pwm_board_msgs/include/i2c_pwm_board_msgs/i2c_pwm_board_msgs/msg/detail/servo_config__rosidl_typesupport_fastrtps_c.h
[144.312s] -- Symlinking: /home/spider/ws/install/i2c_pwm_board_msgs/include/i2c_pwm_board_msgs/i2c_pwm_board_msgs/msg/detail/servo_config_array__rosidl_typesupport_fastrtps_c.h
[144.410s] -- Symlinking: /home/spider/ws/install/i2c_pwm_board_msgs/include/i2c_pwm_board_msgs/i2c_pwm_board_msgs/msg/rosidl_typesupport_fastrtps_c__visibility_control.h
[144.452s] -- Symlinking: /home/spider/ws/install/i2c_pwm_board_msgs/include/i2c_pwm_board_msgs/i2c_pwm_board_msgs/srv/detail/drive_mode__rosidl_typesupport_fastrtps_c.h
[144.520s] -- Symlinking: /home/spider/ws/install/i2c_pwm_board_msgs/include/i2c_pwm_board_msgs/i2c_pwm_board_msgs/srv/detail/int_value__rosidl_typesupport_fastrtps_c.h
[144.588s] -- Symlinking: /home/spider/ws/install/i2c_pwm_board_msgs/include/i2c_pwm_board_msgs/i2c_pwm_board_msgs/srv/detail/servos_config__rosidl_typesupport_fastrtps_c.h
[144.658s] -- Symlinking: /home/spider/ws/install/i2c_pwm_board_msgs/include/i2c_pwm_board_msgs/i2c_pwm_board_msgs/srv/detail/stop_servos__rosidl_typesupport_fastrtps_c.h
[144.733s] -- Symlinking: /home/spider/ws/install/i2c_pwm_board_msgs/include/i2c_pwm_board_msgs/i2c_pwm_board_msgs/msg/detail/position__rosidl_typesupport_introspection_c.h
[144.801s] -- Symlinking: /home/spider/ws/install/i2c_pwm_board_msgs/include/i2c_pwm_board_msgs/i2c_pwm_board_msgs/msg/detail/position_array__rosidl_typesupport_introspection_c.h
[144.872s] -- Symlinking: /home/spider/ws/install/i2c_pwm_board_msgs/include/i2c_pwm_board_msgs/i2c_pwm_board_msgs/msg/detail/servo__rosidl_typesupport_introspection_c.h
[144.945s] -- Symlinking: /home/spider/ws/install/i2c_pwm_board_msgs/include/i2c_pwm_board_msgs/i2c_pwm_board_msgs/msg/detail/servo_array__rosidl_typesupport_introspection_c.h
[145.012s] -- Symlinking: /home/spider/ws/install/i2c_pwm_board_msgs/include/i2c_pwm_board_msgs/i2c_pwm_board_msgs/msg/detail/servo_config__rosidl_typesupport_introspection_c.h
[145.081s] -- Symlinking: /home/spider/ws/install/i2c_pwm_board_msgs/include/i2c_pwm_board_msgs/i2c_pwm_board_msgs/msg/detail/servo_config_array__rosidl_typesupport_introspection_c.h
[145.150s] -- Symlinking: /home/spider/ws/install/i2c_pwm_board_msgs/include/i2c_pwm_board_msgs/i2c_pwm_board_msgs/msg/rosidl_typesupport_introspection_c__visibility_control.h
[145.218s] -- Symlinking: /home/spider/ws/install/i2c_pwm_board_msgs/include/i2c_pwm_board_msgs/i2c_pwm_board_msgs/srv/detail/drive_mode__rosidl_typesupport_introspection_c.h
[145.286s] -- Symlinking: /home/spider/ws/install/i2c_pwm_board_msgs/include/i2c_pwm_board_msgs/i2c_pwm_board_msgs/srv/detail/int_value__rosidl_typesupport_introspection_c.h
[145.360s] -- Symlinking: /home/spider/ws/install/i2c_pwm_board_msgs/include/i2c_pwm_board_msgs/i2c_pwm_board_msgs/srv/detail/servos_config__rosidl_typesupport_introspection_c.h
[145.432s] -- Symlinking: /home/spider/ws/install/i2c_pwm_board_msgs/include/i2c_pwm_board_msgs/i2c_pwm_board_msgs/srv/detail/stop_servos__rosidl_typesupport_introspection_c.h
[145.515s] -- Symlinking: /home/spider/ws/install/i2c_pwm_board_msgs/include/i2c_pwm_board_msgs/i2c_pwm_board_msgs/msg/detail/position__builder.hpp
[145.584s] -- Symlinking: /home/spider/ws/install/i2c_pwm_board_msgs/include/i2c_pwm_board_msgs/i2c_pwm_board_msgs/msg/detail/position__struct.hpp
[145.654s] -- Symlinking: /home/spider/ws/install/i2c_pwm_board_msgs/include/i2c_pwm_board_msgs/i2c_pwm_board_msgs/msg/detail/position__traits.hpp
[145.724s] -- Symlinking: /home/spider/ws/install/i2c_pwm_board_msgs/include/i2c_pwm_board_msgs/i2c_pwm_board_msgs/msg/detail/position__type_support.hpp
[145.795s] -- Symlinking: /home/spider/ws/install/i2c_pwm_board_msgs/include/i2c_pwm_board_msgs/i2c_pwm_board_msgs/msg/detail/position_array__builder.hpp
[145.865s] -- Symlinking: /home/spider/ws/install/i2c_pwm_board_msgs/include/i2c_pwm_board_msgs/i2c_pwm_board_msgs/msg/detail/position_array__struct.hpp
[145.941s] -- Symlinking: /home/spider/ws/install/i2c_pwm_board_msgs/include/i2c_pwm_board_msgs/i2c_pwm_board_msgs/msg/detail/position_array__traits.hpp
[146.010s] -- Symlinking: /home/spider/ws/install/i2c_pwm_board_msgs/include/i2c_pwm_board_msgs/i2c_pwm_board_msgs/msg/detail/position_array__type_support.hpp
[146.079s] -- Symlinking: /home/spider/ws/install/i2c_pwm_board_msgs/include/i2c_pwm_board_msgs/i2c_pwm_board_msgs/msg/detail/servo__builder.hpp
[146.148s] -- Symlinking: /home/spider/ws/install/i2c_pwm_board_msgs/include/i2c_pwm_board_msgs/i2c_pwm_board_msgs/msg/detail/servo__struct.hpp
[146.215s] -- Symlinking: /home/spider/ws/install/i2c_pwm_board_msgs/include/i2c_pwm_board_msgs/i2c_pwm_board_msgs/msg/detail/servo__traits.hpp
[146.283s] -- Symlinking: /home/spider/ws/install/i2c_pwm_board_msgs/include/i2c_pwm_board_msgs/i2c_pwm_board_msgs/msg/detail/servo__type_support.hpp
[146.354s] -- Symlinking: /home/spider/ws/install/i2c_pwm_board_msgs/include/i2c_pwm_board_msgs/i2c_pwm_board_msgs/msg/detail/servo_array__builder.hpp
[146.421s] -- Symlinking: /home/spider/ws/install/i2c_pwm_board_msgs/include/i2c_pwm_board_msgs/i2c_pwm_board_msgs/msg/detail/servo_array__struct.hpp
[146.491s] -- Symlinking: /home/spider/ws/install/i2c_pwm_board_msgs/include/i2c_pwm_board_msgs/i2c_pwm_board_msgs/msg/detail/servo_array__traits.hpp
[146.561s] -- Symlinking: /home/spider/ws/install/i2c_pwm_board_msgs/include/i2c_pwm_board_msgs/i2c_pwm_board_msgs/msg/detail/servo_array__type_support.hpp
[146.631s] -- Symlinking: /home/spider/ws/install/i2c_pwm_board_msgs/include/i2c_pwm_board_msgs/i2c_pwm_board_msgs/msg/detail/servo_config__builder.hpp
[146.698s] -- Symlinking: /home/spider/ws/install/i2c_pwm_board_msgs/include/i2c_pwm_board_msgs/i2c_pwm_board_msgs/msg/detail/servo_config__struct.hpp
[146.767s] -- Symlinking: /home/spider/ws/install/i2c_pwm_board_msgs/include/i2c_pwm_board_msgs/i2c_pwm_board_msgs/msg/detail/servo_config__traits.hpp
[146.836s] -- Symlinking: /home/spider/ws/install/i2c_pwm_board_msgs/include/i2c_pwm_board_msgs/i2c_pwm_board_msgs/msg/detail/servo_config__type_support.hpp
[146.905s] -- Symlinking: /home/spider/ws/install/i2c_pwm_board_msgs/include/i2c_pwm_board_msgs/i2c_pwm_board_msgs/msg/detail/servo_config_array__builder.hpp
[146.975s] -- Symlinking: /home/spider/ws/install/i2c_pwm_board_msgs/include/i2c_pwm_board_msgs/i2c_pwm_board_msgs/msg/detail/servo_config_array__struct.hpp
[147.044s] -- Symlinking: /home/spider/ws/install/i2c_pwm_board_msgs/include/i2c_pwm_board_msgs/i2c_pwm_board_msgs/msg/detail/servo_config_array__traits.hpp
[147.111s] -- Symlinking: /home/spider/ws/install/i2c_pwm_board_msgs/include/i2c_pwm_board_msgs/i2c_pwm_board_msgs/msg/detail/servo_config_array__type_support.hpp
[147.180s] -- Symlinking: /home/spider/ws/install/i2c_pwm_board_msgs/include/i2c_pwm_board_msgs/i2c_pwm_board_msgs/msg/position.hpp
[147.249s] -- Symlinking: /home/spider/ws/install/i2c_pwm_board_msgs/include/i2c_pwm_board_msgs/i2c_pwm_board_msgs/msg/position_array.hpp
[147.317s] -- Symlinking: /home/spider/ws/install/i2c_pwm_board_msgs/include/i2c_pwm_board_msgs/i2c_pwm_board_msgs/msg/rosidl_generator_cpp__visibility_control.hpp
[147.387s] -- Symlinking: /home/spider/ws/install/i2c_pwm_board_msgs/include/i2c_pwm_board_msgs/i2c_pwm_board_msgs/msg/servo.hpp
[147.456s] -- Symlinking: /home/spider/ws/install/i2c_pwm_board_msgs/include/i2c_pwm_board_msgs/i2c_pwm_board_msgs/msg/servo_array.hpp
[147.524s] -- Symlinking: /home/spider/ws/install/i2c_pwm_board_msgs/include/i2c_pwm_board_msgs/i2c_pwm_board_msgs/msg/servo_config.hpp
[147.591s] -- Symlinking: /home/spider/ws/install/i2c_pwm_board_msgs/include/i2c_pwm_board_msgs/i2c_pwm_board_msgs/msg/servo_config_array.hpp
[147.660s] -- Symlinking: /home/spider/ws/install/i2c_pwm_board_msgs/include/i2c_pwm_board_msgs/i2c_pwm_board_msgs/srv/detail/drive_mode__builder.hpp
[147.729s] -- Symlinking: /home/spider/ws/install/i2c_pwm_board_msgs/include/i2c_pwm_board_msgs/i2c_pwm_board_msgs/srv/detail/drive_mode__struct.hpp
[147.797s] -- Symlinking: /home/spider/ws/install/i2c_pwm_board_msgs/include/i2c_pwm_board_msgs/i2c_pwm_board_msgs/srv/detail/drive_mode__traits.hpp
[147.867s] -- Symlinking: /home/spider/ws/install/i2c_pwm_board_msgs/include/i2c_pwm_board_msgs/i2c_pwm_board_msgs/srv/detail/drive_mode__type_support.hpp
[147.936s] -- Symlinking: /home/spider/ws/install/i2c_pwm_board_msgs/include/i2c_pwm_board_msgs/i2c_pwm_board_msgs/srv/detail/int_value__builder.hpp
[148.004s] -- Symlinking: /home/spider/ws/install/i2c_pwm_board_msgs/include/i2c_pwm_board_msgs/i2c_pwm_board_msgs/srv/detail/int_value__struct.hpp
[148.072s] -- Symlinking: /home/spider/ws/install/i2c_pwm_board_msgs/include/i2c_pwm_board_msgs/i2c_pwm_board_msgs/srv/detail/int_value__traits.hpp
[148.141s] -- Symlinking: /home/spider/ws/install/i2c_pwm_board_msgs/include/i2c_pwm_board_msgs/i2c_pwm_board_msgs/srv/detail/int_value__type_support.hpp
[148.208s] -- Symlinking: /home/spider/ws/install/i2c_pwm_board_msgs/include/i2c_pwm_board_msgs/i2c_pwm_board_msgs/srv/detail/servos_config__builder.hpp
[148.282s] -- Symlinking: /home/spider/ws/install/i2c_pwm_board_msgs/include/i2c_pwm_board_msgs/i2c_pwm_board_msgs/srv/detail/servos_config__struct.hpp
[148.351s] -- Symlinking: /home/spider/ws/install/i2c_pwm_board_msgs/include/i2c_pwm_board_msgs/i2c_pwm_board_msgs/srv/detail/servos_config__traits.hpp
[148.419s] -- Symlinking: /home/spider/ws/install/i2c_pwm_board_msgs/include/i2c_pwm_board_msgs/i2c_pwm_board_msgs/srv/detail/servos_config__type_support.hpp
[148.487s] -- Symlinking: /home/spider/ws/install/i2c_pwm_board_msgs/include/i2c_pwm_board_msgs/i2c_pwm_board_msgs/srv/detail/stop_servos__builder.hpp
[148.556s] -- Symlinking: /home/spider/ws/install/i2c_pwm_board_msgs/include/i2c_pwm_board_msgs/i2c_pwm_board_msgs/srv/detail/stop_servos__struct.hpp
[148.622s] -- Symlinking: /home/spider/ws/install/i2c_pwm_board_msgs/include/i2c_pwm_board_msgs/i2c_pwm_board_msgs/srv/detail/stop_servos__traits.hpp
[148.691s] -- Symlinking: /home/spider/ws/install/i2c_pwm_board_msgs/include/i2c_pwm_board_msgs/i2c_pwm_board_msgs/srv/detail/stop_servos__type_support.hpp
[148.760s] -- Symlinking: /home/spider/ws/install/i2c_pwm_board_msgs/include/i2c_pwm_board_msgs/i2c_pwm_board_msgs/srv/drive_mode.hpp
[148.829s] -- Symlinking: /home/spider/ws/install/i2c_pwm_board_msgs/include/i2c_pwm_board_msgs/i2c_pwm_board_msgs/srv/int_value.hpp
[148.896s] -- Symlinking: /home/spider/ws/install/i2c_pwm_board_msgs/include/i2c_pwm_board_msgs/i2c_pwm_board_msgs/srv/servos_config.hpp
[148.962s] -- Symlinking: /home/spider/ws/install/i2c_pwm_board_msgs/include/i2c_pwm_board_msgs/i2c_pwm_board_msgs/srv/stop_servos.hpp
[149.047s] -- Symlinking: /home/spider/ws/install/i2c_pwm_board_msgs/include/i2c_pwm_board_msgs/i2c_pwm_board_msgs/msg/detail/position__rosidl_typesupport_fastrtps_cpp.hpp
[149.115s] -- Symlinking: /home/spider/ws/install/i2c_pwm_board_msgs/include/i2c_pwm_board_msgs/i2c_pwm_board_msgs/msg/detail/position_array__rosidl_typesupport_fastrtps_cpp.hpp
[149.184s] -- Symlinking: /home/spider/ws/install/i2c_pwm_board_msgs/include/i2c_pwm_board_msgs/i2c_pwm_board_msgs/msg/detail/servo__rosidl_typesupport_fastrtps_cpp.hpp
[149.256s] -- Symlinking: /home/spider/ws/install/i2c_pwm_board_msgs/include/i2c_pwm_board_msgs/i2c_pwm_board_msgs/msg/detail/servo_array__rosidl_typesupport_fastrtps_cpp.hpp
[149.325s] -- Symlinking: /home/spider/ws/install/i2c_pwm_board_msgs/include/i2c_pwm_board_msgs/i2c_pwm_board_msgs/msg/detail/servo_config__rosidl_typesupport_fastrtps_cpp.hpp
[149.426s] -- Symlinking: /home/spider/ws/install/i2c_pwm_board_msgs/include/i2c_pwm_board_msgs/i2c_pwm_board_msgs/msg/detail/servo_config_array__rosidl_typesupport_fastrtps_cpp.hpp
[149.496s] -- Symlinking: /home/spider/ws/install/i2c_pwm_board_msgs/include/i2c_pwm_board_msgs/i2c_pwm_board_msgs/msg/rosidl_typesupport_fastrtps_cpp__visibility_control.h
[149.565s] -- Symlinking: /home/spider/ws/install/i2c_pwm_board_msgs/include/i2c_pwm_board_msgs/i2c_pwm_board_msgs/srv/detail/drive_mode__rosidl_typesupport_fastrtps_cpp.hpp
[149.633s] -- Symlinking: /home/spider/ws/install/i2c_pwm_board_msgs/include/i2c_pwm_board_msgs/i2c_pwm_board_msgs/srv/detail/int_value__rosidl_typesupport_fastrtps_cpp.hpp
[149.700s] -- Symlinking: /home/spider/ws/install/i2c_pwm_board_msgs/include/i2c_pwm_board_msgs/i2c_pwm_board_msgs/srv/detail/servos_config__rosidl_typesupport_fastrtps_cpp.hpp
[149.768s] -- Symlinking: /home/spider/ws/install/i2c_pwm_board_msgs/include/i2c_pwm_board_msgs/i2c_pwm_board_msgs/srv/detail/stop_servos__rosidl_typesupport_fastrtps_cpp.hpp
[149.845s] -- Symlinking: /home/spider/ws/install/i2c_pwm_board_msgs/include/i2c_pwm_board_msgs/i2c_pwm_board_msgs/msg/detail/position__rosidl_typesupport_introspection_cpp.hpp
[149.916s] -- Symlinking: /home/spider/ws/install/i2c_pwm_board_msgs/include/i2c_pwm_board_msgs/i2c_pwm_board_msgs/msg/detail/position_array__rosidl_typesupport_introspection_cpp.hpp
[149.986s] -- Symlinking: /home/spider/ws/install/i2c_pwm_board_msgs/include/i2c_pwm_board_msgs/i2c_pwm_board_msgs/msg/detail/servo__rosidl_typesupport_introspection_cpp.hpp
[150.054s] -- Symlinking: /home/spider/ws/install/i2c_pwm_board_msgs/include/i2c_pwm_board_msgs/i2c_pwm_board_msgs/msg/detail/servo_array__rosidl_typesupport_introspection_cpp.hpp
[150.128s] -- Symlinking: /home/spider/ws/install/i2c_pwm_board_msgs/include/i2c_pwm_board_msgs/i2c_pwm_board_msgs/msg/detail/servo_config__rosidl_typesupport_introspection_cpp.hpp
[150.196s] -- Symlinking: /home/spider/ws/install/i2c_pwm_board_msgs/include/i2c_pwm_board_msgs/i2c_pwm_board_msgs/msg/detail/servo_config_array__rosidl_typesupport_introspection_cpp.hpp
[150.265s] -- Symlinking: /home/spider/ws/install/i2c_pwm_board_msgs/include/i2c_pwm_board_msgs/i2c_pwm_board_msgs/srv/detail/drive_mode__rosidl_typesupport_introspection_cpp.hpp
[150.339s] -- Symlinking: /home/spider/ws/install/i2c_pwm_board_msgs/include/i2c_pwm_board_msgs/i2c_pwm_board_msgs/srv/detail/int_value__rosidl_typesupport_introspection_cpp.hpp
[150.412s] -- Symlinking: /home/spider/ws/install/i2c_pwm_board_msgs/include/i2c_pwm_board_msgs/i2c_pwm_board_msgs/srv/detail/servos_config__rosidl_typesupport_introspection_cpp.hpp
[150.489s] -- Symlinking: /home/spider/ws/install/i2c_pwm_board_msgs/include/i2c_pwm_board_msgs/i2c_pwm_board_msgs/srv/detail/stop_servos__rosidl_typesupport_introspection_cpp.hpp
[150.561s] -- Symlinking: /home/spider/ws/install/i2c_pwm_board_msgs/share/i2c_pwm_board_msgs/environment/pythonpath.sh
[150.629s] -- Symlinking: /home/spider/ws/install/i2c_pwm_board_msgs/share/i2c_pwm_board_msgs/environment/pythonpath.dsv
[150.701s] -- Symlinking: /home/spider/ws/install/i2c_pwm_board_msgs/local/lib/python3.10/dist-packages/i2c_pwm_board_msgs-0.1.0-py3.10.egg-info/PKG-INFO
[150.770s] -- Symlinking: /home/spider/ws/install/i2c_pwm_board_msgs/local/lib/python3.10/dist-packages/i2c_pwm_board_msgs-0.1.0-py3.10.egg-info/SOURCES.txt
[150.844s] -- Symlinking: /home/spider/ws/install/i2c_pwm_board_msgs/local/lib/python3.10/dist-packages/i2c_pwm_board_msgs-0.1.0-py3.10.egg-info/dependency_links.txt
[150.912s] -- Symlinking: /home/spider/ws/install/i2c_pwm_board_msgs/local/lib/python3.10/dist-packages/i2c_pwm_board_msgs-0.1.0-py3.10.egg-info/top_level.txt
[150.998s] -- Symlinking: /home/spider/ws/install/i2c_pwm_board_msgs/local/lib/python3.10/dist-packages/i2c_pwm_board_msgs/__init__.py
[151.066s] -- Symlinking: /home/spider/ws/install/i2c_pwm_board_msgs/local/lib/python3.10/dist-packages/i2c_pwm_board_msgs/_i2c_pwm_board_msgs_s.ep.rosidl_typesupport_c.c
[151.136s] -- Symlinking: /home/spider/ws/install/i2c_pwm_board_msgs/local/lib/python3.10/dist-packages/i2c_pwm_board_msgs/_i2c_pwm_board_msgs_s.ep.rosidl_typesupport_fastrtps_c.c
[151.205s] -- Symlinking: /home/spider/ws/install/i2c_pwm_board_msgs/local/lib/python3.10/dist-packages/i2c_pwm_board_msgs/_i2c_pwm_board_msgs_s.ep.rosidl_typesupport_introspection_c.c
[151.275s] -- Symlinking: /home/spider/ws/install/i2c_pwm_board_msgs/local/lib/python3.10/dist-packages/i2c_pwm_board_msgs/i2c_pwm_board_msgs_s__rosidl_typesupport_c.cpython-310-aarch64-linux-gnu.so
[151.345s] -- Symlinking: /home/spider/ws/install/i2c_pwm_board_msgs/local/lib/python3.10/dist-packages/i2c_pwm_board_msgs/i2c_pwm_board_msgs_s__rosidl_typesupport_fastrtps_c.cpython-310-aarch64-linux-gnu.so
[151.413s] -- Symlinking: /home/spider/ws/install/i2c_pwm_board_msgs/local/lib/python3.10/dist-packages/i2c_pwm_board_msgs/i2c_pwm_board_msgs_s__rosidl_typesupport_introspection_c.cpython-310-aarch64-linux-gnu.so
[151.484s] -- Symlinking: /home/spider/ws/install/i2c_pwm_board_msgs/local/lib/python3.10/dist-packages/i2c_pwm_board_msgs/libi2c_pwm_board_msgs__rosidl_generator_py.so
[151.555s] -- Symlinking: /home/spider/ws/install/i2c_pwm_board_msgs/local/lib/python3.10/dist-packages/i2c_pwm_board_msgs/msg/__init__.py
[151.622s] -- Symlinking: /home/spider/ws/install/i2c_pwm_board_msgs/local/lib/python3.10/dist-packages/i2c_pwm_board_msgs/msg/_position.py
[151.691s] -- Symlinking: /home/spider/ws/install/i2c_pwm_board_msgs/local/lib/python3.10/dist-packages/i2c_pwm_board_msgs/msg/_position_array.py
[151.760s] -- Symlinking: /home/spider/ws/install/i2c_pwm_board_msgs/local/lib/python3.10/dist-packages/i2c_pwm_board_msgs/msg/_position_array_s.c
[151.826s] -- Symlinking: /home/spider/ws/install/i2c_pwm_board_msgs/local/lib/python3.10/dist-packages/i2c_pwm_board_msgs/msg/_position_s.c
[151.896s] -- Symlinking: /home/spider/ws/install/i2c_pwm_board_msgs/local/lib/python3.10/dist-packages/i2c_pwm_board_msgs/msg/_servo.py
[151.966s] -- Symlinking: /home/spider/ws/install/i2c_pwm_board_msgs/local/lib/python3.10/dist-packages/i2c_pwm_board_msgs/msg/_servo_array.py
[152.033s] -- Symlinking: /home/spider/ws/install/i2c_pwm_board_msgs/local/lib/python3.10/dist-packages/i2c_pwm_board_msgs/msg/_servo_array_s.c
[152.104s] -- Symlinking: /home/spider/ws/install/i2c_pwm_board_msgs/local/lib/python3.10/dist-packages/i2c_pwm_board_msgs/msg/_servo_config.py
[152.171s] -- Symlinking: /home/spider/ws/install/i2c_pwm_board_msgs/local/lib/python3.10/dist-packages/i2c_pwm_board_msgs/msg/_servo_config_array.py
[152.240s] -- Symlinking: /home/spider/ws/install/i2c_pwm_board_msgs/local/lib/python3.10/dist-packages/i2c_pwm_board_msgs/msg/_servo_config_array_s.c
[152.308s] -- Symlinking: /home/spider/ws/install/i2c_pwm_board_msgs/local/lib/python3.10/dist-packages/i2c_pwm_board_msgs/msg/_servo_config_s.c
[152.378s] -- Symlinking: /home/spider/ws/install/i2c_pwm_board_msgs/local/lib/python3.10/dist-packages/i2c_pwm_board_msgs/msg/_servo_s.c
[152.448s] -- Symlinking: /home/spider/ws/install/i2c_pwm_board_msgs/local/lib/python3.10/dist-packages/i2c_pwm_board_msgs/srv/__init__.py
[152.516s] -- Symlinking: /home/spider/ws/install/i2c_pwm_board_msgs/local/lib/python3.10/dist-packages/i2c_pwm_board_msgs/srv/_drive_mode.py
[152.585s] -- Symlinking: /home/spider/ws/install/i2c_pwm_board_msgs/local/lib/python3.10/dist-packages/i2c_pwm_board_msgs/srv/_drive_mode_s.c
[152.654s] -- Symlinking: /home/spider/ws/install/i2c_pwm_board_msgs/local/lib/python3.10/dist-packages/i2c_pwm_board_msgs/srv/_int_value.py
[152.722s] -- Symlinking: /home/spider/ws/install/i2c_pwm_board_msgs/local/lib/python3.10/dist-packages/i2c_pwm_board_msgs/srv/_int_value_s.c
[152.793s] -- Symlinking: /home/spider/ws/install/i2c_pwm_board_msgs/local/lib/python3.10/dist-packages/i2c_pwm_board_msgs/srv/_servos_config.py
[152.861s] -- Symlinking: /home/spider/ws/install/i2c_pwm_board_msgs/local/lib/python3.10/dist-packages/i2c_pwm_board_msgs/srv/_servos_config_s.c
[152.930s] -- Symlinking: /home/spider/ws/install/i2c_pwm_board_msgs/local/lib/python3.10/dist-packages/i2c_pwm_board_msgs/srv/_stop_servos.py
[152.998s] -- Symlinking: /home/spider/ws/install/i2c_pwm_board_msgs/local/lib/python3.10/dist-packages/i2c_pwm_board_msgs/srv/_stop_servos_s.c
[153.071s] -- Up-to-date symlink: /home/spider/ws/install/i2c_pwm_board_msgs/local/lib/python3.10/dist-packages/i2c_pwm_board_msgs/i2c_pwm_board_msgs_s__rosidl_typesupport_fastrtps_c.cpython-310-aarch64-linux-gnu.so
[153.076s] -- Up-to-date symlink: /home/spider/ws/install/i2c_pwm_board_msgs/local/lib/python3.10/dist-packages/i2c_pwm_board_msgs/i2c_pwm_board_msgs_s__rosidl_typesupport_introspection_c.cpython-310-aarch64-linux-gnu.so
[153.082s] -- Up-to-date symlink: /home/spider/ws/install/i2c_pwm_board_msgs/local/lib/python3.10/dist-packages/i2c_pwm_board_msgs/i2c_pwm_board_msgs_s__rosidl_typesupport_c.cpython-310-aarch64-linux-gnu.so
[153.084s] -- Symlinking: /home/spider/ws/install/i2c_pwm_board_msgs/share/i2c_pwm_board_msgs/msg/Position.idl
[153.154s] -- Symlinking: /home/spider/ws/install/i2c_pwm_board_msgs/share/i2c_pwm_board_msgs/msg/PositionArray.idl
[153.222s] -- Symlinking: /home/spider/ws/install/i2c_pwm_board_msgs/share/i2c_pwm_board_msgs/msg/Servo.idl
[153.292s] -- Symlinking: /home/spider/ws/install/i2c_pwm_board_msgs/share/i2c_pwm_board_msgs/msg/ServoArray.idl
[153.360s] -- Symlinking: /home/spider/ws/install/i2c_pwm_board_msgs/share/i2c_pwm_board_msgs/msg/ServoConfig.idl
[153.428s] -- Symlinking: /home/spider/ws/install/i2c_pwm_board_msgs/share/i2c_pwm_board_msgs/msg/ServoConfigArray.idl
[153.498s] -- Symlinking: /home/spider/ws/install/i2c_pwm_board_msgs/share/i2c_pwm_board_msgs/srv/DriveMode.idl
[153.569s] -- Symlinking: /home/spider/ws/install/i2c_pwm_board_msgs/share/i2c_pwm_board_msgs/srv/IntValue.idl
[153.636s] -- Symlinking: /home/spider/ws/install/i2c_pwm_board_msgs/share/i2c_pwm_board_msgs/srv/ServosConfig.idl
[153.706s] -- Symlinking: /home/spider/ws/install/i2c_pwm_board_msgs/share/i2c_pwm_board_msgs/srv/StopServos.idl
[153.776s] -- Symlinking: /home/spider/ws/install/i2c_pwm_board_msgs/share/i2c_pwm_board_msgs/msg/Position.msg
[153.842s] -- Symlinking: /home/spider/ws/install/i2c_pwm_board_msgs/share/i2c_pwm_board_msgs/msg/PositionArray.msg
[153.911s] -- Symlinking: /home/spider/ws/install/i2c_pwm_board_msgs/share/i2c_pwm_board_msgs/msg/Servo.msg
[153.981s] -- Symlinking: /home/spider/ws/install/i2c_pwm_board_msgs/share/i2c_pwm_board_msgs/msg/ServoArray.msg
[154.049s] -- Symlinking: /home/spider/ws/install/i2c_pwm_board_msgs/share/i2c_pwm_board_msgs/msg/ServoConfig.msg
[154.118s] -- Symlinking: /home/spider/ws/install/i2c_pwm_board_msgs/share/i2c_pwm_board_msgs/msg/ServoConfigArray.msg
[154.187s] -- Symlinking: /home/spider/ws/install/i2c_pwm_board_msgs/share/i2c_pwm_board_msgs/srv/DriveMode.srv
[154.256s] -- Symlinking: /home/spider/ws/install/i2c_pwm_board_msgs/share/i2c_pwm_board_msgs/srv/DriveMode_Request.msg
[154.326s] -- Symlinking: /home/spider/ws/install/i2c_pwm_board_msgs/share/i2c_pwm_board_msgs/srv/DriveMode_Response.msg
[154.423s] -- Symlinking: /home/spider/ws/install/i2c_pwm_board_msgs/share/i2c_pwm_board_msgs/srv/IntValue.srv
[154.493s] -- Symlinking: /home/spider/ws/install/i2c_pwm_board_msgs/share/i2c_pwm_board_msgs/srv/IntValue_Request.msg
[154.562s] -- Symlinking: /home/spider/ws/install/i2c_pwm_board_msgs/share/i2c_pwm_board_msgs/srv/IntValue_Response.msg
[154.631s] -- Symlinking: /home/spider/ws/install/i2c_pwm_board_msgs/share/i2c_pwm_board_msgs/srv/ServosConfig.srv
[154.700s] -- Symlinking: /home/spider/ws/install/i2c_pwm_board_msgs/share/i2c_pwm_board_msgs/srv/ServosConfig_Request.msg
[154.771s] -- Symlinking: /home/spider/ws/install/i2c_pwm_board_msgs/share/i2c_pwm_board_msgs/srv/ServosConfig_Response.msg
[154.840s] -- Symlinking: /home/spider/ws/install/i2c_pwm_board_msgs/share/i2c_pwm_board_msgs/srv/StopServos.srv
[154.911s] -- Symlinking: /home/spider/ws/install/i2c_pwm_board_msgs/share/i2c_pwm_board_msgs/srv/StopServos_Request.msg
[154.978s] -- Symlinking: /home/spider/ws/install/i2c_pwm_board_msgs/share/i2c_pwm_board_msgs/srv/StopServos_Response.msg
[155.048s] -- Symlinking: /home/spider/ws/install/i2c_pwm_board_msgs/share/ament_index/resource_index/package_run_dependencies/i2c_pwm_board_msgs
[155.117s] -- Symlinking: /home/spider/ws/install/i2c_pwm_board_msgs/share/ament_index/resource_index/parent_prefix_path/i2c_pwm_board_msgs
[155.189s] -- Symlinking: /home/spider/ws/install/i2c_pwm_board_msgs/share/i2c_pwm_board_msgs/environment/ament_prefix_path.sh
[155.258s] -- Symlinking: /home/spider/ws/install/i2c_pwm_board_msgs/share/i2c_pwm_board_msgs/environment/ament_prefix_path.dsv
[155.332s] -- Symlinking: /home/spider/ws/install/i2c_pwm_board_msgs/share/i2c_pwm_board_msgs/environment/path.sh
[155.405s] -- Symlinking: /home/spider/ws/install/i2c_pwm_board_msgs/share/i2c_pwm_board_msgs/environment/path.dsv
[155.477s] -- Symlinking: /home/spider/ws/install/i2c_pwm_board_msgs/share/i2c_pwm_board_msgs/local_setup.bash
[155.546s] -- Symlinking: /home/spider/ws/install/i2c_pwm_board_msgs/share/i2c_pwm_board_msgs/local_setup.sh
[155.614s] -- Symlinking: /home/spider/ws/install/i2c_pwm_board_msgs/share/i2c_pwm_board_msgs/local_setup.zsh
[155.685s] -- Symlinking: /home/spider/ws/install/i2c_pwm_board_msgs/share/i2c_pwm_board_msgs/local_setup.dsv
[155.755s] -- Symlinking: /home/spider/ws/install/i2c_pwm_board_msgs/share/i2c_pwm_board_msgs/package.dsv
[155.823s] -- Symlinking: /home/spider/ws/install/i2c_pwm_board_msgs/share/ament_index/resource_index/packages/i2c_pwm_board_msgs
[155.893s] -- Symlinking: /home/spider/ws/install/i2c_pwm_board_msgs/share/i2c_pwm_board_msgs/cmake/rosidl_cmake-extras.cmake
[155.963s] -- Symlinking: /home/spider/ws/install/i2c_pwm_board_msgs/share/i2c_pwm_board_msgs/cmake/ament_cmake_export_include_directories-extras.cmake
[156.032s] -- Symlinking: /home/spider/ws/install/i2c_pwm_board_msgs/share/i2c_pwm_board_msgs/cmake/ament_cmake_export_libraries-extras.cmake
[156.100s] -- Symlinking: /home/spider/ws/install/i2c_pwm_board_msgs/share/i2c_pwm_board_msgs/cmake/ament_cmake_export_targets-extras.cmake
[156.169s] -- Symlinking: /home/spider/ws/install/i2c_pwm_board_msgs/share/i2c_pwm_board_msgs/cmake/rosidl_cmake_export_typesupport_targets-extras.cmake
[156.238s] -- Symlinking: /home/spider/ws/install/i2c_pwm_board_msgs/share/i2c_pwm_board_msgs/cmake/ament_cmake_export_dependencies-extras.cmake
[156.307s] -- Symlinking: /home/spider/ws/install/i2c_pwm_board_msgs/share/i2c_pwm_board_msgs/cmake/rosidl_cmake_export_typesupport_libraries-extras.cmake
[156.377s] -- Symlinking: /home/spider/ws/install/i2c_pwm_board_msgs/share/i2c_pwm_board_msgs/cmake/i2c_pwm_board_msgsConfig.cmake
[156.446s] -- Symlinking: /home/spider/ws/install/i2c_pwm_board_msgs/share/i2c_pwm_board_msgs/cmake/i2c_pwm_board_msgsConfig-version.cmake
[156.524s] -- Symlinking: /home/spider/ws/install/i2c_pwm_board_msgs/share/i2c_pwm_board_msgs/package.xml
[156.603s] -- Installing: /home/spider/ws/install/i2c_pwm_board_msgs/lib/libi2c_pwm_board_msgs__rosidl_generator_c.so
[156.617s] -- Set runtime path of "/home/spider/ws/install/i2c_pwm_board_msgs/lib/libi2c_pwm_board_msgs__rosidl_generator_c.so" to ""
[156.618s] -- Installing: /home/spider/ws/install/i2c_pwm_board_msgs/lib/libi2c_pwm_board_msgs__rosidl_typesupport_fastrtps_c.so
[156.625s] -- Set runtime path of "/home/spider/ws/install/i2c_pwm_board_msgs/lib/libi2c_pwm_board_msgs__rosidl_typesupport_fastrtps_c.so" to ""
[156.626s] -- Installing: /home/spider/ws/install/i2c_pwm_board_msgs/lib/libi2c_pwm_board_msgs__rosidl_typesupport_introspection_c.so
[156.633s] -- Set runtime path of "/home/spider/ws/install/i2c_pwm_board_msgs/lib/libi2c_pwm_board_msgs__rosidl_typesupport_introspection_c.so" to ""
[156.634s] -- Installing: /home/spider/ws/install/i2c_pwm_board_msgs/lib/libi2c_pwm_board_msgs__rosidl_typesupport_c.so
[156.640s] -- Set runtime path of "/home/spider/ws/install/i2c_pwm_board_msgs/lib/libi2c_pwm_board_msgs__rosidl_typesupport_c.so" to ""
[156.641s] -- Installing: /home/spider/ws/install/i2c_pwm_board_msgs/lib/libi2c_pwm_board_msgs__rosidl_typesupport_fastrtps_cpp.so
[156.651s] -- Set runtime path of "/home/spider/ws/install/i2c_pwm_board_msgs/lib/libi2c_pwm_board_msgs__rosidl_typesupport_fastrtps_cpp.so" to ""
[156.653s] -- Installing: /home/spider/ws/install/i2c_pwm_board_msgs/lib/libi2c_pwm_board_msgs__rosidl_typesupport_introspection_cpp.so
[156.663s] -- Set runtime path of "/home/spider/ws/install/i2c_pwm_board_msgs/lib/libi2c_pwm_board_msgs__rosidl_typesupport_introspection_cpp.so" to ""
[156.664s] -- Installing: /home/spider/ws/install/i2c_pwm_board_msgs/lib/libi2c_pwm_board_msgs__rosidl_typesupport_cpp.so
[156.669s] -- Set runtime path of "/home/spider/ws/install/i2c_pwm_board_msgs/lib/libi2c_pwm_board_msgs__rosidl_typesupport_cpp.so" to ""
[157.181s] Listing '/home/spider/ws/install/i2c_pwm_board_msgs/local/lib/python3.10/dist-packages/i2c_pwm_board_msgs'...
[157.182s] Compiling '/home/spider/ws/install/i2c_pwm_board_msgs/local/lib/python3.10/dist-packages/i2c_pwm_board_msgs/__init__.py'...
[157.184s] Listing '/home/spider/ws/install/i2c_pwm_board_msgs/local/lib/python3.10/dist-packages/i2c_pwm_board_msgs/msg'...
[157.185s] Compiling '/home/spider/ws/install/i2c_pwm_board_msgs/local/lib/python3.10/dist-packages/i2c_pwm_board_msgs/msg/__init__.py'...
[157.187s] Compiling '/home/spider/ws/install/i2c_pwm_board_msgs/local/lib/python3.10/dist-packages/i2c_pwm_board_msgs/msg/_position.py'...
[157.188s] Compiling '/home/spider/ws/install/i2c_pwm_board_msgs/local/lib/python3.10/dist-packages/i2c_pwm_board_msgs/msg/_position_array.py'...
[157.189s] Compiling '/home/spider/ws/install/i2c_pwm_board_msgs/local/lib/python3.10/dist-packages/i2c_pwm_board_msgs/msg/_servo.py'...
[157.190s] Compiling '/home/spider/ws/install/i2c_pwm_board_msgs/local/lib/python3.10/dist-packages/i2c_pwm_board_msgs/msg/_servo_array.py'...
[157.191s] Compiling '/home/spider/ws/install/i2c_pwm_board_msgs/local/lib/python3.10/dist-packages/i2c_pwm_board_msgs/msg/_servo_config.py'...
[157.193s] Compiling '/home/spider/ws/install/i2c_pwm_board_msgs/local/lib/python3.10/dist-packages/i2c_pwm_board_msgs/msg/_servo_config_array.py'...
[157.194s] Listing '/home/spider/ws/install/i2c_pwm_board_msgs/local/lib/python3.10/dist-packages/i2c_pwm_board_msgs/srv'...
[157.195s] Compiling '/home/spider/ws/install/i2c_pwm_board_msgs/local/lib/python3.10/dist-packages/i2c_pwm_board_msgs/srv/__init__.py'...
[157.197s] Compiling '/home/spider/ws/install/i2c_pwm_board_msgs/local/lib/python3.10/dist-packages/i2c_pwm_board_msgs/srv/_drive_mode.py'...
[157.199s] Compiling '/home/spider/ws/install/i2c_pwm_board_msgs/local/lib/python3.10/dist-packages/i2c_pwm_board_msgs/srv/_int_value.py'...
[157.200s] Compiling '/home/spider/ws/install/i2c_pwm_board_msgs/local/lib/python3.10/dist-packages/i2c_pwm_board_msgs/srv/_servos_config.py'...
[157.201s] Compiling '/home/spider/ws/install/i2c_pwm_board_msgs/local/lib/python3.10/dist-packages/i2c_pwm_board_msgs/srv/_stop_servos.py'...
[157.245s] -- Installing: /home/spider/ws/install/i2c_pwm_board_msgs/lib/libi2c_pwm_board_msgs__rosidl_generator_py.so
[157.253s] -- Set runtime path of "/home/spider/ws/install/i2c_pwm_board_msgs/lib/libi2c_pwm_board_msgs__rosidl_generator_py.so" to ""
[157.254s] -- Installing: /home/spider/ws/install/i2c_pwm_board_msgs/share/i2c_pwm_board_msgs/cmake/export_i2c_pwm_board_msgs__rosidl_generator_cExport.cmake
[157.260s] -- Installing: /home/spider/ws/install/i2c_pwm_board_msgs/share/i2c_pwm_board_msgs/cmake/export_i2c_pwm_board_msgs__rosidl_generator_cExport-noconfig.cmake
[157.264s] -- Installing: /home/spider/ws/install/i2c_pwm_board_msgs/share/i2c_pwm_board_msgs/cmake/export_i2c_pwm_board_msgs__rosidl_typesupport_fastrtps_cExport.cmake
[157.269s] -- Installing: /home/spider/ws/install/i2c_pwm_board_msgs/share/i2c_pwm_board_msgs/cmake/export_i2c_pwm_board_msgs__rosidl_typesupport_fastrtps_cExport-noconfig.cmake
[157.274s] -- Installing: /home/spider/ws/install/i2c_pwm_board_msgs/share/i2c_pwm_board_msgs/cmake/i2c_pwm_board_msgs__rosidl_typesupport_introspection_cExport.cmake
[157.279s] -- Installing: /home/spider/ws/install/i2c_pwm_board_msgs/share/i2c_pwm_board_msgs/cmake/i2c_pwm_board_msgs__rosidl_typesupport_introspection_cExport-noconfig.cmake
[157.284s] -- Installing: /home/spider/ws/install/i2c_pwm_board_msgs/share/i2c_pwm_board_msgs/cmake/i2c_pwm_board_msgs__rosidl_typesupport_cExport.cmake
[157.289s] -- Installing: /home/spider/ws/install/i2c_pwm_board_msgs/share/i2c_pwm_board_msgs/cmake/i2c_pwm_board_msgs__rosidl_typesupport_cExport-noconfig.cmake
[157.293s] -- Installing: /home/spider/ws/install/i2c_pwm_board_msgs/share/i2c_pwm_board_msgs/cmake/export_i2c_pwm_board_msgs__rosidl_generator_cppExport.cmake
[157.298s] -- Installing: /home/spider/ws/install/i2c_pwm_board_msgs/share/i2c_pwm_board_msgs/cmake/export_i2c_pwm_board_msgs__rosidl_typesupport_fastrtps_cppExport.cmake
[157.303s] -- Installing: /home/spider/ws/install/i2c_pwm_board_msgs/share/i2c_pwm_board_msgs/cmake/export_i2c_pwm_board_msgs__rosidl_typesupport_fastrtps_cppExport-noconfig.cmake
[157.309s] -- Installing: /home/spider/ws/install/i2c_pwm_board_msgs/share/i2c_pwm_board_msgs/cmake/i2c_pwm_board_msgs__rosidl_typesupport_introspection_cppExport.cmake
[157.314s] -- Installing: /home/spider/ws/install/i2c_pwm_board_msgs/share/i2c_pwm_board_msgs/cmake/i2c_pwm_board_msgs__rosidl_typesupport_introspection_cppExport-noconfig.cmake
[157.319s] -- Installing: /home/spider/ws/install/i2c_pwm_board_msgs/share/i2c_pwm_board_msgs/cmake/i2c_pwm_board_msgs__rosidl_typesupport_cppExport.cmake
[157.324s] -- Installing: /home/spider/ws/install/i2c_pwm_board_msgs/share/i2c_pwm_board_msgs/cmake/i2c_pwm_board_msgs__rosidl_typesupport_cppExport-noconfig.cmake
[157.328s] -- Installing: /home/spider/ws/install/i2c_pwm_board_msgs/share/i2c_pwm_board_msgs/cmake/export_i2c_pwm_board_msgs__rosidl_generator_pyExport.cmake
[157.333s] -- Installing: /home/spider/ws/install/i2c_pwm_board_msgs/share/i2c_pwm_board_msgs/cmake/export_i2c_pwm_board_msgs__rosidl_generator_pyExport-noconfig.cmake
[157.354s] Invoked command in '/home/spider/ws/build/i2c_pwm_board_msgs' returned '0': CMAKE_PREFIX_PATH=/opt/ros/humble /usr/bin/cmake --install /home/spider/ws/build/i2c_pwm_board_msgs
