[ 25%] [32mBuilding CXX object CMakeFiles/spider_driver.dir/src/spider_driver/ControllerNode.cpp.o[0m
[01m[K/home/spider/ws/src/spider_driver/src/spider_driver/ControllerNode.cpp:[m[K In constructor ‘[01m[Kcontroller::ControllerNode::ControllerNode()[m[K’:
[01m[K/home/spider/ws/src/spider_driver/src/spider_driver/ControllerNode.cpp:63:5:[m[K [01;31m[Kerror: [m[K‘[01m[Ktimer_[m[K’ was not declared in this scope; did you mean ‘[01m[Ktimer_t[m[K’?
   63 |     [01;31m[Ktimer_[m[K = this->create_wall_timer(
      |     [01;31m[K^~~~~~[m[K
      |     [32m[Ktimer_t[m[K
[01m[K/home/spider/ws/src/spider_driver/src/spider_driver/ControllerNode.cpp:64:46:[m[K [01;31m[Kerror: [m[K‘[01m[Kupdate_servos[m[K’ is not a member of ‘[01m[Kcontroller::ControllerNode[m[K’
   64 |             20ms, std::bind(&ControllerNode::[01;31m[Kupdate_servos[m[K, this));
      |                                              [01;31m[K^~~~~~~~~~~~~[m[K
[01m[K/home/spider/ws/src/spider_driver/src/spider_driver/ControllerNode.cpp:[m[K In member function ‘[01m[Kvoid controller::ControllerNode::frontleft(spider_msgs::msg::SpiderLeg_<std::allocator<void> >::SharedPtr)[m[K’:
[01m[K/home/spider/ws/src/spider_driver/src/spider_driver/ControllerNode.cpp:106:19:[m[K [01;31m[Kerror: [m[Kno matching function for call to ‘[01m[Kcontroller::ControllerNode::move_servo(int [3], double [3], const SharedPtr&)[m[K’
  106 |         [01;31m[Kmove_servo(pca_frontleft_, frontleft_pose_, msg)[m[K;
      |         [01;31m[K~~~~~~~~~~^~~~~~~~~~~~~~~~~~~~~~~~~~~~~~~~~~~~~~[m[K
In file included from [01m[K/home/spider/ws/src/spider_driver/src/spider_driver/ControllerNode.cpp:1[m[K:
[01m[K/home/spider/ws/src/spider_driver/include/spider_driver/ControllerNode.hpp:51:10:[m[K [01;36m[Knote: [m[Kcandidate: ‘[01m[Kvoid controller::ControllerNode::move_servo(const int*, spider_msgs::msg::SpiderLeg_<std::allocator<void> >::SharedPtr)[m[K’
   51 |     void [01;36m[Kmove_servo[m[K(const int channels[3], const spider_msgs::msg::SpiderLeg::SharedPtr msg);
      |          [01;36m[K^~~~~~~~~~[m[K
[01m[K/home/spider/ws/src/spider_driver/include/spider_driver/ControllerNode.hpp:51:10:[m[K [01;36m[Knote: [m[K  candidate expects 2 arguments, 3 provided
[01m[K/home/spider/ws/src/spider_driver/src/spider_driver/ControllerNode.cpp:[m[K In member function ‘[01m[Kvoid controller::ControllerNode::frontright(spider_msgs::msg::SpiderLeg_<std::allocator<void> >::SharedPtr)[m[K’:
[01m[K/home/spider/ws/src/spider_driver/src/spider_driver/ControllerNode.cpp:117:19:[m[K [01;31m[Kerror: [m[Kno matching function for call to ‘[01m[Kcontroller::ControllerNode::move_servo(int [3], double [3], const SharedPtr&)[m[K’
  117 |         [01;31m[Kmove_servo(pca_frontright_, frontright_pose_, msg)[m[K;
      |         [01;31m[K~~~~~~~~~~^~~~~~~~~~~~~~~~~~~~~~~~~~~~~~~~~~~~~~~~[m[K
In file included from [01m[K/home/spider/ws/src/spider_driver/src/spider_driver/ControllerNode.cpp:1[m[K:
[01m[K/home/spider/ws/src/spider_driver/include/spider_driver/ControllerNode.hpp:51:10:[m[K [01;36m[Knote: [m[Kcandidate: ‘[01m[Kvoid controller::ControllerNode::move_servo(const int*, spider_msgs::msg::SpiderLeg_<std::allocator<void> >::SharedPtr)[m[K’
   51 |     void [01;36m[Kmove_servo[m[K(const int channels[3], const spider_msgs::msg::SpiderLeg::SharedPtr msg);
      |          [01;36m[K^~~~~~~~~~[m[K
[01m[K/home/spider/ws/src/spider_driver/include/spider_driver/ControllerNode.hpp:51:10:[m[K [01;36m[Knote: [m[K  candidate expects 2 arguments, 3 provided
[01m[K/home/spider/ws/src/spider_driver/src/spider_driver/ControllerNode.cpp:[m[K In member function ‘[01m[Kvoid controller::ControllerNode::backright(spider_msgs::msg::SpiderLeg_<std::allocator<void> >::SharedPtr)[m[K’:
[01m[K/home/spider/ws/src/spider_driver/src/spider_driver/ControllerNode.cpp:128:19:[m[K [01;31m[Kerror: [m[Kno matching function for call to ‘[01m[Kcontroller::ControllerNode::move_servo(int [3], double [3], const SharedPtr&)[m[K’
  128 |         [01;31m[Kmove_servo(pca_backright_, backright_pose_, msg)[m[K;
      |         [01;31m[K~~~~~~~~~~^~~~~~~~~~~~~~~~~~~~~~~~~~~~~~~~~~~~~~[m[K
In file included from [01m[K/home/spider/ws/src/spider_driver/src/spider_driver/ControllerNode.cpp:1[m[K:
[01m[K/home/spider/ws/src/spider_driver/include/spider_driver/ControllerNode.hpp:51:10:[m[K [01;36m[Knote: [m[Kcandidate: ‘[01m[Kvoid controller::ControllerNode::move_servo(const int*, spider_msgs::msg::SpiderLeg_<std::allocator<void> >::SharedPtr)[m[K’
   51 |     void [01;36m[Kmove_servo[m[K(const int channels[3], const spider_msgs::msg::SpiderLeg::SharedPtr msg);
      |          [01;36m[K^~~~~~~~~~[m[K
[01m[K/home/spider/ws/src/spider_driver/include/spider_driver/ControllerNode.hpp:51:10:[m[K [01;36m[Knote: [m[K  candidate expects 2 arguments, 3 provided
[01m[K/home/spider/ws/src/spider_driver/src/spider_driver/ControllerNode.cpp:[m[K In member function ‘[01m[Kvoid controller::ControllerNode::backleft(spider_msgs::msg::SpiderLeg_<std::allocator<void> >::SharedPtr)[m[K’:
[01m[K/home/spider/ws/src/spider_driver/src/spider_driver/ControllerNode.cpp:139:19:[m[K [01;31m[Kerror: [m[Kno matching function for call to ‘[01m[Kcontroller::ControllerNode::move_servo(int [3], double [3], const SharedPtr&)[m[K’
  139 |         [01;31m[Kmove_servo(pca_backleft_, backleft_pose_, msg)[m[K;
      |         [01;31m[K~~~~~~~~~~^~~~~~~~~~~~~~~~~~~~~~~~~~~~~~~~~~~~[m[K
In file included from [01m[K/home/spider/ws/src/spider_driver/src/spider_driver/ControllerNode.cpp:1[m[K:
[01m[K/home/spider/ws/src/spider_driver/include/spider_driver/ControllerNode.hpp:51:10:[m[K [01;36m[Knote: [m[Kcandidate: ‘[01m[Kvoid controller::ControllerNode::move_servo(const int*, spider_msgs::msg::SpiderLeg_<std::allocator<void> >::SharedPtr)[m[K’
   51 |     void [01;36m[Kmove_servo[m[K(const int channels[3], const spider_msgs::msg::SpiderLeg::SharedPtr msg);
      |          [01;36m[K^~~~~~~~~~[m[K
[01m[K/home/spider/ws/src/spider_driver/include/spider_driver/ControllerNode.hpp:51:10:[m[K [01;36m[Knote: [m[K  candidate expects 2 arguments, 3 provided
gmake[2]: *** [CMakeFiles/spider_driver.dir/build.make:76: CMakeFiles/spider_driver.dir/src/spider_driver/ControllerNode.cpp.o] Error 1
gmake[1]: *** [CMakeFiles/Makefile2:139: CMakeFiles/spider_driver.dir/all] Error 2
gmake: *** [Makefile:146: all] Error 2
